[2021-09-30 19:20:31,336] {taskinstance.py:896} INFO - Dependencies all met for <TaskInstance: etl_dag.copy_from_hdfs 2021-09-28T00:00:00+00:00 [None]>
[2021-09-30 19:20:31,367] {taskinstance.py:896} INFO - Dependencies all met for <TaskInstance: etl_dag.copy_from_hdfs 2021-09-28T00:00:00+00:00 [None]>
[2021-09-30 19:20:31,367] {taskinstance.py:1087} INFO - 
--------------------------------------------------------------------------------
[2021-09-30 19:20:31,367] {taskinstance.py:1088} INFO - Starting attempt 1 of 1
[2021-09-30 19:20:31,367] {taskinstance.py:1089} INFO - 
--------------------------------------------------------------------------------
[2021-09-30 19:20:31,386] {taskinstance.py:1107} INFO - Executing <Task(PythonOperator): copy_from_hdfs> on 2021-09-28T00:00:00+00:00
[2021-09-30 19:20:31,390] {standard_task_runner.py:52} INFO - Started process 1696383 to run task
[2021-09-30 19:20:31,398] {standard_task_runner.py:76} INFO - Running: ['airflow', 'tasks', 'run', 'etl_dag', 'copy_from_hdfs', '2021-09-28T00:00:00+00:00', '--job-id', '414', '--pool', 'default_pool', '--raw', '--subdir', 'DAGS_FOLDER/etl_dag.py', '--cfg-path', '/tmp/tmp8kgkn5wp', '--error-file', '/tmp/tmpft08cteh']
[2021-09-30 19:20:31,399] {standard_task_runner.py:77} INFO - Job 414: Subtask copy_from_hdfs
[2021-09-30 19:20:31,489] {logging_mixin.py:104} INFO - Running <TaskInstance: etl_dag.copy_from_hdfs 2021-09-28T00:00:00+00:00 [running]> on host kseniya-B85M-D3V
[2021-09-30 19:20:31,634] {taskinstance.py:1300} INFO - Exporting the following env vars:
AIRFLOW_CTX_DAG_OWNER=airflow
AIRFLOW_CTX_DAG_ID=etl_dag
AIRFLOW_CTX_TASK_ID=copy_from_hdfs
AIRFLOW_CTX_EXECUTION_DATE=2021-09-28T00:00:00+00:00
[2021-09-30 19:20:52,356] {python.py:151} INFO - Done. Returned value was: None
[2021-09-30 19:20:52,397] {taskinstance.py:1204} INFO - Marking task as SUCCESS. dag_id=etl_dag, task_id=copy_from_hdfs, execution_date=20210928T000000, start_date=20210930T162031, end_date=20210930T162052
[2021-09-30 19:20:52,447] {taskinstance.py:1265} INFO - 0 downstream tasks scheduled from follow-on schedule check
[2021-09-30 19:20:52,486] {local_task_job.py:149} INFO - Task exited with return code 0
[2021-09-30 19:21:42,528] {taskinstance.py:896} INFO - Dependencies all met for <TaskInstance: etl_dag.copy_from_hdfs 2021-09-28T00:00:00+00:00 [queued]>
[2021-09-30 19:21:42,575] {taskinstance.py:896} INFO - Dependencies all met for <TaskInstance: etl_dag.copy_from_hdfs 2021-09-28T00:00:00+00:00 [queued]>
[2021-09-30 19:21:42,583] {taskinstance.py:1087} INFO - 
--------------------------------------------------------------------------------
[2021-09-30 19:21:42,584] {taskinstance.py:1088} INFO - Starting attempt 1 of 1
[2021-09-30 19:21:42,584] {taskinstance.py:1089} INFO - 
--------------------------------------------------------------------------------
[2021-09-30 19:21:42,622] {taskinstance.py:1107} INFO - Executing <Task(PythonOperator): copy_from_hdfs> on 2021-09-28T00:00:00+00:00
[2021-09-30 19:21:42,626] {standard_task_runner.py:52} INFO - Started process 1699399 to run task
[2021-09-30 19:21:42,631] {standard_task_runner.py:76} INFO - Running: ['airflow', 'tasks', 'run', 'etl_dag', 'copy_from_hdfs', '2021-09-28T00:00:00+00:00', '--job-id', '417', '--pool', 'default_pool', '--raw', '--subdir', 'DAGS_FOLDER/etl_dag.py', '--cfg-path', '/tmp/tmp_z0earii', '--error-file', '/tmp/tmpj0ho4owk']
[2021-09-30 19:21:42,632] {standard_task_runner.py:77} INFO - Job 417: Subtask copy_from_hdfs
[2021-09-30 19:21:42,690] {logging_mixin.py:104} INFO - Running <TaskInstance: etl_dag.copy_from_hdfs 2021-09-28T00:00:00+00:00 [running]> on host kseniya-B85M-D3V
[2021-09-30 19:21:42,773] {taskinstance.py:1300} INFO - Exporting the following env vars:
AIRFLOW_CTX_DAG_OWNER=airflow
AIRFLOW_CTX_DAG_ID=etl_dag
AIRFLOW_CTX_TASK_ID=copy_from_hdfs
AIRFLOW_CTX_EXECUTION_DATE=2021-09-28T00:00:00+00:00
AIRFLOW_CTX_DAG_RUN_ID=scheduled__2021-09-28T00:00:00+00:00
[2021-09-30 19:22:06,336] {python.py:151} INFO - Done. Returned value was: None
[2021-09-30 19:22:06,384] {taskinstance.py:1204} INFO - Marking task as SUCCESS. dag_id=etl_dag, task_id=copy_from_hdfs, execution_date=20210928T000000, start_date=20210930T162142, end_date=20210930T162206
[2021-09-30 19:22:07,132] {taskinstance.py:1265} INFO - 0 downstream tasks scheduled from follow-on schedule check
[2021-09-30 19:22:07,176] {local_task_job.py:149} INFO - Task exited with return code 0
[2021-09-30 19:23:38,683] {taskinstance.py:896} INFO - Dependencies all met for <TaskInstance: etl_dag.copy_from_hdfs 2021-09-28T00:00:00+00:00 [queued]>
[2021-09-30 19:23:38,730] {taskinstance.py:896} INFO - Dependencies all met for <TaskInstance: etl_dag.copy_from_hdfs 2021-09-28T00:00:00+00:00 [queued]>
[2021-09-30 19:23:38,730] {taskinstance.py:1087} INFO - 
--------------------------------------------------------------------------------
[2021-09-30 19:23:38,730] {taskinstance.py:1088} INFO - Starting attempt 1 of 1
[2021-09-30 19:23:38,730] {taskinstance.py:1089} INFO - 
--------------------------------------------------------------------------------
[2021-09-30 19:23:38,767] {taskinstance.py:1107} INFO - Executing <Task(PythonOperator): copy_from_hdfs> on 2021-09-28T00:00:00+00:00
[2021-09-30 19:23:38,771] {standard_task_runner.py:52} INFO - Started process 1703704 to run task
[2021-09-30 19:23:38,789] {standard_task_runner.py:76} INFO - Running: ['airflow', 'tasks', 'run', 'etl_dag', 'copy_from_hdfs', '2021-09-28T00:00:00+00:00', '--job-id', '424', '--pool', 'default_pool', '--raw', '--subdir', 'DAGS_FOLDER/etl_dag.py', '--cfg-path', '/tmp/tmp2b5xc3tl', '--error-file', '/tmp/tmpwm5iq2vt']
[2021-09-30 19:23:38,790] {standard_task_runner.py:77} INFO - Job 424: Subtask copy_from_hdfs
[2021-09-30 19:23:38,893] {logging_mixin.py:104} INFO - Running <TaskInstance: etl_dag.copy_from_hdfs 2021-09-28T00:00:00+00:00 [running]> on host kseniya-B85M-D3V
[2021-09-30 19:23:39,015] {taskinstance.py:1300} INFO - Exporting the following env vars:
AIRFLOW_CTX_DAG_OWNER=airflow
AIRFLOW_CTX_DAG_ID=etl_dag
AIRFLOW_CTX_TASK_ID=copy_from_hdfs
AIRFLOW_CTX_EXECUTION_DATE=2021-09-28T00:00:00+00:00
AIRFLOW_CTX_DAG_RUN_ID=scheduled__2021-09-28T00:00:00+00:00
[2021-09-30 19:23:56,709] {python.py:151} INFO - Done. Returned value was: None
[2021-09-30 19:23:56,747] {taskinstance.py:1204} INFO - Marking task as SUCCESS. dag_id=etl_dag, task_id=copy_from_hdfs, execution_date=20210928T000000, start_date=20210930T162338, end_date=20210930T162356
[2021-09-30 19:23:56,796] {taskinstance.py:1265} INFO - 1 downstream tasks scheduled from follow-on schedule check
[2021-09-30 19:23:56,811] {local_task_job.py:149} INFO - Task exited with return code 0
[2021-09-30 19:27:43,910] {taskinstance.py:896} INFO - Dependencies all met for <TaskInstance: etl_dag.copy_from_hdfs 2021-09-28T00:00:00+00:00 [queued]>
[2021-09-30 19:27:43,942] {taskinstance.py:896} INFO - Dependencies all met for <TaskInstance: etl_dag.copy_from_hdfs 2021-09-28T00:00:00+00:00 [queued]>
[2021-09-30 19:27:43,942] {taskinstance.py:1087} INFO - 
--------------------------------------------------------------------------------
[2021-09-30 19:27:43,942] {taskinstance.py:1088} INFO - Starting attempt 1 of 1
[2021-09-30 19:27:43,942] {taskinstance.py:1089} INFO - 
--------------------------------------------------------------------------------
[2021-09-30 19:27:43,964] {taskinstance.py:1107} INFO - Executing <Task(PythonOperator): copy_from_hdfs> on 2021-09-28T00:00:00+00:00
[2021-09-30 19:27:43,967] {standard_task_runner.py:52} INFO - Started process 1715188 to run task
[2021-09-30 19:27:43,977] {standard_task_runner.py:76} INFO - Running: ['airflow', 'tasks', 'run', 'etl_dag', 'copy_from_hdfs', '2021-09-28T00:00:00+00:00', '--job-id', '438', '--pool', 'default_pool', '--raw', '--subdir', 'DAGS_FOLDER/etl_dag.py', '--cfg-path', '/tmp/tmpz_kqmg2k', '--error-file', '/tmp/tmpskke3w9j']
[2021-09-30 19:27:43,978] {standard_task_runner.py:77} INFO - Job 438: Subtask copy_from_hdfs
[2021-09-30 19:27:44,081] {logging_mixin.py:104} INFO - Running <TaskInstance: etl_dag.copy_from_hdfs 2021-09-28T00:00:00+00:00 [running]> on host kseniya-B85M-D3V
[2021-09-30 19:27:44,174] {taskinstance.py:1300} INFO - Exporting the following env vars:
AIRFLOW_CTX_DAG_OWNER=airflow
AIRFLOW_CTX_DAG_ID=etl_dag
AIRFLOW_CTX_TASK_ID=copy_from_hdfs
AIRFLOW_CTX_EXECUTION_DATE=2021-09-28T00:00:00+00:00
AIRFLOW_CTX_DAG_RUN_ID=scheduled__2021-09-28T00:00:00+00:00
[2021-09-30 19:28:00,647] {python.py:151} INFO - Done. Returned value was: None
[2021-09-30 19:28:00,692] {taskinstance.py:1204} INFO - Marking task as SUCCESS. dag_id=etl_dag, task_id=copy_from_hdfs, execution_date=20210928T000000, start_date=20210930T162743, end_date=20210930T162800
[2021-09-30 19:28:00,748] {taskinstance.py:1265} INFO - 1 downstream tasks scheduled from follow-on schedule check
[2021-09-30 19:28:00,784] {local_task_job.py:149} INFO - Task exited with return code 0
