[2021-09-30 19:22:10,188] {taskinstance.py:896} INFO - Dependencies all met for <TaskInstance: etl_dag.kafka_producer 2021-09-28T00:00:00+00:00 [queued]>
[2021-09-30 19:22:10,258] {taskinstance.py:896} INFO - Dependencies all met for <TaskInstance: etl_dag.kafka_producer 2021-09-28T00:00:00+00:00 [queued]>
[2021-09-30 19:22:10,258] {taskinstance.py:1087} INFO - 
--------------------------------------------------------------------------------
[2021-09-30 19:22:10,258] {taskinstance.py:1088} INFO - Starting attempt 1 of 1
[2021-09-30 19:22:10,258] {taskinstance.py:1089} INFO - 
--------------------------------------------------------------------------------
[2021-09-30 19:22:10,290] {taskinstance.py:1107} INFO - Executing <Task(PythonOperator): kafka_producer> on 2021-09-28T00:00:00+00:00
[2021-09-30 19:22:10,295] {standard_task_runner.py:52} INFO - Started process 1700536 to run task
[2021-09-30 19:22:10,314] {standard_task_runner.py:76} INFO - Running: ['airflow', 'tasks', 'run', 'etl_dag', 'kafka_producer', '2021-09-28T00:00:00+00:00', '--job-id', '419', '--pool', 'default_pool', '--raw', '--subdir', 'DAGS_FOLDER/etl_dag.py', '--cfg-path', '/tmp/tmp1r3__cou', '--error-file', '/tmp/tmp3s70x62k']
[2021-09-30 19:22:10,316] {standard_task_runner.py:77} INFO - Job 419: Subtask kafka_producer
[2021-09-30 19:22:10,505] {logging_mixin.py:104} INFO - Running <TaskInstance: etl_dag.kafka_producer 2021-09-28T00:00:00+00:00 [running]> on host kseniya-B85M-D3V
[2021-09-30 19:22:10,716] {taskinstance.py:1300} INFO - Exporting the following env vars:
AIRFLOW_CTX_DAG_OWNER=airflow
AIRFLOW_CTX_DAG_ID=etl_dag
AIRFLOW_CTX_TASK_ID=kafka_producer
AIRFLOW_CTX_EXECUTION_DATE=2021-09-28T00:00:00+00:00
AIRFLOW_CTX_DAG_RUN_ID=scheduled__2021-09-28T00:00:00+00:00
[2021-09-30 19:22:10,717] {pass_op.py:3} INFO - pass_op
[2021-09-30 19:22:10,717] {python.py:151} INFO - Done. Returned value was: None
[2021-09-30 19:22:10,781] {taskinstance.py:1204} INFO - Marking task as SUCCESS. dag_id=etl_dag, task_id=kafka_producer, execution_date=20210928T000000, start_date=20210930T162210, end_date=20210930T162210
[2021-09-30 19:22:11,738] {taskinstance.py:1265} INFO - 0 downstream tasks scheduled from follow-on schedule check
[2021-09-30 19:22:11,783] {local_task_job.py:149} INFO - Task exited with return code 0
[2021-09-30 19:23:58,968] {taskinstance.py:896} INFO - Dependencies all met for <TaskInstance: etl_dag.kafka_producer 2021-09-28T00:00:00+00:00 [queued]>
[2021-09-30 19:23:59,018] {taskinstance.py:896} INFO - Dependencies all met for <TaskInstance: etl_dag.kafka_producer 2021-09-28T00:00:00+00:00 [queued]>
[2021-09-30 19:23:59,018] {taskinstance.py:1087} INFO - 
--------------------------------------------------------------------------------
[2021-09-30 19:23:59,018] {taskinstance.py:1088} INFO - Starting attempt 1 of 1
[2021-09-30 19:23:59,018] {taskinstance.py:1089} INFO - 
--------------------------------------------------------------------------------
[2021-09-30 19:23:59,039] {taskinstance.py:1107} INFO - Executing <Task(PythonOperator): kafka_producer> on 2021-09-28T00:00:00+00:00
[2021-09-30 19:23:59,043] {standard_task_runner.py:52} INFO - Started process 1704689 to run task
[2021-09-30 19:23:59,061] {standard_task_runner.py:76} INFO - Running: ['airflow', 'tasks', 'run', 'etl_dag', 'kafka_producer', '2021-09-28T00:00:00+00:00', '--job-id', '425', '--pool', 'default_pool', '--raw', '--subdir', 'DAGS_FOLDER/etl_dag.py', '--cfg-path', '/tmp/tmp46a6z5k2', '--error-file', '/tmp/tmpzww8kg1x']
[2021-09-30 19:23:59,063] {standard_task_runner.py:77} INFO - Job 425: Subtask kafka_producer
[2021-09-30 19:23:59,142] {logging_mixin.py:104} INFO - Running <TaskInstance: etl_dag.kafka_producer 2021-09-28T00:00:00+00:00 [running]> on host kseniya-B85M-D3V
[2021-09-30 19:23:59,253] {taskinstance.py:1300} INFO - Exporting the following env vars:
AIRFLOW_CTX_DAG_OWNER=airflow
AIRFLOW_CTX_DAG_ID=etl_dag
AIRFLOW_CTX_TASK_ID=kafka_producer
AIRFLOW_CTX_EXECUTION_DATE=2021-09-28T00:00:00+00:00
AIRFLOW_CTX_DAG_RUN_ID=scheduled__2021-09-28T00:00:00+00:00
[2021-09-30 19:23:59,253] {pass_op.py:3} INFO - pass_op
[2021-09-30 19:23:59,254] {python.py:151} INFO - Done. Returned value was: None
[2021-09-30 19:23:59,280] {taskinstance.py:1204} INFO - Marking task as SUCCESS. dag_id=etl_dag, task_id=kafka_producer, execution_date=20210928T000000, start_date=20210930T162358, end_date=20210930T162359
[2021-09-30 19:23:59,372] {taskinstance.py:1265} INFO - 1 downstream tasks scheduled from follow-on schedule check
[2021-09-30 19:23:59,382] {local_task_job.py:149} INFO - Task exited with return code 0
[2021-09-30 19:28:02,225] {taskinstance.py:896} INFO - Dependencies all met for <TaskInstance: etl_dag.kafka_producer 2021-09-28T00:00:00+00:00 [queued]>
[2021-09-30 19:28:02,258] {taskinstance.py:896} INFO - Dependencies all met for <TaskInstance: etl_dag.kafka_producer 2021-09-28T00:00:00+00:00 [queued]>
[2021-09-30 19:28:02,258] {taskinstance.py:1087} INFO - 
--------------------------------------------------------------------------------
[2021-09-30 19:28:02,258] {taskinstance.py:1088} INFO - Starting attempt 1 of 1
[2021-09-30 19:28:02,258] {taskinstance.py:1089} INFO - 
--------------------------------------------------------------------------------
[2021-09-30 19:28:02,273] {taskinstance.py:1107} INFO - Executing <Task(PythonOperator): kafka_producer> on 2021-09-28T00:00:00+00:00
[2021-09-30 19:28:02,279] {standard_task_runner.py:52} INFO - Started process 1716047 to run task
[2021-09-30 19:28:02,284] {standard_task_runner.py:76} INFO - Running: ['airflow', 'tasks', 'run', 'etl_dag', 'kafka_producer', '2021-09-28T00:00:00+00:00', '--job-id', '439', '--pool', 'default_pool', '--raw', '--subdir', 'DAGS_FOLDER/etl_dag.py', '--cfg-path', '/tmp/tmp1txgihrl', '--error-file', '/tmp/tmpxvsr4ic8']
[2021-09-30 19:28:02,284] {standard_task_runner.py:77} INFO - Job 439: Subtask kafka_producer
[2021-09-30 19:28:02,351] {logging_mixin.py:104} INFO - Running <TaskInstance: etl_dag.kafka_producer 2021-09-28T00:00:00+00:00 [running]> on host kseniya-B85M-D3V
[2021-09-30 19:28:02,483] {taskinstance.py:1300} INFO - Exporting the following env vars:
AIRFLOW_CTX_DAG_OWNER=airflow
AIRFLOW_CTX_DAG_ID=etl_dag
AIRFLOW_CTX_TASK_ID=kafka_producer
AIRFLOW_CTX_EXECUTION_DATE=2021-09-28T00:00:00+00:00
AIRFLOW_CTX_DAG_RUN_ID=scheduled__2021-09-28T00:00:00+00:00
[2021-09-30 19:28:02,484] {pass_op.py:3} INFO - pass_op
[2021-09-30 19:28:02,484] {python.py:151} INFO - Done. Returned value was: None
[2021-09-30 19:28:02,507] {taskinstance.py:1204} INFO - Marking task as SUCCESS. dag_id=etl_dag, task_id=kafka_producer, execution_date=20210928T000000, start_date=20210930T162802, end_date=20210930T162802
[2021-09-30 19:28:02,582] {taskinstance.py:1265} INFO - 1 downstream tasks scheduled from follow-on schedule check
[2021-09-30 19:28:02,615] {local_task_job.py:149} INFO - Task exited with return code 0
