[2021-09-30 19:19:59,317] {scheduler_job.py:181} INFO - Started process (PID=1695087) to work on /usr/local/lib/python3.8/dist-packages/airflow/example_dags/example_xcom.py
[2021-09-30 19:19:59,317] {scheduler_job.py:632} INFO - Processing file /usr/local/lib/python3.8/dist-packages/airflow/example_dags/example_xcom.py for tasks to queue
[2021-09-30 19:19:59,318] {logging_mixin.py:104} INFO - [2021-09-30 19:19:59,318] {dagbag.py:496} INFO - Filling up the DagBag from /usr/local/lib/python3.8/dist-packages/airflow/example_dags/example_xcom.py
[2021-09-30 19:19:59,389] {scheduler_job.py:642} INFO - DAG(s) dict_keys(['example_xcom']) retrieved from /usr/local/lib/python3.8/dist-packages/airflow/example_dags/example_xcom.py
[2021-09-30 19:19:59,412] {logging_mixin.py:104} INFO - [2021-09-30 19:19:59,412] {dag.py:1833} INFO - Sync 1 DAGs
[2021-09-30 19:19:59,427] {logging_mixin.py:104} INFO - [2021-09-30 19:19:59,427] {dag.py:2306} INFO - Setting next_dagrun for example_xcom to 2021-09-28 00:00:00+00:00
[2021-09-30 19:19:59,441] {scheduler_job.py:189} INFO - Processing /usr/local/lib/python3.8/dist-packages/airflow/example_dags/example_xcom.py took 0.127 seconds
[2021-09-30 19:20:29,705] {scheduler_job.py:181} INFO - Started process (PID=1696287) to work on /usr/local/lib/python3.8/dist-packages/airflow/example_dags/example_xcom.py
[2021-09-30 19:20:29,758] {scheduler_job.py:632} INFO - Processing file /usr/local/lib/python3.8/dist-packages/airflow/example_dags/example_xcom.py for tasks to queue
[2021-09-30 19:20:29,758] {logging_mixin.py:104} INFO - [2021-09-30 19:20:29,758] {dagbag.py:496} INFO - Filling up the DagBag from /usr/local/lib/python3.8/dist-packages/airflow/example_dags/example_xcom.py
[2021-09-30 19:20:29,764] {scheduler_job.py:642} INFO - DAG(s) dict_keys(['example_xcom']) retrieved from /usr/local/lib/python3.8/dist-packages/airflow/example_dags/example_xcom.py
[2021-09-30 19:20:29,785] {logging_mixin.py:104} INFO - [2021-09-30 19:20:29,785] {dag.py:1833} INFO - Sync 1 DAGs
[2021-09-30 19:20:29,797] {logging_mixin.py:104} INFO - [2021-09-30 19:20:29,797] {dag.py:2306} INFO - Setting next_dagrun for example_xcom to 2021-09-28 00:00:00+00:00
[2021-09-30 19:20:29,813] {scheduler_job.py:189} INFO - Processing /usr/local/lib/python3.8/dist-packages/airflow/example_dags/example_xcom.py took 0.110 seconds
[2021-09-30 19:21:00,189] {scheduler_job.py:181} INFO - Started process (PID=1697540) to work on /usr/local/lib/python3.8/dist-packages/airflow/example_dags/example_xcom.py
[2021-09-30 19:21:00,190] {scheduler_job.py:632} INFO - Processing file /usr/local/lib/python3.8/dist-packages/airflow/example_dags/example_xcom.py for tasks to queue
[2021-09-30 19:21:00,190] {logging_mixin.py:104} INFO - [2021-09-30 19:21:00,190] {dagbag.py:496} INFO - Filling up the DagBag from /usr/local/lib/python3.8/dist-packages/airflow/example_dags/example_xcom.py
[2021-09-30 19:21:00,211] {scheduler_job.py:642} INFO - DAG(s) dict_keys(['example_xcom']) retrieved from /usr/local/lib/python3.8/dist-packages/airflow/example_dags/example_xcom.py
[2021-09-30 19:21:00,246] {logging_mixin.py:104} INFO - [2021-09-30 19:21:00,246] {dag.py:1833} INFO - Sync 1 DAGs
[2021-09-30 19:21:00,260] {logging_mixin.py:104} INFO - [2021-09-30 19:21:00,260] {dag.py:2306} INFO - Setting next_dagrun for example_xcom to 2021-09-28 00:00:00+00:00
[2021-09-30 19:21:00,272] {scheduler_job.py:189} INFO - Processing /usr/local/lib/python3.8/dist-packages/airflow/example_dags/example_xcom.py took 0.087 seconds
[2021-09-30 19:21:30,801] {scheduler_job.py:181} INFO - Started process (PID=1698819) to work on /usr/local/lib/python3.8/dist-packages/airflow/example_dags/example_xcom.py
[2021-09-30 19:21:30,803] {scheduler_job.py:632} INFO - Processing file /usr/local/lib/python3.8/dist-packages/airflow/example_dags/example_xcom.py for tasks to queue
[2021-09-30 19:21:30,804] {logging_mixin.py:104} INFO - [2021-09-30 19:21:30,804] {dagbag.py:496} INFO - Filling up the DagBag from /usr/local/lib/python3.8/dist-packages/airflow/example_dags/example_xcom.py
[2021-09-30 19:21:30,821] {scheduler_job.py:642} INFO - DAG(s) dict_keys(['example_xcom']) retrieved from /usr/local/lib/python3.8/dist-packages/airflow/example_dags/example_xcom.py
[2021-09-30 19:21:30,859] {logging_mixin.py:104} INFO - [2021-09-30 19:21:30,859] {dag.py:1833} INFO - Sync 1 DAGs
[2021-09-30 19:21:30,875] {logging_mixin.py:104} INFO - [2021-09-30 19:21:30,875] {dag.py:2306} INFO - Setting next_dagrun for example_xcom to 2021-09-28 00:00:00+00:00
[2021-09-30 19:21:30,899] {scheduler_job.py:189} INFO - Processing /usr/local/lib/python3.8/dist-packages/airflow/example_dags/example_xcom.py took 0.102 seconds
[2021-09-30 19:22:01,796] {scheduler_job.py:181} INFO - Started process (PID=1700111) to work on /usr/local/lib/python3.8/dist-packages/airflow/example_dags/example_xcom.py
[2021-09-30 19:22:01,797] {scheduler_job.py:632} INFO - Processing file /usr/local/lib/python3.8/dist-packages/airflow/example_dags/example_xcom.py for tasks to queue
[2021-09-30 19:22:01,798] {logging_mixin.py:104} INFO - [2021-09-30 19:22:01,797] {dagbag.py:496} INFO - Filling up the DagBag from /usr/local/lib/python3.8/dist-packages/airflow/example_dags/example_xcom.py
[2021-09-30 19:22:01,808] {scheduler_job.py:642} INFO - DAG(s) dict_keys(['example_xcom']) retrieved from /usr/local/lib/python3.8/dist-packages/airflow/example_dags/example_xcom.py
[2021-09-30 19:22:01,838] {logging_mixin.py:104} INFO - [2021-09-30 19:22:01,838] {dag.py:1833} INFO - Sync 1 DAGs
[2021-09-30 19:22:01,852] {logging_mixin.py:104} INFO - [2021-09-30 19:22:01,852] {dag.py:2306} INFO - Setting next_dagrun for example_xcom to 2021-09-28 00:00:00+00:00
[2021-09-30 19:22:01,869] {scheduler_job.py:189} INFO - Processing /usr/local/lib/python3.8/dist-packages/airflow/example_dags/example_xcom.py took 0.076 seconds
[2021-09-30 19:22:32,249] {scheduler_job.py:181} INFO - Started process (PID=1701387) to work on /usr/local/lib/python3.8/dist-packages/airflow/example_dags/example_xcom.py
[2021-09-30 19:22:32,250] {scheduler_job.py:632} INFO - Processing file /usr/local/lib/python3.8/dist-packages/airflow/example_dags/example_xcom.py for tasks to queue
[2021-09-30 19:22:32,251] {logging_mixin.py:104} INFO - [2021-09-30 19:22:32,251] {dagbag.py:496} INFO - Filling up the DagBag from /usr/local/lib/python3.8/dist-packages/airflow/example_dags/example_xcom.py
[2021-09-30 19:22:32,275] {scheduler_job.py:642} INFO - DAG(s) dict_keys(['example_xcom']) retrieved from /usr/local/lib/python3.8/dist-packages/airflow/example_dags/example_xcom.py
[2021-09-30 19:22:32,343] {logging_mixin.py:104} INFO - [2021-09-30 19:22:32,343] {dag.py:1833} INFO - Sync 1 DAGs
[2021-09-30 19:22:32,365] {logging_mixin.py:104} INFO - [2021-09-30 19:22:32,365] {dag.py:2306} INFO - Setting next_dagrun for example_xcom to 2021-09-28 00:00:00+00:00
[2021-09-30 19:22:32,400] {scheduler_job.py:189} INFO - Processing /usr/local/lib/python3.8/dist-packages/airflow/example_dags/example_xcom.py took 0.155 seconds
[2021-09-30 19:23:02,820] {scheduler_job.py:181} INFO - Started process (PID=1702404) to work on /usr/local/lib/python3.8/dist-packages/airflow/example_dags/example_xcom.py
[2021-09-30 19:23:03,015] {scheduler_job.py:632} INFO - Processing file /usr/local/lib/python3.8/dist-packages/airflow/example_dags/example_xcom.py for tasks to queue
[2021-09-30 19:23:03,016] {logging_mixin.py:104} INFO - [2021-09-30 19:23:03,016] {dagbag.py:496} INFO - Filling up the DagBag from /usr/local/lib/python3.8/dist-packages/airflow/example_dags/example_xcom.py
[2021-09-30 19:23:03,025] {scheduler_job.py:642} INFO - DAG(s) dict_keys(['example_xcom']) retrieved from /usr/local/lib/python3.8/dist-packages/airflow/example_dags/example_xcom.py
[2021-09-30 19:23:03,051] {logging_mixin.py:104} INFO - [2021-09-30 19:23:03,051] {dag.py:1833} INFO - Sync 1 DAGs
[2021-09-30 19:23:03,076] {logging_mixin.py:104} INFO - [2021-09-30 19:23:03,076] {dag.py:2306} INFO - Setting next_dagrun for example_xcom to 2021-09-28 00:00:00+00:00
[2021-09-30 19:23:03,771] {scheduler_job.py:189} INFO - Processing /usr/local/lib/python3.8/dist-packages/airflow/example_dags/example_xcom.py took 0.953 seconds
[2021-09-30 19:23:33,936] {scheduler_job.py:181} INFO - Started process (PID=1703475) to work on /usr/local/lib/python3.8/dist-packages/airflow/example_dags/example_xcom.py
[2021-09-30 19:23:33,936] {scheduler_job.py:632} INFO - Processing file /usr/local/lib/python3.8/dist-packages/airflow/example_dags/example_xcom.py for tasks to queue
[2021-09-30 19:23:33,937] {logging_mixin.py:104} INFO - [2021-09-30 19:23:33,937] {dagbag.py:496} INFO - Filling up the DagBag from /usr/local/lib/python3.8/dist-packages/airflow/example_dags/example_xcom.py
[2021-09-30 19:23:33,945] {scheduler_job.py:642} INFO - DAG(s) dict_keys(['example_xcom']) retrieved from /usr/local/lib/python3.8/dist-packages/airflow/example_dags/example_xcom.py
[2021-09-30 19:23:33,966] {logging_mixin.py:104} INFO - [2021-09-30 19:23:33,966] {dag.py:1833} INFO - Sync 1 DAGs
[2021-09-30 19:23:33,980] {logging_mixin.py:104} INFO - [2021-09-30 19:23:33,980] {dag.py:2306} INFO - Setting next_dagrun for example_xcom to 2021-09-28 00:00:00+00:00
[2021-09-30 19:23:33,999] {scheduler_job.py:189} INFO - Processing /usr/local/lib/python3.8/dist-packages/airflow/example_dags/example_xcom.py took 0.066 seconds
[2021-09-30 19:24:04,230] {scheduler_job.py:181} INFO - Started process (PID=1704963) to work on /usr/local/lib/python3.8/dist-packages/airflow/example_dags/example_xcom.py
[2021-09-30 19:24:04,233] {scheduler_job.py:632} INFO - Processing file /usr/local/lib/python3.8/dist-packages/airflow/example_dags/example_xcom.py for tasks to queue
[2021-09-30 19:24:04,234] {logging_mixin.py:104} INFO - [2021-09-30 19:24:04,234] {dagbag.py:496} INFO - Filling up the DagBag from /usr/local/lib/python3.8/dist-packages/airflow/example_dags/example_xcom.py
[2021-09-30 19:24:04,249] {scheduler_job.py:642} INFO - DAG(s) dict_keys(['example_xcom']) retrieved from /usr/local/lib/python3.8/dist-packages/airflow/example_dags/example_xcom.py
[2021-09-30 19:24:04,296] {logging_mixin.py:104} INFO - [2021-09-30 19:24:04,296] {dag.py:1833} INFO - Sync 1 DAGs
[2021-09-30 19:24:04,322] {logging_mixin.py:104} INFO - [2021-09-30 19:24:04,322] {dag.py:2306} INFO - Setting next_dagrun for example_xcom to 2021-09-28 00:00:00+00:00
[2021-09-30 19:24:04,345] {scheduler_job.py:189} INFO - Processing /usr/local/lib/python3.8/dist-packages/airflow/example_dags/example_xcom.py took 0.118 seconds
[2021-09-30 19:24:34,643] {scheduler_job.py:181} INFO - Started process (PID=1706306) to work on /usr/local/lib/python3.8/dist-packages/airflow/example_dags/example_xcom.py
[2021-09-30 19:24:34,644] {scheduler_job.py:632} INFO - Processing file /usr/local/lib/python3.8/dist-packages/airflow/example_dags/example_xcom.py for tasks to queue
[2021-09-30 19:24:34,645] {logging_mixin.py:104} INFO - [2021-09-30 19:24:34,645] {dagbag.py:496} INFO - Filling up the DagBag from /usr/local/lib/python3.8/dist-packages/airflow/example_dags/example_xcom.py
[2021-09-30 19:24:34,676] {scheduler_job.py:642} INFO - DAG(s) dict_keys(['example_xcom']) retrieved from /usr/local/lib/python3.8/dist-packages/airflow/example_dags/example_xcom.py
[2021-09-30 19:24:34,713] {logging_mixin.py:104} INFO - [2021-09-30 19:24:34,713] {dag.py:1833} INFO - Sync 1 DAGs
[2021-09-30 19:24:34,729] {logging_mixin.py:104} INFO - [2021-09-30 19:24:34,729] {dag.py:2306} INFO - Setting next_dagrun for example_xcom to 2021-09-28 00:00:00+00:00
[2021-09-30 19:24:34,745] {scheduler_job.py:189} INFO - Processing /usr/local/lib/python3.8/dist-packages/airflow/example_dags/example_xcom.py took 0.105 seconds
[2021-09-30 19:25:04,859] {scheduler_job.py:181} INFO - Started process (PID=1707604) to work on /usr/local/lib/python3.8/dist-packages/airflow/example_dags/example_xcom.py
[2021-09-30 19:25:04,860] {scheduler_job.py:632} INFO - Processing file /usr/local/lib/python3.8/dist-packages/airflow/example_dags/example_xcom.py for tasks to queue
[2021-09-30 19:25:04,861] {logging_mixin.py:104} INFO - [2021-09-30 19:25:04,860] {dagbag.py:496} INFO - Filling up the DagBag from /usr/local/lib/python3.8/dist-packages/airflow/example_dags/example_xcom.py
[2021-09-30 19:25:04,874] {scheduler_job.py:642} INFO - DAG(s) dict_keys(['example_xcom']) retrieved from /usr/local/lib/python3.8/dist-packages/airflow/example_dags/example_xcom.py
[2021-09-30 19:25:04,899] {logging_mixin.py:104} INFO - [2021-09-30 19:25:04,899] {dag.py:1833} INFO - Sync 1 DAGs
[2021-09-30 19:25:04,912] {logging_mixin.py:104} INFO - [2021-09-30 19:25:04,912] {dag.py:2306} INFO - Setting next_dagrun for example_xcom to 2021-09-28 00:00:00+00:00
[2021-09-30 19:25:04,927] {scheduler_job.py:189} INFO - Processing /usr/local/lib/python3.8/dist-packages/airflow/example_dags/example_xcom.py took 0.072 seconds
[2021-09-30 19:25:35,449] {scheduler_job.py:181} INFO - Started process (PID=1709159) to work on /usr/local/lib/python3.8/dist-packages/airflow/example_dags/example_xcom.py
[2021-09-30 19:25:35,452] {scheduler_job.py:632} INFO - Processing file /usr/local/lib/python3.8/dist-packages/airflow/example_dags/example_xcom.py for tasks to queue
[2021-09-30 19:25:35,452] {logging_mixin.py:104} INFO - [2021-09-30 19:25:35,452] {dagbag.py:496} INFO - Filling up the DagBag from /usr/local/lib/python3.8/dist-packages/airflow/example_dags/example_xcom.py
[2021-09-30 19:25:35,461] {scheduler_job.py:642} INFO - DAG(s) dict_keys(['example_xcom']) retrieved from /usr/local/lib/python3.8/dist-packages/airflow/example_dags/example_xcom.py
[2021-09-30 19:25:35,485] {logging_mixin.py:104} INFO - [2021-09-30 19:25:35,485] {dag.py:1833} INFO - Sync 1 DAGs
[2021-09-30 19:25:35,504] {logging_mixin.py:104} INFO - [2021-09-30 19:25:35,504] {dag.py:2306} INFO - Setting next_dagrun for example_xcom to 2021-09-28 00:00:00+00:00
[2021-09-30 19:25:35,584] {scheduler_job.py:189} INFO - Processing /usr/local/lib/python3.8/dist-packages/airflow/example_dags/example_xcom.py took 0.138 seconds
[2021-09-30 19:26:05,616] {scheduler_job.py:181} INFO - Started process (PID=1710706) to work on /usr/local/lib/python3.8/dist-packages/airflow/example_dags/example_xcom.py
[2021-09-30 19:26:05,617] {scheduler_job.py:632} INFO - Processing file /usr/local/lib/python3.8/dist-packages/airflow/example_dags/example_xcom.py for tasks to queue
[2021-09-30 19:26:05,617] {logging_mixin.py:104} INFO - [2021-09-30 19:26:05,617] {dagbag.py:496} INFO - Filling up the DagBag from /usr/local/lib/python3.8/dist-packages/airflow/example_dags/example_xcom.py
[2021-09-30 19:26:05,626] {scheduler_job.py:642} INFO - DAG(s) dict_keys(['example_xcom']) retrieved from /usr/local/lib/python3.8/dist-packages/airflow/example_dags/example_xcom.py
[2021-09-30 19:26:05,650] {logging_mixin.py:104} INFO - [2021-09-30 19:26:05,649] {dag.py:1833} INFO - Sync 1 DAGs
[2021-09-30 19:26:05,667] {logging_mixin.py:104} INFO - [2021-09-30 19:26:05,667] {dag.py:2306} INFO - Setting next_dagrun for example_xcom to 2021-09-28 00:00:00+00:00
[2021-09-30 19:26:05,689] {scheduler_job.py:189} INFO - Processing /usr/local/lib/python3.8/dist-packages/airflow/example_dags/example_xcom.py took 0.076 seconds
[2021-09-30 19:26:36,168] {scheduler_job.py:181} INFO - Started process (PID=1712006) to work on /usr/local/lib/python3.8/dist-packages/airflow/example_dags/example_xcom.py
[2021-09-30 19:26:36,169] {scheduler_job.py:632} INFO - Processing file /usr/local/lib/python3.8/dist-packages/airflow/example_dags/example_xcom.py for tasks to queue
[2021-09-30 19:26:36,170] {logging_mixin.py:104} INFO - [2021-09-30 19:26:36,170] {dagbag.py:496} INFO - Filling up the DagBag from /usr/local/lib/python3.8/dist-packages/airflow/example_dags/example_xcom.py
[2021-09-30 19:26:36,191] {scheduler_job.py:642} INFO - DAG(s) dict_keys(['example_xcom']) retrieved from /usr/local/lib/python3.8/dist-packages/airflow/example_dags/example_xcom.py
[2021-09-30 19:26:36,219] {logging_mixin.py:104} INFO - [2021-09-30 19:26:36,219] {dag.py:1833} INFO - Sync 1 DAGs
[2021-09-30 19:26:36,235] {logging_mixin.py:104} INFO - [2021-09-30 19:26:36,235] {dag.py:2306} INFO - Setting next_dagrun for example_xcom to 2021-09-28 00:00:00+00:00
[2021-09-30 19:26:36,281] {scheduler_job.py:189} INFO - Processing /usr/local/lib/python3.8/dist-packages/airflow/example_dags/example_xcom.py took 0.116 seconds
[2021-09-30 19:27:06,512] {scheduler_job.py:181} INFO - Started process (PID=1713313) to work on /usr/local/lib/python3.8/dist-packages/airflow/example_dags/example_xcom.py
[2021-09-30 19:27:06,513] {scheduler_job.py:632} INFO - Processing file /usr/local/lib/python3.8/dist-packages/airflow/example_dags/example_xcom.py for tasks to queue
[2021-09-30 19:27:06,514] {logging_mixin.py:104} INFO - [2021-09-30 19:27:06,514] {dagbag.py:496} INFO - Filling up the DagBag from /usr/local/lib/python3.8/dist-packages/airflow/example_dags/example_xcom.py
[2021-09-30 19:27:06,525] {scheduler_job.py:642} INFO - DAG(s) dict_keys(['example_xcom']) retrieved from /usr/local/lib/python3.8/dist-packages/airflow/example_dags/example_xcom.py
[2021-09-30 19:27:06,569] {logging_mixin.py:104} INFO - [2021-09-30 19:27:06,569] {dag.py:1833} INFO - Sync 1 DAGs
[2021-09-30 19:27:06,612] {logging_mixin.py:104} INFO - [2021-09-30 19:27:06,612] {dag.py:2306} INFO - Setting next_dagrun for example_xcom to 2021-09-28 00:00:00+00:00
[2021-09-30 19:27:06,691] {scheduler_job.py:189} INFO - Processing /usr/local/lib/python3.8/dist-packages/airflow/example_dags/example_xcom.py took 0.182 seconds
[2021-09-30 19:27:36,769] {scheduler_job.py:181} INFO - Started process (PID=1714793) to work on /usr/local/lib/python3.8/dist-packages/airflow/example_dags/example_xcom.py
[2021-09-30 19:27:36,769] {scheduler_job.py:632} INFO - Processing file /usr/local/lib/python3.8/dist-packages/airflow/example_dags/example_xcom.py for tasks to queue
[2021-09-30 19:27:36,770] {logging_mixin.py:104} INFO - [2021-09-30 19:27:36,770] {dagbag.py:496} INFO - Filling up the DagBag from /usr/local/lib/python3.8/dist-packages/airflow/example_dags/example_xcom.py
[2021-09-30 19:27:36,778] {scheduler_job.py:642} INFO - DAG(s) dict_keys(['example_xcom']) retrieved from /usr/local/lib/python3.8/dist-packages/airflow/example_dags/example_xcom.py
[2021-09-30 19:27:36,799] {logging_mixin.py:104} INFO - [2021-09-30 19:27:36,798] {dag.py:1833} INFO - Sync 1 DAGs
[2021-09-30 19:27:36,814] {logging_mixin.py:104} INFO - [2021-09-30 19:27:36,814] {dag.py:2306} INFO - Setting next_dagrun for example_xcom to 2021-09-28 00:00:00+00:00
[2021-09-30 19:27:36,833] {scheduler_job.py:189} INFO - Processing /usr/local/lib/python3.8/dist-packages/airflow/example_dags/example_xcom.py took 0.067 seconds
[2021-09-30 19:28:06,917] {scheduler_job.py:181} INFO - Started process (PID=1716349) to work on /usr/local/lib/python3.8/dist-packages/airflow/example_dags/example_xcom.py
[2021-09-30 19:28:06,918] {scheduler_job.py:632} INFO - Processing file /usr/local/lib/python3.8/dist-packages/airflow/example_dags/example_xcom.py for tasks to queue
[2021-09-30 19:28:06,919] {logging_mixin.py:104} INFO - [2021-09-30 19:28:06,919] {dagbag.py:496} INFO - Filling up the DagBag from /usr/local/lib/python3.8/dist-packages/airflow/example_dags/example_xcom.py
[2021-09-30 19:28:06,931] {scheduler_job.py:642} INFO - DAG(s) dict_keys(['example_xcom']) retrieved from /usr/local/lib/python3.8/dist-packages/airflow/example_dags/example_xcom.py
[2021-09-30 19:28:06,967] {logging_mixin.py:104} INFO - [2021-09-30 19:28:06,967] {dag.py:1833} INFO - Sync 1 DAGs
[2021-09-30 19:28:06,982] {logging_mixin.py:104} INFO - [2021-09-30 19:28:06,981] {dag.py:2306} INFO - Setting next_dagrun for example_xcom to 2021-09-28 00:00:00+00:00
[2021-09-30 19:28:07,002] {scheduler_job.py:189} INFO - Processing /usr/local/lib/python3.8/dist-packages/airflow/example_dags/example_xcom.py took 0.087 seconds
[2021-09-30 19:28:37,276] {scheduler_job.py:181} INFO - Started process (PID=1717658) to work on /usr/local/lib/python3.8/dist-packages/airflow/example_dags/example_xcom.py
[2021-09-30 19:28:37,278] {scheduler_job.py:632} INFO - Processing file /usr/local/lib/python3.8/dist-packages/airflow/example_dags/example_xcom.py for tasks to queue
[2021-09-30 19:28:37,279] {logging_mixin.py:104} INFO - [2021-09-30 19:28:37,278] {dagbag.py:496} INFO - Filling up the DagBag from /usr/local/lib/python3.8/dist-packages/airflow/example_dags/example_xcom.py
[2021-09-30 19:28:37,290] {scheduler_job.py:642} INFO - DAG(s) dict_keys(['example_xcom']) retrieved from /usr/local/lib/python3.8/dist-packages/airflow/example_dags/example_xcom.py
[2021-09-30 19:28:37,363] {logging_mixin.py:104} INFO - [2021-09-30 19:28:37,363] {dag.py:1833} INFO - Sync 1 DAGs
[2021-09-30 19:28:37,388] {logging_mixin.py:104} INFO - [2021-09-30 19:28:37,388] {dag.py:2306} INFO - Setting next_dagrun for example_xcom to 2021-09-28 00:00:00+00:00
[2021-09-30 19:28:37,403] {scheduler_job.py:189} INFO - Processing /usr/local/lib/python3.8/dist-packages/airflow/example_dags/example_xcom.py took 0.129 seconds
[2021-09-30 19:29:07,515] {scheduler_job.py:181} INFO - Started process (PID=1718967) to work on /usr/local/lib/python3.8/dist-packages/airflow/example_dags/example_xcom.py
[2021-09-30 19:29:07,516] {scheduler_job.py:632} INFO - Processing file /usr/local/lib/python3.8/dist-packages/airflow/example_dags/example_xcom.py for tasks to queue
[2021-09-30 19:29:07,516] {logging_mixin.py:104} INFO - [2021-09-30 19:29:07,516] {dagbag.py:496} INFO - Filling up the DagBag from /usr/local/lib/python3.8/dist-packages/airflow/example_dags/example_xcom.py
[2021-09-30 19:29:07,524] {scheduler_job.py:642} INFO - DAG(s) dict_keys(['example_xcom']) retrieved from /usr/local/lib/python3.8/dist-packages/airflow/example_dags/example_xcom.py
[2021-09-30 19:29:07,543] {logging_mixin.py:104} INFO - [2021-09-30 19:29:07,543] {dag.py:1833} INFO - Sync 1 DAGs
[2021-09-30 19:29:07,560] {logging_mixin.py:104} INFO - [2021-09-30 19:29:07,560] {dag.py:2306} INFO - Setting next_dagrun for example_xcom to 2021-09-28 00:00:00+00:00
[2021-09-30 19:29:07,579] {scheduler_job.py:189} INFO - Processing /usr/local/lib/python3.8/dist-packages/airflow/example_dags/example_xcom.py took 0.067 seconds
