[2021-09-30 19:20:03,007] {scheduler_job.py:181} INFO - Started process (PID=1695328) to work on /usr/local/lib/python3.8/dist-packages/airflow/example_dags/example_branch_python_dop_operator_3.py
[2021-09-30 19:20:03,008] {scheduler_job.py:632} INFO - Processing file /usr/local/lib/python3.8/dist-packages/airflow/example_dags/example_branch_python_dop_operator_3.py for tasks to queue
[2021-09-30 19:20:03,008] {logging_mixin.py:104} INFO - [2021-09-30 19:20:03,008] {dagbag.py:496} INFO - Filling up the DagBag from /usr/local/lib/python3.8/dist-packages/airflow/example_dags/example_branch_python_dop_operator_3.py
[2021-09-30 19:20:03,069] {scheduler_job.py:642} INFO - DAG(s) dict_keys(['example_branch_dop_operator_v3']) retrieved from /usr/local/lib/python3.8/dist-packages/airflow/example_dags/example_branch_python_dop_operator_3.py
[2021-09-30 19:20:03,085] {logging_mixin.py:104} INFO - [2021-09-30 19:20:03,085] {dag.py:1833} INFO - Sync 1 DAGs
[2021-09-30 19:20:03,100] {logging_mixin.py:104} INFO - [2021-09-30 19:20:03,100] {dag.py:2306} INFO - Setting next_dagrun for example_branch_dop_operator_v3 to 2021-09-28 00:00:00+00:00
[2021-09-30 19:20:03,116] {scheduler_job.py:189} INFO - Processing /usr/local/lib/python3.8/dist-packages/airflow/example_dags/example_branch_python_dop_operator_3.py took 0.111 seconds
[2021-09-30 19:20:36,837] {scheduler_job.py:181} INFO - Started process (PID=1696681) to work on /usr/local/lib/python3.8/dist-packages/airflow/example_dags/example_branch_python_dop_operator_3.py
[2021-09-30 19:20:37,016] {scheduler_job.py:632} INFO - Processing file /usr/local/lib/python3.8/dist-packages/airflow/example_dags/example_branch_python_dop_operator_3.py for tasks to queue
[2021-09-30 19:20:37,016] {logging_mixin.py:104} INFO - [2021-09-30 19:20:37,016] {dagbag.py:496} INFO - Filling up the DagBag from /usr/local/lib/python3.8/dist-packages/airflow/example_dags/example_branch_python_dop_operator_3.py
[2021-09-30 19:20:37,041] {scheduler_job.py:642} INFO - DAG(s) dict_keys(['example_branch_dop_operator_v3']) retrieved from /usr/local/lib/python3.8/dist-packages/airflow/example_dags/example_branch_python_dop_operator_3.py
[2021-09-30 19:20:37,072] {logging_mixin.py:104} INFO - [2021-09-30 19:20:37,072] {dag.py:1833} INFO - Sync 1 DAGs
[2021-09-30 19:20:37,095] {logging_mixin.py:104} INFO - [2021-09-30 19:20:37,095] {dag.py:2306} INFO - Setting next_dagrun for example_branch_dop_operator_v3 to 2021-09-28 00:00:00+00:00
[2021-09-30 19:20:37,113] {scheduler_job.py:189} INFO - Processing /usr/local/lib/python3.8/dist-packages/airflow/example_dags/example_branch_python_dop_operator_3.py took 0.281 seconds
[2021-09-30 19:21:08,055] {scheduler_job.py:181} INFO - Started process (PID=1698000) to work on /usr/local/lib/python3.8/dist-packages/airflow/example_dags/example_branch_python_dop_operator_3.py
[2021-09-30 19:21:08,056] {scheduler_job.py:632} INFO - Processing file /usr/local/lib/python3.8/dist-packages/airflow/example_dags/example_branch_python_dop_operator_3.py for tasks to queue
[2021-09-30 19:21:08,079] {logging_mixin.py:104} INFO - [2021-09-30 19:21:08,079] {dagbag.py:496} INFO - Filling up the DagBag from /usr/local/lib/python3.8/dist-packages/airflow/example_dags/example_branch_python_dop_operator_3.py
[2021-09-30 19:21:08,156] {scheduler_job.py:642} INFO - DAG(s) dict_keys(['example_branch_dop_operator_v3']) retrieved from /usr/local/lib/python3.8/dist-packages/airflow/example_dags/example_branch_python_dop_operator_3.py
[2021-09-30 19:21:08,233] {logging_mixin.py:104} INFO - [2021-09-30 19:21:08,233] {dag.py:1833} INFO - Sync 1 DAGs
[2021-09-30 19:21:08,319] {logging_mixin.py:104} INFO - [2021-09-30 19:21:08,319] {dag.py:2306} INFO - Setting next_dagrun for example_branch_dop_operator_v3 to 2021-09-28 00:00:00+00:00
[2021-09-30 19:21:08,358] {scheduler_job.py:189} INFO - Processing /usr/local/lib/python3.8/dist-packages/airflow/example_dags/example_branch_python_dop_operator_3.py took 0.305 seconds
[2021-09-30 19:21:38,811] {scheduler_job.py:181} INFO - Started process (PID=1699263) to work on /usr/local/lib/python3.8/dist-packages/airflow/example_dags/example_branch_python_dop_operator_3.py
[2021-09-30 19:21:38,812] {scheduler_job.py:632} INFO - Processing file /usr/local/lib/python3.8/dist-packages/airflow/example_dags/example_branch_python_dop_operator_3.py for tasks to queue
[2021-09-30 19:21:38,813] {logging_mixin.py:104} INFO - [2021-09-30 19:21:38,813] {dagbag.py:496} INFO - Filling up the DagBag from /usr/local/lib/python3.8/dist-packages/airflow/example_dags/example_branch_python_dop_operator_3.py
[2021-09-30 19:21:38,824] {scheduler_job.py:642} INFO - DAG(s) dict_keys(['example_branch_dop_operator_v3']) retrieved from /usr/local/lib/python3.8/dist-packages/airflow/example_dags/example_branch_python_dop_operator_3.py
[2021-09-30 19:21:38,852] {logging_mixin.py:104} INFO - [2021-09-30 19:21:38,852] {dag.py:1833} INFO - Sync 1 DAGs
[2021-09-30 19:21:38,882] {logging_mixin.py:104} INFO - [2021-09-30 19:21:38,882] {dag.py:2306} INFO - Setting next_dagrun for example_branch_dop_operator_v3 to 2021-09-28 00:00:00+00:00
[2021-09-30 19:21:38,902] {scheduler_job.py:189} INFO - Processing /usr/local/lib/python3.8/dist-packages/airflow/example_dags/example_branch_python_dop_operator_3.py took 0.093 seconds
[2021-09-30 19:22:11,550] {scheduler_job.py:181} INFO - Started process (PID=1700621) to work on /usr/local/lib/python3.8/dist-packages/airflow/example_dags/example_branch_python_dop_operator_3.py
[2021-09-30 19:22:11,550] {scheduler_job.py:632} INFO - Processing file /usr/local/lib/python3.8/dist-packages/airflow/example_dags/example_branch_python_dop_operator_3.py for tasks to queue
[2021-09-30 19:22:11,551] {logging_mixin.py:104} INFO - [2021-09-30 19:22:11,551] {dagbag.py:496} INFO - Filling up the DagBag from /usr/local/lib/python3.8/dist-packages/airflow/example_dags/example_branch_python_dop_operator_3.py
[2021-09-30 19:22:11,559] {scheduler_job.py:642} INFO - DAG(s) dict_keys(['example_branch_dop_operator_v3']) retrieved from /usr/local/lib/python3.8/dist-packages/airflow/example_dags/example_branch_python_dop_operator_3.py
[2021-09-30 19:22:11,581] {logging_mixin.py:104} INFO - [2021-09-30 19:22:11,581] {dag.py:1833} INFO - Sync 1 DAGs
[2021-09-30 19:22:11,599] {logging_mixin.py:104} INFO - [2021-09-30 19:22:11,599] {dag.py:2306} INFO - Setting next_dagrun for example_branch_dop_operator_v3 to 2021-09-28 00:00:00+00:00
[2021-09-30 19:22:11,672] {scheduler_job.py:189} INFO - Processing /usr/local/lib/python3.8/dist-packages/airflow/example_dags/example_branch_python_dop_operator_3.py took 0.125 seconds
[2021-09-30 19:22:43,070] {scheduler_job.py:181} INFO - Started process (PID=1701850) to work on /usr/local/lib/python3.8/dist-packages/airflow/example_dags/example_branch_python_dop_operator_3.py
[2021-09-30 19:22:43,071] {scheduler_job.py:632} INFO - Processing file /usr/local/lib/python3.8/dist-packages/airflow/example_dags/example_branch_python_dop_operator_3.py for tasks to queue
[2021-09-30 19:22:43,071] {logging_mixin.py:104} INFO - [2021-09-30 19:22:43,071] {dagbag.py:496} INFO - Filling up the DagBag from /usr/local/lib/python3.8/dist-packages/airflow/example_dags/example_branch_python_dop_operator_3.py
[2021-09-30 19:22:43,084] {scheduler_job.py:642} INFO - DAG(s) dict_keys(['example_branch_dop_operator_v3']) retrieved from /usr/local/lib/python3.8/dist-packages/airflow/example_dags/example_branch_python_dop_operator_3.py
[2021-09-30 19:22:43,110] {logging_mixin.py:104} INFO - [2021-09-30 19:22:43,109] {dag.py:1833} INFO - Sync 1 DAGs
[2021-09-30 19:22:43,137] {logging_mixin.py:104} INFO - [2021-09-30 19:22:43,137] {dag.py:2306} INFO - Setting next_dagrun for example_branch_dop_operator_v3 to 2021-09-28 00:00:00+00:00
[2021-09-30 19:22:43,262] {scheduler_job.py:189} INFO - Processing /usr/local/lib/python3.8/dist-packages/airflow/example_dags/example_branch_python_dop_operator_3.py took 0.195 seconds
[2021-09-30 19:23:15,069] {scheduler_job.py:181} INFO - Started process (PID=1702849) to work on /usr/local/lib/python3.8/dist-packages/airflow/example_dags/example_branch_python_dop_operator_3.py
[2021-09-30 19:23:15,070] {scheduler_job.py:632} INFO - Processing file /usr/local/lib/python3.8/dist-packages/airflow/example_dags/example_branch_python_dop_operator_3.py for tasks to queue
[2021-09-30 19:23:15,071] {logging_mixin.py:104} INFO - [2021-09-30 19:23:15,070] {dagbag.py:496} INFO - Filling up the DagBag from /usr/local/lib/python3.8/dist-packages/airflow/example_dags/example_branch_python_dop_operator_3.py
[2021-09-30 19:23:15,133] {scheduler_job.py:642} INFO - DAG(s) dict_keys(['example_branch_dop_operator_v3']) retrieved from /usr/local/lib/python3.8/dist-packages/airflow/example_dags/example_branch_python_dop_operator_3.py
[2021-09-30 19:23:15,186] {logging_mixin.py:104} INFO - [2021-09-30 19:23:15,186] {dag.py:1833} INFO - Sync 1 DAGs
[2021-09-30 19:23:15,269] {logging_mixin.py:104} INFO - [2021-09-30 19:23:15,269] {dag.py:2306} INFO - Setting next_dagrun for example_branch_dop_operator_v3 to 2021-09-28 00:00:00+00:00
[2021-09-30 19:23:15,375] {scheduler_job.py:189} INFO - Processing /usr/local/lib/python3.8/dist-packages/airflow/example_dags/example_branch_python_dop_operator_3.py took 0.313 seconds
[2021-09-30 19:23:45,541] {scheduler_job.py:181} INFO - Started process (PID=1704154) to work on /usr/local/lib/python3.8/dist-packages/airflow/example_dags/example_branch_python_dop_operator_3.py
[2021-09-30 19:23:45,541] {scheduler_job.py:632} INFO - Processing file /usr/local/lib/python3.8/dist-packages/airflow/example_dags/example_branch_python_dop_operator_3.py for tasks to queue
[2021-09-30 19:23:45,542] {logging_mixin.py:104} INFO - [2021-09-30 19:23:45,542] {dagbag.py:496} INFO - Filling up the DagBag from /usr/local/lib/python3.8/dist-packages/airflow/example_dags/example_branch_python_dop_operator_3.py
[2021-09-30 19:23:45,554] {scheduler_job.py:642} INFO - DAG(s) dict_keys(['example_branch_dop_operator_v3']) retrieved from /usr/local/lib/python3.8/dist-packages/airflow/example_dags/example_branch_python_dop_operator_3.py
[2021-09-30 19:23:45,581] {logging_mixin.py:104} INFO - [2021-09-30 19:23:45,581] {dag.py:1833} INFO - Sync 1 DAGs
[2021-09-30 19:23:45,618] {logging_mixin.py:104} INFO - [2021-09-30 19:23:45,618] {dag.py:2306} INFO - Setting next_dagrun for example_branch_dop_operator_v3 to 2021-09-28 00:00:00+00:00
[2021-09-30 19:23:45,632] {scheduler_job.py:189} INFO - Processing /usr/local/lib/python3.8/dist-packages/airflow/example_dags/example_branch_python_dop_operator_3.py took 0.094 seconds
[2021-09-30 19:24:16,611] {scheduler_job.py:181} INFO - Started process (PID=1705678) to work on /usr/local/lib/python3.8/dist-packages/airflow/example_dags/example_branch_python_dop_operator_3.py
[2021-09-30 19:24:16,612] {scheduler_job.py:632} INFO - Processing file /usr/local/lib/python3.8/dist-packages/airflow/example_dags/example_branch_python_dop_operator_3.py for tasks to queue
[2021-09-30 19:24:16,613] {logging_mixin.py:104} INFO - [2021-09-30 19:24:16,612] {dagbag.py:496} INFO - Filling up the DagBag from /usr/local/lib/python3.8/dist-packages/airflow/example_dags/example_branch_python_dop_operator_3.py
[2021-09-30 19:24:16,630] {scheduler_job.py:642} INFO - DAG(s) dict_keys(['example_branch_dop_operator_v3']) retrieved from /usr/local/lib/python3.8/dist-packages/airflow/example_dags/example_branch_python_dop_operator_3.py
[2021-09-30 19:24:16,660] {logging_mixin.py:104} INFO - [2021-09-30 19:24:16,659] {dag.py:1833} INFO - Sync 1 DAGs
[2021-09-30 19:24:16,690] {logging_mixin.py:104} INFO - [2021-09-30 19:24:16,690] {dag.py:2306} INFO - Setting next_dagrun for example_branch_dop_operator_v3 to 2021-09-28 00:00:00+00:00
[2021-09-30 19:24:16,703] {scheduler_job.py:189} INFO - Processing /usr/local/lib/python3.8/dist-packages/airflow/example_dags/example_branch_python_dop_operator_3.py took 0.096 seconds
[2021-09-30 19:24:47,206] {scheduler_job.py:181} INFO - Started process (PID=1706916) to work on /usr/local/lib/python3.8/dist-packages/airflow/example_dags/example_branch_python_dop_operator_3.py
[2021-09-30 19:24:47,207] {scheduler_job.py:632} INFO - Processing file /usr/local/lib/python3.8/dist-packages/airflow/example_dags/example_branch_python_dop_operator_3.py for tasks to queue
[2021-09-30 19:24:47,208] {logging_mixin.py:104} INFO - [2021-09-30 19:24:47,208] {dagbag.py:496} INFO - Filling up the DagBag from /usr/local/lib/python3.8/dist-packages/airflow/example_dags/example_branch_python_dop_operator_3.py
[2021-09-30 19:24:47,241] {scheduler_job.py:642} INFO - DAG(s) dict_keys(['example_branch_dop_operator_v3']) retrieved from /usr/local/lib/python3.8/dist-packages/airflow/example_dags/example_branch_python_dop_operator_3.py
[2021-09-30 19:24:47,273] {logging_mixin.py:104} INFO - [2021-09-30 19:24:47,273] {dag.py:1833} INFO - Sync 1 DAGs
[2021-09-30 19:24:47,298] {logging_mixin.py:104} INFO - [2021-09-30 19:24:47,298] {dag.py:2306} INFO - Setting next_dagrun for example_branch_dop_operator_v3 to 2021-09-28 00:00:00+00:00
[2021-09-30 19:24:47,311] {scheduler_job.py:189} INFO - Processing /usr/local/lib/python3.8/dist-packages/airflow/example_dags/example_branch_python_dop_operator_3.py took 0.109 seconds
[2021-09-30 19:25:17,451] {scheduler_job.py:181} INFO - Started process (PID=1708417) to work on /usr/local/lib/python3.8/dist-packages/airflow/example_dags/example_branch_python_dop_operator_3.py
[2021-09-30 19:25:17,452] {scheduler_job.py:632} INFO - Processing file /usr/local/lib/python3.8/dist-packages/airflow/example_dags/example_branch_python_dop_operator_3.py for tasks to queue
[2021-09-30 19:25:17,454] {logging_mixin.py:104} INFO - [2021-09-30 19:25:17,453] {dagbag.py:496} INFO - Filling up the DagBag from /usr/local/lib/python3.8/dist-packages/airflow/example_dags/example_branch_python_dop_operator_3.py
[2021-09-30 19:25:17,466] {scheduler_job.py:642} INFO - DAG(s) dict_keys(['example_branch_dop_operator_v3']) retrieved from /usr/local/lib/python3.8/dist-packages/airflow/example_dags/example_branch_python_dop_operator_3.py
[2021-09-30 19:25:17,493] {logging_mixin.py:104} INFO - [2021-09-30 19:25:17,493] {dag.py:1833} INFO - Sync 1 DAGs
[2021-09-30 19:25:17,514] {logging_mixin.py:104} INFO - [2021-09-30 19:25:17,514] {dag.py:2306} INFO - Setting next_dagrun for example_branch_dop_operator_v3 to 2021-09-28 00:00:00+00:00
[2021-09-30 19:25:17,529] {scheduler_job.py:189} INFO - Processing /usr/local/lib/python3.8/dist-packages/airflow/example_dags/example_branch_python_dop_operator_3.py took 0.080 seconds
[2021-09-30 19:25:48,165] {scheduler_job.py:181} INFO - Started process (PID=1709922) to work on /usr/local/lib/python3.8/dist-packages/airflow/example_dags/example_branch_python_dop_operator_3.py
[2021-09-30 19:25:48,166] {scheduler_job.py:632} INFO - Processing file /usr/local/lib/python3.8/dist-packages/airflow/example_dags/example_branch_python_dop_operator_3.py for tasks to queue
[2021-09-30 19:25:48,166] {logging_mixin.py:104} INFO - [2021-09-30 19:25:48,166] {dagbag.py:496} INFO - Filling up the DagBag from /usr/local/lib/python3.8/dist-packages/airflow/example_dags/example_branch_python_dop_operator_3.py
[2021-09-30 19:25:48,178] {scheduler_job.py:642} INFO - DAG(s) dict_keys(['example_branch_dop_operator_v3']) retrieved from /usr/local/lib/python3.8/dist-packages/airflow/example_dags/example_branch_python_dop_operator_3.py
[2021-09-30 19:25:48,208] {logging_mixin.py:104} INFO - [2021-09-30 19:25:48,208] {dag.py:1833} INFO - Sync 1 DAGs
[2021-09-30 19:25:48,229] {logging_mixin.py:104} INFO - [2021-09-30 19:25:48,229] {dag.py:2306} INFO - Setting next_dagrun for example_branch_dop_operator_v3 to 2021-09-28 00:00:00+00:00
[2021-09-30 19:25:48,246] {scheduler_job.py:189} INFO - Processing /usr/local/lib/python3.8/dist-packages/airflow/example_dags/example_branch_python_dop_operator_3.py took 0.085 seconds
[2021-09-30 19:26:18,686] {scheduler_job.py:181} INFO - Started process (PID=1711403) to work on /usr/local/lib/python3.8/dist-packages/airflow/example_dags/example_branch_python_dop_operator_3.py
[2021-09-30 19:26:18,687] {scheduler_job.py:632} INFO - Processing file /usr/local/lib/python3.8/dist-packages/airflow/example_dags/example_branch_python_dop_operator_3.py for tasks to queue
[2021-09-30 19:26:18,688] {logging_mixin.py:104} INFO - [2021-09-30 19:26:18,688] {dagbag.py:496} INFO - Filling up the DagBag from /usr/local/lib/python3.8/dist-packages/airflow/example_dags/example_branch_python_dop_operator_3.py
[2021-09-30 19:26:18,703] {scheduler_job.py:642} INFO - DAG(s) dict_keys(['example_branch_dop_operator_v3']) retrieved from /usr/local/lib/python3.8/dist-packages/airflow/example_dags/example_branch_python_dop_operator_3.py
[2021-09-30 19:26:18,732] {logging_mixin.py:104} INFO - [2021-09-30 19:26:18,732] {dag.py:1833} INFO - Sync 1 DAGs
[2021-09-30 19:26:18,758] {logging_mixin.py:104} INFO - [2021-09-30 19:26:18,758] {dag.py:2306} INFO - Setting next_dagrun for example_branch_dop_operator_v3 to 2021-09-28 00:00:00+00:00
[2021-09-30 19:26:18,843] {scheduler_job.py:189} INFO - Processing /usr/local/lib/python3.8/dist-packages/airflow/example_dags/example_branch_python_dop_operator_3.py took 0.159 seconds
[2021-09-30 19:26:51,540] {scheduler_job.py:181} INFO - Started process (PID=1712704) to work on /usr/local/lib/python3.8/dist-packages/airflow/example_dags/example_branch_python_dop_operator_3.py
[2021-09-30 19:26:51,541] {scheduler_job.py:632} INFO - Processing file /usr/local/lib/python3.8/dist-packages/airflow/example_dags/example_branch_python_dop_operator_3.py for tasks to queue
[2021-09-30 19:26:51,542] {logging_mixin.py:104} INFO - [2021-09-30 19:26:51,542] {dagbag.py:496} INFO - Filling up the DagBag from /usr/local/lib/python3.8/dist-packages/airflow/example_dags/example_branch_python_dop_operator_3.py
[2021-09-30 19:26:51,558] {scheduler_job.py:642} INFO - DAG(s) dict_keys(['example_branch_dop_operator_v3']) retrieved from /usr/local/lib/python3.8/dist-packages/airflow/example_dags/example_branch_python_dop_operator_3.py
[2021-09-30 19:26:51,594] {logging_mixin.py:104} INFO - [2021-09-30 19:26:51,594] {dag.py:1833} INFO - Sync 1 DAGs
[2021-09-30 19:26:51,625] {logging_mixin.py:104} INFO - [2021-09-30 19:26:51,625] {dag.py:2306} INFO - Setting next_dagrun for example_branch_dop_operator_v3 to 2021-09-28 00:00:00+00:00
[2021-09-30 19:26:51,651] {scheduler_job.py:189} INFO - Processing /usr/local/lib/python3.8/dist-packages/airflow/example_dags/example_branch_python_dop_operator_3.py took 0.114 seconds
[2021-09-30 19:27:21,899] {scheduler_job.py:181} INFO - Started process (PID=1714123) to work on /usr/local/lib/python3.8/dist-packages/airflow/example_dags/example_branch_python_dop_operator_3.py
[2021-09-30 19:27:21,899] {scheduler_job.py:632} INFO - Processing file /usr/local/lib/python3.8/dist-packages/airflow/example_dags/example_branch_python_dop_operator_3.py for tasks to queue
[2021-09-30 19:27:21,900] {logging_mixin.py:104} INFO - [2021-09-30 19:27:21,900] {dagbag.py:496} INFO - Filling up the DagBag from /usr/local/lib/python3.8/dist-packages/airflow/example_dags/example_branch_python_dop_operator_3.py
[2021-09-30 19:27:21,914] {scheduler_job.py:642} INFO - DAG(s) dict_keys(['example_branch_dop_operator_v3']) retrieved from /usr/local/lib/python3.8/dist-packages/airflow/example_dags/example_branch_python_dop_operator_3.py
[2021-09-30 19:27:21,944] {logging_mixin.py:104} INFO - [2021-09-30 19:27:21,943] {dag.py:1833} INFO - Sync 1 DAGs
[2021-09-30 19:27:21,968] {logging_mixin.py:104} INFO - [2021-09-30 19:27:21,968] {dag.py:2306} INFO - Setting next_dagrun for example_branch_dop_operator_v3 to 2021-09-28 00:00:00+00:00
[2021-09-30 19:27:21,984] {scheduler_job.py:189} INFO - Processing /usr/local/lib/python3.8/dist-packages/airflow/example_dags/example_branch_python_dop_operator_3.py took 0.088 seconds
[2021-09-30 19:27:52,605] {scheduler_job.py:181} INFO - Started process (PID=1715654) to work on /usr/local/lib/python3.8/dist-packages/airflow/example_dags/example_branch_python_dop_operator_3.py
[2021-09-30 19:27:52,606] {scheduler_job.py:632} INFO - Processing file /usr/local/lib/python3.8/dist-packages/airflow/example_dags/example_branch_python_dop_operator_3.py for tasks to queue
[2021-09-30 19:27:52,607] {logging_mixin.py:104} INFO - [2021-09-30 19:27:52,607] {dagbag.py:496} INFO - Filling up the DagBag from /usr/local/lib/python3.8/dist-packages/airflow/example_dags/example_branch_python_dop_operator_3.py
[2021-09-30 19:27:52,619] {scheduler_job.py:642} INFO - DAG(s) dict_keys(['example_branch_dop_operator_v3']) retrieved from /usr/local/lib/python3.8/dist-packages/airflow/example_dags/example_branch_python_dop_operator_3.py
[2021-09-30 19:27:52,642] {logging_mixin.py:104} INFO - [2021-09-30 19:27:52,642] {dag.py:1833} INFO - Sync 1 DAGs
[2021-09-30 19:27:52,670] {logging_mixin.py:104} INFO - [2021-09-30 19:27:52,670] {dag.py:2306} INFO - Setting next_dagrun for example_branch_dop_operator_v3 to 2021-09-28 00:00:00+00:00
[2021-09-30 19:27:52,685] {scheduler_job.py:189} INFO - Processing /usr/local/lib/python3.8/dist-packages/airflow/example_dags/example_branch_python_dop_operator_3.py took 0.082 seconds
[2021-09-30 19:28:23,206] {scheduler_job.py:181} INFO - Started process (PID=1717126) to work on /usr/local/lib/python3.8/dist-packages/airflow/example_dags/example_branch_python_dop_operator_3.py
[2021-09-30 19:28:23,210] {scheduler_job.py:632} INFO - Processing file /usr/local/lib/python3.8/dist-packages/airflow/example_dags/example_branch_python_dop_operator_3.py for tasks to queue
[2021-09-30 19:28:23,211] {logging_mixin.py:104} INFO - [2021-09-30 19:28:23,211] {dagbag.py:496} INFO - Filling up the DagBag from /usr/local/lib/python3.8/dist-packages/airflow/example_dags/example_branch_python_dop_operator_3.py
[2021-09-30 19:28:23,229] {scheduler_job.py:642} INFO - DAG(s) dict_keys(['example_branch_dop_operator_v3']) retrieved from /usr/local/lib/python3.8/dist-packages/airflow/example_dags/example_branch_python_dop_operator_3.py
[2021-09-30 19:28:23,255] {logging_mixin.py:104} INFO - [2021-09-30 19:28:23,255] {dag.py:1833} INFO - Sync 1 DAGs
[2021-09-30 19:28:23,284] {logging_mixin.py:104} INFO - [2021-09-30 19:28:23,283] {dag.py:2306} INFO - Setting next_dagrun for example_branch_dop_operator_v3 to 2021-09-28 00:00:00+00:00
[2021-09-30 19:28:23,303] {scheduler_job.py:189} INFO - Processing /usr/local/lib/python3.8/dist-packages/airflow/example_dags/example_branch_python_dop_operator_3.py took 0.100 seconds
[2021-09-30 19:28:54,183] {scheduler_job.py:181} INFO - Started process (PID=1718409) to work on /usr/local/lib/python3.8/dist-packages/airflow/example_dags/example_branch_python_dop_operator_3.py
[2021-09-30 19:28:54,184] {scheduler_job.py:632} INFO - Processing file /usr/local/lib/python3.8/dist-packages/airflow/example_dags/example_branch_python_dop_operator_3.py for tasks to queue
[2021-09-30 19:28:54,185] {logging_mixin.py:104} INFO - [2021-09-30 19:28:54,185] {dagbag.py:496} INFO - Filling up the DagBag from /usr/local/lib/python3.8/dist-packages/airflow/example_dags/example_branch_python_dop_operator_3.py
[2021-09-30 19:28:54,222] {scheduler_job.py:642} INFO - DAG(s) dict_keys(['example_branch_dop_operator_v3']) retrieved from /usr/local/lib/python3.8/dist-packages/airflow/example_dags/example_branch_python_dop_operator_3.py
[2021-09-30 19:28:54,272] {logging_mixin.py:104} INFO - [2021-09-30 19:28:54,272] {dag.py:1833} INFO - Sync 1 DAGs
[2021-09-30 19:28:54,354] {logging_mixin.py:104} INFO - [2021-09-30 19:28:54,354] {dag.py:2306} INFO - Setting next_dagrun for example_branch_dop_operator_v3 to 2021-09-28 00:00:00+00:00
[2021-09-30 19:28:54,440] {scheduler_job.py:189} INFO - Processing /usr/local/lib/python3.8/dist-packages/airflow/example_dags/example_branch_python_dop_operator_3.py took 0.261 seconds
[2021-09-30 19:29:24,560] {scheduler_job.py:181} INFO - Started process (PID=1719949) to work on /usr/local/lib/python3.8/dist-packages/airflow/example_dags/example_branch_python_dop_operator_3.py
[2021-09-30 19:29:24,561] {scheduler_job.py:632} INFO - Processing file /usr/local/lib/python3.8/dist-packages/airflow/example_dags/example_branch_python_dop_operator_3.py for tasks to queue
[2021-09-30 19:29:24,562] {logging_mixin.py:104} INFO - [2021-09-30 19:29:24,561] {dagbag.py:496} INFO - Filling up the DagBag from /usr/local/lib/python3.8/dist-packages/airflow/example_dags/example_branch_python_dop_operator_3.py
[2021-09-30 19:29:24,571] {scheduler_job.py:642} INFO - DAG(s) dict_keys(['example_branch_dop_operator_v3']) retrieved from /usr/local/lib/python3.8/dist-packages/airflow/example_dags/example_branch_python_dop_operator_3.py
[2021-09-30 19:29:24,595] {logging_mixin.py:104} INFO - [2021-09-30 19:29:24,595] {dag.py:1833} INFO - Sync 1 DAGs
[2021-09-30 19:29:24,621] {logging_mixin.py:104} INFO - [2021-09-30 19:29:24,621] {dag.py:2306} INFO - Setting next_dagrun for example_branch_dop_operator_v3 to 2021-09-28 00:00:00+00:00
[2021-09-30 19:29:24,647] {scheduler_job.py:189} INFO - Processing /usr/local/lib/python3.8/dist-packages/airflow/example_dags/example_branch_python_dop_operator_3.py took 0.090 seconds
