[2021-09-30 19:20:02,034] {scheduler_job.py:181} INFO - Started process (PID=1695258) to work on /usr/local/lib/python3.8/dist-packages/airflow/example_dags/example_branch_datetime_operator.py
[2021-09-30 19:20:02,035] {scheduler_job.py:632} INFO - Processing file /usr/local/lib/python3.8/dist-packages/airflow/example_dags/example_branch_datetime_operator.py for tasks to queue
[2021-09-30 19:20:02,035] {logging_mixin.py:104} INFO - [2021-09-30 19:20:02,035] {dagbag.py:496} INFO - Filling up the DagBag from /usr/local/lib/python3.8/dist-packages/airflow/example_dags/example_branch_datetime_operator.py
[2021-09-30 19:20:02,093] {scheduler_job.py:642} INFO - DAG(s) dict_keys(['example_branch_datetime_operator_2']) retrieved from /usr/local/lib/python3.8/dist-packages/airflow/example_dags/example_branch_datetime_operator.py
[2021-09-30 19:20:02,110] {logging_mixin.py:104} INFO - [2021-09-30 19:20:02,110] {dag.py:1833} INFO - Sync 1 DAGs
[2021-09-30 19:20:02,127] {logging_mixin.py:104} INFO - [2021-09-30 19:20:02,127] {dag.py:2306} INFO - Setting next_dagrun for example_branch_datetime_operator_2 to 2021-09-28 00:00:00+00:00
[2021-09-30 19:20:02,141] {scheduler_job.py:189} INFO - Processing /usr/local/lib/python3.8/dist-packages/airflow/example_dags/example_branch_datetime_operator.py took 0.109 seconds
[2021-09-30 19:20:34,893] {scheduler_job.py:181} INFO - Started process (PID=1696525) to work on /usr/local/lib/python3.8/dist-packages/airflow/example_dags/example_branch_datetime_operator.py
[2021-09-30 19:20:35,000] {scheduler_job.py:632} INFO - Processing file /usr/local/lib/python3.8/dist-packages/airflow/example_dags/example_branch_datetime_operator.py for tasks to queue
[2021-09-30 19:20:35,000] {logging_mixin.py:104} INFO - [2021-09-30 19:20:35,000] {dagbag.py:496} INFO - Filling up the DagBag from /usr/local/lib/python3.8/dist-packages/airflow/example_dags/example_branch_datetime_operator.py
[2021-09-30 19:20:35,015] {scheduler_job.py:642} INFO - DAG(s) dict_keys(['example_branch_datetime_operator_2']) retrieved from /usr/local/lib/python3.8/dist-packages/airflow/example_dags/example_branch_datetime_operator.py
[2021-09-30 19:20:35,048] {logging_mixin.py:104} INFO - [2021-09-30 19:20:35,048] {dag.py:1833} INFO - Sync 1 DAGs
[2021-09-30 19:20:35,071] {logging_mixin.py:104} INFO - [2021-09-30 19:20:35,071] {dag.py:2306} INFO - Setting next_dagrun for example_branch_datetime_operator_2 to 2021-09-28 00:00:00+00:00
[2021-09-30 19:20:35,089] {scheduler_job.py:189} INFO - Processing /usr/local/lib/python3.8/dist-packages/airflow/example_dags/example_branch_datetime_operator.py took 0.199 seconds
[2021-09-30 19:21:05,479] {scheduler_job.py:181} INFO - Started process (PID=1697812) to work on /usr/local/lib/python3.8/dist-packages/airflow/example_dags/example_branch_datetime_operator.py
[2021-09-30 19:21:05,480] {scheduler_job.py:632} INFO - Processing file /usr/local/lib/python3.8/dist-packages/airflow/example_dags/example_branch_datetime_operator.py for tasks to queue
[2021-09-30 19:21:05,481] {logging_mixin.py:104} INFO - [2021-09-30 19:21:05,481] {dagbag.py:496} INFO - Filling up the DagBag from /usr/local/lib/python3.8/dist-packages/airflow/example_dags/example_branch_datetime_operator.py
[2021-09-30 19:21:05,495] {scheduler_job.py:642} INFO - DAG(s) dict_keys(['example_branch_datetime_operator_2']) retrieved from /usr/local/lib/python3.8/dist-packages/airflow/example_dags/example_branch_datetime_operator.py
[2021-09-30 19:21:05,528] {logging_mixin.py:104} INFO - [2021-09-30 19:21:05,528] {dag.py:1833} INFO - Sync 1 DAGs
[2021-09-30 19:21:05,548] {logging_mixin.py:104} INFO - [2021-09-30 19:21:05,548] {dag.py:2306} INFO - Setting next_dagrun for example_branch_datetime_operator_2 to 2021-09-28 00:00:00+00:00
[2021-09-30 19:21:05,566] {scheduler_job.py:189} INFO - Processing /usr/local/lib/python3.8/dist-packages/airflow/example_dags/example_branch_datetime_operator.py took 0.089 seconds
[2021-09-30 19:21:37,158] {scheduler_job.py:181} INFO - Started process (PID=1699118) to work on /usr/local/lib/python3.8/dist-packages/airflow/example_dags/example_branch_datetime_operator.py
[2021-09-30 19:21:37,165] {scheduler_job.py:632} INFO - Processing file /usr/local/lib/python3.8/dist-packages/airflow/example_dags/example_branch_datetime_operator.py for tasks to queue
[2021-09-30 19:21:37,165] {logging_mixin.py:104} INFO - [2021-09-30 19:21:37,165] {dagbag.py:496} INFO - Filling up the DagBag from /usr/local/lib/python3.8/dist-packages/airflow/example_dags/example_branch_datetime_operator.py
[2021-09-30 19:21:37,183] {scheduler_job.py:642} INFO - DAG(s) dict_keys(['example_branch_datetime_operator_2']) retrieved from /usr/local/lib/python3.8/dist-packages/airflow/example_dags/example_branch_datetime_operator.py
[2021-09-30 19:21:37,246] {logging_mixin.py:104} INFO - [2021-09-30 19:21:37,246] {dag.py:1833} INFO - Sync 1 DAGs
[2021-09-30 19:21:37,281] {logging_mixin.py:104} INFO - [2021-09-30 19:21:37,281] {dag.py:2306} INFO - Setting next_dagrun for example_branch_datetime_operator_2 to 2021-09-28 00:00:00+00:00
[2021-09-30 19:21:37,344] {scheduler_job.py:189} INFO - Processing /usr/local/lib/python3.8/dist-packages/airflow/example_dags/example_branch_datetime_operator.py took 0.205 seconds
[2021-09-30 19:22:09,607] {scheduler_job.py:181} INFO - Started process (PID=1700490) to work on /usr/local/lib/python3.8/dist-packages/airflow/example_dags/example_branch_datetime_operator.py
[2021-09-30 19:22:09,608] {scheduler_job.py:632} INFO - Processing file /usr/local/lib/python3.8/dist-packages/airflow/example_dags/example_branch_datetime_operator.py for tasks to queue
[2021-09-30 19:22:09,609] {logging_mixin.py:104} INFO - [2021-09-30 19:22:09,609] {dagbag.py:496} INFO - Filling up the DagBag from /usr/local/lib/python3.8/dist-packages/airflow/example_dags/example_branch_datetime_operator.py
[2021-09-30 19:22:09,667] {scheduler_job.py:642} INFO - DAG(s) dict_keys(['example_branch_datetime_operator_2']) retrieved from /usr/local/lib/python3.8/dist-packages/airflow/example_dags/example_branch_datetime_operator.py
[2021-09-30 19:22:09,711] {logging_mixin.py:104} INFO - [2021-09-30 19:22:09,711] {dag.py:1833} INFO - Sync 1 DAGs
[2021-09-30 19:22:09,741] {logging_mixin.py:104} INFO - [2021-09-30 19:22:09,741] {dag.py:2306} INFO - Setting next_dagrun for example_branch_datetime_operator_2 to 2021-09-28 00:00:00+00:00
[2021-09-30 19:22:09,816] {scheduler_job.py:189} INFO - Processing /usr/local/lib/python3.8/dist-packages/airflow/example_dags/example_branch_datetime_operator.py took 0.211 seconds
[2021-09-30 19:22:41,589] {scheduler_job.py:181} INFO - Started process (PID=1701779) to work on /usr/local/lib/python3.8/dist-packages/airflow/example_dags/example_branch_datetime_operator.py
[2021-09-30 19:22:41,590] {scheduler_job.py:632} INFO - Processing file /usr/local/lib/python3.8/dist-packages/airflow/example_dags/example_branch_datetime_operator.py for tasks to queue
[2021-09-30 19:22:41,591] {logging_mixin.py:104} INFO - [2021-09-30 19:22:41,591] {dagbag.py:496} INFO - Filling up the DagBag from /usr/local/lib/python3.8/dist-packages/airflow/example_dags/example_branch_datetime_operator.py
[2021-09-30 19:22:41,632] {scheduler_job.py:642} INFO - DAG(s) dict_keys(['example_branch_datetime_operator_2']) retrieved from /usr/local/lib/python3.8/dist-packages/airflow/example_dags/example_branch_datetime_operator.py
[2021-09-30 19:22:41,679] {logging_mixin.py:104} INFO - [2021-09-30 19:22:41,679] {dag.py:1833} INFO - Sync 1 DAGs
[2021-09-30 19:22:41,702] {logging_mixin.py:104} INFO - [2021-09-30 19:22:41,702] {dag.py:2306} INFO - Setting next_dagrun for example_branch_datetime_operator_2 to 2021-09-28 00:00:00+00:00
[2021-09-30 19:22:41,718] {scheduler_job.py:189} INFO - Processing /usr/local/lib/python3.8/dist-packages/airflow/example_dags/example_branch_datetime_operator.py took 0.132 seconds
[2021-09-30 19:23:12,656] {scheduler_job.py:181} INFO - Started process (PID=1702771) to work on /usr/local/lib/python3.8/dist-packages/airflow/example_dags/example_branch_datetime_operator.py
[2021-09-30 19:23:12,656] {scheduler_job.py:632} INFO - Processing file /usr/local/lib/python3.8/dist-packages/airflow/example_dags/example_branch_datetime_operator.py for tasks to queue
[2021-09-30 19:23:12,657] {logging_mixin.py:104} INFO - [2021-09-30 19:23:12,657] {dagbag.py:496} INFO - Filling up the DagBag from /usr/local/lib/python3.8/dist-packages/airflow/example_dags/example_branch_datetime_operator.py
[2021-09-30 19:23:12,671] {scheduler_job.py:642} INFO - DAG(s) dict_keys(['example_branch_datetime_operator_2']) retrieved from /usr/local/lib/python3.8/dist-packages/airflow/example_dags/example_branch_datetime_operator.py
[2021-09-30 19:23:12,698] {logging_mixin.py:104} INFO - [2021-09-30 19:23:12,698] {dag.py:1833} INFO - Sync 1 DAGs
[2021-09-30 19:23:12,715] {logging_mixin.py:104} INFO - [2021-09-30 19:23:12,714] {dag.py:2306} INFO - Setting next_dagrun for example_branch_datetime_operator_2 to 2021-09-28 00:00:00+00:00
[2021-09-30 19:23:12,856] {scheduler_job.py:189} INFO - Processing /usr/local/lib/python3.8/dist-packages/airflow/example_dags/example_branch_datetime_operator.py took 0.204 seconds
[2021-09-30 19:23:43,136] {scheduler_job.py:181} INFO - Started process (PID=1703994) to work on /usr/local/lib/python3.8/dist-packages/airflow/example_dags/example_branch_datetime_operator.py
[2021-09-30 19:23:43,137] {scheduler_job.py:632} INFO - Processing file /usr/local/lib/python3.8/dist-packages/airflow/example_dags/example_branch_datetime_operator.py for tasks to queue
[2021-09-30 19:23:43,137] {logging_mixin.py:104} INFO - [2021-09-30 19:23:43,137] {dagbag.py:496} INFO - Filling up the DagBag from /usr/local/lib/python3.8/dist-packages/airflow/example_dags/example_branch_datetime_operator.py
[2021-09-30 19:23:43,147] {scheduler_job.py:642} INFO - DAG(s) dict_keys(['example_branch_datetime_operator_2']) retrieved from /usr/local/lib/python3.8/dist-packages/airflow/example_dags/example_branch_datetime_operator.py
[2021-09-30 19:23:43,173] {logging_mixin.py:104} INFO - [2021-09-30 19:23:43,172] {dag.py:1833} INFO - Sync 1 DAGs
[2021-09-30 19:23:43,193] {logging_mixin.py:104} INFO - [2021-09-30 19:23:43,193] {dag.py:2306} INFO - Setting next_dagrun for example_branch_datetime_operator_2 to 2021-09-28 00:00:00+00:00
[2021-09-30 19:23:43,215] {scheduler_job.py:189} INFO - Processing /usr/local/lib/python3.8/dist-packages/airflow/example_dags/example_branch_datetime_operator.py took 0.081 seconds
[2021-09-30 19:24:13,593] {scheduler_job.py:181} INFO - Started process (PID=1705549) to work on /usr/local/lib/python3.8/dist-packages/airflow/example_dags/example_branch_datetime_operator.py
[2021-09-30 19:24:13,594] {scheduler_job.py:632} INFO - Processing file /usr/local/lib/python3.8/dist-packages/airflow/example_dags/example_branch_datetime_operator.py for tasks to queue
[2021-09-30 19:24:13,595] {logging_mixin.py:104} INFO - [2021-09-30 19:24:13,595] {dagbag.py:496} INFO - Filling up the DagBag from /usr/local/lib/python3.8/dist-packages/airflow/example_dags/example_branch_datetime_operator.py
[2021-09-30 19:24:13,609] {scheduler_job.py:642} INFO - DAG(s) dict_keys(['example_branch_datetime_operator_2']) retrieved from /usr/local/lib/python3.8/dist-packages/airflow/example_dags/example_branch_datetime_operator.py
[2021-09-30 19:24:13,647] {logging_mixin.py:104} INFO - [2021-09-30 19:24:13,647] {dag.py:1833} INFO - Sync 1 DAGs
[2021-09-30 19:24:13,669] {logging_mixin.py:104} INFO - [2021-09-30 19:24:13,669] {dag.py:2306} INFO - Setting next_dagrun for example_branch_datetime_operator_2 to 2021-09-28 00:00:00+00:00
[2021-09-30 19:24:13,693] {scheduler_job.py:189} INFO - Processing /usr/local/lib/python3.8/dist-packages/airflow/example_dags/example_branch_datetime_operator.py took 0.104 seconds
[2021-09-30 19:24:43,959] {scheduler_job.py:181} INFO - Started process (PID=1706737) to work on /usr/local/lib/python3.8/dist-packages/airflow/example_dags/example_branch_datetime_operator.py
[2021-09-30 19:24:43,960] {scheduler_job.py:632} INFO - Processing file /usr/local/lib/python3.8/dist-packages/airflow/example_dags/example_branch_datetime_operator.py for tasks to queue
[2021-09-30 19:24:43,961] {logging_mixin.py:104} INFO - [2021-09-30 19:24:43,961] {dagbag.py:496} INFO - Filling up the DagBag from /usr/local/lib/python3.8/dist-packages/airflow/example_dags/example_branch_datetime_operator.py
[2021-09-30 19:24:43,968] {scheduler_job.py:642} INFO - DAG(s) dict_keys(['example_branch_datetime_operator_2']) retrieved from /usr/local/lib/python3.8/dist-packages/airflow/example_dags/example_branch_datetime_operator.py
[2021-09-30 19:24:43,986] {logging_mixin.py:104} INFO - [2021-09-30 19:24:43,985] {dag.py:1833} INFO - Sync 1 DAGs
[2021-09-30 19:24:43,997] {logging_mixin.py:104} INFO - [2021-09-30 19:24:43,997] {dag.py:2306} INFO - Setting next_dagrun for example_branch_datetime_operator_2 to 2021-09-28 00:00:00+00:00
[2021-09-30 19:24:44,010] {scheduler_job.py:189} INFO - Processing /usr/local/lib/python3.8/dist-packages/airflow/example_dags/example_branch_datetime_operator.py took 0.053 seconds
[2021-09-30 19:25:14,689] {scheduler_job.py:181} INFO - Started process (PID=1708265) to work on /usr/local/lib/python3.8/dist-packages/airflow/example_dags/example_branch_datetime_operator.py
[2021-09-30 19:25:14,690] {scheduler_job.py:632} INFO - Processing file /usr/local/lib/python3.8/dist-packages/airflow/example_dags/example_branch_datetime_operator.py for tasks to queue
[2021-09-30 19:25:14,691] {logging_mixin.py:104} INFO - [2021-09-30 19:25:14,691] {dagbag.py:496} INFO - Filling up the DagBag from /usr/local/lib/python3.8/dist-packages/airflow/example_dags/example_branch_datetime_operator.py
[2021-09-30 19:25:14,704] {scheduler_job.py:642} INFO - DAG(s) dict_keys(['example_branch_datetime_operator_2']) retrieved from /usr/local/lib/python3.8/dist-packages/airflow/example_dags/example_branch_datetime_operator.py
[2021-09-30 19:25:14,726] {logging_mixin.py:104} INFO - [2021-09-30 19:25:14,726] {dag.py:1833} INFO - Sync 1 DAGs
[2021-09-30 19:25:14,746] {logging_mixin.py:104} INFO - [2021-09-30 19:25:14,746] {dag.py:2306} INFO - Setting next_dagrun for example_branch_datetime_operator_2 to 2021-09-28 00:00:00+00:00
[2021-09-30 19:25:14,762] {scheduler_job.py:189} INFO - Processing /usr/local/lib/python3.8/dist-packages/airflow/example_dags/example_branch_datetime_operator.py took 0.076 seconds
[2021-09-30 19:25:45,271] {scheduler_job.py:181} INFO - Started process (PID=1709753) to work on /usr/local/lib/python3.8/dist-packages/airflow/example_dags/example_branch_datetime_operator.py
[2021-09-30 19:25:45,272] {scheduler_job.py:632} INFO - Processing file /usr/local/lib/python3.8/dist-packages/airflow/example_dags/example_branch_datetime_operator.py for tasks to queue
[2021-09-30 19:25:45,273] {logging_mixin.py:104} INFO - [2021-09-30 19:25:45,273] {dagbag.py:496} INFO - Filling up the DagBag from /usr/local/lib/python3.8/dist-packages/airflow/example_dags/example_branch_datetime_operator.py
[2021-09-30 19:25:45,284] {scheduler_job.py:642} INFO - DAG(s) dict_keys(['example_branch_datetime_operator_2']) retrieved from /usr/local/lib/python3.8/dist-packages/airflow/example_dags/example_branch_datetime_operator.py
[2021-09-30 19:25:45,315] {logging_mixin.py:104} INFO - [2021-09-30 19:25:45,315] {dag.py:1833} INFO - Sync 1 DAGs
[2021-09-30 19:25:45,336] {logging_mixin.py:104} INFO - [2021-09-30 19:25:45,336] {dag.py:2306} INFO - Setting next_dagrun for example_branch_datetime_operator_2 to 2021-09-28 00:00:00+00:00
[2021-09-30 19:25:45,355] {scheduler_job.py:189} INFO - Processing /usr/local/lib/python3.8/dist-packages/airflow/example_dags/example_branch_datetime_operator.py took 0.086 seconds
[2021-09-30 19:26:15,762] {scheduler_job.py:181} INFO - Started process (PID=1711262) to work on /usr/local/lib/python3.8/dist-packages/airflow/example_dags/example_branch_datetime_operator.py
[2021-09-30 19:26:15,763] {scheduler_job.py:632} INFO - Processing file /usr/local/lib/python3.8/dist-packages/airflow/example_dags/example_branch_datetime_operator.py for tasks to queue
[2021-09-30 19:26:15,764] {logging_mixin.py:104} INFO - [2021-09-30 19:26:15,763] {dagbag.py:496} INFO - Filling up the DagBag from /usr/local/lib/python3.8/dist-packages/airflow/example_dags/example_branch_datetime_operator.py
[2021-09-30 19:26:15,778] {scheduler_job.py:642} INFO - DAG(s) dict_keys(['example_branch_datetime_operator_2']) retrieved from /usr/local/lib/python3.8/dist-packages/airflow/example_dags/example_branch_datetime_operator.py
[2021-09-30 19:26:15,806] {logging_mixin.py:104} INFO - [2021-09-30 19:26:15,806] {dag.py:1833} INFO - Sync 1 DAGs
[2021-09-30 19:26:15,830] {logging_mixin.py:104} INFO - [2021-09-30 19:26:15,830] {dag.py:2306} INFO - Setting next_dagrun for example_branch_datetime_operator_2 to 2021-09-28 00:00:00+00:00
[2021-09-30 19:26:15,855] {scheduler_job.py:189} INFO - Processing /usr/local/lib/python3.8/dist-packages/airflow/example_dags/example_branch_datetime_operator.py took 0.096 seconds
[2021-09-30 19:26:47,590] {scheduler_job.py:181} INFO - Started process (PID=1712574) to work on /usr/local/lib/python3.8/dist-packages/airflow/example_dags/example_branch_datetime_operator.py
[2021-09-30 19:26:47,591] {scheduler_job.py:632} INFO - Processing file /usr/local/lib/python3.8/dist-packages/airflow/example_dags/example_branch_datetime_operator.py for tasks to queue
[2021-09-30 19:26:47,592] {logging_mixin.py:104} INFO - [2021-09-30 19:26:47,592] {dagbag.py:496} INFO - Filling up the DagBag from /usr/local/lib/python3.8/dist-packages/airflow/example_dags/example_branch_datetime_operator.py
[2021-09-30 19:26:47,606] {scheduler_job.py:642} INFO - DAG(s) dict_keys(['example_branch_datetime_operator_2']) retrieved from /usr/local/lib/python3.8/dist-packages/airflow/example_dags/example_branch_datetime_operator.py
[2021-09-30 19:26:47,635] {logging_mixin.py:104} INFO - [2021-09-30 19:26:47,635] {dag.py:1833} INFO - Sync 1 DAGs
[2021-09-30 19:26:47,655] {logging_mixin.py:104} INFO - [2021-09-30 19:26:47,654] {dag.py:2306} INFO - Setting next_dagrun for example_branch_datetime_operator_2 to 2021-09-28 00:00:00+00:00
[2021-09-30 19:26:47,821] {scheduler_job.py:189} INFO - Processing /usr/local/lib/python3.8/dist-packages/airflow/example_dags/example_branch_datetime_operator.py took 0.235 seconds
[2021-09-30 19:27:18,134] {scheduler_job.py:181} INFO - Started process (PID=1713972) to work on /usr/local/lib/python3.8/dist-packages/airflow/example_dags/example_branch_datetime_operator.py
[2021-09-30 19:27:18,134] {scheduler_job.py:632} INFO - Processing file /usr/local/lib/python3.8/dist-packages/airflow/example_dags/example_branch_datetime_operator.py for tasks to queue
[2021-09-30 19:27:18,135] {logging_mixin.py:104} INFO - [2021-09-30 19:27:18,135] {dagbag.py:496} INFO - Filling up the DagBag from /usr/local/lib/python3.8/dist-packages/airflow/example_dags/example_branch_datetime_operator.py
[2021-09-30 19:27:18,146] {scheduler_job.py:642} INFO - DAG(s) dict_keys(['example_branch_datetime_operator_2']) retrieved from /usr/local/lib/python3.8/dist-packages/airflow/example_dags/example_branch_datetime_operator.py
[2021-09-30 19:27:18,167] {logging_mixin.py:104} INFO - [2021-09-30 19:27:18,167] {dag.py:1833} INFO - Sync 1 DAGs
[2021-09-30 19:27:18,185] {logging_mixin.py:104} INFO - [2021-09-30 19:27:18,185] {dag.py:2306} INFO - Setting next_dagrun for example_branch_datetime_operator_2 to 2021-09-28 00:00:00+00:00
[2021-09-30 19:27:18,201] {scheduler_job.py:189} INFO - Processing /usr/local/lib/python3.8/dist-packages/airflow/example_dags/example_branch_datetime_operator.py took 0.070 seconds
[2021-09-30 19:27:48,745] {scheduler_job.py:181} INFO - Started process (PID=1715462) to work on /usr/local/lib/python3.8/dist-packages/airflow/example_dags/example_branch_datetime_operator.py
[2021-09-30 19:27:48,746] {scheduler_job.py:632} INFO - Processing file /usr/local/lib/python3.8/dist-packages/airflow/example_dags/example_branch_datetime_operator.py for tasks to queue
[2021-09-30 19:27:48,747] {logging_mixin.py:104} INFO - [2021-09-30 19:27:48,747] {dagbag.py:496} INFO - Filling up the DagBag from /usr/local/lib/python3.8/dist-packages/airflow/example_dags/example_branch_datetime_operator.py
[2021-09-30 19:27:48,760] {scheduler_job.py:642} INFO - DAG(s) dict_keys(['example_branch_datetime_operator_2']) retrieved from /usr/local/lib/python3.8/dist-packages/airflow/example_dags/example_branch_datetime_operator.py
[2021-09-30 19:27:48,799] {logging_mixin.py:104} INFO - [2021-09-30 19:27:48,799] {dag.py:1833} INFO - Sync 1 DAGs
[2021-09-30 19:27:48,829] {logging_mixin.py:104} INFO - [2021-09-30 19:27:48,828] {dag.py:2306} INFO - Setting next_dagrun for example_branch_datetime_operator_2 to 2021-09-28 00:00:00+00:00
[2021-09-30 19:27:48,849] {scheduler_job.py:189} INFO - Processing /usr/local/lib/python3.8/dist-packages/airflow/example_dags/example_branch_datetime_operator.py took 0.107 seconds
[2021-09-30 19:28:19,344] {scheduler_job.py:181} INFO - Started process (PID=1716949) to work on /usr/local/lib/python3.8/dist-packages/airflow/example_dags/example_branch_datetime_operator.py
[2021-09-30 19:28:19,346] {scheduler_job.py:632} INFO - Processing file /usr/local/lib/python3.8/dist-packages/airflow/example_dags/example_branch_datetime_operator.py for tasks to queue
[2021-09-30 19:28:19,347] {logging_mixin.py:104} INFO - [2021-09-30 19:28:19,347] {dagbag.py:496} INFO - Filling up the DagBag from /usr/local/lib/python3.8/dist-packages/airflow/example_dags/example_branch_datetime_operator.py
[2021-09-30 19:28:19,363] {scheduler_job.py:642} INFO - DAG(s) dict_keys(['example_branch_datetime_operator_2']) retrieved from /usr/local/lib/python3.8/dist-packages/airflow/example_dags/example_branch_datetime_operator.py
[2021-09-30 19:28:19,401] {logging_mixin.py:104} INFO - [2021-09-30 19:28:19,401] {dag.py:1833} INFO - Sync 1 DAGs
[2021-09-30 19:28:19,431] {logging_mixin.py:104} INFO - [2021-09-30 19:28:19,431] {dag.py:2306} INFO - Setting next_dagrun for example_branch_datetime_operator_2 to 2021-09-28 00:00:00+00:00
[2021-09-30 19:28:19,459] {scheduler_job.py:189} INFO - Processing /usr/local/lib/python3.8/dist-packages/airflow/example_dags/example_branch_datetime_operator.py took 0.118 seconds
[2021-09-30 19:28:50,671] {scheduler_job.py:181} INFO - Started process (PID=1718244) to work on /usr/local/lib/python3.8/dist-packages/airflow/example_dags/example_branch_datetime_operator.py
[2021-09-30 19:28:50,674] {scheduler_job.py:632} INFO - Processing file /usr/local/lib/python3.8/dist-packages/airflow/example_dags/example_branch_datetime_operator.py for tasks to queue
[2021-09-30 19:28:50,675] {logging_mixin.py:104} INFO - [2021-09-30 19:28:50,675] {dagbag.py:496} INFO - Filling up the DagBag from /usr/local/lib/python3.8/dist-packages/airflow/example_dags/example_branch_datetime_operator.py
[2021-09-30 19:28:50,742] {scheduler_job.py:642} INFO - DAG(s) dict_keys(['example_branch_datetime_operator_2']) retrieved from /usr/local/lib/python3.8/dist-packages/airflow/example_dags/example_branch_datetime_operator.py
[2021-09-30 19:28:50,842] {logging_mixin.py:104} INFO - [2021-09-30 19:28:50,841] {dag.py:1833} INFO - Sync 1 DAGs
[2021-09-30 19:28:50,889] {logging_mixin.py:104} INFO - [2021-09-30 19:28:50,888] {dag.py:2306} INFO - Setting next_dagrun for example_branch_datetime_operator_2 to 2021-09-28 00:00:00+00:00
[2021-09-30 19:28:50,921] {scheduler_job.py:189} INFO - Processing /usr/local/lib/python3.8/dist-packages/airflow/example_dags/example_branch_datetime_operator.py took 0.259 seconds
[2021-09-30 19:29:21,118] {scheduler_job.py:181} INFO - Started process (PID=1719747) to work on /usr/local/lib/python3.8/dist-packages/airflow/example_dags/example_branch_datetime_operator.py
[2021-09-30 19:29:21,119] {scheduler_job.py:632} INFO - Processing file /usr/local/lib/python3.8/dist-packages/airflow/example_dags/example_branch_datetime_operator.py for tasks to queue
[2021-09-30 19:29:21,120] {logging_mixin.py:104} INFO - [2021-09-30 19:29:21,120] {dagbag.py:496} INFO - Filling up the DagBag from /usr/local/lib/python3.8/dist-packages/airflow/example_dags/example_branch_datetime_operator.py
[2021-09-30 19:29:21,127] {scheduler_job.py:642} INFO - DAG(s) dict_keys(['example_branch_datetime_operator_2']) retrieved from /usr/local/lib/python3.8/dist-packages/airflow/example_dags/example_branch_datetime_operator.py
[2021-09-30 19:29:21,145] {logging_mixin.py:104} INFO - [2021-09-30 19:29:21,145] {dag.py:1833} INFO - Sync 1 DAGs
[2021-09-30 19:29:21,158] {logging_mixin.py:104} INFO - [2021-09-30 19:29:21,158] {dag.py:2306} INFO - Setting next_dagrun for example_branch_datetime_operator_2 to 2021-09-28 00:00:00+00:00
[2021-09-30 19:29:21,277] {scheduler_job.py:189} INFO - Processing /usr/local/lib/python3.8/dist-packages/airflow/example_dags/example_branch_datetime_operator.py took 0.160 seconds
