[2021-09-30 19:20:01,357] {scheduler_job.py:181} INFO - Started process (PID=1695219) to work on /usr/local/lib/python3.8/dist-packages/airflow/example_dags/example_task_group.py
[2021-09-30 19:20:01,358] {scheduler_job.py:632} INFO - Processing file /usr/local/lib/python3.8/dist-packages/airflow/example_dags/example_task_group.py for tasks to queue
[2021-09-30 19:20:01,359] {logging_mixin.py:104} INFO - [2021-09-30 19:20:01,359] {dagbag.py:496} INFO - Filling up the DagBag from /usr/local/lib/python3.8/dist-packages/airflow/example_dags/example_task_group.py
[2021-09-30 19:20:01,443] {scheduler_job.py:642} INFO - DAG(s) dict_keys(['example_task_group']) retrieved from /usr/local/lib/python3.8/dist-packages/airflow/example_dags/example_task_group.py
[2021-09-30 19:20:01,465] {logging_mixin.py:104} INFO - [2021-09-30 19:20:01,465] {dag.py:1833} INFO - Sync 1 DAGs
[2021-09-30 19:20:01,475] {logging_mixin.py:104} INFO - [2021-09-30 19:20:01,475] {dag.py:2306} INFO - Setting next_dagrun for example_task_group to 2021-09-28 00:00:00+00:00
[2021-09-30 19:20:01,491] {scheduler_job.py:189} INFO - Processing /usr/local/lib/python3.8/dist-packages/airflow/example_dags/example_task_group.py took 0.138 seconds
[2021-09-30 19:20:33,964] {scheduler_job.py:181} INFO - Started process (PID=1696494) to work on /usr/local/lib/python3.8/dist-packages/airflow/example_dags/example_task_group.py
[2021-09-30 19:20:34,226] {scheduler_job.py:632} INFO - Processing file /usr/local/lib/python3.8/dist-packages/airflow/example_dags/example_task_group.py for tasks to queue
[2021-09-30 19:20:34,226] {logging_mixin.py:104} INFO - [2021-09-30 19:20:34,226] {dagbag.py:496} INFO - Filling up the DagBag from /usr/local/lib/python3.8/dist-packages/airflow/example_dags/example_task_group.py
[2021-09-30 19:20:34,248] {scheduler_job.py:642} INFO - DAG(s) dict_keys(['example_task_group']) retrieved from /usr/local/lib/python3.8/dist-packages/airflow/example_dags/example_task_group.py
[2021-09-30 19:20:34,306] {logging_mixin.py:104} INFO - [2021-09-30 19:20:34,306] {dag.py:1833} INFO - Sync 1 DAGs
[2021-09-30 19:20:34,352] {logging_mixin.py:104} INFO - [2021-09-30 19:20:34,352] {dag.py:2306} INFO - Setting next_dagrun for example_task_group to 2021-09-28 00:00:00+00:00
[2021-09-30 19:20:34,373] {scheduler_job.py:189} INFO - Processing /usr/local/lib/python3.8/dist-packages/airflow/example_dags/example_task_group.py took 0.417 seconds
[2021-09-30 19:21:04,854] {scheduler_job.py:181} INFO - Started process (PID=1697768) to work on /usr/local/lib/python3.8/dist-packages/airflow/example_dags/example_task_group.py
[2021-09-30 19:21:04,855] {scheduler_job.py:632} INFO - Processing file /usr/local/lib/python3.8/dist-packages/airflow/example_dags/example_task_group.py for tasks to queue
[2021-09-30 19:21:04,856] {logging_mixin.py:104} INFO - [2021-09-30 19:21:04,856] {dagbag.py:496} INFO - Filling up the DagBag from /usr/local/lib/python3.8/dist-packages/airflow/example_dags/example_task_group.py
[2021-09-30 19:21:04,874] {scheduler_job.py:642} INFO - DAG(s) dict_keys(['example_task_group']) retrieved from /usr/local/lib/python3.8/dist-packages/airflow/example_dags/example_task_group.py
[2021-09-30 19:21:04,912] {logging_mixin.py:104} INFO - [2021-09-30 19:21:04,911] {dag.py:1833} INFO - Sync 1 DAGs
[2021-09-30 19:21:04,925] {logging_mixin.py:104} INFO - [2021-09-30 19:21:04,925] {dag.py:2306} INFO - Setting next_dagrun for example_task_group to 2021-09-28 00:00:00+00:00
[2021-09-30 19:21:04,940] {scheduler_job.py:189} INFO - Processing /usr/local/lib/python3.8/dist-packages/airflow/example_dags/example_task_group.py took 0.088 seconds
[2021-09-30 19:21:36,128] {scheduler_job.py:181} INFO - Started process (PID=1699037) to work on /usr/local/lib/python3.8/dist-packages/airflow/example_dags/example_task_group.py
[2021-09-30 19:21:36,130] {scheduler_job.py:632} INFO - Processing file /usr/local/lib/python3.8/dist-packages/airflow/example_dags/example_task_group.py for tasks to queue
[2021-09-30 19:21:36,145] {logging_mixin.py:104} INFO - [2021-09-30 19:21:36,145] {dagbag.py:496} INFO - Filling up the DagBag from /usr/local/lib/python3.8/dist-packages/airflow/example_dags/example_task_group.py
[2021-09-30 19:21:36,204] {scheduler_job.py:642} INFO - DAG(s) dict_keys(['example_task_group']) retrieved from /usr/local/lib/python3.8/dist-packages/airflow/example_dags/example_task_group.py
[2021-09-30 19:21:36,248] {logging_mixin.py:104} INFO - [2021-09-30 19:21:36,248] {dag.py:1833} INFO - Sync 1 DAGs
[2021-09-30 19:21:36,272] {logging_mixin.py:104} INFO - [2021-09-30 19:21:36,272] {dag.py:2306} INFO - Setting next_dagrun for example_task_group to 2021-09-28 00:00:00+00:00
[2021-09-30 19:21:36,310] {scheduler_job.py:189} INFO - Processing /usr/local/lib/python3.8/dist-packages/airflow/example_dags/example_task_group.py took 0.185 seconds
[2021-09-30 19:22:07,473] {scheduler_job.py:181} INFO - Started process (PID=1700299) to work on /usr/local/lib/python3.8/dist-packages/airflow/example_dags/example_task_group.py
[2021-09-30 19:22:07,474] {scheduler_job.py:632} INFO - Processing file /usr/local/lib/python3.8/dist-packages/airflow/example_dags/example_task_group.py for tasks to queue
[2021-09-30 19:22:07,479] {logging_mixin.py:104} INFO - [2021-09-30 19:22:07,479] {dagbag.py:496} INFO - Filling up the DagBag from /usr/local/lib/python3.8/dist-packages/airflow/example_dags/example_task_group.py
[2021-09-30 19:22:07,742] {scheduler_job.py:642} INFO - DAG(s) dict_keys(['example_task_group']) retrieved from /usr/local/lib/python3.8/dist-packages/airflow/example_dags/example_task_group.py
[2021-09-30 19:22:07,929] {logging_mixin.py:104} INFO - [2021-09-30 19:22:07,929] {dag.py:1833} INFO - Sync 1 DAGs
[2021-09-30 19:22:07,988] {logging_mixin.py:104} INFO - [2021-09-30 19:22:07,987] {dag.py:2306} INFO - Setting next_dagrun for example_task_group to 2021-09-28 00:00:00+00:00
[2021-09-30 19:22:08,058] {scheduler_job.py:189} INFO - Processing /usr/local/lib/python3.8/dist-packages/airflow/example_dags/example_task_group.py took 0.589 seconds
[2021-09-30 19:22:39,412] {scheduler_job.py:181} INFO - Started process (PID=1701661) to work on /usr/local/lib/python3.8/dist-packages/airflow/example_dags/example_task_group.py
[2021-09-30 19:22:39,413] {scheduler_job.py:632} INFO - Processing file /usr/local/lib/python3.8/dist-packages/airflow/example_dags/example_task_group.py for tasks to queue
[2021-09-30 19:22:39,414] {logging_mixin.py:104} INFO - [2021-09-30 19:22:39,414] {dagbag.py:496} INFO - Filling up the DagBag from /usr/local/lib/python3.8/dist-packages/airflow/example_dags/example_task_group.py
[2021-09-30 19:22:39,479] {scheduler_job.py:642} INFO - DAG(s) dict_keys(['example_task_group']) retrieved from /usr/local/lib/python3.8/dist-packages/airflow/example_dags/example_task_group.py
[2021-09-30 19:22:39,562] {logging_mixin.py:104} INFO - [2021-09-30 19:22:39,561] {dag.py:1833} INFO - Sync 1 DAGs
[2021-09-30 19:22:39,601] {logging_mixin.py:104} INFO - [2021-09-30 19:22:39,601] {dag.py:2306} INFO - Setting next_dagrun for example_task_group to 2021-09-28 00:00:00+00:00
[2021-09-30 19:22:39,689] {scheduler_job.py:189} INFO - Processing /usr/local/lib/python3.8/dist-packages/airflow/example_dags/example_task_group.py took 0.280 seconds
[2021-09-30 19:23:09,753] {scheduler_job.py:181} INFO - Started process (PID=1702677) to work on /usr/local/lib/python3.8/dist-packages/airflow/example_dags/example_task_group.py
[2021-09-30 19:23:09,754] {scheduler_job.py:632} INFO - Processing file /usr/local/lib/python3.8/dist-packages/airflow/example_dags/example_task_group.py for tasks to queue
[2021-09-30 19:23:09,754] {logging_mixin.py:104} INFO - [2021-09-30 19:23:09,754] {dagbag.py:496} INFO - Filling up the DagBag from /usr/local/lib/python3.8/dist-packages/airflow/example_dags/example_task_group.py
[2021-09-30 19:23:09,762] {scheduler_job.py:642} INFO - DAG(s) dict_keys(['example_task_group']) retrieved from /usr/local/lib/python3.8/dist-packages/airflow/example_dags/example_task_group.py
[2021-09-30 19:23:09,785] {logging_mixin.py:104} INFO - [2021-09-30 19:23:09,785] {dag.py:1833} INFO - Sync 1 DAGs
[2021-09-30 19:23:09,798] {logging_mixin.py:104} INFO - [2021-09-30 19:23:09,798] {dag.py:2306} INFO - Setting next_dagrun for example_task_group to 2021-09-28 00:00:00+00:00
[2021-09-30 19:23:09,894] {scheduler_job.py:189} INFO - Processing /usr/local/lib/python3.8/dist-packages/airflow/example_dags/example_task_group.py took 0.143 seconds
[2021-09-30 19:23:40,436] {scheduler_job.py:181} INFO - Started process (PID=1703880) to work on /usr/local/lib/python3.8/dist-packages/airflow/example_dags/example_task_group.py
[2021-09-30 19:23:40,437] {scheduler_job.py:632} INFO - Processing file /usr/local/lib/python3.8/dist-packages/airflow/example_dags/example_task_group.py for tasks to queue
[2021-09-30 19:23:40,437] {logging_mixin.py:104} INFO - [2021-09-30 19:23:40,437] {dagbag.py:496} INFO - Filling up the DagBag from /usr/local/lib/python3.8/dist-packages/airflow/example_dags/example_task_group.py
[2021-09-30 19:23:40,449] {scheduler_job.py:642} INFO - DAG(s) dict_keys(['example_task_group']) retrieved from /usr/local/lib/python3.8/dist-packages/airflow/example_dags/example_task_group.py
[2021-09-30 19:23:40,475] {logging_mixin.py:104} INFO - [2021-09-30 19:23:40,474] {dag.py:1833} INFO - Sync 1 DAGs
[2021-09-30 19:23:40,489] {logging_mixin.py:104} INFO - [2021-09-30 19:23:40,489] {dag.py:2306} INFO - Setting next_dagrun for example_task_group to 2021-09-28 00:00:00+00:00
[2021-09-30 19:23:40,510] {scheduler_job.py:189} INFO - Processing /usr/local/lib/python3.8/dist-packages/airflow/example_dags/example_task_group.py took 0.078 seconds
[2021-09-30 19:24:11,079] {scheduler_job.py:181} INFO - Started process (PID=1705409) to work on /usr/local/lib/python3.8/dist-packages/airflow/example_dags/example_task_group.py
[2021-09-30 19:24:11,080] {scheduler_job.py:632} INFO - Processing file /usr/local/lib/python3.8/dist-packages/airflow/example_dags/example_task_group.py for tasks to queue
[2021-09-30 19:24:11,080] {logging_mixin.py:104} INFO - [2021-09-30 19:24:11,080] {dagbag.py:496} INFO - Filling up the DagBag from /usr/local/lib/python3.8/dist-packages/airflow/example_dags/example_task_group.py
[2021-09-30 19:24:11,103] {scheduler_job.py:642} INFO - DAG(s) dict_keys(['example_task_group']) retrieved from /usr/local/lib/python3.8/dist-packages/airflow/example_dags/example_task_group.py
[2021-09-30 19:24:11,153] {logging_mixin.py:104} INFO - [2021-09-30 19:24:11,153] {dag.py:1833} INFO - Sync 1 DAGs
[2021-09-30 19:24:11,186] {logging_mixin.py:104} INFO - [2021-09-30 19:24:11,186] {dag.py:2306} INFO - Setting next_dagrun for example_task_group to 2021-09-28 00:00:00+00:00
[2021-09-30 19:24:11,354] {scheduler_job.py:189} INFO - Processing /usr/local/lib/python3.8/dist-packages/airflow/example_dags/example_task_group.py took 0.277 seconds
[2021-09-30 19:24:41,994] {scheduler_job.py:181} INFO - Started process (PID=1706644) to work on /usr/local/lib/python3.8/dist-packages/airflow/example_dags/example_task_group.py
[2021-09-30 19:24:41,995] {scheduler_job.py:632} INFO - Processing file /usr/local/lib/python3.8/dist-packages/airflow/example_dags/example_task_group.py for tasks to queue
[2021-09-30 19:24:41,996] {logging_mixin.py:104} INFO - [2021-09-30 19:24:41,996] {dagbag.py:496} INFO - Filling up the DagBag from /usr/local/lib/python3.8/dist-packages/airflow/example_dags/example_task_group.py
[2021-09-30 19:24:42,015] {scheduler_job.py:642} INFO - DAG(s) dict_keys(['example_task_group']) retrieved from /usr/local/lib/python3.8/dist-packages/airflow/example_dags/example_task_group.py
[2021-09-30 19:24:42,060] {logging_mixin.py:104} INFO - [2021-09-30 19:24:42,060] {dag.py:1833} INFO - Sync 1 DAGs
[2021-09-30 19:24:42,080] {logging_mixin.py:104} INFO - [2021-09-30 19:24:42,080] {dag.py:2306} INFO - Setting next_dagrun for example_task_group to 2021-09-28 00:00:00+00:00
[2021-09-30 19:24:42,104] {scheduler_job.py:189} INFO - Processing /usr/local/lib/python3.8/dist-packages/airflow/example_dags/example_task_group.py took 0.113 seconds
[2021-09-30 19:25:12,277] {scheduler_job.py:181} INFO - Started process (PID=1708124) to work on /usr/local/lib/python3.8/dist-packages/airflow/example_dags/example_task_group.py
[2021-09-30 19:25:12,278] {scheduler_job.py:632} INFO - Processing file /usr/local/lib/python3.8/dist-packages/airflow/example_dags/example_task_group.py for tasks to queue
[2021-09-30 19:25:12,279] {logging_mixin.py:104} INFO - [2021-09-30 19:25:12,279] {dagbag.py:496} INFO - Filling up the DagBag from /usr/local/lib/python3.8/dist-packages/airflow/example_dags/example_task_group.py
[2021-09-30 19:25:12,296] {scheduler_job.py:642} INFO - DAG(s) dict_keys(['example_task_group']) retrieved from /usr/local/lib/python3.8/dist-packages/airflow/example_dags/example_task_group.py
[2021-09-30 19:25:12,330] {logging_mixin.py:104} INFO - [2021-09-30 19:25:12,330] {dag.py:1833} INFO - Sync 1 DAGs
[2021-09-30 19:25:12,346] {logging_mixin.py:104} INFO - [2021-09-30 19:25:12,346] {dag.py:2306} INFO - Setting next_dagrun for example_task_group to 2021-09-28 00:00:00+00:00
[2021-09-30 19:25:12,362] {scheduler_job.py:189} INFO - Processing /usr/local/lib/python3.8/dist-packages/airflow/example_dags/example_task_group.py took 0.090 seconds
[2021-09-30 19:25:42,725] {scheduler_job.py:181} INFO - Started process (PID=1709640) to work on /usr/local/lib/python3.8/dist-packages/airflow/example_dags/example_task_group.py
[2021-09-30 19:25:42,729] {scheduler_job.py:632} INFO - Processing file /usr/local/lib/python3.8/dist-packages/airflow/example_dags/example_task_group.py for tasks to queue
[2021-09-30 19:25:42,729] {logging_mixin.py:104} INFO - [2021-09-30 19:25:42,729] {dagbag.py:496} INFO - Filling up the DagBag from /usr/local/lib/python3.8/dist-packages/airflow/example_dags/example_task_group.py
[2021-09-30 19:25:42,743] {scheduler_job.py:642} INFO - DAG(s) dict_keys(['example_task_group']) retrieved from /usr/local/lib/python3.8/dist-packages/airflow/example_dags/example_task_group.py
[2021-09-30 19:25:42,782] {logging_mixin.py:104} INFO - [2021-09-30 19:25:42,782] {dag.py:1833} INFO - Sync 1 DAGs
[2021-09-30 19:25:42,796] {logging_mixin.py:104} INFO - [2021-09-30 19:25:42,796] {dag.py:2306} INFO - Setting next_dagrun for example_task_group to 2021-09-28 00:00:00+00:00
[2021-09-30 19:25:42,814] {scheduler_job.py:189} INFO - Processing /usr/local/lib/python3.8/dist-packages/airflow/example_dags/example_task_group.py took 0.092 seconds
[2021-09-30 19:26:13,483] {scheduler_job.py:181} INFO - Started process (PID=1711163) to work on /usr/local/lib/python3.8/dist-packages/airflow/example_dags/example_task_group.py
[2021-09-30 19:26:13,484] {scheduler_job.py:632} INFO - Processing file /usr/local/lib/python3.8/dist-packages/airflow/example_dags/example_task_group.py for tasks to queue
[2021-09-30 19:26:13,485] {logging_mixin.py:104} INFO - [2021-09-30 19:26:13,485] {dagbag.py:496} INFO - Filling up the DagBag from /usr/local/lib/python3.8/dist-packages/airflow/example_dags/example_task_group.py
[2021-09-30 19:26:13,497] {scheduler_job.py:642} INFO - DAG(s) dict_keys(['example_task_group']) retrieved from /usr/local/lib/python3.8/dist-packages/airflow/example_dags/example_task_group.py
[2021-09-30 19:26:13,525] {logging_mixin.py:104} INFO - [2021-09-30 19:26:13,525] {dag.py:1833} INFO - Sync 1 DAGs
[2021-09-30 19:26:13,543] {logging_mixin.py:104} INFO - [2021-09-30 19:26:13,543] {dag.py:2306} INFO - Setting next_dagrun for example_task_group to 2021-09-28 00:00:00+00:00
[2021-09-30 19:26:13,557] {scheduler_job.py:189} INFO - Processing /usr/local/lib/python3.8/dist-packages/airflow/example_dags/example_task_group.py took 0.076 seconds
[2021-09-30 19:26:44,606] {scheduler_job.py:181} INFO - Started process (PID=1712417) to work on /usr/local/lib/python3.8/dist-packages/airflow/example_dags/example_task_group.py
[2021-09-30 19:26:44,607] {scheduler_job.py:632} INFO - Processing file /usr/local/lib/python3.8/dist-packages/airflow/example_dags/example_task_group.py for tasks to queue
[2021-09-30 19:26:44,621] {logging_mixin.py:104} INFO - [2021-09-30 19:26:44,621] {dagbag.py:496} INFO - Filling up the DagBag from /usr/local/lib/python3.8/dist-packages/airflow/example_dags/example_task_group.py
[2021-09-30 19:26:44,703] {scheduler_job.py:642} INFO - DAG(s) dict_keys(['example_task_group']) retrieved from /usr/local/lib/python3.8/dist-packages/airflow/example_dags/example_task_group.py
[2021-09-30 19:26:44,820] {logging_mixin.py:104} INFO - [2021-09-30 19:26:44,820] {dag.py:1833} INFO - Sync 1 DAGs
[2021-09-30 19:26:44,894] {logging_mixin.py:104} INFO - [2021-09-30 19:26:44,894] {dag.py:2306} INFO - Setting next_dagrun for example_task_group to 2021-09-28 00:00:00+00:00
[2021-09-30 19:26:44,922] {scheduler_job.py:189} INFO - Processing /usr/local/lib/python3.8/dist-packages/airflow/example_dags/example_task_group.py took 0.332 seconds
[2021-09-30 19:27:15,171] {scheduler_job.py:181} INFO - Started process (PID=1713846) to work on /usr/local/lib/python3.8/dist-packages/airflow/example_dags/example_task_group.py
[2021-09-30 19:27:15,172] {scheduler_job.py:632} INFO - Processing file /usr/local/lib/python3.8/dist-packages/airflow/example_dags/example_task_group.py for tasks to queue
[2021-09-30 19:27:15,173] {logging_mixin.py:104} INFO - [2021-09-30 19:27:15,173] {dagbag.py:496} INFO - Filling up the DagBag from /usr/local/lib/python3.8/dist-packages/airflow/example_dags/example_task_group.py
[2021-09-30 19:27:15,190] {scheduler_job.py:642} INFO - DAG(s) dict_keys(['example_task_group']) retrieved from /usr/local/lib/python3.8/dist-packages/airflow/example_dags/example_task_group.py
[2021-09-30 19:27:15,229] {logging_mixin.py:104} INFO - [2021-09-30 19:27:15,229] {dag.py:1833} INFO - Sync 1 DAGs
[2021-09-30 19:27:15,268] {logging_mixin.py:104} INFO - [2021-09-30 19:27:15,267] {dag.py:2306} INFO - Setting next_dagrun for example_task_group to 2021-09-28 00:00:00+00:00
[2021-09-30 19:27:15,292] {scheduler_job.py:189} INFO - Processing /usr/local/lib/python3.8/dist-packages/airflow/example_dags/example_task_group.py took 0.124 seconds
[2021-09-30 19:27:45,426] {scheduler_job.py:181} INFO - Started process (PID=1715311) to work on /usr/local/lib/python3.8/dist-packages/airflow/example_dags/example_task_group.py
[2021-09-30 19:27:45,427] {scheduler_job.py:632} INFO - Processing file /usr/local/lib/python3.8/dist-packages/airflow/example_dags/example_task_group.py for tasks to queue
[2021-09-30 19:27:45,428] {logging_mixin.py:104} INFO - [2021-09-30 19:27:45,428] {dagbag.py:496} INFO - Filling up the DagBag from /usr/local/lib/python3.8/dist-packages/airflow/example_dags/example_task_group.py
[2021-09-30 19:27:45,440] {scheduler_job.py:642} INFO - DAG(s) dict_keys(['example_task_group']) retrieved from /usr/local/lib/python3.8/dist-packages/airflow/example_dags/example_task_group.py
[2021-09-30 19:27:45,465] {logging_mixin.py:104} INFO - [2021-09-30 19:27:45,464] {dag.py:1833} INFO - Sync 1 DAGs
[2021-09-30 19:27:45,478] {logging_mixin.py:104} INFO - [2021-09-30 19:27:45,478] {dag.py:2306} INFO - Setting next_dagrun for example_task_group to 2021-09-28 00:00:00+00:00
[2021-09-30 19:27:45,579] {scheduler_job.py:189} INFO - Processing /usr/local/lib/python3.8/dist-packages/airflow/example_dags/example_task_group.py took 0.155 seconds
[2021-09-30 19:28:16,661] {scheduler_job.py:181} INFO - Started process (PID=1716830) to work on /usr/local/lib/python3.8/dist-packages/airflow/example_dags/example_task_group.py
[2021-09-30 19:28:16,662] {scheduler_job.py:632} INFO - Processing file /usr/local/lib/python3.8/dist-packages/airflow/example_dags/example_task_group.py for tasks to queue
[2021-09-30 19:28:16,663] {logging_mixin.py:104} INFO - [2021-09-30 19:28:16,663] {dagbag.py:496} INFO - Filling up the DagBag from /usr/local/lib/python3.8/dist-packages/airflow/example_dags/example_task_group.py
[2021-09-30 19:28:16,711] {scheduler_job.py:642} INFO - DAG(s) dict_keys(['example_task_group']) retrieved from /usr/local/lib/python3.8/dist-packages/airflow/example_dags/example_task_group.py
[2021-09-30 19:28:16,794] {logging_mixin.py:104} INFO - [2021-09-30 19:28:16,794] {dag.py:1833} INFO - Sync 1 DAGs
[2021-09-30 19:28:16,856] {logging_mixin.py:104} INFO - [2021-09-30 19:28:16,856] {dag.py:2306} INFO - Setting next_dagrun for example_task_group to 2021-09-28 00:00:00+00:00
[2021-09-30 19:28:16,955] {scheduler_job.py:189} INFO - Processing /usr/local/lib/python3.8/dist-packages/airflow/example_dags/example_task_group.py took 0.298 seconds
[2021-09-30 19:28:47,607] {scheduler_job.py:181} INFO - Started process (PID=1718152) to work on /usr/local/lib/python3.8/dist-packages/airflow/example_dags/example_task_group.py
[2021-09-30 19:28:47,609] {scheduler_job.py:632} INFO - Processing file /usr/local/lib/python3.8/dist-packages/airflow/example_dags/example_task_group.py for tasks to queue
[2021-09-30 19:28:47,609] {logging_mixin.py:104} INFO - [2021-09-30 19:28:47,609] {dagbag.py:496} INFO - Filling up the DagBag from /usr/local/lib/python3.8/dist-packages/airflow/example_dags/example_task_group.py
[2021-09-30 19:28:47,650] {scheduler_job.py:642} INFO - DAG(s) dict_keys(['example_task_group']) retrieved from /usr/local/lib/python3.8/dist-packages/airflow/example_dags/example_task_group.py
[2021-09-30 19:28:47,713] {logging_mixin.py:104} INFO - [2021-09-30 19:28:47,713] {dag.py:1833} INFO - Sync 1 DAGs
[2021-09-30 19:28:47,744] {logging_mixin.py:104} INFO - [2021-09-30 19:28:47,744] {dag.py:2306} INFO - Setting next_dagrun for example_task_group to 2021-09-28 00:00:00+00:00
[2021-09-30 19:28:47,779] {scheduler_job.py:189} INFO - Processing /usr/local/lib/python3.8/dist-packages/airflow/example_dags/example_task_group.py took 0.176 seconds
[2021-09-30 19:29:17,872] {scheduler_job.py:181} INFO - Started process (PID=1719567) to work on /usr/local/lib/python3.8/dist-packages/airflow/example_dags/example_task_group.py
[2021-09-30 19:29:17,873] {scheduler_job.py:632} INFO - Processing file /usr/local/lib/python3.8/dist-packages/airflow/example_dags/example_task_group.py for tasks to queue
[2021-09-30 19:29:17,874] {logging_mixin.py:104} INFO - [2021-09-30 19:29:17,874] {dagbag.py:496} INFO - Filling up the DagBag from /usr/local/lib/python3.8/dist-packages/airflow/example_dags/example_task_group.py
[2021-09-30 19:29:17,888] {scheduler_job.py:642} INFO - DAG(s) dict_keys(['example_task_group']) retrieved from /usr/local/lib/python3.8/dist-packages/airflow/example_dags/example_task_group.py
[2021-09-30 19:29:17,908] {logging_mixin.py:104} INFO - [2021-09-30 19:29:17,908] {dag.py:1833} INFO - Sync 1 DAGs
[2021-09-30 19:29:17,919] {logging_mixin.py:104} INFO - [2021-09-30 19:29:17,919] {dag.py:2306} INFO - Setting next_dagrun for example_task_group to 2021-09-28 00:00:00+00:00
[2021-09-30 19:29:17,937] {scheduler_job.py:189} INFO - Processing /usr/local/lib/python3.8/dist-packages/airflow/example_dags/example_task_group.py took 0.068 seconds
