[2021-09-30 19:20:02,849] {scheduler_job.py:181} INFO - Started process (PID=1695310) to work on /usr/local/lib/python3.8/dist-packages/airflow/example_dags/example_kubernetes_executor_config.py
[2021-09-30 19:20:02,850] {scheduler_job.py:632} INFO - Processing file /usr/local/lib/python3.8/dist-packages/airflow/example_dags/example_kubernetes_executor_config.py for tasks to queue
[2021-09-30 19:20:02,850] {logging_mixin.py:104} INFO - [2021-09-30 19:20:02,850] {dagbag.py:496} INFO - Filling up the DagBag from /usr/local/lib/python3.8/dist-packages/airflow/example_dags/example_kubernetes_executor_config.py
[2021-09-30 19:20:02,907] {logging_mixin.py:104} INFO - [2021-09-30 19:20:02,907] {example_kubernetes_executor_config.py:175} WARNING - Could not import DAGs in example_kubernetes_executor_config.py: No module named 'kubernetes'
[2021-09-30 19:20:02,907] {logging_mixin.py:104} INFO - [2021-09-30 19:20:02,907] {example_kubernetes_executor_config.py:176} WARNING - Install kubernetes dependencies with: pip install apache-airflow['cncf.kubernetes']
[2021-09-30 19:20:02,907] {scheduler_job.py:644} WARNING - No viable dags retrieved from /usr/local/lib/python3.8/dist-packages/airflow/example_dags/example_kubernetes_executor_config.py
[2021-09-30 19:20:02,921] {scheduler_job.py:189} INFO - Processing /usr/local/lib/python3.8/dist-packages/airflow/example_dags/example_kubernetes_executor_config.py took 0.074 seconds
[2021-09-30 19:20:36,470] {scheduler_job.py:181} INFO - Started process (PID=1696608) to work on /usr/local/lib/python3.8/dist-packages/airflow/example_dags/example_kubernetes_executor_config.py
[2021-09-30 19:20:36,613] {scheduler_job.py:632} INFO - Processing file /usr/local/lib/python3.8/dist-packages/airflow/example_dags/example_kubernetes_executor_config.py for tasks to queue
[2021-09-30 19:20:36,614] {logging_mixin.py:104} INFO - [2021-09-30 19:20:36,614] {dagbag.py:496} INFO - Filling up the DagBag from /usr/local/lib/python3.8/dist-packages/airflow/example_dags/example_kubernetes_executor_config.py
[2021-09-30 19:20:36,618] {logging_mixin.py:104} INFO - [2021-09-30 19:20:36,618] {example_kubernetes_executor_config.py:175} WARNING - Could not import DAGs in example_kubernetes_executor_config.py: No module named 'kubernetes'
[2021-09-30 19:20:36,619] {logging_mixin.py:104} INFO - [2021-09-30 19:20:36,619] {example_kubernetes_executor_config.py:176} WARNING - Install kubernetes dependencies with: pip install apache-airflow['cncf.kubernetes']
[2021-09-30 19:20:36,619] {scheduler_job.py:644} WARNING - No viable dags retrieved from /usr/local/lib/python3.8/dist-packages/airflow/example_dags/example_kubernetes_executor_config.py
[2021-09-30 19:20:36,643] {scheduler_job.py:189} INFO - Processing /usr/local/lib/python3.8/dist-packages/airflow/example_dags/example_kubernetes_executor_config.py took 0.175 seconds
[2021-09-30 19:21:07,635] {scheduler_job.py:181} INFO - Started process (PID=1697975) to work on /usr/local/lib/python3.8/dist-packages/airflow/example_dags/example_kubernetes_executor_config.py
[2021-09-30 19:21:07,636] {scheduler_job.py:632} INFO - Processing file /usr/local/lib/python3.8/dist-packages/airflow/example_dags/example_kubernetes_executor_config.py for tasks to queue
[2021-09-30 19:21:07,637] {logging_mixin.py:104} INFO - [2021-09-30 19:21:07,637] {dagbag.py:496} INFO - Filling up the DagBag from /usr/local/lib/python3.8/dist-packages/airflow/example_dags/example_kubernetes_executor_config.py
[2021-09-30 19:21:07,646] {logging_mixin.py:104} INFO - [2021-09-30 19:21:07,646] {example_kubernetes_executor_config.py:175} WARNING - Could not import DAGs in example_kubernetes_executor_config.py: No module named 'kubernetes'
[2021-09-30 19:21:07,646] {logging_mixin.py:104} INFO - [2021-09-30 19:21:07,646] {example_kubernetes_executor_config.py:176} WARNING - Install kubernetes dependencies with: pip install apache-airflow['cncf.kubernetes']
[2021-09-30 19:21:07,655] {scheduler_job.py:644} WARNING - No viable dags retrieved from /usr/local/lib/python3.8/dist-packages/airflow/example_dags/example_kubernetes_executor_config.py
[2021-09-30 19:21:07,684] {scheduler_job.py:189} INFO - Processing /usr/local/lib/python3.8/dist-packages/airflow/example_dags/example_kubernetes_executor_config.py took 0.055 seconds
[2021-09-30 19:21:38,460] {scheduler_job.py:181} INFO - Started process (PID=1699239) to work on /usr/local/lib/python3.8/dist-packages/airflow/example_dags/example_kubernetes_executor_config.py
[2021-09-30 19:21:38,462] {scheduler_job.py:632} INFO - Processing file /usr/local/lib/python3.8/dist-packages/airflow/example_dags/example_kubernetes_executor_config.py for tasks to queue
[2021-09-30 19:21:38,462] {logging_mixin.py:104} INFO - [2021-09-30 19:21:38,462] {dagbag.py:496} INFO - Filling up the DagBag from /usr/local/lib/python3.8/dist-packages/airflow/example_dags/example_kubernetes_executor_config.py
[2021-09-30 19:21:38,468] {logging_mixin.py:104} INFO - [2021-09-30 19:21:38,468] {example_kubernetes_executor_config.py:175} WARNING - Could not import DAGs in example_kubernetes_executor_config.py: No module named 'kubernetes'
[2021-09-30 19:21:38,468] {logging_mixin.py:104} INFO - [2021-09-30 19:21:38,468] {example_kubernetes_executor_config.py:176} WARNING - Install kubernetes dependencies with: pip install apache-airflow['cncf.kubernetes']
[2021-09-30 19:21:38,468] {scheduler_job.py:644} WARNING - No viable dags retrieved from /usr/local/lib/python3.8/dist-packages/airflow/example_dags/example_kubernetes_executor_config.py
[2021-09-30 19:21:38,490] {scheduler_job.py:189} INFO - Processing /usr/local/lib/python3.8/dist-packages/airflow/example_dags/example_kubernetes_executor_config.py took 0.034 seconds
[2021-09-30 19:22:11,394] {scheduler_job.py:181} INFO - Started process (PID=1700598) to work on /usr/local/lib/python3.8/dist-packages/airflow/example_dags/example_kubernetes_executor_config.py
[2021-09-30 19:22:11,395] {scheduler_job.py:632} INFO - Processing file /usr/local/lib/python3.8/dist-packages/airflow/example_dags/example_kubernetes_executor_config.py for tasks to queue
[2021-09-30 19:22:11,395] {logging_mixin.py:104} INFO - [2021-09-30 19:22:11,395] {dagbag.py:496} INFO - Filling up the DagBag from /usr/local/lib/python3.8/dist-packages/airflow/example_dags/example_kubernetes_executor_config.py
[2021-09-30 19:22:11,400] {logging_mixin.py:104} INFO - [2021-09-30 19:22:11,400] {example_kubernetes_executor_config.py:175} WARNING - Could not import DAGs in example_kubernetes_executor_config.py: No module named 'kubernetes'
[2021-09-30 19:22:11,401] {logging_mixin.py:104} INFO - [2021-09-30 19:22:11,400] {example_kubernetes_executor_config.py:176} WARNING - Install kubernetes dependencies with: pip install apache-airflow['cncf.kubernetes']
[2021-09-30 19:22:11,401] {scheduler_job.py:644} WARNING - No viable dags retrieved from /usr/local/lib/python3.8/dist-packages/airflow/example_dags/example_kubernetes_executor_config.py
[2021-09-30 19:22:11,415] {scheduler_job.py:189} INFO - Processing /usr/local/lib/python3.8/dist-packages/airflow/example_dags/example_kubernetes_executor_config.py took 0.024 seconds
[2021-09-30 19:22:42,932] {scheduler_job.py:181} INFO - Started process (PID=1701835) to work on /usr/local/lib/python3.8/dist-packages/airflow/example_dags/example_kubernetes_executor_config.py
[2021-09-30 19:22:42,933] {scheduler_job.py:632} INFO - Processing file /usr/local/lib/python3.8/dist-packages/airflow/example_dags/example_kubernetes_executor_config.py for tasks to queue
[2021-09-30 19:22:42,933] {logging_mixin.py:104} INFO - [2021-09-30 19:22:42,933] {dagbag.py:496} INFO - Filling up the DagBag from /usr/local/lib/python3.8/dist-packages/airflow/example_dags/example_kubernetes_executor_config.py
[2021-09-30 19:22:42,938] {logging_mixin.py:104} INFO - [2021-09-30 19:22:42,938] {example_kubernetes_executor_config.py:175} WARNING - Could not import DAGs in example_kubernetes_executor_config.py: No module named 'kubernetes'
[2021-09-30 19:22:42,938] {logging_mixin.py:104} INFO - [2021-09-30 19:22:42,938] {example_kubernetes_executor_config.py:176} WARNING - Install kubernetes dependencies with: pip install apache-airflow['cncf.kubernetes']
[2021-09-30 19:22:42,939] {scheduler_job.py:644} WARNING - No viable dags retrieved from /usr/local/lib/python3.8/dist-packages/airflow/example_dags/example_kubernetes_executor_config.py
[2021-09-30 19:22:42,954] {scheduler_job.py:189} INFO - Processing /usr/local/lib/python3.8/dist-packages/airflow/example_dags/example_kubernetes_executor_config.py took 0.025 seconds
[2021-09-30 19:23:14,635] {scheduler_job.py:181} INFO - Started process (PID=1702823) to work on /usr/local/lib/python3.8/dist-packages/airflow/example_dags/example_kubernetes_executor_config.py
[2021-09-30 19:23:14,636] {scheduler_job.py:632} INFO - Processing file /usr/local/lib/python3.8/dist-packages/airflow/example_dags/example_kubernetes_executor_config.py for tasks to queue
[2021-09-30 19:23:14,636] {logging_mixin.py:104} INFO - [2021-09-30 19:23:14,636] {dagbag.py:496} INFO - Filling up the DagBag from /usr/local/lib/python3.8/dist-packages/airflow/example_dags/example_kubernetes_executor_config.py
[2021-09-30 19:23:14,648] {logging_mixin.py:104} INFO - [2021-09-30 19:23:14,648] {example_kubernetes_executor_config.py:175} WARNING - Could not import DAGs in example_kubernetes_executor_config.py: No module named 'kubernetes'
[2021-09-30 19:23:14,648] {logging_mixin.py:104} INFO - [2021-09-30 19:23:14,648] {example_kubernetes_executor_config.py:176} WARNING - Install kubernetes dependencies with: pip install apache-airflow['cncf.kubernetes']
[2021-09-30 19:23:14,648] {scheduler_job.py:644} WARNING - No viable dags retrieved from /usr/local/lib/python3.8/dist-packages/airflow/example_dags/example_kubernetes_executor_config.py
[2021-09-30 19:23:14,670] {scheduler_job.py:189} INFO - Processing /usr/local/lib/python3.8/dist-packages/airflow/example_dags/example_kubernetes_executor_config.py took 0.039 seconds
[2021-09-30 19:23:45,254] {scheduler_job.py:181} INFO - Started process (PID=1704127) to work on /usr/local/lib/python3.8/dist-packages/airflow/example_dags/example_kubernetes_executor_config.py
[2021-09-30 19:23:45,255] {scheduler_job.py:632} INFO - Processing file /usr/local/lib/python3.8/dist-packages/airflow/example_dags/example_kubernetes_executor_config.py for tasks to queue
[2021-09-30 19:23:45,255] {logging_mixin.py:104} INFO - [2021-09-30 19:23:45,255] {dagbag.py:496} INFO - Filling up the DagBag from /usr/local/lib/python3.8/dist-packages/airflow/example_dags/example_kubernetes_executor_config.py
[2021-09-30 19:23:45,262] {logging_mixin.py:104} INFO - [2021-09-30 19:23:45,262] {example_kubernetes_executor_config.py:175} WARNING - Could not import DAGs in example_kubernetes_executor_config.py: No module named 'kubernetes'
[2021-09-30 19:23:45,262] {logging_mixin.py:104} INFO - [2021-09-30 19:23:45,262] {example_kubernetes_executor_config.py:176} WARNING - Install kubernetes dependencies with: pip install apache-airflow['cncf.kubernetes']
[2021-09-30 19:23:45,262] {scheduler_job.py:644} WARNING - No viable dags retrieved from /usr/local/lib/python3.8/dist-packages/airflow/example_dags/example_kubernetes_executor_config.py
[2021-09-30 19:23:45,282] {scheduler_job.py:189} INFO - Processing /usr/local/lib/python3.8/dist-packages/airflow/example_dags/example_kubernetes_executor_config.py took 0.031 seconds
[2021-09-30 19:24:16,207] {scheduler_job.py:181} INFO - Started process (PID=1705653) to work on /usr/local/lib/python3.8/dist-packages/airflow/example_dags/example_kubernetes_executor_config.py
[2021-09-30 19:24:16,208] {scheduler_job.py:632} INFO - Processing file /usr/local/lib/python3.8/dist-packages/airflow/example_dags/example_kubernetes_executor_config.py for tasks to queue
[2021-09-30 19:24:16,209] {logging_mixin.py:104} INFO - [2021-09-30 19:24:16,209] {dagbag.py:496} INFO - Filling up the DagBag from /usr/local/lib/python3.8/dist-packages/airflow/example_dags/example_kubernetes_executor_config.py
[2021-09-30 19:24:16,215] {logging_mixin.py:104} INFO - [2021-09-30 19:24:16,214] {example_kubernetes_executor_config.py:175} WARNING - Could not import DAGs in example_kubernetes_executor_config.py: No module named 'kubernetes'
[2021-09-30 19:24:16,215] {logging_mixin.py:104} INFO - [2021-09-30 19:24:16,215] {example_kubernetes_executor_config.py:176} WARNING - Install kubernetes dependencies with: pip install apache-airflow['cncf.kubernetes']
[2021-09-30 19:24:16,215] {scheduler_job.py:644} WARNING - No viable dags retrieved from /usr/local/lib/python3.8/dist-packages/airflow/example_dags/example_kubernetes_executor_config.py
[2021-09-30 19:24:16,235] {scheduler_job.py:189} INFO - Processing /usr/local/lib/python3.8/dist-packages/airflow/example_dags/example_kubernetes_executor_config.py took 0.031 seconds
[2021-09-30 19:24:46,804] {scheduler_job.py:181} INFO - Started process (PID=1706889) to work on /usr/local/lib/python3.8/dist-packages/airflow/example_dags/example_kubernetes_executor_config.py
[2021-09-30 19:24:46,805] {scheduler_job.py:632} INFO - Processing file /usr/local/lib/python3.8/dist-packages/airflow/example_dags/example_kubernetes_executor_config.py for tasks to queue
[2021-09-30 19:24:46,806] {logging_mixin.py:104} INFO - [2021-09-30 19:24:46,805] {dagbag.py:496} INFO - Filling up the DagBag from /usr/local/lib/python3.8/dist-packages/airflow/example_dags/example_kubernetes_executor_config.py
[2021-09-30 19:24:46,812] {logging_mixin.py:104} INFO - [2021-09-30 19:24:46,812] {example_kubernetes_executor_config.py:175} WARNING - Could not import DAGs in example_kubernetes_executor_config.py: No module named 'kubernetes'
[2021-09-30 19:24:46,812] {logging_mixin.py:104} INFO - [2021-09-30 19:24:46,812] {example_kubernetes_executor_config.py:176} WARNING - Install kubernetes dependencies with: pip install apache-airflow['cncf.kubernetes']
[2021-09-30 19:24:46,812] {scheduler_job.py:644} WARNING - No viable dags retrieved from /usr/local/lib/python3.8/dist-packages/airflow/example_dags/example_kubernetes_executor_config.py
[2021-09-30 19:24:46,831] {scheduler_job.py:189} INFO - Processing /usr/local/lib/python3.8/dist-packages/airflow/example_dags/example_kubernetes_executor_config.py took 0.031 seconds
[2021-09-30 19:25:17,051] {scheduler_job.py:181} INFO - Started process (PID=1708389) to work on /usr/local/lib/python3.8/dist-packages/airflow/example_dags/example_kubernetes_executor_config.py
[2021-09-30 19:25:17,052] {scheduler_job.py:632} INFO - Processing file /usr/local/lib/python3.8/dist-packages/airflow/example_dags/example_kubernetes_executor_config.py for tasks to queue
[2021-09-30 19:25:17,054] {logging_mixin.py:104} INFO - [2021-09-30 19:25:17,053] {dagbag.py:496} INFO - Filling up the DagBag from /usr/local/lib/python3.8/dist-packages/airflow/example_dags/example_kubernetes_executor_config.py
[2021-09-30 19:25:17,062] {logging_mixin.py:104} INFO - [2021-09-30 19:25:17,062] {example_kubernetes_executor_config.py:175} WARNING - Could not import DAGs in example_kubernetes_executor_config.py: No module named 'kubernetes'
[2021-09-30 19:25:17,063] {logging_mixin.py:104} INFO - [2021-09-30 19:25:17,062] {example_kubernetes_executor_config.py:176} WARNING - Install kubernetes dependencies with: pip install apache-airflow['cncf.kubernetes']
[2021-09-30 19:25:17,063] {scheduler_job.py:644} WARNING - No viable dags retrieved from /usr/local/lib/python3.8/dist-packages/airflow/example_dags/example_kubernetes_executor_config.py
[2021-09-30 19:25:17,089] {scheduler_job.py:189} INFO - Processing /usr/local/lib/python3.8/dist-packages/airflow/example_dags/example_kubernetes_executor_config.py took 0.041 seconds
[2021-09-30 19:25:47,800] {scheduler_job.py:181} INFO - Started process (PID=1709895) to work on /usr/local/lib/python3.8/dist-packages/airflow/example_dags/example_kubernetes_executor_config.py
[2021-09-30 19:25:47,801] {scheduler_job.py:632} INFO - Processing file /usr/local/lib/python3.8/dist-packages/airflow/example_dags/example_kubernetes_executor_config.py for tasks to queue
[2021-09-30 19:25:47,801] {logging_mixin.py:104} INFO - [2021-09-30 19:25:47,801] {dagbag.py:496} INFO - Filling up the DagBag from /usr/local/lib/python3.8/dist-packages/airflow/example_dags/example_kubernetes_executor_config.py
[2021-09-30 19:25:47,808] {logging_mixin.py:104} INFO - [2021-09-30 19:25:47,808] {example_kubernetes_executor_config.py:175} WARNING - Could not import DAGs in example_kubernetes_executor_config.py: No module named 'kubernetes'
[2021-09-30 19:25:47,809] {logging_mixin.py:104} INFO - [2021-09-30 19:25:47,809] {example_kubernetes_executor_config.py:176} WARNING - Install kubernetes dependencies with: pip install apache-airflow['cncf.kubernetes']
[2021-09-30 19:25:47,809] {scheduler_job.py:644} WARNING - No viable dags retrieved from /usr/local/lib/python3.8/dist-packages/airflow/example_dags/example_kubernetes_executor_config.py
[2021-09-30 19:25:47,826] {scheduler_job.py:189} INFO - Processing /usr/local/lib/python3.8/dist-packages/airflow/example_dags/example_kubernetes_executor_config.py took 0.028 seconds
[2021-09-30 19:26:18,415] {scheduler_job.py:181} INFO - Started process (PID=1711380) to work on /usr/local/lib/python3.8/dist-packages/airflow/example_dags/example_kubernetes_executor_config.py
[2021-09-30 19:26:18,416] {scheduler_job.py:632} INFO - Processing file /usr/local/lib/python3.8/dist-packages/airflow/example_dags/example_kubernetes_executor_config.py for tasks to queue
[2021-09-30 19:26:18,416] {logging_mixin.py:104} INFO - [2021-09-30 19:26:18,416] {dagbag.py:496} INFO - Filling up the DagBag from /usr/local/lib/python3.8/dist-packages/airflow/example_dags/example_kubernetes_executor_config.py
[2021-09-30 19:26:18,420] {logging_mixin.py:104} INFO - [2021-09-30 19:26:18,420] {example_kubernetes_executor_config.py:175} WARNING - Could not import DAGs in example_kubernetes_executor_config.py: No module named 'kubernetes'
[2021-09-30 19:26:18,420] {logging_mixin.py:104} INFO - [2021-09-30 19:26:18,420] {example_kubernetes_executor_config.py:176} WARNING - Install kubernetes dependencies with: pip install apache-airflow['cncf.kubernetes']
[2021-09-30 19:26:18,420] {scheduler_job.py:644} WARNING - No viable dags retrieved from /usr/local/lib/python3.8/dist-packages/airflow/example_dags/example_kubernetes_executor_config.py
[2021-09-30 19:26:18,435] {scheduler_job.py:189} INFO - Processing /usr/local/lib/python3.8/dist-packages/airflow/example_dags/example_kubernetes_executor_config.py took 0.022 seconds
[2021-09-30 19:26:51,074] {scheduler_job.py:181} INFO - Started process (PID=1712663) to work on /usr/local/lib/python3.8/dist-packages/airflow/example_dags/example_kubernetes_executor_config.py
[2021-09-30 19:26:51,075] {scheduler_job.py:632} INFO - Processing file /usr/local/lib/python3.8/dist-packages/airflow/example_dags/example_kubernetes_executor_config.py for tasks to queue
[2021-09-30 19:26:51,079] {logging_mixin.py:104} INFO - [2021-09-30 19:26:51,075] {dagbag.py:496} INFO - Filling up the DagBag from /usr/local/lib/python3.8/dist-packages/airflow/example_dags/example_kubernetes_executor_config.py
[2021-09-30 19:26:51,120] {logging_mixin.py:104} INFO - [2021-09-30 19:26:51,119] {example_kubernetes_executor_config.py:175} WARNING - Could not import DAGs in example_kubernetes_executor_config.py: No module named 'kubernetes'
[2021-09-30 19:26:51,120] {logging_mixin.py:104} INFO - [2021-09-30 19:26:51,120] {example_kubernetes_executor_config.py:176} WARNING - Install kubernetes dependencies with: pip install apache-airflow['cncf.kubernetes']
[2021-09-30 19:26:51,120] {scheduler_job.py:644} WARNING - No viable dags retrieved from /usr/local/lib/python3.8/dist-packages/airflow/example_dags/example_kubernetes_executor_config.py
[2021-09-30 19:26:51,186] {scheduler_job.py:189} INFO - Processing /usr/local/lib/python3.8/dist-packages/airflow/example_dags/example_kubernetes_executor_config.py took 0.138 seconds
[2021-09-30 19:27:21,681] {scheduler_job.py:181} INFO - Started process (PID=1714105) to work on /usr/local/lib/python3.8/dist-packages/airflow/example_dags/example_kubernetes_executor_config.py
[2021-09-30 19:27:21,682] {scheduler_job.py:632} INFO - Processing file /usr/local/lib/python3.8/dist-packages/airflow/example_dags/example_kubernetes_executor_config.py for tasks to queue
[2021-09-30 19:27:21,682] {logging_mixin.py:104} INFO - [2021-09-30 19:27:21,682] {dagbag.py:496} INFO - Filling up the DagBag from /usr/local/lib/python3.8/dist-packages/airflow/example_dags/example_kubernetes_executor_config.py
[2021-09-30 19:27:21,696] {logging_mixin.py:104} INFO - [2021-09-30 19:27:21,696] {example_kubernetes_executor_config.py:175} WARNING - Could not import DAGs in example_kubernetes_executor_config.py: No module named 'kubernetes'
[2021-09-30 19:27:21,696] {logging_mixin.py:104} INFO - [2021-09-30 19:27:21,696] {example_kubernetes_executor_config.py:176} WARNING - Install kubernetes dependencies with: pip install apache-airflow['cncf.kubernetes']
[2021-09-30 19:27:21,697] {scheduler_job.py:644} WARNING - No viable dags retrieved from /usr/local/lib/python3.8/dist-packages/airflow/example_dags/example_kubernetes_executor_config.py
[2021-09-30 19:27:21,721] {scheduler_job.py:189} INFO - Processing /usr/local/lib/python3.8/dist-packages/airflow/example_dags/example_kubernetes_executor_config.py took 0.052 seconds
[2021-09-30 19:27:52,436] {scheduler_job.py:181} INFO - Started process (PID=1715636) to work on /usr/local/lib/python3.8/dist-packages/airflow/example_dags/example_kubernetes_executor_config.py
[2021-09-30 19:27:52,437] {scheduler_job.py:632} INFO - Processing file /usr/local/lib/python3.8/dist-packages/airflow/example_dags/example_kubernetes_executor_config.py for tasks to queue
[2021-09-30 19:27:52,438] {logging_mixin.py:104} INFO - [2021-09-30 19:27:52,438] {dagbag.py:496} INFO - Filling up the DagBag from /usr/local/lib/python3.8/dist-packages/airflow/example_dags/example_kubernetes_executor_config.py
[2021-09-30 19:27:52,445] {logging_mixin.py:104} INFO - [2021-09-30 19:27:52,445] {example_kubernetes_executor_config.py:175} WARNING - Could not import DAGs in example_kubernetes_executor_config.py: No module named 'kubernetes'
[2021-09-30 19:27:52,445] {logging_mixin.py:104} INFO - [2021-09-30 19:27:52,445] {example_kubernetes_executor_config.py:176} WARNING - Install kubernetes dependencies with: pip install apache-airflow['cncf.kubernetes']
[2021-09-30 19:27:52,445] {scheduler_job.py:644} WARNING - No viable dags retrieved from /usr/local/lib/python3.8/dist-packages/airflow/example_dags/example_kubernetes_executor_config.py
[2021-09-30 19:27:52,464] {scheduler_job.py:189} INFO - Processing /usr/local/lib/python3.8/dist-packages/airflow/example_dags/example_kubernetes_executor_config.py took 0.031 seconds
[2021-09-30 19:28:22,877] {scheduler_job.py:181} INFO - Started process (PID=1717098) to work on /usr/local/lib/python3.8/dist-packages/airflow/example_dags/example_kubernetes_executor_config.py
[2021-09-30 19:28:22,879] {scheduler_job.py:632} INFO - Processing file /usr/local/lib/python3.8/dist-packages/airflow/example_dags/example_kubernetes_executor_config.py for tasks to queue
[2021-09-30 19:28:22,879] {logging_mixin.py:104} INFO - [2021-09-30 19:28:22,879] {dagbag.py:496} INFO - Filling up the DagBag from /usr/local/lib/python3.8/dist-packages/airflow/example_dags/example_kubernetes_executor_config.py
[2021-09-30 19:28:22,884] {logging_mixin.py:104} INFO - [2021-09-30 19:28:22,884] {example_kubernetes_executor_config.py:175} WARNING - Could not import DAGs in example_kubernetes_executor_config.py: No module named 'kubernetes'
[2021-09-30 19:28:22,884] {logging_mixin.py:104} INFO - [2021-09-30 19:28:22,884] {example_kubernetes_executor_config.py:176} WARNING - Install kubernetes dependencies with: pip install apache-airflow['cncf.kubernetes']
[2021-09-30 19:28:22,885] {scheduler_job.py:644} WARNING - No viable dags retrieved from /usr/local/lib/python3.8/dist-packages/airflow/example_dags/example_kubernetes_executor_config.py
[2021-09-30 19:28:22,903] {scheduler_job.py:189} INFO - Processing /usr/local/lib/python3.8/dist-packages/airflow/example_dags/example_kubernetes_executor_config.py took 0.028 seconds
[2021-09-30 19:28:53,501] {scheduler_job.py:181} INFO - Started process (PID=1718384) to work on /usr/local/lib/python3.8/dist-packages/airflow/example_dags/example_kubernetes_executor_config.py
[2021-09-30 19:28:53,502] {scheduler_job.py:632} INFO - Processing file /usr/local/lib/python3.8/dist-packages/airflow/example_dags/example_kubernetes_executor_config.py for tasks to queue
[2021-09-30 19:28:53,502] {logging_mixin.py:104} INFO - [2021-09-30 19:28:53,502] {dagbag.py:496} INFO - Filling up the DagBag from /usr/local/lib/python3.8/dist-packages/airflow/example_dags/example_kubernetes_executor_config.py
[2021-09-30 19:28:53,510] {logging_mixin.py:104} INFO - [2021-09-30 19:28:53,510] {example_kubernetes_executor_config.py:175} WARNING - Could not import DAGs in example_kubernetes_executor_config.py: No module named 'kubernetes'
[2021-09-30 19:28:53,511] {logging_mixin.py:104} INFO - [2021-09-30 19:28:53,511] {example_kubernetes_executor_config.py:176} WARNING - Install kubernetes dependencies with: pip install apache-airflow['cncf.kubernetes']
[2021-09-30 19:28:53,511] {scheduler_job.py:644} WARNING - No viable dags retrieved from /usr/local/lib/python3.8/dist-packages/airflow/example_dags/example_kubernetes_executor_config.py
[2021-09-30 19:28:53,538] {scheduler_job.py:189} INFO - Processing /usr/local/lib/python3.8/dist-packages/airflow/example_dags/example_kubernetes_executor_config.py took 0.039 seconds
[2021-09-30 19:29:23,600] {scheduler_job.py:181} INFO - Started process (PID=1719886) to work on /usr/local/lib/python3.8/dist-packages/airflow/example_dags/example_kubernetes_executor_config.py
[2021-09-30 19:29:23,601] {scheduler_job.py:632} INFO - Processing file /usr/local/lib/python3.8/dist-packages/airflow/example_dags/example_kubernetes_executor_config.py for tasks to queue
[2021-09-30 19:29:23,602] {logging_mixin.py:104} INFO - [2021-09-30 19:29:23,602] {dagbag.py:496} INFO - Filling up the DagBag from /usr/local/lib/python3.8/dist-packages/airflow/example_dags/example_kubernetes_executor_config.py
[2021-09-30 19:29:23,608] {logging_mixin.py:104} INFO - [2021-09-30 19:29:23,608] {example_kubernetes_executor_config.py:175} WARNING - Could not import DAGs in example_kubernetes_executor_config.py: No module named 'kubernetes'
[2021-09-30 19:29:23,608] {logging_mixin.py:104} INFO - [2021-09-30 19:29:23,608] {example_kubernetes_executor_config.py:176} WARNING - Install kubernetes dependencies with: pip install apache-airflow['cncf.kubernetes']
[2021-09-30 19:29:23,608] {scheduler_job.py:644} WARNING - No viable dags retrieved from /usr/local/lib/python3.8/dist-packages/airflow/example_dags/example_kubernetes_executor_config.py
[2021-09-30 19:29:23,624] {scheduler_job.py:189} INFO - Processing /usr/local/lib/python3.8/dist-packages/airflow/example_dags/example_kubernetes_executor_config.py took 0.026 seconds
