[2021-09-30 19:20:02,158] {scheduler_job.py:181} INFO - Started process (PID=1695270) to work on /usr/local/lib/python3.8/dist-packages/airflow/example_dags/example_dag_decorator.py
[2021-09-30 19:20:02,159] {scheduler_job.py:632} INFO - Processing file /usr/local/lib/python3.8/dist-packages/airflow/example_dags/example_dag_decorator.py for tasks to queue
[2021-09-30 19:20:02,160] {logging_mixin.py:104} INFO - [2021-09-30 19:20:02,159] {dagbag.py:496} INFO - Filling up the DagBag from /usr/local/lib/python3.8/dist-packages/airflow/example_dags/example_dag_decorator.py
[2021-09-30 19:20:02,233] {scheduler_job.py:642} INFO - DAG(s) dict_keys(['example_dag_decorator']) retrieved from /usr/local/lib/python3.8/dist-packages/airflow/example_dags/example_dag_decorator.py
[2021-09-30 19:20:02,418] {logging_mixin.py:104} INFO - [2021-09-30 19:20:02,418] {dag.py:1833} INFO - Sync 1 DAGs
[2021-09-30 19:20:02,429] {logging_mixin.py:104} INFO - [2021-09-30 19:20:02,428] {dag.py:2306} INFO - Setting next_dagrun for example_dag_decorator to None
[2021-09-30 19:20:02,442] {scheduler_job.py:189} INFO - Processing /usr/local/lib/python3.8/dist-packages/airflow/example_dags/example_dag_decorator.py took 0.287 seconds
[2021-09-30 19:20:35,140] {scheduler_job.py:181} INFO - Started process (PID=1696537) to work on /usr/local/lib/python3.8/dist-packages/airflow/example_dags/example_dag_decorator.py
[2021-09-30 19:20:35,205] {scheduler_job.py:632} INFO - Processing file /usr/local/lib/python3.8/dist-packages/airflow/example_dags/example_dag_decorator.py for tasks to queue
[2021-09-30 19:20:35,208] {logging_mixin.py:104} INFO - [2021-09-30 19:20:35,207] {dagbag.py:496} INFO - Filling up the DagBag from /usr/local/lib/python3.8/dist-packages/airflow/example_dags/example_dag_decorator.py
[2021-09-30 19:20:35,230] {scheduler_job.py:642} INFO - DAG(s) dict_keys(['example_dag_decorator']) retrieved from /usr/local/lib/python3.8/dist-packages/airflow/example_dags/example_dag_decorator.py
[2021-09-30 19:20:35,646] {logging_mixin.py:104} INFO - [2021-09-30 19:20:35,646] {dag.py:1833} INFO - Sync 1 DAGs
[2021-09-30 19:20:35,669] {logging_mixin.py:104} INFO - [2021-09-30 19:20:35,669] {dag.py:2306} INFO - Setting next_dagrun for example_dag_decorator to None
[2021-09-30 19:20:35,697] {scheduler_job.py:189} INFO - Processing /usr/local/lib/python3.8/dist-packages/airflow/example_dags/example_dag_decorator.py took 0.560 seconds
[2021-09-30 19:21:06,229] {scheduler_job.py:181} INFO - Started process (PID=1697849) to work on /usr/local/lib/python3.8/dist-packages/airflow/example_dags/example_dag_decorator.py
[2021-09-30 19:21:06,230] {scheduler_job.py:632} INFO - Processing file /usr/local/lib/python3.8/dist-packages/airflow/example_dags/example_dag_decorator.py for tasks to queue
[2021-09-30 19:21:06,232] {logging_mixin.py:104} INFO - [2021-09-30 19:21:06,231] {dagbag.py:496} INFO - Filling up the DagBag from /usr/local/lib/python3.8/dist-packages/airflow/example_dags/example_dag_decorator.py
[2021-09-30 19:21:06,257] {scheduler_job.py:642} INFO - DAG(s) dict_keys(['example_dag_decorator']) retrieved from /usr/local/lib/python3.8/dist-packages/airflow/example_dags/example_dag_decorator.py
[2021-09-30 19:21:07,001] {logging_mixin.py:104} INFO - [2021-09-30 19:21:07,000] {dag.py:1833} INFO - Sync 1 DAGs
[2021-09-30 19:21:07,047] {logging_mixin.py:104} INFO - [2021-09-30 19:21:07,046] {dag.py:2306} INFO - Setting next_dagrun for example_dag_decorator to None
[2021-09-30 19:21:07,148] {scheduler_job.py:189} INFO - Processing /usr/local/lib/python3.8/dist-packages/airflow/example_dags/example_dag_decorator.py took 0.922 seconds
[2021-09-30 19:21:37,819] {scheduler_job.py:181} INFO - Started process (PID=1699207) to work on /usr/local/lib/python3.8/dist-packages/airflow/example_dags/example_dag_decorator.py
[2021-09-30 19:21:37,821] {scheduler_job.py:632} INFO - Processing file /usr/local/lib/python3.8/dist-packages/airflow/example_dags/example_dag_decorator.py for tasks to queue
[2021-09-30 19:21:37,821] {logging_mixin.py:104} INFO - [2021-09-30 19:21:37,821] {dagbag.py:496} INFO - Filling up the DagBag from /usr/local/lib/python3.8/dist-packages/airflow/example_dags/example_dag_decorator.py
[2021-09-30 19:21:37,844] {scheduler_job.py:642} INFO - DAG(s) dict_keys(['example_dag_decorator']) retrieved from /usr/local/lib/python3.8/dist-packages/airflow/example_dags/example_dag_decorator.py
[2021-09-30 19:21:38,253] {logging_mixin.py:104} INFO - [2021-09-30 19:21:38,253] {dag.py:1833} INFO - Sync 1 DAGs
[2021-09-30 19:21:38,265] {logging_mixin.py:104} INFO - [2021-09-30 19:21:38,265] {dag.py:2306} INFO - Setting next_dagrun for example_dag_decorator to None
[2021-09-30 19:21:38,283] {scheduler_job.py:189} INFO - Processing /usr/local/lib/python3.8/dist-packages/airflow/example_dags/example_dag_decorator.py took 0.467 seconds
[2021-09-30 19:22:10,750] {scheduler_job.py:181} INFO - Started process (PID=1700561) to work on /usr/local/lib/python3.8/dist-packages/airflow/example_dags/example_dag_decorator.py
[2021-09-30 19:22:10,751] {scheduler_job.py:632} INFO - Processing file /usr/local/lib/python3.8/dist-packages/airflow/example_dags/example_dag_decorator.py for tasks to queue
[2021-09-30 19:22:10,752] {logging_mixin.py:104} INFO - [2021-09-30 19:22:10,751] {dagbag.py:496} INFO - Filling up the DagBag from /usr/local/lib/python3.8/dist-packages/airflow/example_dags/example_dag_decorator.py
[2021-09-30 19:22:10,801] {scheduler_job.py:642} INFO - DAG(s) dict_keys(['example_dag_decorator']) retrieved from /usr/local/lib/python3.8/dist-packages/airflow/example_dags/example_dag_decorator.py
[2021-09-30 19:22:11,248] {logging_mixin.py:104} INFO - [2021-09-30 19:22:11,247] {dag.py:1833} INFO - Sync 1 DAGs
[2021-09-30 19:22:11,262] {logging_mixin.py:104} INFO - [2021-09-30 19:22:11,262] {dag.py:2306} INFO - Setting next_dagrun for example_dag_decorator to None
[2021-09-30 19:22:11,321] {scheduler_job.py:189} INFO - Processing /usr/local/lib/python3.8/dist-packages/airflow/example_dags/example_dag_decorator.py took 0.573 seconds
[2021-09-30 19:22:42,572] {scheduler_job.py:181} INFO - Started process (PID=1701816) to work on /usr/local/lib/python3.8/dist-packages/airflow/example_dags/example_dag_decorator.py
[2021-09-30 19:22:42,573] {scheduler_job.py:632} INFO - Processing file /usr/local/lib/python3.8/dist-packages/airflow/example_dags/example_dag_decorator.py for tasks to queue
[2021-09-30 19:22:42,573] {logging_mixin.py:104} INFO - [2021-09-30 19:22:42,573] {dagbag.py:496} INFO - Filling up the DagBag from /usr/local/lib/python3.8/dist-packages/airflow/example_dags/example_dag_decorator.py
[2021-09-30 19:22:42,586] {scheduler_job.py:642} INFO - DAG(s) dict_keys(['example_dag_decorator']) retrieved from /usr/local/lib/python3.8/dist-packages/airflow/example_dags/example_dag_decorator.py
[2021-09-30 19:22:42,857] {logging_mixin.py:104} INFO - [2021-09-30 19:22:42,856] {dag.py:1833} INFO - Sync 1 DAGs
[2021-09-30 19:22:42,877] {logging_mixin.py:104} INFO - [2021-09-30 19:22:42,877] {dag.py:2306} INFO - Setting next_dagrun for example_dag_decorator to None
[2021-09-30 19:22:42,950] {scheduler_job.py:189} INFO - Processing /usr/local/lib/python3.8/dist-packages/airflow/example_dags/example_dag_decorator.py took 0.380 seconds
[2021-09-30 19:23:13,087] {scheduler_job.py:181} INFO - Started process (PID=1702792) to work on /usr/local/lib/python3.8/dist-packages/airflow/example_dags/example_dag_decorator.py
[2021-09-30 19:23:13,089] {scheduler_job.py:632} INFO - Processing file /usr/local/lib/python3.8/dist-packages/airflow/example_dags/example_dag_decorator.py for tasks to queue
[2021-09-30 19:23:13,090] {logging_mixin.py:104} INFO - [2021-09-30 19:23:13,090] {dagbag.py:496} INFO - Filling up the DagBag from /usr/local/lib/python3.8/dist-packages/airflow/example_dags/example_dag_decorator.py
[2021-09-30 19:23:13,108] {scheduler_job.py:642} INFO - DAG(s) dict_keys(['example_dag_decorator']) retrieved from /usr/local/lib/python3.8/dist-packages/airflow/example_dags/example_dag_decorator.py
[2021-09-30 19:23:13,359] {logging_mixin.py:104} INFO - [2021-09-30 19:23:13,359] {dag.py:1833} INFO - Sync 1 DAGs
[2021-09-30 19:23:13,369] {logging_mixin.py:104} INFO - [2021-09-30 19:23:13,369] {dag.py:2306} INFO - Setting next_dagrun for example_dag_decorator to None
[2021-09-30 19:23:14,193] {scheduler_job.py:189} INFO - Processing /usr/local/lib/python3.8/dist-packages/airflow/example_dags/example_dag_decorator.py took 1.110 seconds
[2021-09-30 19:23:44,548] {scheduler_job.py:181} INFO - Started process (PID=1704087) to work on /usr/local/lib/python3.8/dist-packages/airflow/example_dags/example_dag_decorator.py
[2021-09-30 19:23:44,549] {scheduler_job.py:632} INFO - Processing file /usr/local/lib/python3.8/dist-packages/airflow/example_dags/example_dag_decorator.py for tasks to queue
[2021-09-30 19:23:44,550] {logging_mixin.py:104} INFO - [2021-09-30 19:23:44,550] {dagbag.py:496} INFO - Filling up the DagBag from /usr/local/lib/python3.8/dist-packages/airflow/example_dags/example_dag_decorator.py
[2021-09-30 19:23:44,590] {scheduler_job.py:642} INFO - DAG(s) dict_keys(['example_dag_decorator']) retrieved from /usr/local/lib/python3.8/dist-packages/airflow/example_dags/example_dag_decorator.py
[2021-09-30 19:23:44,859] {logging_mixin.py:104} INFO - [2021-09-30 19:23:44,859] {dag.py:1833} INFO - Sync 1 DAGs
[2021-09-30 19:23:44,870] {logging_mixin.py:104} INFO - [2021-09-30 19:23:44,870] {dag.py:2306} INFO - Setting next_dagrun for example_dag_decorator to None
[2021-09-30 19:23:44,899] {scheduler_job.py:189} INFO - Processing /usr/local/lib/python3.8/dist-packages/airflow/example_dags/example_dag_decorator.py took 0.361 seconds
[2021-09-30 19:24:14,989] {scheduler_job.py:181} INFO - Started process (PID=1705609) to work on /usr/local/lib/python3.8/dist-packages/airflow/example_dags/example_dag_decorator.py
[2021-09-30 19:24:14,990] {scheduler_job.py:632} INFO - Processing file /usr/local/lib/python3.8/dist-packages/airflow/example_dags/example_dag_decorator.py for tasks to queue
[2021-09-30 19:24:14,990] {logging_mixin.py:104} INFO - [2021-09-30 19:24:14,990] {dagbag.py:496} INFO - Filling up the DagBag from /usr/local/lib/python3.8/dist-packages/airflow/example_dags/example_dag_decorator.py
[2021-09-30 19:24:15,035] {scheduler_job.py:642} INFO - DAG(s) dict_keys(['example_dag_decorator']) retrieved from /usr/local/lib/python3.8/dist-packages/airflow/example_dags/example_dag_decorator.py
[2021-09-30 19:24:15,461] {logging_mixin.py:104} INFO - [2021-09-30 19:24:15,461] {dag.py:1833} INFO - Sync 1 DAGs
[2021-09-30 19:24:15,506] {logging_mixin.py:104} INFO - [2021-09-30 19:24:15,506] {dag.py:2306} INFO - Setting next_dagrun for example_dag_decorator to None
[2021-09-30 19:24:15,561] {scheduler_job.py:189} INFO - Processing /usr/local/lib/python3.8/dist-packages/airflow/example_dags/example_dag_decorator.py took 0.575 seconds
[2021-09-30 19:24:45,752] {scheduler_job.py:181} INFO - Started process (PID=1706833) to work on /usr/local/lib/python3.8/dist-packages/airflow/example_dags/example_dag_decorator.py
[2021-09-30 19:24:45,753] {scheduler_job.py:632} INFO - Processing file /usr/local/lib/python3.8/dist-packages/airflow/example_dags/example_dag_decorator.py for tasks to queue
[2021-09-30 19:24:45,754] {logging_mixin.py:104} INFO - [2021-09-30 19:24:45,754] {dagbag.py:496} INFO - Filling up the DagBag from /usr/local/lib/python3.8/dist-packages/airflow/example_dags/example_dag_decorator.py
[2021-09-30 19:24:45,770] {scheduler_job.py:642} INFO - DAG(s) dict_keys(['example_dag_decorator']) retrieved from /usr/local/lib/python3.8/dist-packages/airflow/example_dags/example_dag_decorator.py
[2021-09-30 19:24:46,013] {logging_mixin.py:104} INFO - [2021-09-30 19:24:46,013] {dag.py:1833} INFO - Sync 1 DAGs
[2021-09-30 19:24:46,028] {logging_mixin.py:104} INFO - [2021-09-30 19:24:46,028] {dag.py:2306} INFO - Setting next_dagrun for example_dag_decorator to None
[2021-09-30 19:24:46,053] {scheduler_job.py:189} INFO - Processing /usr/local/lib/python3.8/dist-packages/airflow/example_dags/example_dag_decorator.py took 0.303 seconds
[2021-09-30 19:25:16,134] {scheduler_job.py:181} INFO - Started process (PID=1708335) to work on /usr/local/lib/python3.8/dist-packages/airflow/example_dags/example_dag_decorator.py
[2021-09-30 19:25:16,135] {scheduler_job.py:632} INFO - Processing file /usr/local/lib/python3.8/dist-packages/airflow/example_dags/example_dag_decorator.py for tasks to queue
[2021-09-30 19:25:16,135] {logging_mixin.py:104} INFO - [2021-09-30 19:25:16,135] {dagbag.py:496} INFO - Filling up the DagBag from /usr/local/lib/python3.8/dist-packages/airflow/example_dags/example_dag_decorator.py
[2021-09-30 19:25:16,150] {scheduler_job.py:642} INFO - DAG(s) dict_keys(['example_dag_decorator']) retrieved from /usr/local/lib/python3.8/dist-packages/airflow/example_dags/example_dag_decorator.py
[2021-09-30 19:25:16,430] {logging_mixin.py:104} INFO - [2021-09-30 19:25:16,430] {dag.py:1833} INFO - Sync 1 DAGs
[2021-09-30 19:25:16,447] {logging_mixin.py:104} INFO - [2021-09-30 19:25:16,447] {dag.py:2306} INFO - Setting next_dagrun for example_dag_decorator to None
[2021-09-30 19:25:16,479] {scheduler_job.py:189} INFO - Processing /usr/local/lib/python3.8/dist-packages/airflow/example_dags/example_dag_decorator.py took 0.347 seconds
[2021-09-30 19:25:46,777] {scheduler_job.py:181} INFO - Started process (PID=1709847) to work on /usr/local/lib/python3.8/dist-packages/airflow/example_dags/example_dag_decorator.py
[2021-09-30 19:25:46,778] {scheduler_job.py:632} INFO - Processing file /usr/local/lib/python3.8/dist-packages/airflow/example_dags/example_dag_decorator.py for tasks to queue
[2021-09-30 19:25:46,778] {logging_mixin.py:104} INFO - [2021-09-30 19:25:46,778] {dagbag.py:496} INFO - Filling up the DagBag from /usr/local/lib/python3.8/dist-packages/airflow/example_dags/example_dag_decorator.py
[2021-09-30 19:25:46,794] {scheduler_job.py:642} INFO - DAG(s) dict_keys(['example_dag_decorator']) retrieved from /usr/local/lib/python3.8/dist-packages/airflow/example_dags/example_dag_decorator.py
[2021-09-30 19:25:47,056] {logging_mixin.py:104} INFO - [2021-09-30 19:25:47,056] {dag.py:1833} INFO - Sync 1 DAGs
[2021-09-30 19:25:47,071] {logging_mixin.py:104} INFO - [2021-09-30 19:25:47,071] {dag.py:2306} INFO - Setting next_dagrun for example_dag_decorator to None
[2021-09-30 19:25:47,121] {scheduler_job.py:189} INFO - Processing /usr/local/lib/python3.8/dist-packages/airflow/example_dags/example_dag_decorator.py took 0.348 seconds
[2021-09-30 19:26:17,381] {scheduler_job.py:181} INFO - Started process (PID=1711330) to work on /usr/local/lib/python3.8/dist-packages/airflow/example_dags/example_dag_decorator.py
[2021-09-30 19:26:17,382] {scheduler_job.py:632} INFO - Processing file /usr/local/lib/python3.8/dist-packages/airflow/example_dags/example_dag_decorator.py for tasks to queue
[2021-09-30 19:26:17,383] {logging_mixin.py:104} INFO - [2021-09-30 19:26:17,383] {dagbag.py:496} INFO - Filling up the DagBag from /usr/local/lib/python3.8/dist-packages/airflow/example_dags/example_dag_decorator.py
[2021-09-30 19:26:17,403] {scheduler_job.py:642} INFO - DAG(s) dict_keys(['example_dag_decorator']) retrieved from /usr/local/lib/python3.8/dist-packages/airflow/example_dags/example_dag_decorator.py
[2021-09-30 19:26:17,735] {logging_mixin.py:104} INFO - [2021-09-30 19:26:17,735] {dag.py:1833} INFO - Sync 1 DAGs
[2021-09-30 19:26:17,749] {logging_mixin.py:104} INFO - [2021-09-30 19:26:17,748] {dag.py:2306} INFO - Setting next_dagrun for example_dag_decorator to None
[2021-09-30 19:26:17,789] {scheduler_job.py:189} INFO - Processing /usr/local/lib/python3.8/dist-packages/airflow/example_dags/example_dag_decorator.py took 0.411 seconds
[2021-09-30 19:26:48,395] {scheduler_job.py:181} INFO - Started process (PID=1712604) to work on /usr/local/lib/python3.8/dist-packages/airflow/example_dags/example_dag_decorator.py
[2021-09-30 19:26:48,396] {scheduler_job.py:632} INFO - Processing file /usr/local/lib/python3.8/dist-packages/airflow/example_dags/example_dag_decorator.py for tasks to queue
[2021-09-30 19:26:48,396] {logging_mixin.py:104} INFO - [2021-09-30 19:26:48,396] {dagbag.py:496} INFO - Filling up the DagBag from /usr/local/lib/python3.8/dist-packages/airflow/example_dags/example_dag_decorator.py
[2021-09-30 19:26:48,466] {scheduler_job.py:642} INFO - DAG(s) dict_keys(['example_dag_decorator']) retrieved from /usr/local/lib/python3.8/dist-packages/airflow/example_dags/example_dag_decorator.py
[2021-09-30 19:26:49,354] {logging_mixin.py:104} INFO - [2021-09-30 19:26:49,354] {dag.py:1833} INFO - Sync 1 DAGs
[2021-09-30 19:26:49,470] {logging_mixin.py:104} INFO - [2021-09-30 19:26:49,468] {dag.py:2306} INFO - Setting next_dagrun for example_dag_decorator to None
[2021-09-30 19:26:49,598] {scheduler_job.py:189} INFO - Processing /usr/local/lib/python3.8/dist-packages/airflow/example_dags/example_dag_decorator.py took 1.227 seconds
[2021-09-30 19:27:19,850] {scheduler_job.py:181} INFO - Started process (PID=1714031) to work on /usr/local/lib/python3.8/dist-packages/airflow/example_dags/example_dag_decorator.py
[2021-09-30 19:27:19,851] {scheduler_job.py:632} INFO - Processing file /usr/local/lib/python3.8/dist-packages/airflow/example_dags/example_dag_decorator.py for tasks to queue
[2021-09-30 19:27:19,852] {logging_mixin.py:104} INFO - [2021-09-30 19:27:19,852] {dagbag.py:496} INFO - Filling up the DagBag from /usr/local/lib/python3.8/dist-packages/airflow/example_dags/example_dag_decorator.py
[2021-09-30 19:27:19,872] {scheduler_job.py:642} INFO - DAG(s) dict_keys(['example_dag_decorator']) retrieved from /usr/local/lib/python3.8/dist-packages/airflow/example_dags/example_dag_decorator.py
[2021-09-30 19:27:20,209] {logging_mixin.py:104} INFO - [2021-09-30 19:27:20,209] {dag.py:1833} INFO - Sync 1 DAGs
[2021-09-30 19:27:20,236] {logging_mixin.py:104} INFO - [2021-09-30 19:27:20,236] {dag.py:2306} INFO - Setting next_dagrun for example_dag_decorator to None
[2021-09-30 19:27:20,259] {scheduler_job.py:189} INFO - Processing /usr/local/lib/python3.8/dist-packages/airflow/example_dags/example_dag_decorator.py took 0.414 seconds
[2021-09-30 19:27:50,304] {scheduler_job.py:181} INFO - Started process (PID=1715564) to work on /usr/local/lib/python3.8/dist-packages/airflow/example_dags/example_dag_decorator.py
[2021-09-30 19:27:50,305] {scheduler_job.py:632} INFO - Processing file /usr/local/lib/python3.8/dist-packages/airflow/example_dags/example_dag_decorator.py for tasks to queue
[2021-09-30 19:27:50,305] {logging_mixin.py:104} INFO - [2021-09-30 19:27:50,305] {dagbag.py:496} INFO - Filling up the DagBag from /usr/local/lib/python3.8/dist-packages/airflow/example_dags/example_dag_decorator.py
[2021-09-30 19:27:50,318] {scheduler_job.py:642} INFO - DAG(s) dict_keys(['example_dag_decorator']) retrieved from /usr/local/lib/python3.8/dist-packages/airflow/example_dags/example_dag_decorator.py
[2021-09-30 19:27:50,636] {logging_mixin.py:104} INFO - [2021-09-30 19:27:50,636] {dag.py:1833} INFO - Sync 1 DAGs
[2021-09-30 19:27:50,650] {logging_mixin.py:104} INFO - [2021-09-30 19:27:50,649] {dag.py:2306} INFO - Setting next_dagrun for example_dag_decorator to None
[2021-09-30 19:27:50,754] {scheduler_job.py:189} INFO - Processing /usr/local/lib/python3.8/dist-packages/airflow/example_dags/example_dag_decorator.py took 0.453 seconds
[2021-09-30 19:28:21,132] {scheduler_job.py:181} INFO - Started process (PID=1717022) to work on /usr/local/lib/python3.8/dist-packages/airflow/example_dags/example_dag_decorator.py
[2021-09-30 19:28:21,134] {scheduler_job.py:632} INFO - Processing file /usr/local/lib/python3.8/dist-packages/airflow/example_dags/example_dag_decorator.py for tasks to queue
[2021-09-30 19:28:21,135] {logging_mixin.py:104} INFO - [2021-09-30 19:28:21,135] {dagbag.py:496} INFO - Filling up the DagBag from /usr/local/lib/python3.8/dist-packages/airflow/example_dags/example_dag_decorator.py
[2021-09-30 19:28:21,155] {scheduler_job.py:642} INFO - DAG(s) dict_keys(['example_dag_decorator']) retrieved from /usr/local/lib/python3.8/dist-packages/airflow/example_dags/example_dag_decorator.py
[2021-09-30 19:28:21,473] {logging_mixin.py:104} INFO - [2021-09-30 19:28:21,473] {dag.py:1833} INFO - Sync 1 DAGs
[2021-09-30 19:28:21,505] {logging_mixin.py:104} INFO - [2021-09-30 19:28:21,505] {dag.py:2306} INFO - Setting next_dagrun for example_dag_decorator to None
[2021-09-30 19:28:21,530] {scheduler_job.py:189} INFO - Processing /usr/local/lib/python3.8/dist-packages/airflow/example_dags/example_dag_decorator.py took 0.401 seconds
[2021-09-30 19:28:51,686] {scheduler_job.py:181} INFO - Started process (PID=1718278) to work on /usr/local/lib/python3.8/dist-packages/airflow/example_dags/example_dag_decorator.py
[2021-09-30 19:28:51,687] {scheduler_job.py:632} INFO - Processing file /usr/local/lib/python3.8/dist-packages/airflow/example_dags/example_dag_decorator.py for tasks to queue
[2021-09-30 19:28:51,688] {logging_mixin.py:104} INFO - [2021-09-30 19:28:51,688] {dagbag.py:496} INFO - Filling up the DagBag from /usr/local/lib/python3.8/dist-packages/airflow/example_dags/example_dag_decorator.py
[2021-09-30 19:28:51,756] {scheduler_job.py:642} INFO - DAG(s) dict_keys(['example_dag_decorator']) retrieved from /usr/local/lib/python3.8/dist-packages/airflow/example_dags/example_dag_decorator.py
[2021-09-30 19:28:52,566] {logging_mixin.py:104} INFO - [2021-09-30 19:28:52,566] {dag.py:1833} INFO - Sync 1 DAGs
[2021-09-30 19:28:52,632] {logging_mixin.py:104} INFO - [2021-09-30 19:28:52,631] {dag.py:2306} INFO - Setting next_dagrun for example_dag_decorator to None
[2021-09-30 19:28:52,696] {scheduler_job.py:189} INFO - Processing /usr/local/lib/python3.8/dist-packages/airflow/example_dags/example_dag_decorator.py took 1.015 seconds
[2021-09-30 19:29:22,860] {scheduler_job.py:181} INFO - Started process (PID=1719836) to work on /usr/local/lib/python3.8/dist-packages/airflow/example_dags/example_dag_decorator.py
[2021-09-30 19:29:22,861] {scheduler_job.py:632} INFO - Processing file /usr/local/lib/python3.8/dist-packages/airflow/example_dags/example_dag_decorator.py for tasks to queue
[2021-09-30 19:29:22,862] {logging_mixin.py:104} INFO - [2021-09-30 19:29:22,862] {dagbag.py:496} INFO - Filling up the DagBag from /usr/local/lib/python3.8/dist-packages/airflow/example_dags/example_dag_decorator.py
[2021-09-30 19:29:22,874] {scheduler_job.py:642} INFO - DAG(s) dict_keys(['example_dag_decorator']) retrieved from /usr/local/lib/python3.8/dist-packages/airflow/example_dags/example_dag_decorator.py
[2021-09-30 19:29:23,176] {logging_mixin.py:104} INFO - [2021-09-30 19:29:23,176] {dag.py:1833} INFO - Sync 1 DAGs
[2021-09-30 19:29:23,198] {logging_mixin.py:104} INFO - [2021-09-30 19:29:23,198] {dag.py:2306} INFO - Setting next_dagrun for example_dag_decorator to None
[2021-09-30 19:29:23,238] {scheduler_job.py:189} INFO - Processing /usr/local/lib/python3.8/dist-packages/airflow/example_dags/example_dag_decorator.py took 0.380 seconds
