[2021-09-30 19:20:02,727] {scheduler_job.py:181} INFO - Started process (PID=1695303) to work on /usr/local/lib/python3.8/dist-packages/airflow/example_dags/example_kubernetes_executor.py
[2021-09-30 19:20:02,728] {scheduler_job.py:632} INFO - Processing file /usr/local/lib/python3.8/dist-packages/airflow/example_dags/example_kubernetes_executor.py for tasks to queue
[2021-09-30 19:20:02,729] {logging_mixin.py:104} INFO - [2021-09-30 19:20:02,729] {dagbag.py:496} INFO - Filling up the DagBag from /usr/local/lib/python3.8/dist-packages/airflow/example_dags/example_kubernetes_executor.py
[2021-09-30 19:20:02,806] {scheduler_job.py:642} INFO - DAG(s) dict_keys(['example_kubernetes_executor']) retrieved from /usr/local/lib/python3.8/dist-packages/airflow/example_dags/example_kubernetes_executor.py
[2021-09-30 19:20:02,831] {logging_mixin.py:104} INFO - [2021-09-30 19:20:02,830] {dag.py:1833} INFO - Sync 1 DAGs
[2021-09-30 19:20:02,843] {logging_mixin.py:104} INFO - [2021-09-30 19:20:02,843] {dag.py:2306} INFO - Setting next_dagrun for example_kubernetes_executor to None
[2021-09-30 19:20:02,858] {scheduler_job.py:189} INFO - Processing /usr/local/lib/python3.8/dist-packages/airflow/example_dags/example_kubernetes_executor.py took 0.134 seconds
[2021-09-30 19:20:36,045] {scheduler_job.py:181} INFO - Started process (PID=1696574) to work on /usr/local/lib/python3.8/dist-packages/airflow/example_dags/example_kubernetes_executor.py
[2021-09-30 19:20:36,116] {scheduler_job.py:632} INFO - Processing file /usr/local/lib/python3.8/dist-packages/airflow/example_dags/example_kubernetes_executor.py for tasks to queue
[2021-09-30 19:20:36,117] {logging_mixin.py:104} INFO - [2021-09-30 19:20:36,117] {dagbag.py:496} INFO - Filling up the DagBag from /usr/local/lib/python3.8/dist-packages/airflow/example_dags/example_kubernetes_executor.py
[2021-09-30 19:20:36,126] {scheduler_job.py:642} INFO - DAG(s) dict_keys(['example_kubernetes_executor']) retrieved from /usr/local/lib/python3.8/dist-packages/airflow/example_dags/example_kubernetes_executor.py
[2021-09-30 19:20:36,151] {logging_mixin.py:104} INFO - [2021-09-30 19:20:36,151] {dag.py:1833} INFO - Sync 1 DAGs
[2021-09-30 19:20:36,163] {logging_mixin.py:104} INFO - [2021-09-30 19:20:36,163] {dag.py:2306} INFO - Setting next_dagrun for example_kubernetes_executor to None
[2021-09-30 19:20:36,350] {scheduler_job.py:189} INFO - Processing /usr/local/lib/python3.8/dist-packages/airflow/example_dags/example_kubernetes_executor.py took 0.308 seconds
[2021-09-30 19:21:07,598] {scheduler_job.py:181} INFO - Started process (PID=1697970) to work on /usr/local/lib/python3.8/dist-packages/airflow/example_dags/example_kubernetes_executor.py
[2021-09-30 19:21:07,599] {scheduler_job.py:632} INFO - Processing file /usr/local/lib/python3.8/dist-packages/airflow/example_dags/example_kubernetes_executor.py for tasks to queue
[2021-09-30 19:21:07,600] {logging_mixin.py:104} INFO - [2021-09-30 19:21:07,599] {dagbag.py:496} INFO - Filling up the DagBag from /usr/local/lib/python3.8/dist-packages/airflow/example_dags/example_kubernetes_executor.py
[2021-09-30 19:21:07,624] {scheduler_job.py:642} INFO - DAG(s) dict_keys(['example_kubernetes_executor']) retrieved from /usr/local/lib/python3.8/dist-packages/airflow/example_dags/example_kubernetes_executor.py
[2021-09-30 19:21:07,682] {logging_mixin.py:104} INFO - [2021-09-30 19:21:07,682] {dag.py:1833} INFO - Sync 1 DAGs
[2021-09-30 19:21:07,702] {logging_mixin.py:104} INFO - [2021-09-30 19:21:07,701] {dag.py:2306} INFO - Setting next_dagrun for example_kubernetes_executor to None
[2021-09-30 19:21:07,797] {scheduler_job.py:189} INFO - Processing /usr/local/lib/python3.8/dist-packages/airflow/example_dags/example_kubernetes_executor.py took 0.203 seconds
[2021-09-30 19:21:38,434] {scheduler_job.py:181} INFO - Started process (PID=1699236) to work on /usr/local/lib/python3.8/dist-packages/airflow/example_dags/example_kubernetes_executor.py
[2021-09-30 19:21:38,436] {scheduler_job.py:632} INFO - Processing file /usr/local/lib/python3.8/dist-packages/airflow/example_dags/example_kubernetes_executor.py for tasks to queue
[2021-09-30 19:21:38,436] {logging_mixin.py:104} INFO - [2021-09-30 19:21:38,436] {dagbag.py:496} INFO - Filling up the DagBag from /usr/local/lib/python3.8/dist-packages/airflow/example_dags/example_kubernetes_executor.py
[2021-09-30 19:21:38,450] {scheduler_job.py:642} INFO - DAG(s) dict_keys(['example_kubernetes_executor']) retrieved from /usr/local/lib/python3.8/dist-packages/airflow/example_dags/example_kubernetes_executor.py
[2021-09-30 19:21:38,484] {logging_mixin.py:104} INFO - [2021-09-30 19:21:38,484] {dag.py:1833} INFO - Sync 1 DAGs
[2021-09-30 19:21:38,499] {logging_mixin.py:104} INFO - [2021-09-30 19:21:38,499] {dag.py:2306} INFO - Setting next_dagrun for example_kubernetes_executor to None
[2021-09-30 19:21:38,518] {scheduler_job.py:189} INFO - Processing /usr/local/lib/python3.8/dist-packages/airflow/example_dags/example_kubernetes_executor.py took 0.088 seconds
[2021-09-30 19:22:11,340] {scheduler_job.py:181} INFO - Started process (PID=1700589) to work on /usr/local/lib/python3.8/dist-packages/airflow/example_dags/example_kubernetes_executor.py
[2021-09-30 19:22:11,340] {scheduler_job.py:632} INFO - Processing file /usr/local/lib/python3.8/dist-packages/airflow/example_dags/example_kubernetes_executor.py for tasks to queue
[2021-09-30 19:22:11,341] {logging_mixin.py:104} INFO - [2021-09-30 19:22:11,341] {dagbag.py:496} INFO - Filling up the DagBag from /usr/local/lib/python3.8/dist-packages/airflow/example_dags/example_kubernetes_executor.py
[2021-09-30 19:22:11,363] {scheduler_job.py:642} INFO - DAG(s) dict_keys(['example_kubernetes_executor']) retrieved from /usr/local/lib/python3.8/dist-packages/airflow/example_dags/example_kubernetes_executor.py
[2021-09-30 19:22:11,395] {logging_mixin.py:104} INFO - [2021-09-30 19:22:11,395] {dag.py:1833} INFO - Sync 1 DAGs
[2021-09-30 19:22:11,406] {logging_mixin.py:104} INFO - [2021-09-30 19:22:11,406] {dag.py:2306} INFO - Setting next_dagrun for example_kubernetes_executor to None
[2021-09-30 19:22:11,467] {scheduler_job.py:189} INFO - Processing /usr/local/lib/python3.8/dist-packages/airflow/example_dags/example_kubernetes_executor.py took 0.129 seconds
[2021-09-30 19:22:42,756] {scheduler_job.py:181} INFO - Started process (PID=1701828) to work on /usr/local/lib/python3.8/dist-packages/airflow/example_dags/example_kubernetes_executor.py
[2021-09-30 19:22:42,757] {scheduler_job.py:632} INFO - Processing file /usr/local/lib/python3.8/dist-packages/airflow/example_dags/example_kubernetes_executor.py for tasks to queue
[2021-09-30 19:22:42,758] {logging_mixin.py:104} INFO - [2021-09-30 19:22:42,758] {dagbag.py:496} INFO - Filling up the DagBag from /usr/local/lib/python3.8/dist-packages/airflow/example_dags/example_kubernetes_executor.py
[2021-09-30 19:22:42,774] {scheduler_job.py:642} INFO - DAG(s) dict_keys(['example_kubernetes_executor']) retrieved from /usr/local/lib/python3.8/dist-packages/airflow/example_dags/example_kubernetes_executor.py
[2021-09-30 19:22:42,805] {logging_mixin.py:104} INFO - [2021-09-30 19:22:42,805] {dag.py:1833} INFO - Sync 1 DAGs
[2021-09-30 19:22:42,825] {logging_mixin.py:104} INFO - [2021-09-30 19:22:42,824] {dag.py:2306} INFO - Setting next_dagrun for example_kubernetes_executor to None
[2021-09-30 19:22:42,910] {scheduler_job.py:189} INFO - Processing /usr/local/lib/python3.8/dist-packages/airflow/example_dags/example_kubernetes_executor.py took 0.158 seconds
[2021-09-30 19:23:14,346] {scheduler_job.py:181} INFO - Started process (PID=1702811) to work on /usr/local/lib/python3.8/dist-packages/airflow/example_dags/example_kubernetes_executor.py
[2021-09-30 19:23:14,347] {scheduler_job.py:632} INFO - Processing file /usr/local/lib/python3.8/dist-packages/airflow/example_dags/example_kubernetes_executor.py for tasks to queue
[2021-09-30 19:23:14,348] {logging_mixin.py:104} INFO - [2021-09-30 19:23:14,347] {dagbag.py:496} INFO - Filling up the DagBag from /usr/local/lib/python3.8/dist-packages/airflow/example_dags/example_kubernetes_executor.py
[2021-09-30 19:23:14,378] {scheduler_job.py:642} INFO - DAG(s) dict_keys(['example_kubernetes_executor']) retrieved from /usr/local/lib/python3.8/dist-packages/airflow/example_dags/example_kubernetes_executor.py
[2021-09-30 19:23:14,412] {logging_mixin.py:104} INFO - [2021-09-30 19:23:14,412] {dag.py:1833} INFO - Sync 1 DAGs
[2021-09-30 19:23:14,429] {logging_mixin.py:104} INFO - [2021-09-30 19:23:14,428] {dag.py:2306} INFO - Setting next_dagrun for example_kubernetes_executor to None
[2021-09-30 19:23:14,607] {scheduler_job.py:189} INFO - Processing /usr/local/lib/python3.8/dist-packages/airflow/example_dags/example_kubernetes_executor.py took 0.265 seconds
[2021-09-30 19:23:45,175] {scheduler_job.py:181} INFO - Started process (PID=1704121) to work on /usr/local/lib/python3.8/dist-packages/airflow/example_dags/example_kubernetes_executor.py
[2021-09-30 19:23:45,176] {scheduler_job.py:632} INFO - Processing file /usr/local/lib/python3.8/dist-packages/airflow/example_dags/example_kubernetes_executor.py for tasks to queue
[2021-09-30 19:23:45,177] {logging_mixin.py:104} INFO - [2021-09-30 19:23:45,176] {dagbag.py:496} INFO - Filling up the DagBag from /usr/local/lib/python3.8/dist-packages/airflow/example_dags/example_kubernetes_executor.py
[2021-09-30 19:23:45,192] {scheduler_job.py:642} INFO - DAG(s) dict_keys(['example_kubernetes_executor']) retrieved from /usr/local/lib/python3.8/dist-packages/airflow/example_dags/example_kubernetes_executor.py
[2021-09-30 19:23:45,222] {logging_mixin.py:104} INFO - [2021-09-30 19:23:45,222] {dag.py:1833} INFO - Sync 1 DAGs
[2021-09-30 19:23:45,238] {logging_mixin.py:104} INFO - [2021-09-30 19:23:45,238] {dag.py:2306} INFO - Setting next_dagrun for example_kubernetes_executor to None
[2021-09-30 19:23:45,257] {scheduler_job.py:189} INFO - Processing /usr/local/lib/python3.8/dist-packages/airflow/example_dags/example_kubernetes_executor.py took 0.086 seconds
[2021-09-30 19:24:16,067] {scheduler_job.py:181} INFO - Started process (PID=1705645) to work on /usr/local/lib/python3.8/dist-packages/airflow/example_dags/example_kubernetes_executor.py
[2021-09-30 19:24:16,068] {scheduler_job.py:632} INFO - Processing file /usr/local/lib/python3.8/dist-packages/airflow/example_dags/example_kubernetes_executor.py for tasks to queue
[2021-09-30 19:24:16,069] {logging_mixin.py:104} INFO - [2021-09-30 19:24:16,069] {dagbag.py:496} INFO - Filling up the DagBag from /usr/local/lib/python3.8/dist-packages/airflow/example_dags/example_kubernetes_executor.py
[2021-09-30 19:24:16,088] {scheduler_job.py:642} INFO - DAG(s) dict_keys(['example_kubernetes_executor']) retrieved from /usr/local/lib/python3.8/dist-packages/airflow/example_dags/example_kubernetes_executor.py
[2021-09-30 19:24:16,118] {logging_mixin.py:104} INFO - [2021-09-30 19:24:16,117] {dag.py:1833} INFO - Sync 1 DAGs
[2021-09-30 19:24:16,139] {logging_mixin.py:104} INFO - [2021-09-30 19:24:16,139] {dag.py:2306} INFO - Setting next_dagrun for example_kubernetes_executor to None
[2021-09-30 19:24:16,186] {scheduler_job.py:189} INFO - Processing /usr/local/lib/python3.8/dist-packages/airflow/example_dags/example_kubernetes_executor.py took 0.122 seconds
[2021-09-30 19:24:46,744] {scheduler_job.py:181} INFO - Started process (PID=1706883) to work on /usr/local/lib/python3.8/dist-packages/airflow/example_dags/example_kubernetes_executor.py
[2021-09-30 19:24:46,745] {scheduler_job.py:632} INFO - Processing file /usr/local/lib/python3.8/dist-packages/airflow/example_dags/example_kubernetes_executor.py for tasks to queue
[2021-09-30 19:24:46,746] {logging_mixin.py:104} INFO - [2021-09-30 19:24:46,746] {dagbag.py:496} INFO - Filling up the DagBag from /usr/local/lib/python3.8/dist-packages/airflow/example_dags/example_kubernetes_executor.py
[2021-09-30 19:24:46,763] {scheduler_job.py:642} INFO - DAG(s) dict_keys(['example_kubernetes_executor']) retrieved from /usr/local/lib/python3.8/dist-packages/airflow/example_dags/example_kubernetes_executor.py
[2021-09-30 19:24:46,797] {logging_mixin.py:104} INFO - [2021-09-30 19:24:46,797] {dag.py:1833} INFO - Sync 1 DAGs
[2021-09-30 19:24:46,816] {logging_mixin.py:104} INFO - [2021-09-30 19:24:46,816] {dag.py:2306} INFO - Setting next_dagrun for example_kubernetes_executor to None
[2021-09-30 19:24:46,857] {scheduler_job.py:189} INFO - Processing /usr/local/lib/python3.8/dist-packages/airflow/example_dags/example_kubernetes_executor.py took 0.116 seconds
[2021-09-30 19:25:16,953] {scheduler_job.py:181} INFO - Started process (PID=1708383) to work on /usr/local/lib/python3.8/dist-packages/airflow/example_dags/example_kubernetes_executor.py
[2021-09-30 19:25:16,954] {scheduler_job.py:632} INFO - Processing file /usr/local/lib/python3.8/dist-packages/airflow/example_dags/example_kubernetes_executor.py for tasks to queue
[2021-09-30 19:25:16,955] {logging_mixin.py:104} INFO - [2021-09-30 19:25:16,955] {dagbag.py:496} INFO - Filling up the DagBag from /usr/local/lib/python3.8/dist-packages/airflow/example_dags/example_kubernetes_executor.py
[2021-09-30 19:25:16,968] {scheduler_job.py:642} INFO - DAG(s) dict_keys(['example_kubernetes_executor']) retrieved from /usr/local/lib/python3.8/dist-packages/airflow/example_dags/example_kubernetes_executor.py
[2021-09-30 19:25:16,993] {logging_mixin.py:104} INFO - [2021-09-30 19:25:16,993] {dag.py:1833} INFO - Sync 1 DAGs
[2021-09-30 19:25:17,011] {logging_mixin.py:104} INFO - [2021-09-30 19:25:17,011] {dag.py:2306} INFO - Setting next_dagrun for example_kubernetes_executor to None
[2021-09-30 19:25:17,030] {scheduler_job.py:189} INFO - Processing /usr/local/lib/python3.8/dist-packages/airflow/example_dags/example_kubernetes_executor.py took 0.080 seconds
[2021-09-30 19:25:47,646] {scheduler_job.py:181} INFO - Started process (PID=1709889) to work on /usr/local/lib/python3.8/dist-packages/airflow/example_dags/example_kubernetes_executor.py
[2021-09-30 19:25:47,647] {scheduler_job.py:632} INFO - Processing file /usr/local/lib/python3.8/dist-packages/airflow/example_dags/example_kubernetes_executor.py for tasks to queue
[2021-09-30 19:25:47,647] {logging_mixin.py:104} INFO - [2021-09-30 19:25:47,647] {dagbag.py:496} INFO - Filling up the DagBag from /usr/local/lib/python3.8/dist-packages/airflow/example_dags/example_kubernetes_executor.py
[2021-09-30 19:25:47,681] {scheduler_job.py:642} INFO - DAG(s) dict_keys(['example_kubernetes_executor']) retrieved from /usr/local/lib/python3.8/dist-packages/airflow/example_dags/example_kubernetes_executor.py
[2021-09-30 19:25:47,728] {logging_mixin.py:104} INFO - [2021-09-30 19:25:47,728] {dag.py:1833} INFO - Sync 1 DAGs
[2021-09-30 19:25:47,746] {logging_mixin.py:104} INFO - [2021-09-30 19:25:47,746] {dag.py:2306} INFO - Setting next_dagrun for example_kubernetes_executor to None
[2021-09-30 19:25:47,766] {scheduler_job.py:189} INFO - Processing /usr/local/lib/python3.8/dist-packages/airflow/example_dags/example_kubernetes_executor.py took 0.123 seconds
[2021-09-30 19:26:18,081] {scheduler_job.py:181} INFO - Started process (PID=1711357) to work on /usr/local/lib/python3.8/dist-packages/airflow/example_dags/example_kubernetes_executor.py
[2021-09-30 19:26:18,082] {scheduler_job.py:632} INFO - Processing file /usr/local/lib/python3.8/dist-packages/airflow/example_dags/example_kubernetes_executor.py for tasks to queue
[2021-09-30 19:26:18,082] {logging_mixin.py:104} INFO - [2021-09-30 19:26:18,082] {dagbag.py:496} INFO - Filling up the DagBag from /usr/local/lib/python3.8/dist-packages/airflow/example_dags/example_kubernetes_executor.py
[2021-09-30 19:26:18,093] {scheduler_job.py:642} INFO - DAG(s) dict_keys(['example_kubernetes_executor']) retrieved from /usr/local/lib/python3.8/dist-packages/airflow/example_dags/example_kubernetes_executor.py
[2021-09-30 19:26:18,129] {logging_mixin.py:104} INFO - [2021-09-30 19:26:18,128] {dag.py:1833} INFO - Sync 1 DAGs
[2021-09-30 19:26:18,139] {logging_mixin.py:104} INFO - [2021-09-30 19:26:18,139] {dag.py:2306} INFO - Setting next_dagrun for example_kubernetes_executor to None
[2021-09-30 19:26:18,173] {scheduler_job.py:189} INFO - Processing /usr/local/lib/python3.8/dist-packages/airflow/example_dags/example_kubernetes_executor.py took 0.095 seconds
[2021-09-30 19:26:49,860] {scheduler_job.py:181} INFO - Started process (PID=1712616) to work on /usr/local/lib/python3.8/dist-packages/airflow/example_dags/example_kubernetes_executor.py
[2021-09-30 19:26:49,874] {scheduler_job.py:632} INFO - Processing file /usr/local/lib/python3.8/dist-packages/airflow/example_dags/example_kubernetes_executor.py for tasks to queue
[2021-09-30 19:26:49,883] {logging_mixin.py:104} INFO - [2021-09-30 19:26:49,882] {dagbag.py:496} INFO - Filling up the DagBag from /usr/local/lib/python3.8/dist-packages/airflow/example_dags/example_kubernetes_executor.py
[2021-09-30 19:26:49,920] {scheduler_job.py:642} INFO - DAG(s) dict_keys(['example_kubernetes_executor']) retrieved from /usr/local/lib/python3.8/dist-packages/airflow/example_dags/example_kubernetes_executor.py
[2021-09-30 19:26:50,006] {logging_mixin.py:104} INFO - [2021-09-30 19:26:50,006] {dag.py:1833} INFO - Sync 1 DAGs
[2021-09-30 19:26:50,076] {logging_mixin.py:104} INFO - [2021-09-30 19:26:50,076] {dag.py:2306} INFO - Setting next_dagrun for example_kubernetes_executor to None
[2021-09-30 19:26:50,117] {scheduler_job.py:189} INFO - Processing /usr/local/lib/python3.8/dist-packages/airflow/example_dags/example_kubernetes_executor.py took 0.269 seconds
[2021-09-30 19:27:20,485] {scheduler_job.py:181} INFO - Started process (PID=1714057) to work on /usr/local/lib/python3.8/dist-packages/airflow/example_dags/example_kubernetes_executor.py
[2021-09-30 19:27:20,486] {scheduler_job.py:632} INFO - Processing file /usr/local/lib/python3.8/dist-packages/airflow/example_dags/example_kubernetes_executor.py for tasks to queue
[2021-09-30 19:27:20,486] {logging_mixin.py:104} INFO - [2021-09-30 19:27:20,486] {dagbag.py:496} INFO - Filling up the DagBag from /usr/local/lib/python3.8/dist-packages/airflow/example_dags/example_kubernetes_executor.py
[2021-09-30 19:27:20,504] {scheduler_job.py:642} INFO - DAG(s) dict_keys(['example_kubernetes_executor']) retrieved from /usr/local/lib/python3.8/dist-packages/airflow/example_dags/example_kubernetes_executor.py
[2021-09-30 19:27:20,543] {logging_mixin.py:104} INFO - [2021-09-30 19:27:20,543] {dag.py:1833} INFO - Sync 1 DAGs
[2021-09-30 19:27:20,563] {logging_mixin.py:104} INFO - [2021-09-30 19:27:20,563] {dag.py:2306} INFO - Setting next_dagrun for example_kubernetes_executor to None
[2021-09-30 19:27:20,587] {scheduler_job.py:189} INFO - Processing /usr/local/lib/python3.8/dist-packages/airflow/example_dags/example_kubernetes_executor.py took 0.105 seconds
[2021-09-30 19:27:51,017] {scheduler_job.py:181} INFO - Started process (PID=1715583) to work on /usr/local/lib/python3.8/dist-packages/airflow/example_dags/example_kubernetes_executor.py
[2021-09-30 19:27:51,019] {scheduler_job.py:632} INFO - Processing file /usr/local/lib/python3.8/dist-packages/airflow/example_dags/example_kubernetes_executor.py for tasks to queue
[2021-09-30 19:27:51,019] {logging_mixin.py:104} INFO - [2021-09-30 19:27:51,019] {dagbag.py:496} INFO - Filling up the DagBag from /usr/local/lib/python3.8/dist-packages/airflow/example_dags/example_kubernetes_executor.py
[2021-09-30 19:27:51,029] {scheduler_job.py:642} INFO - DAG(s) dict_keys(['example_kubernetes_executor']) retrieved from /usr/local/lib/python3.8/dist-packages/airflow/example_dags/example_kubernetes_executor.py
[2021-09-30 19:27:51,048] {logging_mixin.py:104} INFO - [2021-09-30 19:27:51,048] {dag.py:1833} INFO - Sync 1 DAGs
[2021-09-30 19:27:51,064] {logging_mixin.py:104} INFO - [2021-09-30 19:27:51,064] {dag.py:2306} INFO - Setting next_dagrun for example_kubernetes_executor to None
[2021-09-30 19:27:51,084] {scheduler_job.py:189} INFO - Processing /usr/local/lib/python3.8/dist-packages/airflow/example_dags/example_kubernetes_executor.py took 0.069 seconds
[2021-09-30 19:28:21,595] {scheduler_job.py:181} INFO - Started process (PID=1717039) to work on /usr/local/lib/python3.8/dist-packages/airflow/example_dags/example_kubernetes_executor.py
[2021-09-30 19:28:21,597] {scheduler_job.py:632} INFO - Processing file /usr/local/lib/python3.8/dist-packages/airflow/example_dags/example_kubernetes_executor.py for tasks to queue
[2021-09-30 19:28:21,597] {logging_mixin.py:104} INFO - [2021-09-30 19:28:21,597] {dagbag.py:496} INFO - Filling up the DagBag from /usr/local/lib/python3.8/dist-packages/airflow/example_dags/example_kubernetes_executor.py
[2021-09-30 19:28:21,610] {scheduler_job.py:642} INFO - DAG(s) dict_keys(['example_kubernetes_executor']) retrieved from /usr/local/lib/python3.8/dist-packages/airflow/example_dags/example_kubernetes_executor.py
[2021-09-30 19:28:21,638] {logging_mixin.py:104} INFO - [2021-09-30 19:28:21,638] {dag.py:1833} INFO - Sync 1 DAGs
[2021-09-30 19:28:21,650] {logging_mixin.py:104} INFO - [2021-09-30 19:28:21,650] {dag.py:2306} INFO - Setting next_dagrun for example_kubernetes_executor to None
[2021-09-30 19:28:21,686] {scheduler_job.py:189} INFO - Processing /usr/local/lib/python3.8/dist-packages/airflow/example_dags/example_kubernetes_executor.py took 0.097 seconds
[2021-09-30 19:28:52,946] {scheduler_job.py:181} INFO - Started process (PID=1718312) to work on /usr/local/lib/python3.8/dist-packages/airflow/example_dags/example_kubernetes_executor.py
[2021-09-30 19:28:52,947] {scheduler_job.py:632} INFO - Processing file /usr/local/lib/python3.8/dist-packages/airflow/example_dags/example_kubernetes_executor.py for tasks to queue
[2021-09-30 19:28:52,948] {logging_mixin.py:104} INFO - [2021-09-30 19:28:52,948] {dagbag.py:496} INFO - Filling up the DagBag from /usr/local/lib/python3.8/dist-packages/airflow/example_dags/example_kubernetes_executor.py
[2021-09-30 19:28:52,968] {scheduler_job.py:642} INFO - DAG(s) dict_keys(['example_kubernetes_executor']) retrieved from /usr/local/lib/python3.8/dist-packages/airflow/example_dags/example_kubernetes_executor.py
[2021-09-30 19:28:53,018] {logging_mixin.py:104} INFO - [2021-09-30 19:28:53,018] {dag.py:1833} INFO - Sync 1 DAGs
[2021-09-30 19:28:53,060] {logging_mixin.py:104} INFO - [2021-09-30 19:28:53,060] {dag.py:2306} INFO - Setting next_dagrun for example_kubernetes_executor to None
[2021-09-30 19:28:53,082] {scheduler_job.py:189} INFO - Processing /usr/local/lib/python3.8/dist-packages/airflow/example_dags/example_kubernetes_executor.py took 0.139 seconds
[2021-09-30 19:29:23,369] {scheduler_job.py:181} INFO - Started process (PID=1719870) to work on /usr/local/lib/python3.8/dist-packages/airflow/example_dags/example_kubernetes_executor.py
[2021-09-30 19:29:23,370] {scheduler_job.py:632} INFO - Processing file /usr/local/lib/python3.8/dist-packages/airflow/example_dags/example_kubernetes_executor.py for tasks to queue
[2021-09-30 19:29:23,370] {logging_mixin.py:104} INFO - [2021-09-30 19:29:23,370] {dagbag.py:496} INFO - Filling up the DagBag from /usr/local/lib/python3.8/dist-packages/airflow/example_dags/example_kubernetes_executor.py
[2021-09-30 19:29:23,385] {scheduler_job.py:642} INFO - DAG(s) dict_keys(['example_kubernetes_executor']) retrieved from /usr/local/lib/python3.8/dist-packages/airflow/example_dags/example_kubernetes_executor.py
[2021-09-30 19:29:23,441] {logging_mixin.py:104} INFO - [2021-09-30 19:29:23,441] {dag.py:1833} INFO - Sync 1 DAGs
[2021-09-30 19:29:23,459] {logging_mixin.py:104} INFO - [2021-09-30 19:29:23,459] {dag.py:2306} INFO - Setting next_dagrun for example_kubernetes_executor to None
[2021-09-30 19:29:23,496] {scheduler_job.py:189} INFO - Processing /usr/local/lib/python3.8/dist-packages/airflow/example_dags/example_kubernetes_executor.py took 0.129 seconds
