[2021-09-30 19:20:00,152] {scheduler_job.py:181} INFO - Started process (PID=1695139) to work on /usr/local/lib/python3.8/dist-packages/airflow/example_dags/example_skip_dag.py
[2021-09-30 19:20:00,152] {scheduler_job.py:632} INFO - Processing file /usr/local/lib/python3.8/dist-packages/airflow/example_dags/example_skip_dag.py for tasks to queue
[2021-09-30 19:20:00,153] {logging_mixin.py:104} INFO - [2021-09-30 19:20:00,153] {dagbag.py:496} INFO - Filling up the DagBag from /usr/local/lib/python3.8/dist-packages/airflow/example_dags/example_skip_dag.py
[2021-09-30 19:20:00,219] {scheduler_job.py:642} INFO - DAG(s) dict_keys(['example_skip_dag']) retrieved from /usr/local/lib/python3.8/dist-packages/airflow/example_dags/example_skip_dag.py
[2021-09-30 19:20:00,236] {logging_mixin.py:104} INFO - [2021-09-30 19:20:00,236] {dag.py:1833} INFO - Sync 1 DAGs
[2021-09-30 19:20:00,248] {logging_mixin.py:104} INFO - [2021-09-30 19:20:00,248] {dag.py:2306} INFO - Setting next_dagrun for example_skip_dag to 2021-09-28 00:00:00+00:00
[2021-09-30 19:20:00,267] {scheduler_job.py:189} INFO - Processing /usr/local/lib/python3.8/dist-packages/airflow/example_dags/example_skip_dag.py took 0.118 seconds
[2021-09-30 19:20:31,170] {scheduler_job.py:181} INFO - Started process (PID=1696360) to work on /usr/local/lib/python3.8/dist-packages/airflow/example_dags/example_skip_dag.py
[2021-09-30 19:20:31,240] {scheduler_job.py:632} INFO - Processing file /usr/local/lib/python3.8/dist-packages/airflow/example_dags/example_skip_dag.py for tasks to queue
[2021-09-30 19:20:31,240] {logging_mixin.py:104} INFO - [2021-09-30 19:20:31,240] {dagbag.py:496} INFO - Filling up the DagBag from /usr/local/lib/python3.8/dist-packages/airflow/example_dags/example_skip_dag.py
[2021-09-30 19:20:31,250] {scheduler_job.py:642} INFO - DAG(s) dict_keys(['example_skip_dag']) retrieved from /usr/local/lib/python3.8/dist-packages/airflow/example_dags/example_skip_dag.py
[2021-09-30 19:20:31,278] {logging_mixin.py:104} INFO - [2021-09-30 19:20:31,278] {dag.py:1833} INFO - Sync 1 DAGs
[2021-09-30 19:20:31,293] {logging_mixin.py:104} INFO - [2021-09-30 19:20:31,292] {dag.py:2306} INFO - Setting next_dagrun for example_skip_dag to 2021-09-28 00:00:00+00:00
[2021-09-30 19:20:31,306] {scheduler_job.py:189} INFO - Processing /usr/local/lib/python3.8/dist-packages/airflow/example_dags/example_skip_dag.py took 0.139 seconds
[2021-09-30 19:21:01,623] {scheduler_job.py:181} INFO - Started process (PID=1697626) to work on /usr/local/lib/python3.8/dist-packages/airflow/example_dags/example_skip_dag.py
[2021-09-30 19:21:01,624] {scheduler_job.py:632} INFO - Processing file /usr/local/lib/python3.8/dist-packages/airflow/example_dags/example_skip_dag.py for tasks to queue
[2021-09-30 19:21:01,625] {logging_mixin.py:104} INFO - [2021-09-30 19:21:01,624] {dagbag.py:496} INFO - Filling up the DagBag from /usr/local/lib/python3.8/dist-packages/airflow/example_dags/example_skip_dag.py
[2021-09-30 19:21:01,640] {scheduler_job.py:642} INFO - DAG(s) dict_keys(['example_skip_dag']) retrieved from /usr/local/lib/python3.8/dist-packages/airflow/example_dags/example_skip_dag.py
[2021-09-30 19:21:01,678] {logging_mixin.py:104} INFO - [2021-09-30 19:21:01,678] {dag.py:1833} INFO - Sync 1 DAGs
[2021-09-30 19:21:01,694] {logging_mixin.py:104} INFO - [2021-09-30 19:21:01,694] {dag.py:2306} INFO - Setting next_dagrun for example_skip_dag to 2021-09-28 00:00:00+00:00
[2021-09-30 19:21:01,739] {scheduler_job.py:189} INFO - Processing /usr/local/lib/python3.8/dist-packages/airflow/example_dags/example_skip_dag.py took 0.119 seconds
[2021-09-30 19:21:32,231] {scheduler_job.py:181} INFO - Started process (PID=1698889) to work on /usr/local/lib/python3.8/dist-packages/airflow/example_dags/example_skip_dag.py
[2021-09-30 19:21:32,233] {scheduler_job.py:632} INFO - Processing file /usr/local/lib/python3.8/dist-packages/airflow/example_dags/example_skip_dag.py for tasks to queue
[2021-09-30 19:21:32,233] {logging_mixin.py:104} INFO - [2021-09-30 19:21:32,233] {dagbag.py:496} INFO - Filling up the DagBag from /usr/local/lib/python3.8/dist-packages/airflow/example_dags/example_skip_dag.py
[2021-09-30 19:21:32,256] {scheduler_job.py:642} INFO - DAG(s) dict_keys(['example_skip_dag']) retrieved from /usr/local/lib/python3.8/dist-packages/airflow/example_dags/example_skip_dag.py
[2021-09-30 19:21:32,298] {logging_mixin.py:104} INFO - [2021-09-30 19:21:32,298] {dag.py:1833} INFO - Sync 1 DAGs
[2021-09-30 19:21:32,330] {logging_mixin.py:104} INFO - [2021-09-30 19:21:32,330] {dag.py:2306} INFO - Setting next_dagrun for example_skip_dag to 2021-09-28 00:00:00+00:00
[2021-09-30 19:21:32,359] {scheduler_job.py:189} INFO - Processing /usr/local/lib/python3.8/dist-packages/airflow/example_dags/example_skip_dag.py took 0.130 seconds
[2021-09-30 19:22:03,174] {scheduler_job.py:181} INFO - Started process (PID=1700169) to work on /usr/local/lib/python3.8/dist-packages/airflow/example_dags/example_skip_dag.py
[2021-09-30 19:22:03,177] {scheduler_job.py:632} INFO - Processing file /usr/local/lib/python3.8/dist-packages/airflow/example_dags/example_skip_dag.py for tasks to queue
[2021-09-30 19:22:03,178] {logging_mixin.py:104} INFO - [2021-09-30 19:22:03,178] {dagbag.py:496} INFO - Filling up the DagBag from /usr/local/lib/python3.8/dist-packages/airflow/example_dags/example_skip_dag.py
[2021-09-30 19:22:03,195] {scheduler_job.py:642} INFO - DAG(s) dict_keys(['example_skip_dag']) retrieved from /usr/local/lib/python3.8/dist-packages/airflow/example_dags/example_skip_dag.py
[2021-09-30 19:22:03,243] {logging_mixin.py:104} INFO - [2021-09-30 19:22:03,243] {dag.py:1833} INFO - Sync 1 DAGs
[2021-09-30 19:22:03,293] {logging_mixin.py:104} INFO - [2021-09-30 19:22:03,291] {dag.py:2306} INFO - Setting next_dagrun for example_skip_dag to 2021-09-28 00:00:00+00:00
[2021-09-30 19:22:03,324] {scheduler_job.py:189} INFO - Processing /usr/local/lib/python3.8/dist-packages/airflow/example_dags/example_skip_dag.py took 0.153 seconds
[2021-09-30 19:22:35,950] {scheduler_job.py:181} INFO - Started process (PID=1701477) to work on /usr/local/lib/python3.8/dist-packages/airflow/example_dags/example_skip_dag.py
[2021-09-30 19:22:35,951] {scheduler_job.py:632} INFO - Processing file /usr/local/lib/python3.8/dist-packages/airflow/example_dags/example_skip_dag.py for tasks to queue
[2021-09-30 19:22:35,951] {logging_mixin.py:104} INFO - [2021-09-30 19:22:35,951] {dagbag.py:496} INFO - Filling up the DagBag from /usr/local/lib/python3.8/dist-packages/airflow/example_dags/example_skip_dag.py
[2021-09-30 19:22:35,971] {scheduler_job.py:642} INFO - DAG(s) dict_keys(['example_skip_dag']) retrieved from /usr/local/lib/python3.8/dist-packages/airflow/example_dags/example_skip_dag.py
[2021-09-30 19:22:36,002] {logging_mixin.py:104} INFO - [2021-09-30 19:22:36,002] {dag.py:1833} INFO - Sync 1 DAGs
[2021-09-30 19:22:36,028] {logging_mixin.py:104} INFO - [2021-09-30 19:22:36,028] {dag.py:2306} INFO - Setting next_dagrun for example_skip_dag to 2021-09-28 00:00:00+00:00
[2021-09-30 19:22:36,046] {scheduler_job.py:189} INFO - Processing /usr/local/lib/python3.8/dist-packages/airflow/example_dags/example_skip_dag.py took 0.099 seconds
[2021-09-30 19:23:07,844] {scheduler_job.py:181} INFO - Started process (PID=1702537) to work on /usr/local/lib/python3.8/dist-packages/airflow/example_dags/example_skip_dag.py
[2021-09-30 19:23:07,845] {scheduler_job.py:632} INFO - Processing file /usr/local/lib/python3.8/dist-packages/airflow/example_dags/example_skip_dag.py for tasks to queue
[2021-09-30 19:23:07,846] {logging_mixin.py:104} INFO - [2021-09-30 19:23:07,845] {dagbag.py:496} INFO - Filling up the DagBag from /usr/local/lib/python3.8/dist-packages/airflow/example_dags/example_skip_dag.py
[2021-09-30 19:23:07,854] {scheduler_job.py:642} INFO - DAG(s) dict_keys(['example_skip_dag']) retrieved from /usr/local/lib/python3.8/dist-packages/airflow/example_dags/example_skip_dag.py
[2021-09-30 19:23:07,874] {logging_mixin.py:104} INFO - [2021-09-30 19:23:07,873] {dag.py:1833} INFO - Sync 1 DAGs
[2021-09-30 19:23:07,883] {logging_mixin.py:104} INFO - [2021-09-30 19:23:07,883] {dag.py:2306} INFO - Setting next_dagrun for example_skip_dag to 2021-09-28 00:00:00+00:00
[2021-09-30 19:23:08,106] {scheduler_job.py:189} INFO - Processing /usr/local/lib/python3.8/dist-packages/airflow/example_dags/example_skip_dag.py took 0.264 seconds
[2021-09-30 19:23:38,333] {scheduler_job.py:181} INFO - Started process (PID=1703665) to work on /usr/local/lib/python3.8/dist-packages/airflow/example_dags/example_skip_dag.py
[2021-09-30 19:23:38,334] {scheduler_job.py:632} INFO - Processing file /usr/local/lib/python3.8/dist-packages/airflow/example_dags/example_skip_dag.py for tasks to queue
[2021-09-30 19:23:38,334] {logging_mixin.py:104} INFO - [2021-09-30 19:23:38,334] {dagbag.py:496} INFO - Filling up the DagBag from /usr/local/lib/python3.8/dist-packages/airflow/example_dags/example_skip_dag.py
[2021-09-30 19:23:38,343] {scheduler_job.py:642} INFO - DAG(s) dict_keys(['example_skip_dag']) retrieved from /usr/local/lib/python3.8/dist-packages/airflow/example_dags/example_skip_dag.py
[2021-09-30 19:23:38,373] {logging_mixin.py:104} INFO - [2021-09-30 19:23:38,373] {dag.py:1833} INFO - Sync 1 DAGs
[2021-09-30 19:23:38,392] {logging_mixin.py:104} INFO - [2021-09-30 19:23:38,392] {dag.py:2306} INFO - Setting next_dagrun for example_skip_dag to 2021-09-28 00:00:00+00:00
[2021-09-30 19:23:38,415] {scheduler_job.py:189} INFO - Processing /usr/local/lib/python3.8/dist-packages/airflow/example_dags/example_skip_dag.py took 0.084 seconds
[2021-09-30 19:24:08,516] {scheduler_job.py:181} INFO - Started process (PID=1705197) to work on /usr/local/lib/python3.8/dist-packages/airflow/example_dags/example_skip_dag.py
[2021-09-30 19:24:08,517] {scheduler_job.py:632} INFO - Processing file /usr/local/lib/python3.8/dist-packages/airflow/example_dags/example_skip_dag.py for tasks to queue
[2021-09-30 19:24:08,518] {logging_mixin.py:104} INFO - [2021-09-30 19:24:08,517] {dagbag.py:496} INFO - Filling up the DagBag from /usr/local/lib/python3.8/dist-packages/airflow/example_dags/example_skip_dag.py
[2021-09-30 19:24:08,535] {scheduler_job.py:642} INFO - DAG(s) dict_keys(['example_skip_dag']) retrieved from /usr/local/lib/python3.8/dist-packages/airflow/example_dags/example_skip_dag.py
[2021-09-30 19:24:08,577] {logging_mixin.py:104} INFO - [2021-09-30 19:24:08,577] {dag.py:1833} INFO - Sync 1 DAGs
[2021-09-30 19:24:08,591] {logging_mixin.py:104} INFO - [2021-09-30 19:24:08,591] {dag.py:2306} INFO - Setting next_dagrun for example_skip_dag to 2021-09-28 00:00:00+00:00
[2021-09-30 19:24:08,627] {scheduler_job.py:189} INFO - Processing /usr/local/lib/python3.8/dist-packages/airflow/example_dags/example_skip_dag.py took 0.114 seconds
[2021-09-30 19:24:39,767] {scheduler_job.py:181} INFO - Started process (PID=1706433) to work on /usr/local/lib/python3.8/dist-packages/airflow/example_dags/example_skip_dag.py
[2021-09-30 19:24:39,778] {scheduler_job.py:632} INFO - Processing file /usr/local/lib/python3.8/dist-packages/airflow/example_dags/example_skip_dag.py for tasks to queue
[2021-09-30 19:24:39,788] {logging_mixin.py:104} INFO - [2021-09-30 19:24:39,788] {dagbag.py:496} INFO - Filling up the DagBag from /usr/local/lib/python3.8/dist-packages/airflow/example_dags/example_skip_dag.py
[2021-09-30 19:24:39,892] {scheduler_job.py:642} INFO - DAG(s) dict_keys(['example_skip_dag']) retrieved from /usr/local/lib/python3.8/dist-packages/airflow/example_dags/example_skip_dag.py
[2021-09-30 19:24:39,971] {logging_mixin.py:104} INFO - [2021-09-30 19:24:39,971] {dag.py:1833} INFO - Sync 1 DAGs
[2021-09-30 19:24:39,993] {logging_mixin.py:104} INFO - [2021-09-30 19:24:39,993] {dag.py:2306} INFO - Setting next_dagrun for example_skip_dag to 2021-09-28 00:00:00+00:00
[2021-09-30 19:24:40,021] {scheduler_job.py:189} INFO - Processing /usr/local/lib/python3.8/dist-packages/airflow/example_dags/example_skip_dag.py took 0.259 seconds
[2021-09-30 19:25:10,220] {scheduler_job.py:181} INFO - Started process (PID=1707943) to work on /usr/local/lib/python3.8/dist-packages/airflow/example_dags/example_skip_dag.py
[2021-09-30 19:25:10,221] {scheduler_job.py:632} INFO - Processing file /usr/local/lib/python3.8/dist-packages/airflow/example_dags/example_skip_dag.py for tasks to queue
[2021-09-30 19:25:10,221] {logging_mixin.py:104} INFO - [2021-09-30 19:25:10,221] {dagbag.py:496} INFO - Filling up the DagBag from /usr/local/lib/python3.8/dist-packages/airflow/example_dags/example_skip_dag.py
[2021-09-30 19:25:10,232] {scheduler_job.py:642} INFO - DAG(s) dict_keys(['example_skip_dag']) retrieved from /usr/local/lib/python3.8/dist-packages/airflow/example_dags/example_skip_dag.py
[2021-09-30 19:25:10,258] {logging_mixin.py:104} INFO - [2021-09-30 19:25:10,258] {dag.py:1833} INFO - Sync 1 DAGs
[2021-09-30 19:25:10,272] {logging_mixin.py:104} INFO - [2021-09-30 19:25:10,272] {dag.py:2306} INFO - Setting next_dagrun for example_skip_dag to 2021-09-28 00:00:00+00:00
[2021-09-30 19:25:10,287] {scheduler_job.py:189} INFO - Processing /usr/local/lib/python3.8/dist-packages/airflow/example_dags/example_skip_dag.py took 0.070 seconds
[2021-09-30 19:25:40,545] {scheduler_job.py:181} INFO - Started process (PID=1709394) to work on /usr/local/lib/python3.8/dist-packages/airflow/example_dags/example_skip_dag.py
[2021-09-30 19:25:40,548] {scheduler_job.py:632} INFO - Processing file /usr/local/lib/python3.8/dist-packages/airflow/example_dags/example_skip_dag.py for tasks to queue
[2021-09-30 19:25:40,549] {logging_mixin.py:104} INFO - [2021-09-30 19:25:40,549] {dagbag.py:496} INFO - Filling up the DagBag from /usr/local/lib/python3.8/dist-packages/airflow/example_dags/example_skip_dag.py
[2021-09-30 19:25:40,559] {scheduler_job.py:642} INFO - DAG(s) dict_keys(['example_skip_dag']) retrieved from /usr/local/lib/python3.8/dist-packages/airflow/example_dags/example_skip_dag.py
[2021-09-30 19:25:40,579] {logging_mixin.py:104} INFO - [2021-09-30 19:25:40,579] {dag.py:1833} INFO - Sync 1 DAGs
[2021-09-30 19:25:40,590] {logging_mixin.py:104} INFO - [2021-09-30 19:25:40,590] {dag.py:2306} INFO - Setting next_dagrun for example_skip_dag to 2021-09-28 00:00:00+00:00
[2021-09-30 19:25:40,654] {scheduler_job.py:189} INFO - Processing /usr/local/lib/python3.8/dist-packages/airflow/example_dags/example_skip_dag.py took 0.113 seconds
[2021-09-30 19:26:10,989] {scheduler_job.py:181} INFO - Started process (PID=1710976) to work on /usr/local/lib/python3.8/dist-packages/airflow/example_dags/example_skip_dag.py
[2021-09-30 19:26:10,990] {scheduler_job.py:632} INFO - Processing file /usr/local/lib/python3.8/dist-packages/airflow/example_dags/example_skip_dag.py for tasks to queue
[2021-09-30 19:26:10,990] {logging_mixin.py:104} INFO - [2021-09-30 19:26:10,990] {dagbag.py:496} INFO - Filling up the DagBag from /usr/local/lib/python3.8/dist-packages/airflow/example_dags/example_skip_dag.py
[2021-09-30 19:26:11,006] {scheduler_job.py:642} INFO - DAG(s) dict_keys(['example_skip_dag']) retrieved from /usr/local/lib/python3.8/dist-packages/airflow/example_dags/example_skip_dag.py
[2021-09-30 19:26:11,052] {logging_mixin.py:104} INFO - [2021-09-30 19:26:11,052] {dag.py:1833} INFO - Sync 1 DAGs
[2021-09-30 19:26:11,075] {logging_mixin.py:104} INFO - [2021-09-30 19:26:11,075] {dag.py:2306} INFO - Setting next_dagrun for example_skip_dag to 2021-09-28 00:00:00+00:00
[2021-09-30 19:26:11,089] {scheduler_job.py:189} INFO - Processing /usr/local/lib/python3.8/dist-packages/airflow/example_dags/example_skip_dag.py took 0.103 seconds
[2021-09-30 19:26:41,578] {scheduler_job.py:181} INFO - Started process (PID=1712224) to work on /usr/local/lib/python3.8/dist-packages/airflow/example_dags/example_skip_dag.py
[2021-09-30 19:26:41,579] {scheduler_job.py:632} INFO - Processing file /usr/local/lib/python3.8/dist-packages/airflow/example_dags/example_skip_dag.py for tasks to queue
[2021-09-30 19:26:41,579] {logging_mixin.py:104} INFO - [2021-09-30 19:26:41,579] {dagbag.py:496} INFO - Filling up the DagBag from /usr/local/lib/python3.8/dist-packages/airflow/example_dags/example_skip_dag.py
[2021-09-30 19:26:41,608] {scheduler_job.py:642} INFO - DAG(s) dict_keys(['example_skip_dag']) retrieved from /usr/local/lib/python3.8/dist-packages/airflow/example_dags/example_skip_dag.py
[2021-09-30 19:26:41,672] {logging_mixin.py:104} INFO - [2021-09-30 19:26:41,672] {dag.py:1833} INFO - Sync 1 DAGs
[2021-09-30 19:26:41,689] {logging_mixin.py:104} INFO - [2021-09-30 19:26:41,689] {dag.py:2306} INFO - Setting next_dagrun for example_skip_dag to 2021-09-28 00:00:00+00:00
[2021-09-30 19:26:41,720] {scheduler_job.py:189} INFO - Processing /usr/local/lib/python3.8/dist-packages/airflow/example_dags/example_skip_dag.py took 0.146 seconds
[2021-09-30 19:27:11,954] {scheduler_job.py:181} INFO - Started process (PID=1713607) to work on /usr/local/lib/python3.8/dist-packages/airflow/example_dags/example_skip_dag.py
[2021-09-30 19:27:11,955] {scheduler_job.py:632} INFO - Processing file /usr/local/lib/python3.8/dist-packages/airflow/example_dags/example_skip_dag.py for tasks to queue
[2021-09-30 19:27:11,956] {logging_mixin.py:104} INFO - [2021-09-30 19:27:11,956] {dagbag.py:496} INFO - Filling up the DagBag from /usr/local/lib/python3.8/dist-packages/airflow/example_dags/example_skip_dag.py
[2021-09-30 19:27:11,966] {scheduler_job.py:642} INFO - DAG(s) dict_keys(['example_skip_dag']) retrieved from /usr/local/lib/python3.8/dist-packages/airflow/example_dags/example_skip_dag.py
[2021-09-30 19:27:11,984] {logging_mixin.py:104} INFO - [2021-09-30 19:27:11,984] {dag.py:1833} INFO - Sync 1 DAGs
[2021-09-30 19:27:11,995] {logging_mixin.py:104} INFO - [2021-09-30 19:27:11,995] {dag.py:2306} INFO - Setting next_dagrun for example_skip_dag to 2021-09-28 00:00:00+00:00
[2021-09-30 19:27:12,007] {scheduler_job.py:189} INFO - Processing /usr/local/lib/python3.8/dist-packages/airflow/example_dags/example_skip_dag.py took 0.057 seconds
[2021-09-30 19:27:42,608] {scheduler_job.py:181} INFO - Started process (PID=1715076) to work on /usr/local/lib/python3.8/dist-packages/airflow/example_dags/example_skip_dag.py
[2021-09-30 19:27:42,609] {scheduler_job.py:632} INFO - Processing file /usr/local/lib/python3.8/dist-packages/airflow/example_dags/example_skip_dag.py for tasks to queue
[2021-09-30 19:27:42,610] {logging_mixin.py:104} INFO - [2021-09-30 19:27:42,610] {dagbag.py:496} INFO - Filling up the DagBag from /usr/local/lib/python3.8/dist-packages/airflow/example_dags/example_skip_dag.py
[2021-09-30 19:27:42,628] {scheduler_job.py:642} INFO - DAG(s) dict_keys(['example_skip_dag']) retrieved from /usr/local/lib/python3.8/dist-packages/airflow/example_dags/example_skip_dag.py
[2021-09-30 19:27:42,662] {logging_mixin.py:104} INFO - [2021-09-30 19:27:42,661] {dag.py:1833} INFO - Sync 1 DAGs
[2021-09-30 19:27:42,680] {logging_mixin.py:104} INFO - [2021-09-30 19:27:42,680] {dag.py:2306} INFO - Setting next_dagrun for example_skip_dag to 2021-09-28 00:00:00+00:00
[2021-09-30 19:27:42,750] {scheduler_job.py:189} INFO - Processing /usr/local/lib/python3.8/dist-packages/airflow/example_dags/example_skip_dag.py took 0.149 seconds
[2021-09-30 19:28:13,811] {scheduler_job.py:181} INFO - Started process (PID=1716721) to work on /usr/local/lib/python3.8/dist-packages/airflow/example_dags/example_skip_dag.py
[2021-09-30 19:28:13,812] {scheduler_job.py:632} INFO - Processing file /usr/local/lib/python3.8/dist-packages/airflow/example_dags/example_skip_dag.py for tasks to queue
[2021-09-30 19:28:13,812] {logging_mixin.py:104} INFO - [2021-09-30 19:28:13,812] {dagbag.py:496} INFO - Filling up the DagBag from /usr/local/lib/python3.8/dist-packages/airflow/example_dags/example_skip_dag.py
[2021-09-30 19:28:13,828] {scheduler_job.py:642} INFO - DAG(s) dict_keys(['example_skip_dag']) retrieved from /usr/local/lib/python3.8/dist-packages/airflow/example_dags/example_skip_dag.py
[2021-09-30 19:28:13,868] {logging_mixin.py:104} INFO - [2021-09-30 19:28:13,868] {dag.py:1833} INFO - Sync 1 DAGs
[2021-09-30 19:28:13,883] {logging_mixin.py:104} INFO - [2021-09-30 19:28:13,883] {dag.py:2306} INFO - Setting next_dagrun for example_skip_dag to 2021-09-28 00:00:00+00:00
[2021-09-30 19:28:13,949] {scheduler_job.py:189} INFO - Processing /usr/local/lib/python3.8/dist-packages/airflow/example_dags/example_skip_dag.py took 0.141 seconds
[2021-09-30 19:28:45,140] {scheduler_job.py:181} INFO - Started process (PID=1717995) to work on /usr/local/lib/python3.8/dist-packages/airflow/example_dags/example_skip_dag.py
[2021-09-30 19:28:45,142] {scheduler_job.py:632} INFO - Processing file /usr/local/lib/python3.8/dist-packages/airflow/example_dags/example_skip_dag.py for tasks to queue
[2021-09-30 19:28:45,142] {logging_mixin.py:104} INFO - [2021-09-30 19:28:45,142] {dagbag.py:496} INFO - Filling up the DagBag from /usr/local/lib/python3.8/dist-packages/airflow/example_dags/example_skip_dag.py
[2021-09-30 19:28:45,191] {scheduler_job.py:642} INFO - DAG(s) dict_keys(['example_skip_dag']) retrieved from /usr/local/lib/python3.8/dist-packages/airflow/example_dags/example_skip_dag.py
[2021-09-30 19:28:45,265] {logging_mixin.py:104} INFO - [2021-09-30 19:28:45,265] {dag.py:1833} INFO - Sync 1 DAGs
[2021-09-30 19:28:45,375] {logging_mixin.py:104} INFO - [2021-09-30 19:28:45,374] {dag.py:2306} INFO - Setting next_dagrun for example_skip_dag to 2021-09-28 00:00:00+00:00
[2021-09-30 19:28:45,571] {scheduler_job.py:189} INFO - Processing /usr/local/lib/python3.8/dist-packages/airflow/example_dags/example_skip_dag.py took 0.433 seconds
[2021-09-30 19:29:15,681] {scheduler_job.py:181} INFO - Started process (PID=1719439) to work on /usr/local/lib/python3.8/dist-packages/airflow/example_dags/example_skip_dag.py
[2021-09-30 19:29:15,682] {scheduler_job.py:632} INFO - Processing file /usr/local/lib/python3.8/dist-packages/airflow/example_dags/example_skip_dag.py for tasks to queue
[2021-09-30 19:29:15,682] {logging_mixin.py:104} INFO - [2021-09-30 19:29:15,682] {dagbag.py:496} INFO - Filling up the DagBag from /usr/local/lib/python3.8/dist-packages/airflow/example_dags/example_skip_dag.py
[2021-09-30 19:29:15,692] {scheduler_job.py:642} INFO - DAG(s) dict_keys(['example_skip_dag']) retrieved from /usr/local/lib/python3.8/dist-packages/airflow/example_dags/example_skip_dag.py
[2021-09-30 19:29:15,715] {logging_mixin.py:104} INFO - [2021-09-30 19:29:15,715] {dag.py:1833} INFO - Sync 1 DAGs
[2021-09-30 19:29:15,736] {logging_mixin.py:104} INFO - [2021-09-30 19:29:15,736] {dag.py:2306} INFO - Setting next_dagrun for example_skip_dag to 2021-09-28 00:00:00+00:00
[2021-09-30 19:29:15,754] {scheduler_job.py:189} INFO - Processing /usr/local/lib/python3.8/dist-packages/airflow/example_dags/example_skip_dag.py took 0.076 seconds
