[2021-09-30 19:20:00,862] {scheduler_job.py:181} INFO - Started process (PID=1695186) to work on /usr/local/lib/python3.8/dist-packages/airflow/example_dags/example_trigger_controller_dag.py
[2021-09-30 19:20:00,862] {scheduler_job.py:632} INFO - Processing file /usr/local/lib/python3.8/dist-packages/airflow/example_dags/example_trigger_controller_dag.py for tasks to queue
[2021-09-30 19:20:00,863] {logging_mixin.py:104} INFO - [2021-09-30 19:20:00,863] {dagbag.py:496} INFO - Filling up the DagBag from /usr/local/lib/python3.8/dist-packages/airflow/example_dags/example_trigger_controller_dag.py
[2021-09-30 19:20:00,930] {scheduler_job.py:642} INFO - DAG(s) dict_keys(['example_trigger_controller_dag']) retrieved from /usr/local/lib/python3.8/dist-packages/airflow/example_dags/example_trigger_controller_dag.py
[2021-09-30 19:20:00,948] {logging_mixin.py:104} INFO - [2021-09-30 19:20:00,948] {dag.py:1833} INFO - Sync 1 DAGs
[2021-09-30 19:20:00,962] {logging_mixin.py:104} INFO - [2021-09-30 19:20:00,962] {dag.py:2306} INFO - Setting next_dagrun for example_trigger_controller_dag to 2021-09-28 00:00:00+00:00
[2021-09-30 19:20:00,975] {scheduler_job.py:189} INFO - Processing /usr/local/lib/python3.8/dist-packages/airflow/example_dags/example_trigger_controller_dag.py took 0.118 seconds
[2021-09-30 19:20:32,361] {scheduler_job.py:181} INFO - Started process (PID=1696458) to work on /usr/local/lib/python3.8/dist-packages/airflow/example_dags/example_trigger_controller_dag.py
[2021-09-30 19:20:32,470] {scheduler_job.py:632} INFO - Processing file /usr/local/lib/python3.8/dist-packages/airflow/example_dags/example_trigger_controller_dag.py for tasks to queue
[2021-09-30 19:20:32,471] {logging_mixin.py:104} INFO - [2021-09-30 19:20:32,470] {dagbag.py:496} INFO - Filling up the DagBag from /usr/local/lib/python3.8/dist-packages/airflow/example_dags/example_trigger_controller_dag.py
[2021-09-30 19:20:32,478] {scheduler_job.py:642} INFO - DAG(s) dict_keys(['example_trigger_controller_dag']) retrieved from /usr/local/lib/python3.8/dist-packages/airflow/example_dags/example_trigger_controller_dag.py
[2021-09-30 19:20:32,536] {logging_mixin.py:104} INFO - [2021-09-30 19:20:32,536] {dag.py:1833} INFO - Sync 1 DAGs
[2021-09-30 19:20:32,558] {logging_mixin.py:104} INFO - [2021-09-30 19:20:32,557] {dag.py:2306} INFO - Setting next_dagrun for example_trigger_controller_dag to 2021-09-28 00:00:00+00:00
[2021-09-30 19:20:32,582] {scheduler_job.py:189} INFO - Processing /usr/local/lib/python3.8/dist-packages/airflow/example_dags/example_trigger_controller_dag.py took 0.224 seconds
[2021-09-30 19:21:03,061] {scheduler_job.py:181} INFO - Started process (PID=1697688) to work on /usr/local/lib/python3.8/dist-packages/airflow/example_dags/example_trigger_controller_dag.py
[2021-09-30 19:21:03,062] {scheduler_job.py:632} INFO - Processing file /usr/local/lib/python3.8/dist-packages/airflow/example_dags/example_trigger_controller_dag.py for tasks to queue
[2021-09-30 19:21:03,062] {logging_mixin.py:104} INFO - [2021-09-30 19:21:03,062] {dagbag.py:496} INFO - Filling up the DagBag from /usr/local/lib/python3.8/dist-packages/airflow/example_dags/example_trigger_controller_dag.py
[2021-09-30 19:21:03,082] {scheduler_job.py:642} INFO - DAG(s) dict_keys(['example_trigger_controller_dag']) retrieved from /usr/local/lib/python3.8/dist-packages/airflow/example_dags/example_trigger_controller_dag.py
[2021-09-30 19:21:03,111] {logging_mixin.py:104} INFO - [2021-09-30 19:21:03,111] {dag.py:1833} INFO - Sync 1 DAGs
[2021-09-30 19:21:03,126] {logging_mixin.py:104} INFO - [2021-09-30 19:21:03,125] {dag.py:2306} INFO - Setting next_dagrun for example_trigger_controller_dag to 2021-09-28 00:00:00+00:00
[2021-09-30 19:21:03,155] {scheduler_job.py:189} INFO - Processing /usr/local/lib/python3.8/dist-packages/airflow/example_dags/example_trigger_controller_dag.py took 0.097 seconds
[2021-09-30 19:21:33,758] {scheduler_job.py:181} INFO - Started process (PID=1698972) to work on /usr/local/lib/python3.8/dist-packages/airflow/example_dags/example_trigger_controller_dag.py
[2021-09-30 19:21:33,760] {scheduler_job.py:632} INFO - Processing file /usr/local/lib/python3.8/dist-packages/airflow/example_dags/example_trigger_controller_dag.py for tasks to queue
[2021-09-30 19:21:33,760] {logging_mixin.py:104} INFO - [2021-09-30 19:21:33,760] {dagbag.py:496} INFO - Filling up the DagBag from /usr/local/lib/python3.8/dist-packages/airflow/example_dags/example_trigger_controller_dag.py
[2021-09-30 19:21:33,817] {scheduler_job.py:642} INFO - DAG(s) dict_keys(['example_trigger_controller_dag']) retrieved from /usr/local/lib/python3.8/dist-packages/airflow/example_dags/example_trigger_controller_dag.py
[2021-09-30 19:21:33,878] {logging_mixin.py:104} INFO - [2021-09-30 19:21:33,878] {dag.py:1833} INFO - Sync 1 DAGs
[2021-09-30 19:21:33,907] {logging_mixin.py:104} INFO - [2021-09-30 19:21:33,906] {dag.py:2306} INFO - Setting next_dagrun for example_trigger_controller_dag to 2021-09-28 00:00:00+00:00
[2021-09-30 19:21:33,925] {scheduler_job.py:189} INFO - Processing /usr/local/lib/python3.8/dist-packages/airflow/example_dags/example_trigger_controller_dag.py took 0.170 seconds
[2021-09-30 19:22:05,302] {scheduler_job.py:181} INFO - Started process (PID=1700224) to work on /usr/local/lib/python3.8/dist-packages/airflow/example_dags/example_trigger_controller_dag.py
[2021-09-30 19:22:05,304] {scheduler_job.py:632} INFO - Processing file /usr/local/lib/python3.8/dist-packages/airflow/example_dags/example_trigger_controller_dag.py for tasks to queue
[2021-09-30 19:22:05,304] {logging_mixin.py:104} INFO - [2021-09-30 19:22:05,304] {dagbag.py:496} INFO - Filling up the DagBag from /usr/local/lib/python3.8/dist-packages/airflow/example_dags/example_trigger_controller_dag.py
[2021-09-30 19:22:05,334] {scheduler_job.py:642} INFO - DAG(s) dict_keys(['example_trigger_controller_dag']) retrieved from /usr/local/lib/python3.8/dist-packages/airflow/example_dags/example_trigger_controller_dag.py
[2021-09-30 19:22:05,368] {logging_mixin.py:104} INFO - [2021-09-30 19:22:05,368] {dag.py:1833} INFO - Sync 1 DAGs
[2021-09-30 19:22:05,400] {logging_mixin.py:104} INFO - [2021-09-30 19:22:05,400] {dag.py:2306} INFO - Setting next_dagrun for example_trigger_controller_dag to 2021-09-28 00:00:00+00:00
[2021-09-30 19:22:05,533] {scheduler_job.py:189} INFO - Processing /usr/local/lib/python3.8/dist-packages/airflow/example_dags/example_trigger_controller_dag.py took 0.235 seconds
[2021-09-30 19:22:36,718] {scheduler_job.py:181} INFO - Started process (PID=1701511) to work on /usr/local/lib/python3.8/dist-packages/airflow/example_dags/example_trigger_controller_dag.py
[2021-09-30 19:22:36,721] {scheduler_job.py:632} INFO - Processing file /usr/local/lib/python3.8/dist-packages/airflow/example_dags/example_trigger_controller_dag.py for tasks to queue
[2021-09-30 19:22:36,722] {logging_mixin.py:104} INFO - [2021-09-30 19:22:36,722] {dagbag.py:496} INFO - Filling up the DagBag from /usr/local/lib/python3.8/dist-packages/airflow/example_dags/example_trigger_controller_dag.py
[2021-09-30 19:22:36,767] {scheduler_job.py:642} INFO - DAG(s) dict_keys(['example_trigger_controller_dag']) retrieved from /usr/local/lib/python3.8/dist-packages/airflow/example_dags/example_trigger_controller_dag.py
[2021-09-30 19:22:36,825] {logging_mixin.py:104} INFO - [2021-09-30 19:22:36,825] {dag.py:1833} INFO - Sync 1 DAGs
[2021-09-30 19:22:36,840] {logging_mixin.py:104} INFO - [2021-09-30 19:22:36,840] {dag.py:2306} INFO - Setting next_dagrun for example_trigger_controller_dag to 2021-09-28 00:00:00+00:00
[2021-09-30 19:22:36,860] {scheduler_job.py:189} INFO - Processing /usr/local/lib/python3.8/dist-packages/airflow/example_dags/example_trigger_controller_dag.py took 0.147 seconds
[2021-09-30 19:23:08,457] {scheduler_job.py:181} INFO - Started process (PID=1702568) to work on /usr/local/lib/python3.8/dist-packages/airflow/example_dags/example_trigger_controller_dag.py
[2021-09-30 19:23:08,457] {scheduler_job.py:632} INFO - Processing file /usr/local/lib/python3.8/dist-packages/airflow/example_dags/example_trigger_controller_dag.py for tasks to queue
[2021-09-30 19:23:08,458] {logging_mixin.py:104} INFO - [2021-09-30 19:23:08,458] {dagbag.py:496} INFO - Filling up the DagBag from /usr/local/lib/python3.8/dist-packages/airflow/example_dags/example_trigger_controller_dag.py
[2021-09-30 19:23:08,479] {scheduler_job.py:642} INFO - DAG(s) dict_keys(['example_trigger_controller_dag']) retrieved from /usr/local/lib/python3.8/dist-packages/airflow/example_dags/example_trigger_controller_dag.py
[2021-09-30 19:23:08,512] {logging_mixin.py:104} INFO - [2021-09-30 19:23:08,512] {dag.py:1833} INFO - Sync 1 DAGs
[2021-09-30 19:23:08,525] {logging_mixin.py:104} INFO - [2021-09-30 19:23:08,525] {dag.py:2306} INFO - Setting next_dagrun for example_trigger_controller_dag to 2021-09-28 00:00:00+00:00
[2021-09-30 19:23:08,681] {scheduler_job.py:189} INFO - Processing /usr/local/lib/python3.8/dist-packages/airflow/example_dags/example_trigger_controller_dag.py took 0.228 seconds
[2021-09-30 19:23:38,904] {scheduler_job.py:181} INFO - Started process (PID=1703710) to work on /usr/local/lib/python3.8/dist-packages/airflow/example_dags/example_trigger_controller_dag.py
[2021-09-30 19:23:38,907] {scheduler_job.py:632} INFO - Processing file /usr/local/lib/python3.8/dist-packages/airflow/example_dags/example_trigger_controller_dag.py for tasks to queue
[2021-09-30 19:23:38,908] {logging_mixin.py:104} INFO - [2021-09-30 19:23:38,907] {dagbag.py:496} INFO - Filling up the DagBag from /usr/local/lib/python3.8/dist-packages/airflow/example_dags/example_trigger_controller_dag.py
[2021-09-30 19:23:38,956] {scheduler_job.py:642} INFO - DAG(s) dict_keys(['example_trigger_controller_dag']) retrieved from /usr/local/lib/python3.8/dist-packages/airflow/example_dags/example_trigger_controller_dag.py
[2021-09-30 19:23:38,990] {logging_mixin.py:104} INFO - [2021-09-30 19:23:38,990] {dag.py:1833} INFO - Sync 1 DAGs
[2021-09-30 19:23:39,006] {logging_mixin.py:104} INFO - [2021-09-30 19:23:39,006] {dag.py:2306} INFO - Setting next_dagrun for example_trigger_controller_dag to 2021-09-28 00:00:00+00:00
[2021-09-30 19:23:39,033] {scheduler_job.py:189} INFO - Processing /usr/local/lib/python3.8/dist-packages/airflow/example_dags/example_trigger_controller_dag.py took 0.134 seconds
[2021-09-30 19:24:09,733] {scheduler_job.py:181} INFO - Started process (PID=1705260) to work on /usr/local/lib/python3.8/dist-packages/airflow/example_dags/example_trigger_controller_dag.py
[2021-09-30 19:24:09,734] {scheduler_job.py:632} INFO - Processing file /usr/local/lib/python3.8/dist-packages/airflow/example_dags/example_trigger_controller_dag.py for tasks to queue
[2021-09-30 19:24:09,734] {logging_mixin.py:104} INFO - [2021-09-30 19:24:09,734] {dagbag.py:496} INFO - Filling up the DagBag from /usr/local/lib/python3.8/dist-packages/airflow/example_dags/example_trigger_controller_dag.py
[2021-09-30 19:24:09,756] {scheduler_job.py:642} INFO - DAG(s) dict_keys(['example_trigger_controller_dag']) retrieved from /usr/local/lib/python3.8/dist-packages/airflow/example_dags/example_trigger_controller_dag.py
[2021-09-30 19:24:09,793] {logging_mixin.py:104} INFO - [2021-09-30 19:24:09,793] {dag.py:1833} INFO - Sync 1 DAGs
[2021-09-30 19:24:09,809] {logging_mixin.py:104} INFO - [2021-09-30 19:24:09,808] {dag.py:2306} INFO - Setting next_dagrun for example_trigger_controller_dag to 2021-09-28 00:00:00+00:00
[2021-09-30 19:24:09,835] {scheduler_job.py:189} INFO - Processing /usr/local/lib/python3.8/dist-packages/airflow/example_dags/example_trigger_controller_dag.py took 0.106 seconds
[2021-09-30 19:24:41,062] {scheduler_job.py:181} INFO - Started process (PID=1706490) to work on /usr/local/lib/python3.8/dist-packages/airflow/example_dags/example_trigger_controller_dag.py
[2021-09-30 19:24:41,070] {scheduler_job.py:632} INFO - Processing file /usr/local/lib/python3.8/dist-packages/airflow/example_dags/example_trigger_controller_dag.py for tasks to queue
[2021-09-30 19:24:41,072] {logging_mixin.py:104} INFO - [2021-09-30 19:24:41,072] {dagbag.py:496} INFO - Filling up the DagBag from /usr/local/lib/python3.8/dist-packages/airflow/example_dags/example_trigger_controller_dag.py
[2021-09-30 19:24:41,159] {scheduler_job.py:642} INFO - DAG(s) dict_keys(['example_trigger_controller_dag']) retrieved from /usr/local/lib/python3.8/dist-packages/airflow/example_dags/example_trigger_controller_dag.py
[2021-09-30 19:24:41,194] {logging_mixin.py:104} INFO - [2021-09-30 19:24:41,194] {dag.py:1833} INFO - Sync 1 DAGs
[2021-09-30 19:24:41,210] {logging_mixin.py:104} INFO - [2021-09-30 19:24:41,210] {dag.py:2306} INFO - Setting next_dagrun for example_trigger_controller_dag to 2021-09-28 00:00:00+00:00
[2021-09-30 19:24:41,235] {scheduler_job.py:189} INFO - Processing /usr/local/lib/python3.8/dist-packages/airflow/example_dags/example_trigger_controller_dag.py took 0.180 seconds
[2021-09-30 19:25:11,980] {scheduler_job.py:181} INFO - Started process (PID=1708098) to work on /usr/local/lib/python3.8/dist-packages/airflow/example_dags/example_trigger_controller_dag.py
[2021-09-30 19:25:11,981] {scheduler_job.py:632} INFO - Processing file /usr/local/lib/python3.8/dist-packages/airflow/example_dags/example_trigger_controller_dag.py for tasks to queue
[2021-09-30 19:25:11,981] {logging_mixin.py:104} INFO - [2021-09-30 19:25:11,981] {dagbag.py:496} INFO - Filling up the DagBag from /usr/local/lib/python3.8/dist-packages/airflow/example_dags/example_trigger_controller_dag.py
[2021-09-30 19:25:11,991] {scheduler_job.py:642} INFO - DAG(s) dict_keys(['example_trigger_controller_dag']) retrieved from /usr/local/lib/python3.8/dist-packages/airflow/example_dags/example_trigger_controller_dag.py
[2021-09-30 19:25:12,024] {logging_mixin.py:104} INFO - [2021-09-30 19:25:12,024] {dag.py:1833} INFO - Sync 1 DAGs
[2021-09-30 19:25:12,041] {logging_mixin.py:104} INFO - [2021-09-30 19:25:12,041] {dag.py:2306} INFO - Setting next_dagrun for example_trigger_controller_dag to 2021-09-28 00:00:00+00:00
[2021-09-30 19:25:12,088] {scheduler_job.py:189} INFO - Processing /usr/local/lib/python3.8/dist-packages/airflow/example_dags/example_trigger_controller_dag.py took 0.111 seconds
[2021-09-30 19:25:42,435] {scheduler_job.py:181} INFO - Started process (PID=1709619) to work on /usr/local/lib/python3.8/dist-packages/airflow/example_dags/example_trigger_controller_dag.py
[2021-09-30 19:25:42,438] {scheduler_job.py:632} INFO - Processing file /usr/local/lib/python3.8/dist-packages/airflow/example_dags/example_trigger_controller_dag.py for tasks to queue
[2021-09-30 19:25:42,438] {logging_mixin.py:104} INFO - [2021-09-30 19:25:42,438] {dagbag.py:496} INFO - Filling up the DagBag from /usr/local/lib/python3.8/dist-packages/airflow/example_dags/example_trigger_controller_dag.py
[2021-09-30 19:25:42,446] {scheduler_job.py:642} INFO - DAG(s) dict_keys(['example_trigger_controller_dag']) retrieved from /usr/local/lib/python3.8/dist-packages/airflow/example_dags/example_trigger_controller_dag.py
[2021-09-30 19:25:42,472] {logging_mixin.py:104} INFO - [2021-09-30 19:25:42,472] {dag.py:1833} INFO - Sync 1 DAGs
[2021-09-30 19:25:42,488] {logging_mixin.py:104} INFO - [2021-09-30 19:25:42,488] {dag.py:2306} INFO - Setting next_dagrun for example_trigger_controller_dag to 2021-09-28 00:00:00+00:00
[2021-09-30 19:25:42,519] {scheduler_job.py:189} INFO - Processing /usr/local/lib/python3.8/dist-packages/airflow/example_dags/example_trigger_controller_dag.py took 0.087 seconds
[2021-09-30 19:26:13,170] {scheduler_job.py:181} INFO - Started process (PID=1711142) to work on /usr/local/lib/python3.8/dist-packages/airflow/example_dags/example_trigger_controller_dag.py
[2021-09-30 19:26:13,170] {scheduler_job.py:632} INFO - Processing file /usr/local/lib/python3.8/dist-packages/airflow/example_dags/example_trigger_controller_dag.py for tasks to queue
[2021-09-30 19:26:13,171] {logging_mixin.py:104} INFO - [2021-09-30 19:26:13,171] {dagbag.py:496} INFO - Filling up the DagBag from /usr/local/lib/python3.8/dist-packages/airflow/example_dags/example_trigger_controller_dag.py
[2021-09-30 19:26:13,181] {scheduler_job.py:642} INFO - DAG(s) dict_keys(['example_trigger_controller_dag']) retrieved from /usr/local/lib/python3.8/dist-packages/airflow/example_dags/example_trigger_controller_dag.py
[2021-09-30 19:26:13,218] {logging_mixin.py:104} INFO - [2021-09-30 19:26:13,218] {dag.py:1833} INFO - Sync 1 DAGs
[2021-09-30 19:26:13,236] {logging_mixin.py:104} INFO - [2021-09-30 19:26:13,236] {dag.py:2306} INFO - Setting next_dagrun for example_trigger_controller_dag to 2021-09-28 00:00:00+00:00
[2021-09-30 19:26:13,256] {scheduler_job.py:189} INFO - Processing /usr/local/lib/python3.8/dist-packages/airflow/example_dags/example_trigger_controller_dag.py took 0.090 seconds
[2021-09-30 19:26:44,360] {scheduler_job.py:181} INFO - Started process (PID=1712405) to work on /usr/local/lib/python3.8/dist-packages/airflow/example_dags/example_trigger_controller_dag.py
[2021-09-30 19:26:44,361] {scheduler_job.py:632} INFO - Processing file /usr/local/lib/python3.8/dist-packages/airflow/example_dags/example_trigger_controller_dag.py for tasks to queue
[2021-09-30 19:26:44,362] {logging_mixin.py:104} INFO - [2021-09-30 19:26:44,362] {dagbag.py:496} INFO - Filling up the DagBag from /usr/local/lib/python3.8/dist-packages/airflow/example_dags/example_trigger_controller_dag.py
[2021-09-30 19:26:44,381] {scheduler_job.py:642} INFO - DAG(s) dict_keys(['example_trigger_controller_dag']) retrieved from /usr/local/lib/python3.8/dist-packages/airflow/example_dags/example_trigger_controller_dag.py
[2021-09-30 19:26:44,468] {logging_mixin.py:104} INFO - [2021-09-30 19:26:44,468] {dag.py:1833} INFO - Sync 1 DAGs
[2021-09-30 19:26:44,498] {logging_mixin.py:104} INFO - [2021-09-30 19:26:44,498] {dag.py:2306} INFO - Setting next_dagrun for example_trigger_controller_dag to 2021-09-28 00:00:00+00:00
[2021-09-30 19:26:44,526] {scheduler_job.py:189} INFO - Processing /usr/local/lib/python3.8/dist-packages/airflow/example_dags/example_trigger_controller_dag.py took 0.169 seconds
[2021-09-30 19:27:14,634] {scheduler_job.py:181} INFO - Started process (PID=1713816) to work on /usr/local/lib/python3.8/dist-packages/airflow/example_dags/example_trigger_controller_dag.py
[2021-09-30 19:27:14,635] {scheduler_job.py:632} INFO - Processing file /usr/local/lib/python3.8/dist-packages/airflow/example_dags/example_trigger_controller_dag.py for tasks to queue
[2021-09-30 19:27:14,635] {logging_mixin.py:104} INFO - [2021-09-30 19:27:14,635] {dagbag.py:496} INFO - Filling up the DagBag from /usr/local/lib/python3.8/dist-packages/airflow/example_dags/example_trigger_controller_dag.py
[2021-09-30 19:27:14,645] {scheduler_job.py:642} INFO - DAG(s) dict_keys(['example_trigger_controller_dag']) retrieved from /usr/local/lib/python3.8/dist-packages/airflow/example_dags/example_trigger_controller_dag.py
[2021-09-30 19:27:14,674] {logging_mixin.py:104} INFO - [2021-09-30 19:27:14,674] {dag.py:1833} INFO - Sync 1 DAGs
[2021-09-30 19:27:14,694] {logging_mixin.py:104} INFO - [2021-09-30 19:27:14,693] {dag.py:2306} INFO - Setting next_dagrun for example_trigger_controller_dag to 2021-09-28 00:00:00+00:00
[2021-09-30 19:27:14,710] {scheduler_job.py:189} INFO - Processing /usr/local/lib/python3.8/dist-packages/airflow/example_dags/example_trigger_controller_dag.py took 0.079 seconds
[2021-09-30 19:27:45,292] {scheduler_job.py:181} INFO - Started process (PID=1715294) to work on /usr/local/lib/python3.8/dist-packages/airflow/example_dags/example_trigger_controller_dag.py
[2021-09-30 19:27:45,293] {scheduler_job.py:632} INFO - Processing file /usr/local/lib/python3.8/dist-packages/airflow/example_dags/example_trigger_controller_dag.py for tasks to queue
[2021-09-30 19:27:45,294] {logging_mixin.py:104} INFO - [2021-09-30 19:27:45,294] {dagbag.py:496} INFO - Filling up the DagBag from /usr/local/lib/python3.8/dist-packages/airflow/example_dags/example_trigger_controller_dag.py
[2021-09-30 19:27:45,305] {scheduler_job.py:642} INFO - DAG(s) dict_keys(['example_trigger_controller_dag']) retrieved from /usr/local/lib/python3.8/dist-packages/airflow/example_dags/example_trigger_controller_dag.py
[2021-09-30 19:27:45,333] {logging_mixin.py:104} INFO - [2021-09-30 19:27:45,333] {dag.py:1833} INFO - Sync 1 DAGs
[2021-09-30 19:27:45,349] {logging_mixin.py:104} INFO - [2021-09-30 19:27:45,349] {dag.py:2306} INFO - Setting next_dagrun for example_trigger_controller_dag to 2021-09-28 00:00:00+00:00
[2021-09-30 19:27:45,366] {scheduler_job.py:189} INFO - Processing /usr/local/lib/python3.8/dist-packages/airflow/example_dags/example_trigger_controller_dag.py took 0.079 seconds
[2021-09-30 19:28:16,455] {scheduler_job.py:181} INFO - Started process (PID=1716814) to work on /usr/local/lib/python3.8/dist-packages/airflow/example_dags/example_trigger_controller_dag.py
[2021-09-30 19:28:16,456] {scheduler_job.py:632} INFO - Processing file /usr/local/lib/python3.8/dist-packages/airflow/example_dags/example_trigger_controller_dag.py for tasks to queue
[2021-09-30 19:28:16,457] {logging_mixin.py:104} INFO - [2021-09-30 19:28:16,457] {dagbag.py:496} INFO - Filling up the DagBag from /usr/local/lib/python3.8/dist-packages/airflow/example_dags/example_trigger_controller_dag.py
[2021-09-30 19:28:16,469] {scheduler_job.py:642} INFO - DAG(s) dict_keys(['example_trigger_controller_dag']) retrieved from /usr/local/lib/python3.8/dist-packages/airflow/example_dags/example_trigger_controller_dag.py
[2021-09-30 19:28:16,499] {logging_mixin.py:104} INFO - [2021-09-30 19:28:16,499] {dag.py:1833} INFO - Sync 1 DAGs
[2021-09-30 19:28:16,516] {logging_mixin.py:104} INFO - [2021-09-30 19:28:16,516] {dag.py:2306} INFO - Setting next_dagrun for example_trigger_controller_dag to 2021-09-28 00:00:00+00:00
[2021-09-30 19:28:16,544] {scheduler_job.py:189} INFO - Processing /usr/local/lib/python3.8/dist-packages/airflow/example_dags/example_trigger_controller_dag.py took 0.092 seconds
[2021-09-30 19:28:47,321] {scheduler_job.py:181} INFO - Started process (PID=1718140) to work on /usr/local/lib/python3.8/dist-packages/airflow/example_dags/example_trigger_controller_dag.py
[2021-09-30 19:28:47,323] {scheduler_job.py:632} INFO - Processing file /usr/local/lib/python3.8/dist-packages/airflow/example_dags/example_trigger_controller_dag.py for tasks to queue
[2021-09-30 19:28:47,323] {logging_mixin.py:104} INFO - [2021-09-30 19:28:47,323] {dagbag.py:496} INFO - Filling up the DagBag from /usr/local/lib/python3.8/dist-packages/airflow/example_dags/example_trigger_controller_dag.py
[2021-09-30 19:28:47,344] {scheduler_job.py:642} INFO - DAG(s) dict_keys(['example_trigger_controller_dag']) retrieved from /usr/local/lib/python3.8/dist-packages/airflow/example_dags/example_trigger_controller_dag.py
[2021-09-30 19:28:47,381] {logging_mixin.py:104} INFO - [2021-09-30 19:28:47,381] {dag.py:1833} INFO - Sync 1 DAGs
[2021-09-30 19:28:47,410] {logging_mixin.py:104} INFO - [2021-09-30 19:28:47,410] {dag.py:2306} INFO - Setting next_dagrun for example_trigger_controller_dag to 2021-09-28 00:00:00+00:00
[2021-09-30 19:28:47,438] {scheduler_job.py:189} INFO - Processing /usr/local/lib/python3.8/dist-packages/airflow/example_dags/example_trigger_controller_dag.py took 0.120 seconds
[2021-09-30 19:29:17,747] {scheduler_job.py:181} INFO - Started process (PID=1719554) to work on /usr/local/lib/python3.8/dist-packages/airflow/example_dags/example_trigger_controller_dag.py
[2021-09-30 19:29:17,748] {scheduler_job.py:632} INFO - Processing file /usr/local/lib/python3.8/dist-packages/airflow/example_dags/example_trigger_controller_dag.py for tasks to queue
[2021-09-30 19:29:17,748] {logging_mixin.py:104} INFO - [2021-09-30 19:29:17,748] {dagbag.py:496} INFO - Filling up the DagBag from /usr/local/lib/python3.8/dist-packages/airflow/example_dags/example_trigger_controller_dag.py
[2021-09-30 19:29:17,758] {scheduler_job.py:642} INFO - DAG(s) dict_keys(['example_trigger_controller_dag']) retrieved from /usr/local/lib/python3.8/dist-packages/airflow/example_dags/example_trigger_controller_dag.py
[2021-09-30 19:29:17,782] {logging_mixin.py:104} INFO - [2021-09-30 19:29:17,782] {dag.py:1833} INFO - Sync 1 DAGs
[2021-09-30 19:29:17,798] {logging_mixin.py:104} INFO - [2021-09-30 19:29:17,798] {dag.py:2306} INFO - Setting next_dagrun for example_trigger_controller_dag to 2021-09-28 00:00:00+00:00
[2021-09-30 19:29:17,813] {scheduler_job.py:189} INFO - Processing /usr/local/lib/python3.8/dist-packages/airflow/example_dags/example_trigger_controller_dag.py took 0.069 seconds
