[2021-09-30 19:20:00,962] {scheduler_job.py:181} INFO - Started process (PID=1695193) to work on /usr/local/lib/python3.8/dist-packages/airflow/example_dags/example_trigger_target_dag.py
[2021-09-30 19:20:00,963] {scheduler_job.py:632} INFO - Processing file /usr/local/lib/python3.8/dist-packages/airflow/example_dags/example_trigger_target_dag.py for tasks to queue
[2021-09-30 19:20:00,963] {logging_mixin.py:104} INFO - [2021-09-30 19:20:00,963] {dagbag.py:496} INFO - Filling up the DagBag from /usr/local/lib/python3.8/dist-packages/airflow/example_dags/example_trigger_target_dag.py
[2021-09-30 19:20:01,025] {scheduler_job.py:642} INFO - DAG(s) dict_keys(['example_trigger_target_dag']) retrieved from /usr/local/lib/python3.8/dist-packages/airflow/example_dags/example_trigger_target_dag.py
[2021-09-30 19:20:01,042] {logging_mixin.py:104} INFO - [2021-09-30 19:20:01,042] {dag.py:1833} INFO - Sync 1 DAGs
[2021-09-30 19:20:01,051] {logging_mixin.py:104} INFO - [2021-09-30 19:20:01,051] {dag.py:2306} INFO - Setting next_dagrun for example_trigger_target_dag to None
[2021-09-30 19:20:01,066] {scheduler_job.py:189} INFO - Processing /usr/local/lib/python3.8/dist-packages/airflow/example_dags/example_trigger_target_dag.py took 0.107 seconds
[2021-09-30 19:20:32,424] {scheduler_job.py:181} INFO - Started process (PID=1696463) to work on /usr/local/lib/python3.8/dist-packages/airflow/example_dags/example_trigger_target_dag.py
[2021-09-30 19:20:32,508] {scheduler_job.py:632} INFO - Processing file /usr/local/lib/python3.8/dist-packages/airflow/example_dags/example_trigger_target_dag.py for tasks to queue
[2021-09-30 19:20:32,508] {logging_mixin.py:104} INFO - [2021-09-30 19:20:32,508] {dagbag.py:496} INFO - Filling up the DagBag from /usr/local/lib/python3.8/dist-packages/airflow/example_dags/example_trigger_target_dag.py
[2021-09-30 19:20:32,520] {scheduler_job.py:642} INFO - DAG(s) dict_keys(['example_trigger_target_dag']) retrieved from /usr/local/lib/python3.8/dist-packages/airflow/example_dags/example_trigger_target_dag.py
[2021-09-30 19:20:32,548] {logging_mixin.py:104} INFO - [2021-09-30 19:20:32,548] {dag.py:1833} INFO - Sync 1 DAGs
[2021-09-30 19:20:32,561] {logging_mixin.py:104} INFO - [2021-09-30 19:20:32,561] {dag.py:2306} INFO - Setting next_dagrun for example_trigger_target_dag to None
[2021-09-30 19:20:32,595] {scheduler_job.py:189} INFO - Processing /usr/local/lib/python3.8/dist-packages/airflow/example_dags/example_trigger_target_dag.py took 0.174 seconds
[2021-09-30 19:21:03,193] {scheduler_job.py:181} INFO - Started process (PID=1697699) to work on /usr/local/lib/python3.8/dist-packages/airflow/example_dags/example_trigger_target_dag.py
[2021-09-30 19:21:03,194] {scheduler_job.py:632} INFO - Processing file /usr/local/lib/python3.8/dist-packages/airflow/example_dags/example_trigger_target_dag.py for tasks to queue
[2021-09-30 19:21:03,195] {logging_mixin.py:104} INFO - [2021-09-30 19:21:03,194] {dagbag.py:496} INFO - Filling up the DagBag from /usr/local/lib/python3.8/dist-packages/airflow/example_dags/example_trigger_target_dag.py
[2021-09-30 19:21:03,209] {scheduler_job.py:642} INFO - DAG(s) dict_keys(['example_trigger_target_dag']) retrieved from /usr/local/lib/python3.8/dist-packages/airflow/example_dags/example_trigger_target_dag.py
[2021-09-30 19:21:03,243] {logging_mixin.py:104} INFO - [2021-09-30 19:21:03,243] {dag.py:1833} INFO - Sync 1 DAGs
[2021-09-30 19:21:03,256] {logging_mixin.py:104} INFO - [2021-09-30 19:21:03,256] {dag.py:2306} INFO - Setting next_dagrun for example_trigger_target_dag to None
[2021-09-30 19:21:03,272] {scheduler_job.py:189} INFO - Processing /usr/local/lib/python3.8/dist-packages/airflow/example_dags/example_trigger_target_dag.py took 0.083 seconds
[2021-09-30 19:21:33,977] {scheduler_job.py:181} INFO - Started process (PID=1698988) to work on /usr/local/lib/python3.8/dist-packages/airflow/example_dags/example_trigger_target_dag.py
[2021-09-30 19:21:33,978] {scheduler_job.py:632} INFO - Processing file /usr/local/lib/python3.8/dist-packages/airflow/example_dags/example_trigger_target_dag.py for tasks to queue
[2021-09-30 19:21:33,979] {logging_mixin.py:104} INFO - [2021-09-30 19:21:33,979] {dagbag.py:496} INFO - Filling up the DagBag from /usr/local/lib/python3.8/dist-packages/airflow/example_dags/example_trigger_target_dag.py
[2021-09-30 19:21:33,995] {scheduler_job.py:642} INFO - DAG(s) dict_keys(['example_trigger_target_dag']) retrieved from /usr/local/lib/python3.8/dist-packages/airflow/example_dags/example_trigger_target_dag.py
[2021-09-30 19:21:34,056] {logging_mixin.py:104} INFO - [2021-09-30 19:21:34,055] {dag.py:1833} INFO - Sync 1 DAGs
[2021-09-30 19:21:34,099] {logging_mixin.py:104} INFO - [2021-09-30 19:21:34,099] {dag.py:2306} INFO - Setting next_dagrun for example_trigger_target_dag to None
[2021-09-30 19:21:34,149] {scheduler_job.py:189} INFO - Processing /usr/local/lib/python3.8/dist-packages/airflow/example_dags/example_trigger_target_dag.py took 0.173 seconds
[2021-09-30 19:22:05,522] {scheduler_job.py:181} INFO - Started process (PID=1700230) to work on /usr/local/lib/python3.8/dist-packages/airflow/example_dags/example_trigger_target_dag.py
[2021-09-30 19:22:05,523] {scheduler_job.py:632} INFO - Processing file /usr/local/lib/python3.8/dist-packages/airflow/example_dags/example_trigger_target_dag.py for tasks to queue
[2021-09-30 19:22:05,523] {logging_mixin.py:104} INFO - [2021-09-30 19:22:05,523] {dagbag.py:496} INFO - Filling up the DagBag from /usr/local/lib/python3.8/dist-packages/airflow/example_dags/example_trigger_target_dag.py
[2021-09-30 19:22:05,559] {scheduler_job.py:642} INFO - DAG(s) dict_keys(['example_trigger_target_dag']) retrieved from /usr/local/lib/python3.8/dist-packages/airflow/example_dags/example_trigger_target_dag.py
[2021-09-30 19:22:05,584] {logging_mixin.py:104} INFO - [2021-09-30 19:22:05,584] {dag.py:1833} INFO - Sync 1 DAGs
[2021-09-30 19:22:05,599] {logging_mixin.py:104} INFO - [2021-09-30 19:22:05,599] {dag.py:2306} INFO - Setting next_dagrun for example_trigger_target_dag to None
[2021-09-30 19:22:05,743] {scheduler_job.py:189} INFO - Processing /usr/local/lib/python3.8/dist-packages/airflow/example_dags/example_trigger_target_dag.py took 0.225 seconds
[2021-09-30 19:22:36,931] {scheduler_job.py:181} INFO - Started process (PID=1701517) to work on /usr/local/lib/python3.8/dist-packages/airflow/example_dags/example_trigger_target_dag.py
[2021-09-30 19:22:36,932] {scheduler_job.py:632} INFO - Processing file /usr/local/lib/python3.8/dist-packages/airflow/example_dags/example_trigger_target_dag.py for tasks to queue
[2021-09-30 19:22:36,933] {logging_mixin.py:104} INFO - [2021-09-30 19:22:36,932] {dagbag.py:496} INFO - Filling up the DagBag from /usr/local/lib/python3.8/dist-packages/airflow/example_dags/example_trigger_target_dag.py
[2021-09-30 19:22:36,992] {scheduler_job.py:642} INFO - DAG(s) dict_keys(['example_trigger_target_dag']) retrieved from /usr/local/lib/python3.8/dist-packages/airflow/example_dags/example_trigger_target_dag.py
[2021-09-30 19:22:37,044] {logging_mixin.py:104} INFO - [2021-09-30 19:22:37,044] {dag.py:1833} INFO - Sync 1 DAGs
[2021-09-30 19:22:37,085] {logging_mixin.py:104} INFO - [2021-09-30 19:22:37,085] {dag.py:2306} INFO - Setting next_dagrun for example_trigger_target_dag to None
[2021-09-30 19:22:37,145] {scheduler_job.py:189} INFO - Processing /usr/local/lib/python3.8/dist-packages/airflow/example_dags/example_trigger_target_dag.py took 0.218 seconds
[2021-09-30 19:23:08,562] {scheduler_job.py:181} INFO - Started process (PID=1702577) to work on /usr/local/lib/python3.8/dist-packages/airflow/example_dags/example_trigger_target_dag.py
[2021-09-30 19:23:08,563] {scheduler_job.py:632} INFO - Processing file /usr/local/lib/python3.8/dist-packages/airflow/example_dags/example_trigger_target_dag.py for tasks to queue
[2021-09-30 19:23:08,564] {logging_mixin.py:104} INFO - [2021-09-30 19:23:08,564] {dagbag.py:496} INFO - Filling up the DagBag from /usr/local/lib/python3.8/dist-packages/airflow/example_dags/example_trigger_target_dag.py
[2021-09-30 19:23:08,580] {scheduler_job.py:642} INFO - DAG(s) dict_keys(['example_trigger_target_dag']) retrieved from /usr/local/lib/python3.8/dist-packages/airflow/example_dags/example_trigger_target_dag.py
[2021-09-30 19:23:08,609] {logging_mixin.py:104} INFO - [2021-09-30 19:23:08,609] {dag.py:1833} INFO - Sync 1 DAGs
[2021-09-30 19:23:08,627] {logging_mixin.py:104} INFO - [2021-09-30 19:23:08,627] {dag.py:2306} INFO - Setting next_dagrun for example_trigger_target_dag to None
[2021-09-30 19:23:08,707] {scheduler_job.py:189} INFO - Processing /usr/local/lib/python3.8/dist-packages/airflow/example_dags/example_trigger_target_dag.py took 0.148 seconds
[2021-09-30 19:23:39,025] {scheduler_job.py:181} INFO - Started process (PID=1703721) to work on /usr/local/lib/python3.8/dist-packages/airflow/example_dags/example_trigger_target_dag.py
[2021-09-30 19:23:39,026] {scheduler_job.py:632} INFO - Processing file /usr/local/lib/python3.8/dist-packages/airflow/example_dags/example_trigger_target_dag.py for tasks to queue
[2021-09-30 19:23:39,026] {logging_mixin.py:104} INFO - [2021-09-30 19:23:39,026] {dagbag.py:496} INFO - Filling up the DagBag from /usr/local/lib/python3.8/dist-packages/airflow/example_dags/example_trigger_target_dag.py
[2021-09-30 19:23:39,042] {scheduler_job.py:642} INFO - DAG(s) dict_keys(['example_trigger_target_dag']) retrieved from /usr/local/lib/python3.8/dist-packages/airflow/example_dags/example_trigger_target_dag.py
[2021-09-30 19:23:39,083] {logging_mixin.py:104} INFO - [2021-09-30 19:23:39,083] {dag.py:1833} INFO - Sync 1 DAGs
[2021-09-30 19:23:39,099] {logging_mixin.py:104} INFO - [2021-09-30 19:23:39,099] {dag.py:2306} INFO - Setting next_dagrun for example_trigger_target_dag to None
[2021-09-30 19:23:39,117] {scheduler_job.py:189} INFO - Processing /usr/local/lib/python3.8/dist-packages/airflow/example_dags/example_trigger_target_dag.py took 0.096 seconds
[2021-09-30 19:24:09,865] {scheduler_job.py:181} INFO - Started process (PID=1705277) to work on /usr/local/lib/python3.8/dist-packages/airflow/example_dags/example_trigger_target_dag.py
[2021-09-30 19:24:09,866] {scheduler_job.py:632} INFO - Processing file /usr/local/lib/python3.8/dist-packages/airflow/example_dags/example_trigger_target_dag.py for tasks to queue
[2021-09-30 19:24:09,866] {logging_mixin.py:104} INFO - [2021-09-30 19:24:09,866] {dagbag.py:496} INFO - Filling up the DagBag from /usr/local/lib/python3.8/dist-packages/airflow/example_dags/example_trigger_target_dag.py
[2021-09-30 19:24:09,884] {scheduler_job.py:642} INFO - DAG(s) dict_keys(['example_trigger_target_dag']) retrieved from /usr/local/lib/python3.8/dist-packages/airflow/example_dags/example_trigger_target_dag.py
[2021-09-30 19:24:09,913] {logging_mixin.py:104} INFO - [2021-09-30 19:24:09,913] {dag.py:1833} INFO - Sync 1 DAGs
[2021-09-30 19:24:09,927] {logging_mixin.py:104} INFO - [2021-09-30 19:24:09,926] {dag.py:2306} INFO - Setting next_dagrun for example_trigger_target_dag to None
[2021-09-30 19:24:09,945] {scheduler_job.py:189} INFO - Processing /usr/local/lib/python3.8/dist-packages/airflow/example_dags/example_trigger_target_dag.py took 0.083 seconds
[2021-09-30 19:24:41,279] {scheduler_job.py:181} INFO - Started process (PID=1706512) to work on /usr/local/lib/python3.8/dist-packages/airflow/example_dags/example_trigger_target_dag.py
[2021-09-30 19:24:41,288] {scheduler_job.py:632} INFO - Processing file /usr/local/lib/python3.8/dist-packages/airflow/example_dags/example_trigger_target_dag.py for tasks to queue
[2021-09-30 19:24:41,289] {logging_mixin.py:104} INFO - [2021-09-30 19:24:41,289] {dagbag.py:496} INFO - Filling up the DagBag from /usr/local/lib/python3.8/dist-packages/airflow/example_dags/example_trigger_target_dag.py
[2021-09-30 19:24:41,406] {scheduler_job.py:642} INFO - DAG(s) dict_keys(['example_trigger_target_dag']) retrieved from /usr/local/lib/python3.8/dist-packages/airflow/example_dags/example_trigger_target_dag.py
[2021-09-30 19:24:41,569] {logging_mixin.py:104} INFO - [2021-09-30 19:24:41,568] {dag.py:1833} INFO - Sync 1 DAGs
[2021-09-30 19:24:41,631] {logging_mixin.py:104} INFO - [2021-09-30 19:24:41,631] {dag.py:2306} INFO - Setting next_dagrun for example_trigger_target_dag to None
[2021-09-30 19:24:41,687] {scheduler_job.py:189} INFO - Processing /usr/local/lib/python3.8/dist-packages/airflow/example_dags/example_trigger_target_dag.py took 0.413 seconds
[2021-09-30 19:25:12,151] {scheduler_job.py:181} INFO - Started process (PID=1708117) to work on /usr/local/lib/python3.8/dist-packages/airflow/example_dags/example_trigger_target_dag.py
[2021-09-30 19:25:12,153] {scheduler_job.py:632} INFO - Processing file /usr/local/lib/python3.8/dist-packages/airflow/example_dags/example_trigger_target_dag.py for tasks to queue
[2021-09-30 19:25:12,153] {logging_mixin.py:104} INFO - [2021-09-30 19:25:12,153] {dagbag.py:496} INFO - Filling up the DagBag from /usr/local/lib/python3.8/dist-packages/airflow/example_dags/example_trigger_target_dag.py
[2021-09-30 19:25:12,166] {scheduler_job.py:642} INFO - DAG(s) dict_keys(['example_trigger_target_dag']) retrieved from /usr/local/lib/python3.8/dist-packages/airflow/example_dags/example_trigger_target_dag.py
[2021-09-30 19:25:12,200] {logging_mixin.py:104} INFO - [2021-09-30 19:25:12,200] {dag.py:1833} INFO - Sync 1 DAGs
[2021-09-30 19:25:12,217] {logging_mixin.py:104} INFO - [2021-09-30 19:25:12,217] {dag.py:2306} INFO - Setting next_dagrun for example_trigger_target_dag to None
[2021-09-30 19:25:12,238] {scheduler_job.py:189} INFO - Processing /usr/local/lib/python3.8/dist-packages/airflow/example_dags/example_trigger_target_dag.py took 0.089 seconds
[2021-09-30 19:25:42,593] {scheduler_job.py:181} INFO - Started process (PID=1709633) to work on /usr/local/lib/python3.8/dist-packages/airflow/example_dags/example_trigger_target_dag.py
[2021-09-30 19:25:42,595] {scheduler_job.py:632} INFO - Processing file /usr/local/lib/python3.8/dist-packages/airflow/example_dags/example_trigger_target_dag.py for tasks to queue
[2021-09-30 19:25:42,603] {logging_mixin.py:104} INFO - [2021-09-30 19:25:42,603] {dagbag.py:496} INFO - Filling up the DagBag from /usr/local/lib/python3.8/dist-packages/airflow/example_dags/example_trigger_target_dag.py
[2021-09-30 19:25:42,621] {scheduler_job.py:642} INFO - DAG(s) dict_keys(['example_trigger_target_dag']) retrieved from /usr/local/lib/python3.8/dist-packages/airflow/example_dags/example_trigger_target_dag.py
[2021-09-30 19:25:42,652] {logging_mixin.py:104} INFO - [2021-09-30 19:25:42,652] {dag.py:1833} INFO - Sync 1 DAGs
[2021-09-30 19:25:42,672] {logging_mixin.py:104} INFO - [2021-09-30 19:25:42,672] {dag.py:2306} INFO - Setting next_dagrun for example_trigger_target_dag to None
[2021-09-30 19:25:42,689] {scheduler_job.py:189} INFO - Processing /usr/local/lib/python3.8/dist-packages/airflow/example_dags/example_trigger_target_dag.py took 0.098 seconds
[2021-09-30 19:26:13,339] {scheduler_job.py:181} INFO - Started process (PID=1711156) to work on /usr/local/lib/python3.8/dist-packages/airflow/example_dags/example_trigger_target_dag.py
[2021-09-30 19:26:13,340] {scheduler_job.py:632} INFO - Processing file /usr/local/lib/python3.8/dist-packages/airflow/example_dags/example_trigger_target_dag.py for tasks to queue
[2021-09-30 19:26:13,340] {logging_mixin.py:104} INFO - [2021-09-30 19:26:13,340] {dagbag.py:496} INFO - Filling up the DagBag from /usr/local/lib/python3.8/dist-packages/airflow/example_dags/example_trigger_target_dag.py
[2021-09-30 19:26:13,361] {scheduler_job.py:642} INFO - DAG(s) dict_keys(['example_trigger_target_dag']) retrieved from /usr/local/lib/python3.8/dist-packages/airflow/example_dags/example_trigger_target_dag.py
[2021-09-30 19:26:13,401] {logging_mixin.py:104} INFO - [2021-09-30 19:26:13,400] {dag.py:1833} INFO - Sync 1 DAGs
[2021-09-30 19:26:13,417] {logging_mixin.py:104} INFO - [2021-09-30 19:26:13,417] {dag.py:2306} INFO - Setting next_dagrun for example_trigger_target_dag to None
[2021-09-30 19:26:13,432] {scheduler_job.py:189} INFO - Processing /usr/local/lib/python3.8/dist-packages/airflow/example_dags/example_trigger_target_dag.py took 0.096 seconds
[2021-09-30 19:26:44,529] {scheduler_job.py:181} INFO - Started process (PID=1712411) to work on /usr/local/lib/python3.8/dist-packages/airflow/example_dags/example_trigger_target_dag.py
[2021-09-30 19:26:44,531] {scheduler_job.py:632} INFO - Processing file /usr/local/lib/python3.8/dist-packages/airflow/example_dags/example_trigger_target_dag.py for tasks to queue
[2021-09-30 19:26:44,532] {logging_mixin.py:104} INFO - [2021-09-30 19:26:44,531] {dagbag.py:496} INFO - Filling up the DagBag from /usr/local/lib/python3.8/dist-packages/airflow/example_dags/example_trigger_target_dag.py
[2021-09-30 19:26:44,608] {scheduler_job.py:642} INFO - DAG(s) dict_keys(['example_trigger_target_dag']) retrieved from /usr/local/lib/python3.8/dist-packages/airflow/example_dags/example_trigger_target_dag.py
[2021-09-30 19:26:44,642] {logging_mixin.py:104} INFO - [2021-09-30 19:26:44,641] {dag.py:1833} INFO - Sync 1 DAGs
[2021-09-30 19:26:44,662] {logging_mixin.py:104} INFO - [2021-09-30 19:26:44,661] {dag.py:2306} INFO - Setting next_dagrun for example_trigger_target_dag to None
[2021-09-30 19:26:44,684] {scheduler_job.py:189} INFO - Processing /usr/local/lib/python3.8/dist-packages/airflow/example_dags/example_trigger_target_dag.py took 0.158 seconds
[2021-09-30 19:27:14,764] {scheduler_job.py:181} INFO - Started process (PID=1713825) to work on /usr/local/lib/python3.8/dist-packages/airflow/example_dags/example_trigger_target_dag.py
[2021-09-30 19:27:14,765] {scheduler_job.py:632} INFO - Processing file /usr/local/lib/python3.8/dist-packages/airflow/example_dags/example_trigger_target_dag.py for tasks to queue
[2021-09-30 19:27:14,766] {logging_mixin.py:104} INFO - [2021-09-30 19:27:14,766] {dagbag.py:496} INFO - Filling up the DagBag from /usr/local/lib/python3.8/dist-packages/airflow/example_dags/example_trigger_target_dag.py
[2021-09-30 19:27:14,782] {scheduler_job.py:642} INFO - DAG(s) dict_keys(['example_trigger_target_dag']) retrieved from /usr/local/lib/python3.8/dist-packages/airflow/example_dags/example_trigger_target_dag.py
[2021-09-30 19:27:14,812] {logging_mixin.py:104} INFO - [2021-09-30 19:27:14,812] {dag.py:1833} INFO - Sync 1 DAGs
[2021-09-30 19:27:14,825] {logging_mixin.py:104} INFO - [2021-09-30 19:27:14,825] {dag.py:2306} INFO - Setting next_dagrun for example_trigger_target_dag to None
[2021-09-30 19:27:14,841] {scheduler_job.py:189} INFO - Processing /usr/local/lib/python3.8/dist-packages/airflow/example_dags/example_trigger_target_dag.py took 0.082 seconds
[2021-09-30 19:27:45,321] {scheduler_job.py:181} INFO - Started process (PID=1715300) to work on /usr/local/lib/python3.8/dist-packages/airflow/example_dags/example_trigger_target_dag.py
[2021-09-30 19:27:45,322] {scheduler_job.py:632} INFO - Processing file /usr/local/lib/python3.8/dist-packages/airflow/example_dags/example_trigger_target_dag.py for tasks to queue
[2021-09-30 19:27:45,323] {logging_mixin.py:104} INFO - [2021-09-30 19:27:45,323] {dagbag.py:496} INFO - Filling up the DagBag from /usr/local/lib/python3.8/dist-packages/airflow/example_dags/example_trigger_target_dag.py
[2021-09-30 19:27:45,336] {scheduler_job.py:642} INFO - DAG(s) dict_keys(['example_trigger_target_dag']) retrieved from /usr/local/lib/python3.8/dist-packages/airflow/example_dags/example_trigger_target_dag.py
[2021-09-30 19:27:45,364] {logging_mixin.py:104} INFO - [2021-09-30 19:27:45,364] {dag.py:1833} INFO - Sync 1 DAGs
[2021-09-30 19:27:45,381] {logging_mixin.py:104} INFO - [2021-09-30 19:27:45,381] {dag.py:2306} INFO - Setting next_dagrun for example_trigger_target_dag to None
[2021-09-30 19:27:45,400] {scheduler_job.py:189} INFO - Processing /usr/local/lib/python3.8/dist-packages/airflow/example_dags/example_trigger_target_dag.py took 0.083 seconds
[2021-09-30 19:28:16,561] {scheduler_job.py:181} INFO - Started process (PID=1716821) to work on /usr/local/lib/python3.8/dist-packages/airflow/example_dags/example_trigger_target_dag.py
[2021-09-30 19:28:16,562] {scheduler_job.py:632} INFO - Processing file /usr/local/lib/python3.8/dist-packages/airflow/example_dags/example_trigger_target_dag.py for tasks to queue
[2021-09-30 19:28:16,562] {logging_mixin.py:104} INFO - [2021-09-30 19:28:16,562] {dagbag.py:496} INFO - Filling up the DagBag from /usr/local/lib/python3.8/dist-packages/airflow/example_dags/example_trigger_target_dag.py
[2021-09-30 19:28:16,582] {scheduler_job.py:642} INFO - DAG(s) dict_keys(['example_trigger_target_dag']) retrieved from /usr/local/lib/python3.8/dist-packages/airflow/example_dags/example_trigger_target_dag.py
[2021-09-30 19:28:16,623] {logging_mixin.py:104} INFO - [2021-09-30 19:28:16,622] {dag.py:1833} INFO - Sync 1 DAGs
[2021-09-30 19:28:16,639] {logging_mixin.py:104} INFO - [2021-09-30 19:28:16,639] {dag.py:2306} INFO - Setting next_dagrun for example_trigger_target_dag to None
[2021-09-30 19:28:16,687] {scheduler_job.py:189} INFO - Processing /usr/local/lib/python3.8/dist-packages/airflow/example_dags/example_trigger_target_dag.py took 0.136 seconds
[2021-09-30 19:28:47,548] {scheduler_job.py:181} INFO - Started process (PID=1718147) to work on /usr/local/lib/python3.8/dist-packages/airflow/example_dags/example_trigger_target_dag.py
[2021-09-30 19:28:47,549] {scheduler_job.py:632} INFO - Processing file /usr/local/lib/python3.8/dist-packages/airflow/example_dags/example_trigger_target_dag.py for tasks to queue
[2021-09-30 19:28:47,550] {logging_mixin.py:104} INFO - [2021-09-30 19:28:47,550] {dagbag.py:496} INFO - Filling up the DagBag from /usr/local/lib/python3.8/dist-packages/airflow/example_dags/example_trigger_target_dag.py
[2021-09-30 19:28:47,562] {scheduler_job.py:642} INFO - DAG(s) dict_keys(['example_trigger_target_dag']) retrieved from /usr/local/lib/python3.8/dist-packages/airflow/example_dags/example_trigger_target_dag.py
[2021-09-30 19:28:47,603] {logging_mixin.py:104} INFO - [2021-09-30 19:28:47,602] {dag.py:1833} INFO - Sync 1 DAGs
[2021-09-30 19:28:47,616] {logging_mixin.py:104} INFO - [2021-09-30 19:28:47,616] {dag.py:2306} INFO - Setting next_dagrun for example_trigger_target_dag to None
[2021-09-30 19:28:47,629] {scheduler_job.py:189} INFO - Processing /usr/local/lib/python3.8/dist-packages/airflow/example_dags/example_trigger_target_dag.py took 0.084 seconds
[2021-09-30 19:29:17,839] {scheduler_job.py:181} INFO - Started process (PID=1719561) to work on /usr/local/lib/python3.8/dist-packages/airflow/example_dags/example_trigger_target_dag.py
[2021-09-30 19:29:17,840] {scheduler_job.py:632} INFO - Processing file /usr/local/lib/python3.8/dist-packages/airflow/example_dags/example_trigger_target_dag.py for tasks to queue
[2021-09-30 19:29:17,841] {logging_mixin.py:104} INFO - [2021-09-30 19:29:17,841] {dagbag.py:496} INFO - Filling up the DagBag from /usr/local/lib/python3.8/dist-packages/airflow/example_dags/example_trigger_target_dag.py
[2021-09-30 19:29:17,854] {scheduler_job.py:642} INFO - DAG(s) dict_keys(['example_trigger_target_dag']) retrieved from /usr/local/lib/python3.8/dist-packages/airflow/example_dags/example_trigger_target_dag.py
[2021-09-30 19:29:17,879] {logging_mixin.py:104} INFO - [2021-09-30 19:29:17,878] {dag.py:1833} INFO - Sync 1 DAGs
[2021-09-30 19:29:17,896] {logging_mixin.py:104} INFO - [2021-09-30 19:29:17,895] {dag.py:2306} INFO - Setting next_dagrun for example_trigger_target_dag to None
[2021-09-30 19:29:17,912] {scheduler_job.py:189} INFO - Processing /usr/local/lib/python3.8/dist-packages/airflow/example_dags/example_trigger_target_dag.py took 0.076 seconds
