[2021-09-30 19:19:59,717] {scheduler_job.py:181} INFO - Started process (PID=1695106) to work on /usr/local/lib/python3.8/dist-packages/airflow/example_dags/example_subdag_operator.py
[2021-09-30 19:19:59,718] {scheduler_job.py:632} INFO - Processing file /usr/local/lib/python3.8/dist-packages/airflow/example_dags/example_subdag_operator.py for tasks to queue
[2021-09-30 19:19:59,718] {logging_mixin.py:104} INFO - [2021-09-30 19:19:59,718] {dagbag.py:496} INFO - Filling up the DagBag from /usr/local/lib/python3.8/dist-packages/airflow/example_dags/example_subdag_operator.py
[2021-09-30 19:19:59,807] {scheduler_job.py:642} INFO - DAG(s) dict_keys(['example_subdag_operator.section-1', 'example_subdag_operator.section-2', 'example_subdag_operator']) retrieved from /usr/local/lib/python3.8/dist-packages/airflow/example_dags/example_subdag_operator.py
[2021-09-30 19:19:59,814] {logging_mixin.py:104} INFO - [2021-09-30 19:19:59,814] {dag.py:1833} INFO - Sync 3 DAGs
[2021-09-30 19:19:59,824] {logging_mixin.py:104} INFO - [2021-09-30 19:19:59,823] {dag.py:2306} INFO - Setting next_dagrun for example_subdag_operator to 2021-09-28 00:00:00+00:00
[2021-09-30 19:19:59,824] {logging_mixin.py:104} INFO - [2021-09-30 19:19:59,824] {dag.py:2306} INFO - Setting next_dagrun for example_subdag_operator.section-1 to None
[2021-09-30 19:19:59,824] {logging_mixin.py:104} INFO - [2021-09-30 19:19:59,824] {dag.py:2306} INFO - Setting next_dagrun for example_subdag_operator.section-2 to None
[2021-09-30 19:19:59,839] {logging_mixin.py:104} INFO - [2021-09-30 19:19:59,839] {dag.py:1833} INFO - Sync 2 DAGs
[2021-09-30 19:19:59,846] {logging_mixin.py:104} INFO - [2021-09-30 19:19:59,846] {dag.py:2306} INFO - Setting next_dagrun for example_subdag_operator.section-1 to None
[2021-09-30 19:19:59,846] {logging_mixin.py:104} INFO - [2021-09-30 19:19:59,846] {dag.py:2306} INFO - Setting next_dagrun for example_subdag_operator.section-2 to None
[2021-09-30 19:19:59,867] {scheduler_job.py:189} INFO - Processing /usr/local/lib/python3.8/dist-packages/airflow/example_dags/example_subdag_operator.py took 0.152 seconds
[2021-09-30 19:20:30,167] {scheduler_job.py:181} INFO - Started process (PID=1696318) to work on /usr/local/lib/python3.8/dist-packages/airflow/example_dags/example_subdag_operator.py
[2021-09-30 19:20:30,250] {scheduler_job.py:632} INFO - Processing file /usr/local/lib/python3.8/dist-packages/airflow/example_dags/example_subdag_operator.py for tasks to queue
[2021-09-30 19:20:30,250] {logging_mixin.py:104} INFO - [2021-09-30 19:20:30,250] {dagbag.py:496} INFO - Filling up the DagBag from /usr/local/lib/python3.8/dist-packages/airflow/example_dags/example_subdag_operator.py
[2021-09-30 19:20:30,286] {scheduler_job.py:642} INFO - DAG(s) dict_keys(['example_subdag_operator.section-1', 'example_subdag_operator.section-2', 'example_subdag_operator']) retrieved from /usr/local/lib/python3.8/dist-packages/airflow/example_dags/example_subdag_operator.py
[2021-09-30 19:20:30,299] {logging_mixin.py:104} INFO - [2021-09-30 19:20:30,298] {dag.py:1833} INFO - Sync 3 DAGs
[2021-09-30 19:20:30,313] {logging_mixin.py:104} INFO - [2021-09-30 19:20:30,313] {dag.py:2306} INFO - Setting next_dagrun for example_subdag_operator to 2021-09-28 00:00:00+00:00
[2021-09-30 19:20:30,314] {logging_mixin.py:104} INFO - [2021-09-30 19:20:30,313] {dag.py:2306} INFO - Setting next_dagrun for example_subdag_operator.section-1 to None
[2021-09-30 19:20:30,314] {logging_mixin.py:104} INFO - [2021-09-30 19:20:30,314] {dag.py:2306} INFO - Setting next_dagrun for example_subdag_operator.section-2 to None
[2021-09-30 19:20:30,328] {logging_mixin.py:104} INFO - [2021-09-30 19:20:30,328] {dag.py:1833} INFO - Sync 2 DAGs
[2021-09-30 19:20:30,342] {logging_mixin.py:104} INFO - [2021-09-30 19:20:30,342] {dag.py:2306} INFO - Setting next_dagrun for example_subdag_operator.section-1 to None
[2021-09-30 19:20:30,342] {logging_mixin.py:104} INFO - [2021-09-30 19:20:30,342] {dag.py:2306} INFO - Setting next_dagrun for example_subdag_operator.section-2 to None
[2021-09-30 19:20:30,364] {scheduler_job.py:189} INFO - Processing /usr/local/lib/python3.8/dist-packages/airflow/example_dags/example_subdag_operator.py took 0.203 seconds
[2021-09-30 19:21:00,658] {scheduler_job.py:181} INFO - Started process (PID=1697570) to work on /usr/local/lib/python3.8/dist-packages/airflow/example_dags/example_subdag_operator.py
[2021-09-30 19:21:00,659] {scheduler_job.py:632} INFO - Processing file /usr/local/lib/python3.8/dist-packages/airflow/example_dags/example_subdag_operator.py for tasks to queue
[2021-09-30 19:21:00,659] {logging_mixin.py:104} INFO - [2021-09-30 19:21:00,659] {dagbag.py:496} INFO - Filling up the DagBag from /usr/local/lib/python3.8/dist-packages/airflow/example_dags/example_subdag_operator.py
[2021-09-30 19:21:00,699] {scheduler_job.py:642} INFO - DAG(s) dict_keys(['example_subdag_operator.section-1', 'example_subdag_operator.section-2', 'example_subdag_operator']) retrieved from /usr/local/lib/python3.8/dist-packages/airflow/example_dags/example_subdag_operator.py
[2021-09-30 19:21:00,712] {logging_mixin.py:104} INFO - [2021-09-30 19:21:00,712] {dag.py:1833} INFO - Sync 3 DAGs
[2021-09-30 19:21:00,729] {logging_mixin.py:104} INFO - [2021-09-30 19:21:00,729] {dag.py:2306} INFO - Setting next_dagrun for example_subdag_operator to 2021-09-28 00:00:00+00:00
[2021-09-30 19:21:00,730] {logging_mixin.py:104} INFO - [2021-09-30 19:21:00,730] {dag.py:2306} INFO - Setting next_dagrun for example_subdag_operator.section-1 to None
[2021-09-30 19:21:00,730] {logging_mixin.py:104} INFO - [2021-09-30 19:21:00,730] {dag.py:2306} INFO - Setting next_dagrun for example_subdag_operator.section-2 to None
[2021-09-30 19:21:00,744] {logging_mixin.py:104} INFO - [2021-09-30 19:21:00,744] {dag.py:1833} INFO - Sync 2 DAGs
[2021-09-30 19:21:00,752] {logging_mixin.py:104} INFO - [2021-09-30 19:21:00,752] {dag.py:2306} INFO - Setting next_dagrun for example_subdag_operator.section-1 to None
[2021-09-30 19:21:00,753] {logging_mixin.py:104} INFO - [2021-09-30 19:21:00,753] {dag.py:2306} INFO - Setting next_dagrun for example_subdag_operator.section-2 to None
[2021-09-30 19:21:00,773] {scheduler_job.py:189} INFO - Processing /usr/local/lib/python3.8/dist-packages/airflow/example_dags/example_subdag_operator.py took 0.118 seconds
[2021-09-30 19:21:31,379] {scheduler_job.py:181} INFO - Started process (PID=1698844) to work on /usr/local/lib/python3.8/dist-packages/airflow/example_dags/example_subdag_operator.py
[2021-09-30 19:21:31,383] {scheduler_job.py:632} INFO - Processing file /usr/local/lib/python3.8/dist-packages/airflow/example_dags/example_subdag_operator.py for tasks to queue
[2021-09-30 19:21:31,384] {logging_mixin.py:104} INFO - [2021-09-30 19:21:31,383] {dagbag.py:496} INFO - Filling up the DagBag from /usr/local/lib/python3.8/dist-packages/airflow/example_dags/example_subdag_operator.py
[2021-09-30 19:21:31,451] {scheduler_job.py:642} INFO - DAG(s) dict_keys(['example_subdag_operator.section-1', 'example_subdag_operator.section-2', 'example_subdag_operator']) retrieved from /usr/local/lib/python3.8/dist-packages/airflow/example_dags/example_subdag_operator.py
[2021-09-30 19:21:31,465] {logging_mixin.py:104} INFO - [2021-09-30 19:21:31,465] {dag.py:1833} INFO - Sync 3 DAGs
[2021-09-30 19:21:31,488] {logging_mixin.py:104} INFO - [2021-09-30 19:21:31,488] {dag.py:2306} INFO - Setting next_dagrun for example_subdag_operator to 2021-09-28 00:00:00+00:00
[2021-09-30 19:21:31,489] {logging_mixin.py:104} INFO - [2021-09-30 19:21:31,489] {dag.py:2306} INFO - Setting next_dagrun for example_subdag_operator.section-1 to None
[2021-09-30 19:21:31,490] {logging_mixin.py:104} INFO - [2021-09-30 19:21:31,490] {dag.py:2306} INFO - Setting next_dagrun for example_subdag_operator.section-2 to None
[2021-09-30 19:21:31,522] {logging_mixin.py:104} INFO - [2021-09-30 19:21:31,522] {dag.py:1833} INFO - Sync 2 DAGs
[2021-09-30 19:21:31,534] {logging_mixin.py:104} INFO - [2021-09-30 19:21:31,534] {dag.py:2306} INFO - Setting next_dagrun for example_subdag_operator.section-1 to None
[2021-09-30 19:21:31,535] {logging_mixin.py:104} INFO - [2021-09-30 19:21:31,534] {dag.py:2306} INFO - Setting next_dagrun for example_subdag_operator.section-2 to None
[2021-09-30 19:21:31,550] {scheduler_job.py:189} INFO - Processing /usr/local/lib/python3.8/dist-packages/airflow/example_dags/example_subdag_operator.py took 0.175 seconds
[2021-09-30 19:22:02,363] {scheduler_job.py:181} INFO - Started process (PID=1700133) to work on /usr/local/lib/python3.8/dist-packages/airflow/example_dags/example_subdag_operator.py
[2021-09-30 19:22:02,364] {scheduler_job.py:632} INFO - Processing file /usr/local/lib/python3.8/dist-packages/airflow/example_dags/example_subdag_operator.py for tasks to queue
[2021-09-30 19:22:02,364] {logging_mixin.py:104} INFO - [2021-09-30 19:22:02,364] {dagbag.py:496} INFO - Filling up the DagBag from /usr/local/lib/python3.8/dist-packages/airflow/example_dags/example_subdag_operator.py
[2021-09-30 19:22:02,444] {scheduler_job.py:642} INFO - DAG(s) dict_keys(['example_subdag_operator.section-1', 'example_subdag_operator.section-2', 'example_subdag_operator']) retrieved from /usr/local/lib/python3.8/dist-packages/airflow/example_dags/example_subdag_operator.py
[2021-09-30 19:22:02,457] {logging_mixin.py:104} INFO - [2021-09-30 19:22:02,457] {dag.py:1833} INFO - Sync 3 DAGs
[2021-09-30 19:22:02,477] {logging_mixin.py:104} INFO - [2021-09-30 19:22:02,477] {dag.py:2306} INFO - Setting next_dagrun for example_subdag_operator to 2021-09-28 00:00:00+00:00
[2021-09-30 19:22:02,479] {logging_mixin.py:104} INFO - [2021-09-30 19:22:02,479] {dag.py:2306} INFO - Setting next_dagrun for example_subdag_operator.section-1 to None
[2021-09-30 19:22:02,479] {logging_mixin.py:104} INFO - [2021-09-30 19:22:02,479] {dag.py:2306} INFO - Setting next_dagrun for example_subdag_operator.section-2 to None
[2021-09-30 19:22:02,497] {logging_mixin.py:104} INFO - [2021-09-30 19:22:02,497] {dag.py:1833} INFO - Sync 2 DAGs
[2021-09-30 19:22:02,515] {logging_mixin.py:104} INFO - [2021-09-30 19:22:02,515] {dag.py:2306} INFO - Setting next_dagrun for example_subdag_operator.section-1 to None
[2021-09-30 19:22:02,523] {logging_mixin.py:104} INFO - [2021-09-30 19:22:02,523] {dag.py:2306} INFO - Setting next_dagrun for example_subdag_operator.section-2 to None
[2021-09-30 19:22:02,541] {scheduler_job.py:189} INFO - Processing /usr/local/lib/python3.8/dist-packages/airflow/example_dags/example_subdag_operator.py took 0.181 seconds
[2021-09-30 19:22:34,600] {scheduler_job.py:181} INFO - Started process (PID=1701429) to work on /usr/local/lib/python3.8/dist-packages/airflow/example_dags/example_subdag_operator.py
[2021-09-30 19:22:34,611] {scheduler_job.py:632} INFO - Processing file /usr/local/lib/python3.8/dist-packages/airflow/example_dags/example_subdag_operator.py for tasks to queue
[2021-09-30 19:22:34,612] {logging_mixin.py:104} INFO - [2021-09-30 19:22:34,612] {dagbag.py:496} INFO - Filling up the DagBag from /usr/local/lib/python3.8/dist-packages/airflow/example_dags/example_subdag_operator.py
[2021-09-30 19:22:34,685] {scheduler_job.py:642} INFO - DAG(s) dict_keys(['example_subdag_operator.section-1', 'example_subdag_operator.section-2', 'example_subdag_operator']) retrieved from /usr/local/lib/python3.8/dist-packages/airflow/example_dags/example_subdag_operator.py
[2021-09-30 19:22:34,716] {logging_mixin.py:104} INFO - [2021-09-30 19:22:34,716] {dag.py:1833} INFO - Sync 3 DAGs
[2021-09-30 19:22:34,761] {logging_mixin.py:104} INFO - [2021-09-30 19:22:34,761] {dag.py:2306} INFO - Setting next_dagrun for example_subdag_operator to 2021-09-28 00:00:00+00:00
[2021-09-30 19:22:34,763] {logging_mixin.py:104} INFO - [2021-09-30 19:22:34,763] {dag.py:2306} INFO - Setting next_dagrun for example_subdag_operator.section-1 to None
[2021-09-30 19:22:34,763] {logging_mixin.py:104} INFO - [2021-09-30 19:22:34,763] {dag.py:2306} INFO - Setting next_dagrun for example_subdag_operator.section-2 to None
[2021-09-30 19:22:34,948] {logging_mixin.py:104} INFO - [2021-09-30 19:22:34,948] {dag.py:1833} INFO - Sync 2 DAGs
[2021-09-30 19:22:34,968] {logging_mixin.py:104} INFO - [2021-09-30 19:22:34,968] {dag.py:2306} INFO - Setting next_dagrun for example_subdag_operator.section-1 to None
[2021-09-30 19:22:34,968] {logging_mixin.py:104} INFO - [2021-09-30 19:22:34,968] {dag.py:2306} INFO - Setting next_dagrun for example_subdag_operator.section-2 to None
[2021-09-30 19:22:35,042] {scheduler_job.py:189} INFO - Processing /usr/local/lib/python3.8/dist-packages/airflow/example_dags/example_subdag_operator.py took 0.446 seconds
[2021-09-30 19:23:05,693] {scheduler_job.py:181} INFO - Started process (PID=1702476) to work on /usr/local/lib/python3.8/dist-packages/airflow/example_dags/example_subdag_operator.py
[2021-09-30 19:23:05,693] {scheduler_job.py:632} INFO - Processing file /usr/local/lib/python3.8/dist-packages/airflow/example_dags/example_subdag_operator.py for tasks to queue
[2021-09-30 19:23:05,694] {logging_mixin.py:104} INFO - [2021-09-30 19:23:05,694] {dagbag.py:496} INFO - Filling up the DagBag from /usr/local/lib/python3.8/dist-packages/airflow/example_dags/example_subdag_operator.py
[2021-09-30 19:23:05,718] {scheduler_job.py:642} INFO - DAG(s) dict_keys(['example_subdag_operator.section-1', 'example_subdag_operator.section-2', 'example_subdag_operator']) retrieved from /usr/local/lib/python3.8/dist-packages/airflow/example_dags/example_subdag_operator.py
[2021-09-30 19:23:05,726] {logging_mixin.py:104} INFO - [2021-09-30 19:23:05,725] {dag.py:1833} INFO - Sync 3 DAGs
[2021-09-30 19:23:05,736] {logging_mixin.py:104} INFO - [2021-09-30 19:23:05,736] {dag.py:2306} INFO - Setting next_dagrun for example_subdag_operator to 2021-09-28 00:00:00+00:00
[2021-09-30 19:23:05,737] {logging_mixin.py:104} INFO - [2021-09-30 19:23:05,737] {dag.py:2306} INFO - Setting next_dagrun for example_subdag_operator.section-1 to None
[2021-09-30 19:23:05,737] {logging_mixin.py:104} INFO - [2021-09-30 19:23:05,737] {dag.py:2306} INFO - Setting next_dagrun for example_subdag_operator.section-2 to None
[2021-09-30 19:23:06,021] {logging_mixin.py:104} INFO - [2021-09-30 19:23:06,021] {dag.py:1833} INFO - Sync 2 DAGs
[2021-09-30 19:23:06,028] {logging_mixin.py:104} INFO - [2021-09-30 19:23:06,028] {dag.py:2306} INFO - Setting next_dagrun for example_subdag_operator.section-1 to None
[2021-09-30 19:23:06,028] {logging_mixin.py:104} INFO - [2021-09-30 19:23:06,028] {dag.py:2306} INFO - Setting next_dagrun for example_subdag_operator.section-2 to None
[2021-09-30 19:23:06,191] {scheduler_job.py:189} INFO - Processing /usr/local/lib/python3.8/dist-packages/airflow/example_dags/example_subdag_operator.py took 0.500 seconds
[2021-09-30 19:23:36,272] {scheduler_job.py:181} INFO - Started process (PID=1703574) to work on /usr/local/lib/python3.8/dist-packages/airflow/example_dags/example_subdag_operator.py
[2021-09-30 19:23:36,273] {scheduler_job.py:632} INFO - Processing file /usr/local/lib/python3.8/dist-packages/airflow/example_dags/example_subdag_operator.py for tasks to queue
[2021-09-30 19:23:36,274] {logging_mixin.py:104} INFO - [2021-09-30 19:23:36,274] {dagbag.py:496} INFO - Filling up the DagBag from /usr/local/lib/python3.8/dist-packages/airflow/example_dags/example_subdag_operator.py
[2021-09-30 19:23:36,319] {scheduler_job.py:642} INFO - DAG(s) dict_keys(['example_subdag_operator.section-1', 'example_subdag_operator.section-2', 'example_subdag_operator']) retrieved from /usr/local/lib/python3.8/dist-packages/airflow/example_dags/example_subdag_operator.py
[2021-09-30 19:23:36,335] {logging_mixin.py:104} INFO - [2021-09-30 19:23:36,335] {dag.py:1833} INFO - Sync 3 DAGs
[2021-09-30 19:23:36,362] {logging_mixin.py:104} INFO - [2021-09-30 19:23:36,362] {dag.py:2306} INFO - Setting next_dagrun for example_subdag_operator to 2021-09-28 00:00:00+00:00
[2021-09-30 19:23:36,363] {logging_mixin.py:104} INFO - [2021-09-30 19:23:36,363] {dag.py:2306} INFO - Setting next_dagrun for example_subdag_operator.section-1 to None
[2021-09-30 19:23:36,364] {logging_mixin.py:104} INFO - [2021-09-30 19:23:36,364] {dag.py:2306} INFO - Setting next_dagrun for example_subdag_operator.section-2 to None
[2021-09-30 19:23:36,391] {logging_mixin.py:104} INFO - [2021-09-30 19:23:36,391] {dag.py:1833} INFO - Sync 2 DAGs
[2021-09-30 19:23:36,403] {logging_mixin.py:104} INFO - [2021-09-30 19:23:36,403] {dag.py:2306} INFO - Setting next_dagrun for example_subdag_operator.section-1 to None
[2021-09-30 19:23:36,403] {logging_mixin.py:104} INFO - [2021-09-30 19:23:36,403] {dag.py:2306} INFO - Setting next_dagrun for example_subdag_operator.section-2 to None
[2021-09-30 19:23:36,425] {scheduler_job.py:189} INFO - Processing /usr/local/lib/python3.8/dist-packages/airflow/example_dags/example_subdag_operator.py took 0.156 seconds
[2021-09-30 19:24:06,966] {scheduler_job.py:181} INFO - Started process (PID=1705134) to work on /usr/local/lib/python3.8/dist-packages/airflow/example_dags/example_subdag_operator.py
[2021-09-30 19:24:06,966] {scheduler_job.py:632} INFO - Processing file /usr/local/lib/python3.8/dist-packages/airflow/example_dags/example_subdag_operator.py for tasks to queue
[2021-09-30 19:24:06,968] {logging_mixin.py:104} INFO - [2021-09-30 19:24:06,967] {dagbag.py:496} INFO - Filling up the DagBag from /usr/local/lib/python3.8/dist-packages/airflow/example_dags/example_subdag_operator.py
[2021-09-30 19:24:07,045] {scheduler_job.py:642} INFO - DAG(s) dict_keys(['example_subdag_operator.section-1', 'example_subdag_operator.section-2', 'example_subdag_operator']) retrieved from /usr/local/lib/python3.8/dist-packages/airflow/example_dags/example_subdag_operator.py
[2021-09-30 19:24:07,065] {logging_mixin.py:104} INFO - [2021-09-30 19:24:07,065] {dag.py:1833} INFO - Sync 3 DAGs
[2021-09-30 19:24:07,120] {logging_mixin.py:104} INFO - [2021-09-30 19:24:07,120] {dag.py:2306} INFO - Setting next_dagrun for example_subdag_operator to 2021-09-28 00:00:00+00:00
[2021-09-30 19:24:07,122] {logging_mixin.py:104} INFO - [2021-09-30 19:24:07,121] {dag.py:2306} INFO - Setting next_dagrun for example_subdag_operator.section-1 to None
[2021-09-30 19:24:07,122] {logging_mixin.py:104} INFO - [2021-09-30 19:24:07,122] {dag.py:2306} INFO - Setting next_dagrun for example_subdag_operator.section-2 to None
[2021-09-30 19:24:07,139] {logging_mixin.py:104} INFO - [2021-09-30 19:24:07,139] {dag.py:1833} INFO - Sync 2 DAGs
[2021-09-30 19:24:07,148] {logging_mixin.py:104} INFO - [2021-09-30 19:24:07,148] {dag.py:2306} INFO - Setting next_dagrun for example_subdag_operator.section-1 to None
[2021-09-30 19:24:07,149] {logging_mixin.py:104} INFO - [2021-09-30 19:24:07,149] {dag.py:2306} INFO - Setting next_dagrun for example_subdag_operator.section-2 to None
[2021-09-30 19:24:07,170] {scheduler_job.py:189} INFO - Processing /usr/local/lib/python3.8/dist-packages/airflow/example_dags/example_subdag_operator.py took 0.207 seconds
[2021-09-30 19:24:38,312] {scheduler_job.py:181} INFO - Started process (PID=1706398) to work on /usr/local/lib/python3.8/dist-packages/airflow/example_dags/example_subdag_operator.py
[2021-09-30 19:24:38,313] {scheduler_job.py:632} INFO - Processing file /usr/local/lib/python3.8/dist-packages/airflow/example_dags/example_subdag_operator.py for tasks to queue
[2021-09-30 19:24:38,313] {logging_mixin.py:104} INFO - [2021-09-30 19:24:38,313] {dagbag.py:496} INFO - Filling up the DagBag from /usr/local/lib/python3.8/dist-packages/airflow/example_dags/example_subdag_operator.py
[2021-09-30 19:24:38,424] {scheduler_job.py:642} INFO - DAG(s) dict_keys(['example_subdag_operator.section-1', 'example_subdag_operator.section-2', 'example_subdag_operator']) retrieved from /usr/local/lib/python3.8/dist-packages/airflow/example_dags/example_subdag_operator.py
[2021-09-30 19:24:38,439] {logging_mixin.py:104} INFO - [2021-09-30 19:24:38,439] {dag.py:1833} INFO - Sync 3 DAGs
[2021-09-30 19:24:38,458] {logging_mixin.py:104} INFO - [2021-09-30 19:24:38,458] {dag.py:2306} INFO - Setting next_dagrun for example_subdag_operator to 2021-09-28 00:00:00+00:00
[2021-09-30 19:24:38,459] {logging_mixin.py:104} INFO - [2021-09-30 19:24:38,459] {dag.py:2306} INFO - Setting next_dagrun for example_subdag_operator.section-1 to None
[2021-09-30 19:24:38,460] {logging_mixin.py:104} INFO - [2021-09-30 19:24:38,459] {dag.py:2306} INFO - Setting next_dagrun for example_subdag_operator.section-2 to None
[2021-09-30 19:24:38,475] {logging_mixin.py:104} INFO - [2021-09-30 19:24:38,475] {dag.py:1833} INFO - Sync 2 DAGs
[2021-09-30 19:24:38,494] {logging_mixin.py:104} INFO - [2021-09-30 19:24:38,494] {dag.py:2306} INFO - Setting next_dagrun for example_subdag_operator.section-1 to None
[2021-09-30 19:24:38,495] {logging_mixin.py:104} INFO - [2021-09-30 19:24:38,495] {dag.py:2306} INFO - Setting next_dagrun for example_subdag_operator.section-2 to None
[2021-09-30 19:24:38,513] {scheduler_job.py:189} INFO - Processing /usr/local/lib/python3.8/dist-packages/airflow/example_dags/example_subdag_operator.py took 0.205 seconds
[2021-09-30 19:25:09,176] {scheduler_job.py:181} INFO - Started process (PID=1707849) to work on /usr/local/lib/python3.8/dist-packages/airflow/example_dags/example_subdag_operator.py
[2021-09-30 19:25:09,177] {scheduler_job.py:632} INFO - Processing file /usr/local/lib/python3.8/dist-packages/airflow/example_dags/example_subdag_operator.py for tasks to queue
[2021-09-30 19:25:09,178] {logging_mixin.py:104} INFO - [2021-09-30 19:25:09,178] {dagbag.py:496} INFO - Filling up the DagBag from /usr/local/lib/python3.8/dist-packages/airflow/example_dags/example_subdag_operator.py
[2021-09-30 19:25:09,225] {scheduler_job.py:642} INFO - DAG(s) dict_keys(['example_subdag_operator.section-1', 'example_subdag_operator.section-2', 'example_subdag_operator']) retrieved from /usr/local/lib/python3.8/dist-packages/airflow/example_dags/example_subdag_operator.py
[2021-09-30 19:25:09,242] {logging_mixin.py:104} INFO - [2021-09-30 19:25:09,242] {dag.py:1833} INFO - Sync 3 DAGs
[2021-09-30 19:25:09,258] {logging_mixin.py:104} INFO - [2021-09-30 19:25:09,258] {dag.py:2306} INFO - Setting next_dagrun for example_subdag_operator to 2021-09-28 00:00:00+00:00
[2021-09-30 19:25:09,259] {logging_mixin.py:104} INFO - [2021-09-30 19:25:09,259] {dag.py:2306} INFO - Setting next_dagrun for example_subdag_operator.section-1 to None
[2021-09-30 19:25:09,259] {logging_mixin.py:104} INFO - [2021-09-30 19:25:09,259] {dag.py:2306} INFO - Setting next_dagrun for example_subdag_operator.section-2 to None
[2021-09-30 19:25:09,276] {logging_mixin.py:104} INFO - [2021-09-30 19:25:09,276] {dag.py:1833} INFO - Sync 2 DAGs
[2021-09-30 19:25:09,290] {logging_mixin.py:104} INFO - [2021-09-30 19:25:09,290] {dag.py:2306} INFO - Setting next_dagrun for example_subdag_operator.section-1 to None
[2021-09-30 19:25:09,291] {logging_mixin.py:104} INFO - [2021-09-30 19:25:09,291] {dag.py:2306} INFO - Setting next_dagrun for example_subdag_operator.section-2 to None
[2021-09-30 19:25:09,308] {scheduler_job.py:189} INFO - Processing /usr/local/lib/python3.8/dist-packages/airflow/example_dags/example_subdag_operator.py took 0.134 seconds
[2021-09-30 19:25:39,491] {scheduler_job.py:181} INFO - Started process (PID=1709329) to work on /usr/local/lib/python3.8/dist-packages/airflow/example_dags/example_subdag_operator.py
[2021-09-30 19:25:39,492] {scheduler_job.py:632} INFO - Processing file /usr/local/lib/python3.8/dist-packages/airflow/example_dags/example_subdag_operator.py for tasks to queue
[2021-09-30 19:25:39,493] {logging_mixin.py:104} INFO - [2021-09-30 19:25:39,492] {dagbag.py:496} INFO - Filling up the DagBag from /usr/local/lib/python3.8/dist-packages/airflow/example_dags/example_subdag_operator.py
[2021-09-30 19:25:39,520] {scheduler_job.py:642} INFO - DAG(s) dict_keys(['example_subdag_operator.section-1', 'example_subdag_operator.section-2', 'example_subdag_operator']) retrieved from /usr/local/lib/python3.8/dist-packages/airflow/example_dags/example_subdag_operator.py
[2021-09-30 19:25:39,534] {logging_mixin.py:104} INFO - [2021-09-30 19:25:39,533] {dag.py:1833} INFO - Sync 3 DAGs
[2021-09-30 19:25:39,552] {logging_mixin.py:104} INFO - [2021-09-30 19:25:39,552] {dag.py:2306} INFO - Setting next_dagrun for example_subdag_operator to 2021-09-28 00:00:00+00:00
[2021-09-30 19:25:39,553] {logging_mixin.py:104} INFO - [2021-09-30 19:25:39,553] {dag.py:2306} INFO - Setting next_dagrun for example_subdag_operator.section-1 to None
[2021-09-30 19:25:39,553] {logging_mixin.py:104} INFO - [2021-09-30 19:25:39,553] {dag.py:2306} INFO - Setting next_dagrun for example_subdag_operator.section-2 to None
[2021-09-30 19:25:39,577] {logging_mixin.py:104} INFO - [2021-09-30 19:25:39,577] {dag.py:1833} INFO - Sync 2 DAGs
[2021-09-30 19:25:39,588] {logging_mixin.py:104} INFO - [2021-09-30 19:25:39,588] {dag.py:2306} INFO - Setting next_dagrun for example_subdag_operator.section-1 to None
[2021-09-30 19:25:39,588] {logging_mixin.py:104} INFO - [2021-09-30 19:25:39,588] {dag.py:2306} INFO - Setting next_dagrun for example_subdag_operator.section-2 to None
[2021-09-30 19:25:39,605] {scheduler_job.py:189} INFO - Processing /usr/local/lib/python3.8/dist-packages/airflow/example_dags/example_subdag_operator.py took 0.117 seconds
[2021-09-30 19:26:09,832] {scheduler_job.py:181} INFO - Started process (PID=1710893) to work on /usr/local/lib/python3.8/dist-packages/airflow/example_dags/example_subdag_operator.py
[2021-09-30 19:26:09,833] {scheduler_job.py:632} INFO - Processing file /usr/local/lib/python3.8/dist-packages/airflow/example_dags/example_subdag_operator.py for tasks to queue
[2021-09-30 19:26:09,834] {logging_mixin.py:104} INFO - [2021-09-30 19:26:09,834] {dagbag.py:496} INFO - Filling up the DagBag from /usr/local/lib/python3.8/dist-packages/airflow/example_dags/example_subdag_operator.py
[2021-09-30 19:26:09,870] {scheduler_job.py:642} INFO - DAG(s) dict_keys(['example_subdag_operator.section-1', 'example_subdag_operator.section-2', 'example_subdag_operator']) retrieved from /usr/local/lib/python3.8/dist-packages/airflow/example_dags/example_subdag_operator.py
[2021-09-30 19:26:09,883] {logging_mixin.py:104} INFO - [2021-09-30 19:26:09,883] {dag.py:1833} INFO - Sync 3 DAGs
[2021-09-30 19:26:09,900] {logging_mixin.py:104} INFO - [2021-09-30 19:26:09,899] {dag.py:2306} INFO - Setting next_dagrun for example_subdag_operator to 2021-09-28 00:00:00+00:00
[2021-09-30 19:26:09,901] {logging_mixin.py:104} INFO - [2021-09-30 19:26:09,901] {dag.py:2306} INFO - Setting next_dagrun for example_subdag_operator.section-1 to None
[2021-09-30 19:26:09,901] {logging_mixin.py:104} INFO - [2021-09-30 19:26:09,901] {dag.py:2306} INFO - Setting next_dagrun for example_subdag_operator.section-2 to None
[2021-09-30 19:26:09,912] {logging_mixin.py:104} INFO - [2021-09-30 19:26:09,912] {dag.py:1833} INFO - Sync 2 DAGs
[2021-09-30 19:26:09,930] {logging_mixin.py:104} INFO - [2021-09-30 19:26:09,930] {dag.py:2306} INFO - Setting next_dagrun for example_subdag_operator.section-1 to None
[2021-09-30 19:26:09,930] {logging_mixin.py:104} INFO - [2021-09-30 19:26:09,930] {dag.py:2306} INFO - Setting next_dagrun for example_subdag_operator.section-2 to None
[2021-09-30 19:26:09,948] {scheduler_job.py:189} INFO - Processing /usr/local/lib/python3.8/dist-packages/airflow/example_dags/example_subdag_operator.py took 0.119 seconds
[2021-09-30 19:26:40,470] {scheduler_job.py:181} INFO - Started process (PID=1712145) to work on /usr/local/lib/python3.8/dist-packages/airflow/example_dags/example_subdag_operator.py
[2021-09-30 19:26:40,471] {scheduler_job.py:632} INFO - Processing file /usr/local/lib/python3.8/dist-packages/airflow/example_dags/example_subdag_operator.py for tasks to queue
[2021-09-30 19:26:40,471] {logging_mixin.py:104} INFO - [2021-09-30 19:26:40,471] {dagbag.py:496} INFO - Filling up the DagBag from /usr/local/lib/python3.8/dist-packages/airflow/example_dags/example_subdag_operator.py
[2021-09-30 19:26:40,569] {scheduler_job.py:642} INFO - DAG(s) dict_keys(['example_subdag_operator.section-1', 'example_subdag_operator.section-2', 'example_subdag_operator']) retrieved from /usr/local/lib/python3.8/dist-packages/airflow/example_dags/example_subdag_operator.py
[2021-09-30 19:26:40,612] {logging_mixin.py:104} INFO - [2021-09-30 19:26:40,612] {dag.py:1833} INFO - Sync 3 DAGs
[2021-09-30 19:26:40,659] {logging_mixin.py:104} INFO - [2021-09-30 19:26:40,659] {dag.py:2306} INFO - Setting next_dagrun for example_subdag_operator to 2021-09-28 00:00:00+00:00
[2021-09-30 19:26:40,660] {logging_mixin.py:104} INFO - [2021-09-30 19:26:40,660] {dag.py:2306} INFO - Setting next_dagrun for example_subdag_operator.section-1 to None
[2021-09-30 19:26:40,660] {logging_mixin.py:104} INFO - [2021-09-30 19:26:40,660] {dag.py:2306} INFO - Setting next_dagrun for example_subdag_operator.section-2 to None
[2021-09-30 19:26:40,689] {logging_mixin.py:104} INFO - [2021-09-30 19:26:40,688] {dag.py:1833} INFO - Sync 2 DAGs
[2021-09-30 19:26:40,709] {logging_mixin.py:104} INFO - [2021-09-30 19:26:40,709] {dag.py:2306} INFO - Setting next_dagrun for example_subdag_operator.section-1 to None
[2021-09-30 19:26:40,709] {logging_mixin.py:104} INFO - [2021-09-30 19:26:40,709] {dag.py:2306} INFO - Setting next_dagrun for example_subdag_operator.section-2 to None
[2021-09-30 19:26:40,725] {scheduler_job.py:189} INFO - Processing /usr/local/lib/python3.8/dist-packages/airflow/example_dags/example_subdag_operator.py took 0.258 seconds
[2021-09-30 19:27:10,812] {scheduler_job.py:181} INFO - Started process (PID=1713525) to work on /usr/local/lib/python3.8/dist-packages/airflow/example_dags/example_subdag_operator.py
[2021-09-30 19:27:10,813] {scheduler_job.py:632} INFO - Processing file /usr/local/lib/python3.8/dist-packages/airflow/example_dags/example_subdag_operator.py for tasks to queue
[2021-09-30 19:27:10,814] {logging_mixin.py:104} INFO - [2021-09-30 19:27:10,813] {dagbag.py:496} INFO - Filling up the DagBag from /usr/local/lib/python3.8/dist-packages/airflow/example_dags/example_subdag_operator.py
[2021-09-30 19:27:10,840] {scheduler_job.py:642} INFO - DAG(s) dict_keys(['example_subdag_operator.section-1', 'example_subdag_operator.section-2', 'example_subdag_operator']) retrieved from /usr/local/lib/python3.8/dist-packages/airflow/example_dags/example_subdag_operator.py
[2021-09-30 19:27:10,854] {logging_mixin.py:104} INFO - [2021-09-30 19:27:10,854] {dag.py:1833} INFO - Sync 3 DAGs
[2021-09-30 19:27:10,871] {logging_mixin.py:104} INFO - [2021-09-30 19:27:10,871] {dag.py:2306} INFO - Setting next_dagrun for example_subdag_operator to 2021-09-28 00:00:00+00:00
[2021-09-30 19:27:10,872] {logging_mixin.py:104} INFO - [2021-09-30 19:27:10,872] {dag.py:2306} INFO - Setting next_dagrun for example_subdag_operator.section-1 to None
[2021-09-30 19:27:10,873] {logging_mixin.py:104} INFO - [2021-09-30 19:27:10,872] {dag.py:2306} INFO - Setting next_dagrun for example_subdag_operator.section-2 to None
[2021-09-30 19:27:10,889] {logging_mixin.py:104} INFO - [2021-09-30 19:27:10,889] {dag.py:1833} INFO - Sync 2 DAGs
[2021-09-30 19:27:10,898] {logging_mixin.py:104} INFO - [2021-09-30 19:27:10,898] {dag.py:2306} INFO - Setting next_dagrun for example_subdag_operator.section-1 to None
[2021-09-30 19:27:10,898] {logging_mixin.py:104} INFO - [2021-09-30 19:27:10,898] {dag.py:2306} INFO - Setting next_dagrun for example_subdag_operator.section-2 to None
[2021-09-30 19:27:10,916] {scheduler_job.py:189} INFO - Processing /usr/local/lib/python3.8/dist-packages/airflow/example_dags/example_subdag_operator.py took 0.107 seconds
[2021-09-30 19:27:41,115] {scheduler_job.py:181} INFO - Started process (PID=1714987) to work on /usr/local/lib/python3.8/dist-packages/airflow/example_dags/example_subdag_operator.py
[2021-09-30 19:27:41,116] {scheduler_job.py:632} INFO - Processing file /usr/local/lib/python3.8/dist-packages/airflow/example_dags/example_subdag_operator.py for tasks to queue
[2021-09-30 19:27:41,117] {logging_mixin.py:104} INFO - [2021-09-30 19:27:41,117] {dagbag.py:496} INFO - Filling up the DagBag from /usr/local/lib/python3.8/dist-packages/airflow/example_dags/example_subdag_operator.py
[2021-09-30 19:27:41,166] {scheduler_job.py:642} INFO - DAG(s) dict_keys(['example_subdag_operator.section-1', 'example_subdag_operator.section-2', 'example_subdag_operator']) retrieved from /usr/local/lib/python3.8/dist-packages/airflow/example_dags/example_subdag_operator.py
[2021-09-30 19:27:41,180] {logging_mixin.py:104} INFO - [2021-09-30 19:27:41,180] {dag.py:1833} INFO - Sync 3 DAGs
[2021-09-30 19:27:41,198] {logging_mixin.py:104} INFO - [2021-09-30 19:27:41,198] {dag.py:2306} INFO - Setting next_dagrun for example_subdag_operator to 2021-09-28 00:00:00+00:00
[2021-09-30 19:27:41,199] {logging_mixin.py:104} INFO - [2021-09-30 19:27:41,199] {dag.py:2306} INFO - Setting next_dagrun for example_subdag_operator.section-1 to None
[2021-09-30 19:27:41,200] {logging_mixin.py:104} INFO - [2021-09-30 19:27:41,200] {dag.py:2306} INFO - Setting next_dagrun for example_subdag_operator.section-2 to None
[2021-09-30 19:27:41,213] {logging_mixin.py:104} INFO - [2021-09-30 19:27:41,213] {dag.py:1833} INFO - Sync 2 DAGs
[2021-09-30 19:27:41,224] {logging_mixin.py:104} INFO - [2021-09-30 19:27:41,224] {dag.py:2306} INFO - Setting next_dagrun for example_subdag_operator.section-1 to None
[2021-09-30 19:27:41,224] {logging_mixin.py:104} INFO - [2021-09-30 19:27:41,224] {dag.py:2306} INFO - Setting next_dagrun for example_subdag_operator.section-2 to None
[2021-09-30 19:27:41,241] {scheduler_job.py:189} INFO - Processing /usr/local/lib/python3.8/dist-packages/airflow/example_dags/example_subdag_operator.py took 0.128 seconds
[2021-09-30 19:28:11,361] {scheduler_job.py:181} INFO - Started process (PID=1716547) to work on /usr/local/lib/python3.8/dist-packages/airflow/example_dags/example_subdag_operator.py
[2021-09-30 19:28:11,362] {scheduler_job.py:632} INFO - Processing file /usr/local/lib/python3.8/dist-packages/airflow/example_dags/example_subdag_operator.py for tasks to queue
[2021-09-30 19:28:11,363] {logging_mixin.py:104} INFO - [2021-09-30 19:28:11,363] {dagbag.py:496} INFO - Filling up the DagBag from /usr/local/lib/python3.8/dist-packages/airflow/example_dags/example_subdag_operator.py
[2021-09-30 19:28:11,432] {scheduler_job.py:642} INFO - DAG(s) dict_keys(['example_subdag_operator.section-1', 'example_subdag_operator.section-2', 'example_subdag_operator']) retrieved from /usr/local/lib/python3.8/dist-packages/airflow/example_dags/example_subdag_operator.py
[2021-09-30 19:28:11,447] {logging_mixin.py:104} INFO - [2021-09-30 19:28:11,447] {dag.py:1833} INFO - Sync 3 DAGs
[2021-09-30 19:28:11,465] {logging_mixin.py:104} INFO - [2021-09-30 19:28:11,465] {dag.py:2306} INFO - Setting next_dagrun for example_subdag_operator to 2021-09-28 00:00:00+00:00
[2021-09-30 19:28:11,466] {logging_mixin.py:104} INFO - [2021-09-30 19:28:11,466] {dag.py:2306} INFO - Setting next_dagrun for example_subdag_operator.section-1 to None
[2021-09-30 19:28:11,467] {logging_mixin.py:104} INFO - [2021-09-30 19:28:11,467] {dag.py:2306} INFO - Setting next_dagrun for example_subdag_operator.section-2 to None
[2021-09-30 19:28:11,491] {logging_mixin.py:104} INFO - [2021-09-30 19:28:11,491] {dag.py:1833} INFO - Sync 2 DAGs
[2021-09-30 19:28:11,508] {logging_mixin.py:104} INFO - [2021-09-30 19:28:11,507] {dag.py:2306} INFO - Setting next_dagrun for example_subdag_operator.section-1 to None
[2021-09-30 19:28:11,508] {logging_mixin.py:104} INFO - [2021-09-30 19:28:11,508] {dag.py:2306} INFO - Setting next_dagrun for example_subdag_operator.section-2 to None
[2021-09-30 19:28:11,528] {scheduler_job.py:189} INFO - Processing /usr/local/lib/python3.8/dist-packages/airflow/example_dags/example_subdag_operator.py took 0.170 seconds
[2021-09-30 19:28:41,660] {scheduler_job.py:181} INFO - Started process (PID=1717771) to work on /usr/local/lib/python3.8/dist-packages/airflow/example_dags/example_subdag_operator.py
[2021-09-30 19:28:41,667] {scheduler_job.py:632} INFO - Processing file /usr/local/lib/python3.8/dist-packages/airflow/example_dags/example_subdag_operator.py for tasks to queue
[2021-09-30 19:28:41,668] {logging_mixin.py:104} INFO - [2021-09-30 19:28:41,667] {dagbag.py:496} INFO - Filling up the DagBag from /usr/local/lib/python3.8/dist-packages/airflow/example_dags/example_subdag_operator.py
[2021-09-30 19:28:41,739] {scheduler_job.py:642} INFO - DAG(s) dict_keys(['example_subdag_operator.section-1', 'example_subdag_operator.section-2', 'example_subdag_operator']) retrieved from /usr/local/lib/python3.8/dist-packages/airflow/example_dags/example_subdag_operator.py
[2021-09-30 19:28:41,771] {logging_mixin.py:104} INFO - [2021-09-30 19:28:41,768] {dag.py:1833} INFO - Sync 3 DAGs
[2021-09-30 19:28:41,788] {logging_mixin.py:104} INFO - [2021-09-30 19:28:41,788] {dag.py:2306} INFO - Setting next_dagrun for example_subdag_operator to 2021-09-28 00:00:00+00:00
[2021-09-30 19:28:41,789] {logging_mixin.py:104} INFO - [2021-09-30 19:28:41,789] {dag.py:2306} INFO - Setting next_dagrun for example_subdag_operator.section-1 to None
[2021-09-30 19:28:41,791] {logging_mixin.py:104} INFO - [2021-09-30 19:28:41,789] {dag.py:2306} INFO - Setting next_dagrun for example_subdag_operator.section-2 to None
[2021-09-30 19:28:41,808] {logging_mixin.py:104} INFO - [2021-09-30 19:28:41,808] {dag.py:1833} INFO - Sync 2 DAGs
[2021-09-30 19:28:41,818] {logging_mixin.py:104} INFO - [2021-09-30 19:28:41,818] {dag.py:2306} INFO - Setting next_dagrun for example_subdag_operator.section-1 to None
[2021-09-30 19:28:41,818] {logging_mixin.py:104} INFO - [2021-09-30 19:28:41,818] {dag.py:2306} INFO - Setting next_dagrun for example_subdag_operator.section-2 to None
[2021-09-30 19:28:41,828] {scheduler_job.py:189} INFO - Processing /usr/local/lib/python3.8/dist-packages/airflow/example_dags/example_subdag_operator.py took 0.171 seconds
[2021-09-30 19:29:12,008] {scheduler_job.py:181} INFO - Started process (PID=1719188) to work on /usr/local/lib/python3.8/dist-packages/airflow/example_dags/example_subdag_operator.py
[2021-09-30 19:29:12,009] {scheduler_job.py:632} INFO - Processing file /usr/local/lib/python3.8/dist-packages/airflow/example_dags/example_subdag_operator.py for tasks to queue
[2021-09-30 19:29:12,010] {logging_mixin.py:104} INFO - [2021-09-30 19:29:12,010] {dagbag.py:496} INFO - Filling up the DagBag from /usr/local/lib/python3.8/dist-packages/airflow/example_dags/example_subdag_operator.py
[2021-09-30 19:29:12,038] {scheduler_job.py:642} INFO - DAG(s) dict_keys(['example_subdag_operator.section-1', 'example_subdag_operator.section-2', 'example_subdag_operator']) retrieved from /usr/local/lib/python3.8/dist-packages/airflow/example_dags/example_subdag_operator.py
[2021-09-30 19:29:12,053] {logging_mixin.py:104} INFO - [2021-09-30 19:29:12,053] {dag.py:1833} INFO - Sync 3 DAGs
[2021-09-30 19:29:12,070] {logging_mixin.py:104} INFO - [2021-09-30 19:29:12,070] {dag.py:2306} INFO - Setting next_dagrun for example_subdag_operator to 2021-09-28 00:00:00+00:00
[2021-09-30 19:29:12,071] {logging_mixin.py:104} INFO - [2021-09-30 19:29:12,071] {dag.py:2306} INFO - Setting next_dagrun for example_subdag_operator.section-1 to None
[2021-09-30 19:29:12,072] {logging_mixin.py:104} INFO - [2021-09-30 19:29:12,072] {dag.py:2306} INFO - Setting next_dagrun for example_subdag_operator.section-2 to None
[2021-09-30 19:29:12,085] {logging_mixin.py:104} INFO - [2021-09-30 19:29:12,085] {dag.py:1833} INFO - Sync 2 DAGs
[2021-09-30 19:29:12,096] {logging_mixin.py:104} INFO - [2021-09-30 19:29:12,096] {dag.py:2306} INFO - Setting next_dagrun for example_subdag_operator.section-1 to None
[2021-09-30 19:29:12,096] {logging_mixin.py:104} INFO - [2021-09-30 19:29:12,096] {dag.py:2306} INFO - Setting next_dagrun for example_subdag_operator.section-2 to None
[2021-09-30 19:29:12,113] {scheduler_job.py:189} INFO - Processing /usr/local/lib/python3.8/dist-packages/airflow/example_dags/example_subdag_operator.py took 0.107 seconds
