[2021-09-30 19:20:00,559] {scheduler_job.py:181} INFO - Started process (PID=1695166) to work on /usr/local/lib/python3.8/dist-packages/airflow/example_dags/tutorial.py
[2021-09-30 19:20:00,560] {scheduler_job.py:632} INFO - Processing file /usr/local/lib/python3.8/dist-packages/airflow/example_dags/tutorial.py for tasks to queue
[2021-09-30 19:20:00,561] {logging_mixin.py:104} INFO - [2021-09-30 19:20:00,561] {dagbag.py:496} INFO - Filling up the DagBag from /usr/local/lib/python3.8/dist-packages/airflow/example_dags/tutorial.py
[2021-09-30 19:20:00,634] {scheduler_job.py:642} INFO - DAG(s) dict_keys(['tutorial']) retrieved from /usr/local/lib/python3.8/dist-packages/airflow/example_dags/tutorial.py
[2021-09-30 19:20:00,656] {logging_mixin.py:104} INFO - [2021-09-30 19:20:00,656] {dag.py:1833} INFO - Sync 1 DAGs
[2021-09-30 19:20:00,670] {logging_mixin.py:104} INFO - [2021-09-30 19:20:00,669] {dag.py:2306} INFO - Setting next_dagrun for tutorial to 2021-09-28 00:00:00+00:00
[2021-09-30 19:20:00,683] {scheduler_job.py:189} INFO - Processing /usr/local/lib/python3.8/dist-packages/airflow/example_dags/tutorial.py took 0.127 seconds
[2021-09-30 19:20:32,045] {scheduler_job.py:181} INFO - Started process (PID=1696430) to work on /usr/local/lib/python3.8/dist-packages/airflow/example_dags/tutorial.py
[2021-09-30 19:20:32,151] {scheduler_job.py:632} INFO - Processing file /usr/local/lib/python3.8/dist-packages/airflow/example_dags/tutorial.py for tasks to queue
[2021-09-30 19:20:32,152] {logging_mixin.py:104} INFO - [2021-09-30 19:20:32,152] {dagbag.py:496} INFO - Filling up the DagBag from /usr/local/lib/python3.8/dist-packages/airflow/example_dags/tutorial.py
[2021-09-30 19:20:32,174] {scheduler_job.py:642} INFO - DAG(s) dict_keys(['tutorial']) retrieved from /usr/local/lib/python3.8/dist-packages/airflow/example_dags/tutorial.py
[2021-09-30 19:20:32,248] {logging_mixin.py:104} INFO - [2021-09-30 19:20:32,248] {dag.py:1833} INFO - Sync 1 DAGs
[2021-09-30 19:20:32,264] {logging_mixin.py:104} INFO - [2021-09-30 19:20:32,264] {dag.py:2306} INFO - Setting next_dagrun for tutorial to 2021-09-28 00:00:00+00:00
[2021-09-30 19:20:32,297] {scheduler_job.py:189} INFO - Processing /usr/local/lib/python3.8/dist-packages/airflow/example_dags/tutorial.py took 0.255 seconds
[2021-09-30 19:21:02,734] {scheduler_job.py:181} INFO - Started process (PID=1697672) to work on /usr/local/lib/python3.8/dist-packages/airflow/example_dags/tutorial.py
[2021-09-30 19:21:02,735] {scheduler_job.py:632} INFO - Processing file /usr/local/lib/python3.8/dist-packages/airflow/example_dags/tutorial.py for tasks to queue
[2021-09-30 19:21:02,736] {logging_mixin.py:104} INFO - [2021-09-30 19:21:02,736] {dagbag.py:496} INFO - Filling up the DagBag from /usr/local/lib/python3.8/dist-packages/airflow/example_dags/tutorial.py
[2021-09-30 19:21:02,760] {scheduler_job.py:642} INFO - DAG(s) dict_keys(['tutorial']) retrieved from /usr/local/lib/python3.8/dist-packages/airflow/example_dags/tutorial.py
[2021-09-30 19:21:02,801] {logging_mixin.py:104} INFO - [2021-09-30 19:21:02,801] {dag.py:1833} INFO - Sync 1 DAGs
[2021-09-30 19:21:02,817] {logging_mixin.py:104} INFO - [2021-09-30 19:21:02,817] {dag.py:2306} INFO - Setting next_dagrun for tutorial to 2021-09-28 00:00:00+00:00
[2021-09-30 19:21:02,831] {scheduler_job.py:189} INFO - Processing /usr/local/lib/python3.8/dist-packages/airflow/example_dags/tutorial.py took 0.099 seconds
[2021-09-30 19:21:32,916] {scheduler_job.py:181} INFO - Started process (PID=1698939) to work on /usr/local/lib/python3.8/dist-packages/airflow/example_dags/tutorial.py
[2021-09-30 19:21:32,918] {scheduler_job.py:632} INFO - Processing file /usr/local/lib/python3.8/dist-packages/airflow/example_dags/tutorial.py for tasks to queue
[2021-09-30 19:21:32,923] {logging_mixin.py:104} INFO - [2021-09-30 19:21:32,923] {dagbag.py:496} INFO - Filling up the DagBag from /usr/local/lib/python3.8/dist-packages/airflow/example_dags/tutorial.py
[2021-09-30 19:21:32,938] {scheduler_job.py:642} INFO - DAG(s) dict_keys(['tutorial']) retrieved from /usr/local/lib/python3.8/dist-packages/airflow/example_dags/tutorial.py
[2021-09-30 19:21:32,970] {logging_mixin.py:104} INFO - [2021-09-30 19:21:32,970] {dag.py:1833} INFO - Sync 1 DAGs
[2021-09-30 19:21:32,990] {logging_mixin.py:104} INFO - [2021-09-30 19:21:32,990] {dag.py:2306} INFO - Setting next_dagrun for tutorial to 2021-09-28 00:00:00+00:00
[2021-09-30 19:21:33,020] {scheduler_job.py:189} INFO - Processing /usr/local/lib/python3.8/dist-packages/airflow/example_dags/tutorial.py took 0.108 seconds
[2021-09-30 19:22:03,769] {scheduler_job.py:181} INFO - Started process (PID=1700190) to work on /usr/local/lib/python3.8/dist-packages/airflow/example_dags/tutorial.py
[2021-09-30 19:22:03,772] {scheduler_job.py:632} INFO - Processing file /usr/local/lib/python3.8/dist-packages/airflow/example_dags/tutorial.py for tasks to queue
[2021-09-30 19:22:03,772] {logging_mixin.py:104} INFO - [2021-09-30 19:22:03,772] {dagbag.py:496} INFO - Filling up the DagBag from /usr/local/lib/python3.8/dist-packages/airflow/example_dags/tutorial.py
[2021-09-30 19:22:03,796] {scheduler_job.py:642} INFO - DAG(s) dict_keys(['tutorial']) retrieved from /usr/local/lib/python3.8/dist-packages/airflow/example_dags/tutorial.py
[2021-09-30 19:22:03,851] {logging_mixin.py:104} INFO - [2021-09-30 19:22:03,851] {dag.py:1833} INFO - Sync 1 DAGs
[2021-09-30 19:22:03,872] {logging_mixin.py:104} INFO - [2021-09-30 19:22:03,872] {dag.py:2306} INFO - Setting next_dagrun for tutorial to 2021-09-28 00:00:00+00:00
[2021-09-30 19:22:03,892] {scheduler_job.py:189} INFO - Processing /usr/local/lib/python3.8/dist-packages/airflow/example_dags/tutorial.py took 0.126 seconds
[2021-09-30 19:22:36,396] {scheduler_job.py:181} INFO - Started process (PID=1701491) to work on /usr/local/lib/python3.8/dist-packages/airflow/example_dags/tutorial.py
[2021-09-30 19:22:36,397] {scheduler_job.py:632} INFO - Processing file /usr/local/lib/python3.8/dist-packages/airflow/example_dags/tutorial.py for tasks to queue
[2021-09-30 19:22:36,398] {logging_mixin.py:104} INFO - [2021-09-30 19:22:36,398] {dagbag.py:496} INFO - Filling up the DagBag from /usr/local/lib/python3.8/dist-packages/airflow/example_dags/tutorial.py
[2021-09-30 19:22:36,422] {scheduler_job.py:642} INFO - DAG(s) dict_keys(['tutorial']) retrieved from /usr/local/lib/python3.8/dist-packages/airflow/example_dags/tutorial.py
[2021-09-30 19:22:36,462] {logging_mixin.py:104} INFO - [2021-09-30 19:22:36,462] {dag.py:1833} INFO - Sync 1 DAGs
[2021-09-30 19:22:36,476] {logging_mixin.py:104} INFO - [2021-09-30 19:22:36,476] {dag.py:2306} INFO - Setting next_dagrun for tutorial to 2021-09-28 00:00:00+00:00
[2021-09-30 19:22:36,493] {scheduler_job.py:189} INFO - Processing /usr/local/lib/python3.8/dist-packages/airflow/example_dags/tutorial.py took 0.103 seconds
[2021-09-30 19:23:08,137] {scheduler_job.py:181} INFO - Started process (PID=1702547) to work on /usr/local/lib/python3.8/dist-packages/airflow/example_dags/tutorial.py
[2021-09-30 19:23:08,138] {scheduler_job.py:632} INFO - Processing file /usr/local/lib/python3.8/dist-packages/airflow/example_dags/tutorial.py for tasks to queue
[2021-09-30 19:23:08,146] {logging_mixin.py:104} INFO - [2021-09-30 19:23:08,138] {dagbag.py:496} INFO - Filling up the DagBag from /usr/local/lib/python3.8/dist-packages/airflow/example_dags/tutorial.py
[2021-09-30 19:23:08,166] {scheduler_job.py:642} INFO - DAG(s) dict_keys(['tutorial']) retrieved from /usr/local/lib/python3.8/dist-packages/airflow/example_dags/tutorial.py
[2021-09-30 19:23:08,211] {logging_mixin.py:104} INFO - [2021-09-30 19:23:08,211] {dag.py:1833} INFO - Sync 1 DAGs
[2021-09-30 19:23:08,232] {logging_mixin.py:104} INFO - [2021-09-30 19:23:08,232] {dag.py:2306} INFO - Setting next_dagrun for tutorial to 2021-09-28 00:00:00+00:00
[2021-09-30 19:23:08,337] {scheduler_job.py:189} INFO - Processing /usr/local/lib/python3.8/dist-packages/airflow/example_dags/tutorial.py took 0.203 seconds
[2021-09-30 19:23:38,457] {scheduler_job.py:181} INFO - Started process (PID=1703679) to work on /usr/local/lib/python3.8/dist-packages/airflow/example_dags/tutorial.py
[2021-09-30 19:23:38,459] {scheduler_job.py:632} INFO - Processing file /usr/local/lib/python3.8/dist-packages/airflow/example_dags/tutorial.py for tasks to queue
[2021-09-30 19:23:38,459] {logging_mixin.py:104} INFO - [2021-09-30 19:23:38,459] {dagbag.py:496} INFO - Filling up the DagBag from /usr/local/lib/python3.8/dist-packages/airflow/example_dags/tutorial.py
[2021-09-30 19:23:38,474] {scheduler_job.py:642} INFO - DAG(s) dict_keys(['tutorial']) retrieved from /usr/local/lib/python3.8/dist-packages/airflow/example_dags/tutorial.py
[2021-09-30 19:23:38,508] {logging_mixin.py:104} INFO - [2021-09-30 19:23:38,508] {dag.py:1833} INFO - Sync 1 DAGs
[2021-09-30 19:23:38,566] {logging_mixin.py:104} INFO - [2021-09-30 19:23:38,566] {dag.py:2306} INFO - Setting next_dagrun for tutorial to 2021-09-28 00:00:00+00:00
[2021-09-30 19:23:38,608] {scheduler_job.py:189} INFO - Processing /usr/local/lib/python3.8/dist-packages/airflow/example_dags/tutorial.py took 0.154 seconds
[2021-09-30 19:24:09,347] {scheduler_job.py:181} INFO - Started process (PID=1705221) to work on /usr/local/lib/python3.8/dist-packages/airflow/example_dags/tutorial.py
[2021-09-30 19:24:09,356] {scheduler_job.py:632} INFO - Processing file /usr/local/lib/python3.8/dist-packages/airflow/example_dags/tutorial.py for tasks to queue
[2021-09-30 19:24:09,356] {logging_mixin.py:104} INFO - [2021-09-30 19:24:09,356] {dagbag.py:496} INFO - Filling up the DagBag from /usr/local/lib/python3.8/dist-packages/airflow/example_dags/tutorial.py
[2021-09-30 19:24:09,421] {scheduler_job.py:642} INFO - DAG(s) dict_keys(['tutorial']) retrieved from /usr/local/lib/python3.8/dist-packages/airflow/example_dags/tutorial.py
[2021-09-30 19:24:09,459] {logging_mixin.py:104} INFO - [2021-09-30 19:24:09,459] {dag.py:1833} INFO - Sync 1 DAGs
[2021-09-30 19:24:09,475] {logging_mixin.py:104} INFO - [2021-09-30 19:24:09,475] {dag.py:2306} INFO - Setting next_dagrun for tutorial to 2021-09-28 00:00:00+00:00
[2021-09-30 19:24:09,495] {scheduler_job.py:189} INFO - Processing /usr/local/lib/python3.8/dist-packages/airflow/example_dags/tutorial.py took 0.155 seconds
[2021-09-30 19:24:40,725] {scheduler_job.py:181} INFO - Started process (PID=1706470) to work on /usr/local/lib/python3.8/dist-packages/airflow/example_dags/tutorial.py
[2021-09-30 19:24:40,726] {scheduler_job.py:632} INFO - Processing file /usr/local/lib/python3.8/dist-packages/airflow/example_dags/tutorial.py for tasks to queue
[2021-09-30 19:24:40,727] {logging_mixin.py:104} INFO - [2021-09-30 19:24:40,727] {dagbag.py:496} INFO - Filling up the DagBag from /usr/local/lib/python3.8/dist-packages/airflow/example_dags/tutorial.py
[2021-09-30 19:24:40,781] {scheduler_job.py:642} INFO - DAG(s) dict_keys(['tutorial']) retrieved from /usr/local/lib/python3.8/dist-packages/airflow/example_dags/tutorial.py
[2021-09-30 19:24:40,868] {logging_mixin.py:104} INFO - [2021-09-30 19:24:40,868] {dag.py:1833} INFO - Sync 1 DAGs
[2021-09-30 19:24:40,912] {logging_mixin.py:104} INFO - [2021-09-30 19:24:40,911] {dag.py:2306} INFO - Setting next_dagrun for tutorial to 2021-09-28 00:00:00+00:00
[2021-09-30 19:24:40,939] {scheduler_job.py:189} INFO - Processing /usr/local/lib/python3.8/dist-packages/airflow/example_dags/tutorial.py took 0.218 seconds
[2021-09-30 19:25:11,752] {scheduler_job.py:181} INFO - Started process (PID=1708045) to work on /usr/local/lib/python3.8/dist-packages/airflow/example_dags/tutorial.py
[2021-09-30 19:25:11,754] {scheduler_job.py:632} INFO - Processing file /usr/local/lib/python3.8/dist-packages/airflow/example_dags/tutorial.py for tasks to queue
[2021-09-30 19:25:11,754] {logging_mixin.py:104} INFO - [2021-09-30 19:25:11,754] {dagbag.py:496} INFO - Filling up the DagBag from /usr/local/lib/python3.8/dist-packages/airflow/example_dags/tutorial.py
[2021-09-30 19:25:11,765] {scheduler_job.py:642} INFO - DAG(s) dict_keys(['tutorial']) retrieved from /usr/local/lib/python3.8/dist-packages/airflow/example_dags/tutorial.py
[2021-09-30 19:25:11,830] {logging_mixin.py:104} INFO - [2021-09-30 19:25:11,829] {dag.py:1833} INFO - Sync 1 DAGs
[2021-09-30 19:25:11,847] {logging_mixin.py:104} INFO - [2021-09-30 19:25:11,847] {dag.py:2306} INFO - Setting next_dagrun for tutorial to 2021-09-28 00:00:00+00:00
[2021-09-30 19:25:11,892] {scheduler_job.py:189} INFO - Processing /usr/local/lib/python3.8/dist-packages/airflow/example_dags/tutorial.py took 0.143 seconds
[2021-09-30 19:25:42,177] {scheduler_job.py:181} INFO - Started process (PID=1709576) to work on /usr/local/lib/python3.8/dist-packages/airflow/example_dags/tutorial.py
[2021-09-30 19:25:42,179] {scheduler_job.py:632} INFO - Processing file /usr/local/lib/python3.8/dist-packages/airflow/example_dags/tutorial.py for tasks to queue
[2021-09-30 19:25:42,180] {logging_mixin.py:104} INFO - [2021-09-30 19:25:42,180] {dagbag.py:496} INFO - Filling up the DagBag from /usr/local/lib/python3.8/dist-packages/airflow/example_dags/tutorial.py
[2021-09-30 19:25:42,220] {scheduler_job.py:642} INFO - DAG(s) dict_keys(['tutorial']) retrieved from /usr/local/lib/python3.8/dist-packages/airflow/example_dags/tutorial.py
[2021-09-30 19:25:42,317] {logging_mixin.py:104} INFO - [2021-09-30 19:25:42,317] {dag.py:1833} INFO - Sync 1 DAGs
[2021-09-30 19:25:42,348] {logging_mixin.py:104} INFO - [2021-09-30 19:25:42,348] {dag.py:2306} INFO - Setting next_dagrun for tutorial to 2021-09-28 00:00:00+00:00
[2021-09-30 19:25:42,410] {scheduler_job.py:189} INFO - Processing /usr/local/lib/python3.8/dist-packages/airflow/example_dags/tutorial.py took 0.237 seconds
[2021-09-30 19:26:12,983] {scheduler_job.py:181} INFO - Started process (PID=1711130) to work on /usr/local/lib/python3.8/dist-packages/airflow/example_dags/tutorial.py
[2021-09-30 19:26:12,984] {scheduler_job.py:632} INFO - Processing file /usr/local/lib/python3.8/dist-packages/airflow/example_dags/tutorial.py for tasks to queue
[2021-09-30 19:26:12,984] {logging_mixin.py:104} INFO - [2021-09-30 19:26:12,984] {dagbag.py:496} INFO - Filling up the DagBag from /usr/local/lib/python3.8/dist-packages/airflow/example_dags/tutorial.py
[2021-09-30 19:26:13,001] {scheduler_job.py:642} INFO - DAG(s) dict_keys(['tutorial']) retrieved from /usr/local/lib/python3.8/dist-packages/airflow/example_dags/tutorial.py
[2021-09-30 19:26:13,043] {logging_mixin.py:104} INFO - [2021-09-30 19:26:13,042] {dag.py:1833} INFO - Sync 1 DAGs
[2021-09-30 19:26:13,076] {logging_mixin.py:104} INFO - [2021-09-30 19:26:13,076] {dag.py:2306} INFO - Setting next_dagrun for tutorial to 2021-09-28 00:00:00+00:00
[2021-09-30 19:26:13,103] {scheduler_job.py:189} INFO - Processing /usr/local/lib/python3.8/dist-packages/airflow/example_dags/tutorial.py took 0.123 seconds
[2021-09-30 19:26:43,930] {scheduler_job.py:181} INFO - Started process (PID=1712382) to work on /usr/local/lib/python3.8/dist-packages/airflow/example_dags/tutorial.py
[2021-09-30 19:26:43,931] {scheduler_job.py:632} INFO - Processing file /usr/local/lib/python3.8/dist-packages/airflow/example_dags/tutorial.py for tasks to queue
[2021-09-30 19:26:43,931] {logging_mixin.py:104} INFO - [2021-09-30 19:26:43,931] {dagbag.py:496} INFO - Filling up the DagBag from /usr/local/lib/python3.8/dist-packages/airflow/example_dags/tutorial.py
[2021-09-30 19:26:43,967] {scheduler_job.py:642} INFO - DAG(s) dict_keys(['tutorial']) retrieved from /usr/local/lib/python3.8/dist-packages/airflow/example_dags/tutorial.py
[2021-09-30 19:26:44,029] {logging_mixin.py:104} INFO - [2021-09-30 19:26:44,028] {dag.py:1833} INFO - Sync 1 DAGs
[2021-09-30 19:26:44,062] {logging_mixin.py:104} INFO - [2021-09-30 19:26:44,062] {dag.py:2306} INFO - Setting next_dagrun for tutorial to 2021-09-28 00:00:00+00:00
[2021-09-30 19:26:44,091] {scheduler_job.py:189} INFO - Processing /usr/local/lib/python3.8/dist-packages/airflow/example_dags/tutorial.py took 0.165 seconds
[2021-09-30 19:27:14,449] {scheduler_job.py:181} INFO - Started process (PID=1713795) to work on /usr/local/lib/python3.8/dist-packages/airflow/example_dags/tutorial.py
[2021-09-30 19:27:14,450] {scheduler_job.py:632} INFO - Processing file /usr/local/lib/python3.8/dist-packages/airflow/example_dags/tutorial.py for tasks to queue
[2021-09-30 19:27:14,450] {logging_mixin.py:104} INFO - [2021-09-30 19:27:14,450] {dagbag.py:496} INFO - Filling up the DagBag from /usr/local/lib/python3.8/dist-packages/airflow/example_dags/tutorial.py
[2021-09-30 19:27:14,462] {scheduler_job.py:642} INFO - DAG(s) dict_keys(['tutorial']) retrieved from /usr/local/lib/python3.8/dist-packages/airflow/example_dags/tutorial.py
[2021-09-30 19:27:14,487] {logging_mixin.py:104} INFO - [2021-09-30 19:27:14,487] {dag.py:1833} INFO - Sync 1 DAGs
[2021-09-30 19:27:14,519] {logging_mixin.py:104} INFO - [2021-09-30 19:27:14,518] {dag.py:2306} INFO - Setting next_dagrun for tutorial to 2021-09-28 00:00:00+00:00
[2021-09-30 19:27:14,533] {scheduler_job.py:189} INFO - Processing /usr/local/lib/python3.8/dist-packages/airflow/example_dags/tutorial.py took 0.088 seconds
[2021-09-30 19:27:45,059] {scheduler_job.py:181} INFO - Started process (PID=1715281) to work on /usr/local/lib/python3.8/dist-packages/airflow/example_dags/tutorial.py
[2021-09-30 19:27:45,060] {scheduler_job.py:632} INFO - Processing file /usr/local/lib/python3.8/dist-packages/airflow/example_dags/tutorial.py for tasks to queue
[2021-09-30 19:27:45,061] {logging_mixin.py:104} INFO - [2021-09-30 19:27:45,061] {dagbag.py:496} INFO - Filling up the DagBag from /usr/local/lib/python3.8/dist-packages/airflow/example_dags/tutorial.py
[2021-09-30 19:27:45,077] {scheduler_job.py:642} INFO - DAG(s) dict_keys(['tutorial']) retrieved from /usr/local/lib/python3.8/dist-packages/airflow/example_dags/tutorial.py
[2021-09-30 19:27:45,109] {logging_mixin.py:104} INFO - [2021-09-30 19:27:45,109] {dag.py:1833} INFO - Sync 1 DAGs
[2021-09-30 19:27:45,123] {logging_mixin.py:104} INFO - [2021-09-30 19:27:45,123] {dag.py:2306} INFO - Setting next_dagrun for tutorial to 2021-09-28 00:00:00+00:00
[2021-09-30 19:27:45,141] {scheduler_job.py:189} INFO - Processing /usr/local/lib/python3.8/dist-packages/airflow/example_dags/tutorial.py took 0.086 seconds
[2021-09-30 19:28:16,114] {scheduler_job.py:181} INFO - Started process (PID=1716797) to work on /usr/local/lib/python3.8/dist-packages/airflow/example_dags/tutorial.py
[2021-09-30 19:28:16,115] {scheduler_job.py:632} INFO - Processing file /usr/local/lib/python3.8/dist-packages/airflow/example_dags/tutorial.py for tasks to queue
[2021-09-30 19:28:16,116] {logging_mixin.py:104} INFO - [2021-09-30 19:28:16,116] {dagbag.py:496} INFO - Filling up the DagBag from /usr/local/lib/python3.8/dist-packages/airflow/example_dags/tutorial.py
[2021-09-30 19:28:16,154] {scheduler_job.py:642} INFO - DAG(s) dict_keys(['tutorial']) retrieved from /usr/local/lib/python3.8/dist-packages/airflow/example_dags/tutorial.py
[2021-09-30 19:28:16,205] {logging_mixin.py:104} INFO - [2021-09-30 19:28:16,205] {dag.py:1833} INFO - Sync 1 DAGs
[2021-09-30 19:28:16,223] {logging_mixin.py:104} INFO - [2021-09-30 19:28:16,223] {dag.py:2306} INFO - Setting next_dagrun for tutorial to 2021-09-28 00:00:00+00:00
[2021-09-30 19:28:16,237] {scheduler_job.py:189} INFO - Processing /usr/local/lib/python3.8/dist-packages/airflow/example_dags/tutorial.py took 0.126 seconds
[2021-09-30 19:28:47,001] {scheduler_job.py:181} INFO - Started process (PID=1718083) to work on /usr/local/lib/python3.8/dist-packages/airflow/example_dags/tutorial.py
[2021-09-30 19:28:47,003] {scheduler_job.py:632} INFO - Processing file /usr/local/lib/python3.8/dist-packages/airflow/example_dags/tutorial.py for tasks to queue
[2021-09-30 19:28:47,003] {logging_mixin.py:104} INFO - [2021-09-30 19:28:47,003] {dagbag.py:496} INFO - Filling up the DagBag from /usr/local/lib/python3.8/dist-packages/airflow/example_dags/tutorial.py
[2021-09-30 19:28:47,022] {scheduler_job.py:642} INFO - DAG(s) dict_keys(['tutorial']) retrieved from /usr/local/lib/python3.8/dist-packages/airflow/example_dags/tutorial.py
[2021-09-30 19:28:47,061] {logging_mixin.py:104} INFO - [2021-09-30 19:28:47,060] {dag.py:1833} INFO - Sync 1 DAGs
[2021-09-30 19:28:47,080] {logging_mixin.py:104} INFO - [2021-09-30 19:28:47,080] {dag.py:2306} INFO - Setting next_dagrun for tutorial to 2021-09-28 00:00:00+00:00
[2021-09-30 19:28:47,103] {scheduler_job.py:189} INFO - Processing /usr/local/lib/python3.8/dist-packages/airflow/example_dags/tutorial.py took 0.106 seconds
[2021-09-30 19:29:17,519] {scheduler_job.py:181} INFO - Started process (PID=1719534) to work on /usr/local/lib/python3.8/dist-packages/airflow/example_dags/tutorial.py
[2021-09-30 19:29:17,520] {scheduler_job.py:632} INFO - Processing file /usr/local/lib/python3.8/dist-packages/airflow/example_dags/tutorial.py for tasks to queue
[2021-09-30 19:29:17,520] {logging_mixin.py:104} INFO - [2021-09-30 19:29:17,520] {dagbag.py:496} INFO - Filling up the DagBag from /usr/local/lib/python3.8/dist-packages/airflow/example_dags/tutorial.py
[2021-09-30 19:29:17,533] {scheduler_job.py:642} INFO - DAG(s) dict_keys(['tutorial']) retrieved from /usr/local/lib/python3.8/dist-packages/airflow/example_dags/tutorial.py
[2021-09-30 19:29:17,559] {logging_mixin.py:104} INFO - [2021-09-30 19:29:17,559] {dag.py:1833} INFO - Sync 1 DAGs
[2021-09-30 19:29:17,573] {logging_mixin.py:104} INFO - [2021-09-30 19:29:17,573] {dag.py:2306} INFO - Setting next_dagrun for tutorial to 2021-09-28 00:00:00+00:00
[2021-09-30 19:29:17,588] {scheduler_job.py:189} INFO - Processing /usr/local/lib/python3.8/dist-packages/airflow/example_dags/tutorial.py took 0.073 seconds
