[2021-09-30 19:19:59,260] {scheduler_job.py:181} INFO - Started process (PID=1695082) to work on /home/kseniya/airflow/dags/etl_dag (копия).py
[2021-09-30 19:19:59,261] {scheduler_job.py:632} INFO - Processing file /home/kseniya/airflow/dags/etl_dag (копия).py for tasks to queue
[2021-09-30 19:19:59,261] {logging_mixin.py:104} INFO - [2021-09-30 19:19:59,261] {dagbag.py:496} INFO - Filling up the DagBag from /home/kseniya/airflow/dags/etl_dag (копия).py
[2021-09-30 19:19:59,488] {scheduler_job.py:642} INFO - DAG(s) dict_keys(['etl_dag']) retrieved from /home/kseniya/airflow/dags/etl_dag (копия).py
[2021-09-30 19:19:59,708] {logging_mixin.py:104} INFO - [2021-09-30 19:19:59,708] {dag.py:1833} INFO - Sync 1 DAGs
[2021-09-30 19:19:59,721] {logging_mixin.py:104} INFO - [2021-09-30 19:19:59,721] {dag.py:2306} INFO - Setting next_dagrun for etl_dag to 2021-09-28 00:00:00+00:00
[2021-09-30 19:19:59,733] {scheduler_job.py:189} INFO - Processing /home/kseniya/airflow/dags/etl_dag (копия).py took 0.476 seconds
[2021-09-30 19:20:29,828] {scheduler_job.py:181} INFO - Started process (PID=1696293) to work on /home/kseniya/airflow/dags/etl_dag (копия).py
[2021-09-30 19:20:29,877] {scheduler_job.py:632} INFO - Processing file /home/kseniya/airflow/dags/etl_dag (копия).py for tasks to queue
[2021-09-30 19:20:29,877] {logging_mixin.py:104} INFO - [2021-09-30 19:20:29,877] {dagbag.py:496} INFO - Filling up the DagBag from /home/kseniya/airflow/dags/etl_dag (копия).py
[2021-09-30 19:20:30,043] {scheduler_job.py:642} INFO - DAG(s) dict_keys(['etl_dag']) retrieved from /home/kseniya/airflow/dags/etl_dag (копия).py
[2021-09-30 19:20:30,062] {logging_mixin.py:104} INFO - [2021-09-30 19:20:30,061] {dag.py:1833} INFO - Sync 1 DAGs
[2021-09-30 19:20:30,094] {logging_mixin.py:104} INFO - [2021-09-30 19:20:30,094] {dag.py:2306} INFO - Setting next_dagrun for etl_dag to 2021-09-28T08:00:00+00:00
[2021-09-30 19:20:30,131] {scheduler_job.py:189} INFO - Processing /home/kseniya/airflow/dags/etl_dag (копия).py took 0.305 seconds
[2021-09-30 19:21:00,320] {scheduler_job.py:181} INFO - Started process (PID=1697552) to work on /home/kseniya/airflow/dags/etl_dag (копия).py
[2021-09-30 19:21:00,321] {scheduler_job.py:632} INFO - Processing file /home/kseniya/airflow/dags/etl_dag (копия).py for tasks to queue
[2021-09-30 19:21:00,321] {logging_mixin.py:104} INFO - [2021-09-30 19:21:00,321] {dagbag.py:496} INFO - Filling up the DagBag from /home/kseniya/airflow/dags/etl_dag (копия).py
[2021-09-30 19:21:00,544] {scheduler_job.py:642} INFO - DAG(s) dict_keys(['etl_dag']) retrieved from /home/kseniya/airflow/dags/etl_dag (копия).py
[2021-09-30 19:21:00,563] {logging_mixin.py:104} INFO - [2021-09-30 19:21:00,563] {dag.py:1833} INFO - Sync 1 DAGs
[2021-09-30 19:21:00,578] {logging_mixin.py:104} INFO - [2021-09-30 19:21:00,578] {dag.py:2306} INFO - Setting next_dagrun for etl_dag to 2021-09-28T07:00:00+00:00
[2021-09-30 19:21:00,607] {scheduler_job.py:189} INFO - Processing /home/kseniya/airflow/dags/etl_dag (копия).py took 0.290 seconds
[2021-09-30 19:21:30,965] {scheduler_job.py:181} INFO - Started process (PID=1698831) to work on /home/kseniya/airflow/dags/etl_dag (копия).py
[2021-09-30 19:21:30,967] {scheduler_job.py:632} INFO - Processing file /home/kseniya/airflow/dags/etl_dag (копия).py for tasks to queue
[2021-09-30 19:21:30,968] {logging_mixin.py:104} INFO - [2021-09-30 19:21:30,968] {dagbag.py:496} INFO - Filling up the DagBag from /home/kseniya/airflow/dags/etl_dag (копия).py
[2021-09-30 19:21:31,254] {scheduler_job.py:642} INFO - DAG(s) dict_keys(['etl_dag']) retrieved from /home/kseniya/airflow/dags/etl_dag (копия).py
[2021-09-30 19:21:31,292] {logging_mixin.py:104} INFO - [2021-09-30 19:21:31,291] {dag.py:1833} INFO - Sync 1 DAGs
[2021-09-30 19:21:31,319] {logging_mixin.py:104} INFO - [2021-09-30 19:21:31,319] {dag.py:2306} INFO - Setting next_dagrun for etl_dag to 2021-09-28T09:00:00+00:00
[2021-09-30 19:21:31,352] {scheduler_job.py:189} INFO - Processing /home/kseniya/airflow/dags/etl_dag (копия).py took 0.390 seconds
[2021-09-30 19:22:01,917] {scheduler_job.py:181} INFO - Started process (PID=1700120) to work on /home/kseniya/airflow/dags/etl_dag (копия).py
[2021-09-30 19:22:01,918] {scheduler_job.py:632} INFO - Processing file /home/kseniya/airflow/dags/etl_dag (копия).py for tasks to queue
[2021-09-30 19:22:01,919] {logging_mixin.py:104} INFO - [2021-09-30 19:22:01,919] {dagbag.py:496} INFO - Filling up the DagBag from /home/kseniya/airflow/dags/etl_dag (копия).py
[2021-09-30 19:22:02,189] {scheduler_job.py:642} INFO - DAG(s) dict_keys(['etl_dag']) retrieved from /home/kseniya/airflow/dags/etl_dag (копия).py
[2021-09-30 19:22:02,207] {logging_mixin.py:104} INFO - [2021-09-30 19:22:02,207] {dag.py:1833} INFO - Sync 1 DAGs
[2021-09-30 19:22:02,222] {logging_mixin.py:104} INFO - [2021-09-30 19:22:02,222] {dag.py:2306} INFO - Setting next_dagrun for etl_dag to 2021-09-28T06:30:00+00:00
[2021-09-30 19:22:02,258] {scheduler_job.py:189} INFO - Processing /home/kseniya/airflow/dags/etl_dag (копия).py took 0.343 seconds
[2021-09-30 19:22:33,041] {scheduler_job.py:181} INFO - Started process (PID=1701408) to work on /home/kseniya/airflow/dags/etl_dag (копия).py
[2021-09-30 19:22:33,043] {scheduler_job.py:632} INFO - Processing file /home/kseniya/airflow/dags/etl_dag (копия).py for tasks to queue
[2021-09-30 19:22:33,043] {logging_mixin.py:104} INFO - [2021-09-30 19:22:33,043] {dagbag.py:496} INFO - Filling up the DagBag from /home/kseniya/airflow/dags/etl_dag (копия).py
[2021-09-30 19:22:33,480] {scheduler_job.py:642} INFO - DAG(s) dict_keys(['etl_dag']) retrieved from /home/kseniya/airflow/dags/etl_dag (копия).py
[2021-09-30 19:22:34,245] {logging_mixin.py:104} INFO - [2021-09-30 19:22:34,245] {dag.py:1833} INFO - Sync 1 DAGs
[2021-09-30 19:22:34,543] {logging_mixin.py:104} INFO - [2021-09-30 19:22:34,543] {dag.py:2306} INFO - Setting next_dagrun for etl_dag to 2021-09-28T08:00:00+00:00
[2021-09-30 19:22:34,945] {scheduler_job.py:189} INFO - Processing /home/kseniya/airflow/dags/etl_dag (копия).py took 1.908 seconds
[2021-09-30 19:23:05,178] {scheduler_job.py:181} INFO - Started process (PID=1702460) to work on /home/kseniya/airflow/dags/etl_dag (копия).py
[2021-09-30 19:23:05,179] {scheduler_job.py:632} INFO - Processing file /home/kseniya/airflow/dags/etl_dag (копия).py for tasks to queue
[2021-09-30 19:23:05,180] {logging_mixin.py:104} INFO - [2021-09-30 19:23:05,179] {dagbag.py:496} INFO - Filling up the DagBag from /home/kseniya/airflow/dags/etl_dag (копия).py
[2021-09-30 19:23:05,401] {scheduler_job.py:642} INFO - DAG(s) dict_keys(['etl_dag']) retrieved from /home/kseniya/airflow/dags/etl_dag (копия).py
[2021-09-30 19:23:05,419] {logging_mixin.py:104} INFO - [2021-09-30 19:23:05,419] {dag.py:1833} INFO - Sync 1 DAGs
[2021-09-30 19:23:05,675] {logging_mixin.py:104} INFO - [2021-09-30 19:23:05,675] {dag.py:2306} INFO - Setting next_dagrun for etl_dag to 2021-09-28T08:00:00+00:00
[2021-09-30 19:23:05,735] {scheduler_job.py:189} INFO - Processing /home/kseniya/airflow/dags/etl_dag (копия).py took 0.560 seconds
[2021-09-30 19:23:35,793] {scheduler_job.py:181} INFO - Started process (PID=1703552) to work on /home/kseniya/airflow/dags/etl_dag (копия).py
[2021-09-30 19:23:35,794] {scheduler_job.py:632} INFO - Processing file /home/kseniya/airflow/dags/etl_dag (копия).py for tasks to queue
[2021-09-30 19:23:35,795] {logging_mixin.py:104} INFO - [2021-09-30 19:23:35,794] {dagbag.py:496} INFO - Filling up the DagBag from /home/kseniya/airflow/dags/etl_dag (копия).py
[2021-09-30 19:23:36,068] {scheduler_job.py:642} INFO - DAG(s) dict_keys(['etl_dag']) retrieved from /home/kseniya/airflow/dags/etl_dag (копия).py
[2021-09-30 19:23:36,095] {logging_mixin.py:104} INFO - [2021-09-30 19:23:36,094] {dag.py:1833} INFO - Sync 1 DAGs
[2021-09-30 19:23:36,158] {logging_mixin.py:104} INFO - [2021-09-30 19:23:36,157] {dag.py:2306} INFO - Setting next_dagrun for etl_dag to 2021-09-28 00:00:00+00:00
[2021-09-30 19:23:36,199] {scheduler_job.py:189} INFO - Processing /home/kseniya/airflow/dags/etl_dag (копия).py took 0.410 seconds
[2021-09-30 19:24:06,529] {scheduler_job.py:181} INFO - Started process (PID=1705114) to work on /home/kseniya/airflow/dags/etl_dag (копия).py
[2021-09-30 19:24:06,530] {scheduler_job.py:632} INFO - Processing file /home/kseniya/airflow/dags/etl_dag (копия).py for tasks to queue
[2021-09-30 19:24:06,531] {logging_mixin.py:104} INFO - [2021-09-30 19:24:06,531] {dagbag.py:496} INFO - Filling up the DagBag from /home/kseniya/airflow/dags/etl_dag (копия).py
[2021-09-30 19:24:06,786] {scheduler_job.py:642} INFO - DAG(s) dict_keys(['etl_dag']) retrieved from /home/kseniya/airflow/dags/etl_dag (копия).py
[2021-09-30 19:24:07,172] {logging_mixin.py:104} INFO - [2021-09-30 19:24:07,172] {dag.py:1833} INFO - Sync 1 DAGs
[2021-09-30 19:24:07,196] {logging_mixin.py:104} INFO - [2021-09-30 19:24:07,195] {dag.py:2306} INFO - Setting next_dagrun for etl_dag to 2021-09-28T08:00:00+00:00
[2021-09-30 19:24:07,217] {scheduler_job.py:189} INFO - Processing /home/kseniya/airflow/dags/etl_dag (копия).py took 0.691 seconds
[2021-09-30 19:24:37,972] {scheduler_job.py:181} INFO - Started process (PID=1706385) to work on /home/kseniya/airflow/dags/etl_dag (копия).py
[2021-09-30 19:24:37,973] {scheduler_job.py:632} INFO - Processing file /home/kseniya/airflow/dags/etl_dag (копия).py for tasks to queue
[2021-09-30 19:24:37,974] {logging_mixin.py:104} INFO - [2021-09-30 19:24:37,973] {dagbag.py:496} INFO - Filling up the DagBag from /home/kseniya/airflow/dags/etl_dag (копия).py
[2021-09-30 19:24:38,534] {scheduler_job.py:642} INFO - DAG(s) dict_keys(['etl_dag']) retrieved from /home/kseniya/airflow/dags/etl_dag (копия).py
[2021-09-30 19:24:38,568] {logging_mixin.py:104} INFO - [2021-09-30 19:24:38,568] {dag.py:1833} INFO - Sync 1 DAGs
[2021-09-30 19:24:38,616] {logging_mixin.py:104} INFO - [2021-09-30 19:24:38,616] {dag.py:2306} INFO - Setting next_dagrun for etl_dag to 2021-09-28 00:00:00+00:00
[2021-09-30 19:24:38,629] {scheduler_job.py:189} INFO - Processing /home/kseniya/airflow/dags/etl_dag (копия).py took 0.661 seconds
[2021-09-30 19:25:08,838] {scheduler_job.py:181} INFO - Started process (PID=1707802) to work on /home/kseniya/airflow/dags/etl_dag (копия).py
[2021-09-30 19:25:08,839] {scheduler_job.py:632} INFO - Processing file /home/kseniya/airflow/dags/etl_dag (копия).py for tasks to queue
[2021-09-30 19:25:08,839] {logging_mixin.py:104} INFO - [2021-09-30 19:25:08,839] {dagbag.py:496} INFO - Filling up the DagBag from /home/kseniya/airflow/dags/etl_dag (копия).py
[2021-09-30 19:25:09,094] {scheduler_job.py:642} INFO - DAG(s) dict_keys(['etl_dag']) retrieved from /home/kseniya/airflow/dags/etl_dag (копия).py
[2021-09-30 19:25:09,435] {logging_mixin.py:104} INFO - [2021-09-30 19:25:09,434] {dag.py:1833} INFO - Sync 1 DAGs
[2021-09-30 19:25:09,451] {logging_mixin.py:104} INFO - [2021-09-30 19:25:09,451] {dag.py:2306} INFO - Setting next_dagrun for etl_dag to 2021-09-28T13:30:00+00:00
[2021-09-30 19:25:09,487] {scheduler_job.py:189} INFO - Processing /home/kseniya/airflow/dags/etl_dag (копия).py took 0.651 seconds
[2021-09-30 19:25:39,625] {scheduler_job.py:181} INFO - Started process (PID=1709338) to work on /home/kseniya/airflow/dags/etl_dag (копия).py
[2021-09-30 19:25:39,626] {scheduler_job.py:632} INFO - Processing file /home/kseniya/airflow/dags/etl_dag (копия).py for tasks to queue
[2021-09-30 19:25:39,627] {logging_mixin.py:104} INFO - [2021-09-30 19:25:39,627] {dagbag.py:496} INFO - Filling up the DagBag from /home/kseniya/airflow/dags/etl_dag (копия).py
[2021-09-30 19:25:39,833] {scheduler_job.py:642} INFO - DAG(s) dict_keys(['etl_dag']) retrieved from /home/kseniya/airflow/dags/etl_dag (копия).py
[2021-09-30 19:25:39,854] {logging_mixin.py:104} INFO - [2021-09-30 19:25:39,854] {dag.py:1833} INFO - Sync 1 DAGs
[2021-09-30 19:25:39,874] {logging_mixin.py:104} INFO - [2021-09-30 19:25:39,874] {dag.py:2306} INFO - Setting next_dagrun for etl_dag to 2021-09-28T15:30:00+00:00
[2021-09-30 19:25:39,898] {scheduler_job.py:189} INFO - Processing /home/kseniya/airflow/dags/etl_dag (копия).py took 0.275 seconds
[2021-09-30 19:26:09,991] {scheduler_job.py:181} INFO - Started process (PID=1710902) to work on /home/kseniya/airflow/dags/etl_dag (копия).py
[2021-09-30 19:26:09,992] {scheduler_job.py:632} INFO - Processing file /home/kseniya/airflow/dags/etl_dag (копия).py for tasks to queue
[2021-09-30 19:26:09,993] {logging_mixin.py:104} INFO - [2021-09-30 19:26:09,993] {dagbag.py:496} INFO - Filling up the DagBag from /home/kseniya/airflow/dags/etl_dag (копия).py
[2021-09-30 19:26:10,275] {scheduler_job.py:642} INFO - DAG(s) dict_keys(['etl_dag']) retrieved from /home/kseniya/airflow/dags/etl_dag (копия).py
[2021-09-30 19:26:10,543] {logging_mixin.py:104} INFO - [2021-09-30 19:26:10,543] {dag.py:1833} INFO - Sync 1 DAGs
[2021-09-30 19:26:10,564] {logging_mixin.py:104} INFO - [2021-09-30 19:26:10,564] {dag.py:2306} INFO - Setting next_dagrun for etl_dag to 2021-09-28T15:30:00+00:00
[2021-09-30 19:26:10,598] {scheduler_job.py:189} INFO - Processing /home/kseniya/airflow/dags/etl_dag (копия).py took 0.609 seconds
[2021-09-30 19:26:40,797] {scheduler_job.py:181} INFO - Started process (PID=1712155) to work on /home/kseniya/airflow/dags/etl_dag (копия).py
[2021-09-30 19:26:40,798] {scheduler_job.py:632} INFO - Processing file /home/kseniya/airflow/dags/etl_dag (копия).py for tasks to queue
[2021-09-30 19:26:40,799] {logging_mixin.py:104} INFO - [2021-09-30 19:26:40,798] {dagbag.py:496} INFO - Filling up the DagBag from /home/kseniya/airflow/dags/etl_dag (копия).py
[2021-09-30 19:26:41,041] {scheduler_job.py:642} INFO - DAG(s) dict_keys(['etl_dag']) retrieved from /home/kseniya/airflow/dags/etl_dag (копия).py
[2021-09-30 19:26:41,062] {logging_mixin.py:104} INFO - [2021-09-30 19:26:41,061] {dag.py:1833} INFO - Sync 1 DAGs
[2021-09-30 19:26:41,080] {logging_mixin.py:104} INFO - [2021-09-30 19:26:41,080] {dag.py:2306} INFO - Setting next_dagrun for etl_dag to 2021-09-28T15:30:00+00:00
[2021-09-30 19:26:41,108] {scheduler_job.py:189} INFO - Processing /home/kseniya/airflow/dags/etl_dag (копия).py took 0.314 seconds
[2021-09-30 19:27:11,209] {scheduler_job.py:181} INFO - Started process (PID=1713549) to work on /home/kseniya/airflow/dags/etl_dag (копия).py
[2021-09-30 19:27:11,210] {scheduler_job.py:632} INFO - Processing file /home/kseniya/airflow/dags/etl_dag (копия).py for tasks to queue
[2021-09-30 19:27:11,210] {logging_mixin.py:104} INFO - [2021-09-30 19:27:11,210] {dagbag.py:496} INFO - Filling up the DagBag from /home/kseniya/airflow/dags/etl_dag (копия).py
[2021-09-30 19:27:11,380] {scheduler_job.py:642} INFO - DAG(s) dict_keys(['etl_dag']) retrieved from /home/kseniya/airflow/dags/etl_dag (копия).py
[2021-09-30 19:27:11,395] {logging_mixin.py:104} INFO - [2021-09-30 19:27:11,395] {dag.py:1833} INFO - Sync 1 DAGs
[2021-09-30 19:27:11,422] {logging_mixin.py:104} INFO - [2021-09-30 19:27:11,422] {dag.py:2306} INFO - Setting next_dagrun for etl_dag to 2021-09-28 00:00:00+00:00
[2021-09-30 19:27:11,434] {scheduler_job.py:189} INFO - Processing /home/kseniya/airflow/dags/etl_dag (копия).py took 0.228 seconds
[2021-09-30 19:27:41,784] {scheduler_job.py:181} INFO - Started process (PID=1715015) to work on /home/kseniya/airflow/dags/etl_dag (копия).py
[2021-09-30 19:27:41,785] {scheduler_job.py:632} INFO - Processing file /home/kseniya/airflow/dags/etl_dag (копия).py for tasks to queue
[2021-09-30 19:27:41,785] {logging_mixin.py:104} INFO - [2021-09-30 19:27:41,785] {dagbag.py:496} INFO - Filling up the DagBag from /home/kseniya/airflow/dags/etl_dag (копия).py
[2021-09-30 19:27:41,983] {scheduler_job.py:642} INFO - DAG(s) dict_keys(['etl_dag']) retrieved from /home/kseniya/airflow/dags/etl_dag (копия).py
[2021-09-30 19:27:42,012] {logging_mixin.py:104} INFO - [2021-09-30 19:27:42,010] {dag.py:1833} INFO - Sync 1 DAGs
[2021-09-30 19:27:42,036] {logging_mixin.py:104} INFO - [2021-09-30 19:27:42,036] {dag.py:2306} INFO - Setting next_dagrun for etl_dag to 2021-09-28 00:00:00+00:00
[2021-09-30 19:27:42,060] {scheduler_job.py:189} INFO - Processing /home/kseniya/airflow/dags/etl_dag (копия).py took 0.280 seconds
[2021-09-30 19:28:12,616] {scheduler_job.py:181} INFO - Started process (PID=1716606) to work on /home/kseniya/airflow/dags/etl_dag (копия).py
[2021-09-30 19:28:12,625] {scheduler_job.py:632} INFO - Processing file /home/kseniya/airflow/dags/etl_dag (копия).py for tasks to queue
[2021-09-30 19:28:12,626] {logging_mixin.py:104} INFO - [2021-09-30 19:28:12,626] {dagbag.py:496} INFO - Filling up the DagBag from /home/kseniya/airflow/dags/etl_dag (копия).py
[2021-09-30 19:28:13,173] {scheduler_job.py:642} INFO - DAG(s) dict_keys(['etl_dag']) retrieved from /home/kseniya/airflow/dags/etl_dag (копия).py
[2021-09-30 19:28:13,537] {logging_mixin.py:104} INFO - [2021-09-30 19:28:13,537] {dag.py:1833} INFO - Sync 1 DAGs
[2021-09-30 19:28:13,562] {logging_mixin.py:104} INFO - [2021-09-30 19:28:13,561] {dag.py:2306} INFO - Setting next_dagrun for etl_dag to 2021-09-29T00:30:00+00:00
[2021-09-30 19:28:13,585] {scheduler_job.py:189} INFO - Processing /home/kseniya/airflow/dags/etl_dag (копия).py took 0.979 seconds
[2021-09-30 19:28:43,946] {scheduler_job.py:181} INFO - Started process (PID=1717923) to work on /home/kseniya/airflow/dags/etl_dag (копия).py
[2021-09-30 19:28:43,948] {scheduler_job.py:632} INFO - Processing file /home/kseniya/airflow/dags/etl_dag (копия).py for tasks to queue
[2021-09-30 19:28:43,949] {logging_mixin.py:104} INFO - [2021-09-30 19:28:43,949] {dagbag.py:496} INFO - Filling up the DagBag from /home/kseniya/airflow/dags/etl_dag (копия).py
[2021-09-30 19:28:44,846] {scheduler_job.py:642} INFO - DAG(s) dict_keys(['etl_dag']) retrieved from /home/kseniya/airflow/dags/etl_dag (копия).py
[2021-09-30 19:28:44,916] {logging_mixin.py:104} INFO - [2021-09-30 19:28:44,915] {dag.py:1833} INFO - Sync 1 DAGs
[2021-09-30 19:28:44,945] {logging_mixin.py:104} INFO - [2021-09-30 19:28:44,945] {dag.py:2306} INFO - Setting next_dagrun for etl_dag to 2021-09-29T01:00:00+00:00
[2021-09-30 19:28:44,978] {scheduler_job.py:189} INFO - Processing /home/kseniya/airflow/dags/etl_dag (копия).py took 1.035 seconds
[2021-09-30 19:29:15,249] {scheduler_job.py:181} INFO - Started process (PID=1719409) to work on /home/kseniya/airflow/dags/etl_dag (копия).py
[2021-09-30 19:29:15,250] {scheduler_job.py:632} INFO - Processing file /home/kseniya/airflow/dags/etl_dag (копия).py for tasks to queue
[2021-09-30 19:29:15,251] {logging_mixin.py:104} INFO - [2021-09-30 19:29:15,250] {dagbag.py:496} INFO - Filling up the DagBag from /home/kseniya/airflow/dags/etl_dag (копия).py
[2021-09-30 19:29:15,438] {scheduler_job.py:642} INFO - DAG(s) dict_keys(['etl_dag']) retrieved from /home/kseniya/airflow/dags/etl_dag (копия).py
[2021-09-30 19:29:15,632] {logging_mixin.py:104} INFO - [2021-09-30 19:29:15,631] {dag.py:1833} INFO - Sync 1 DAGs
[2021-09-30 19:29:15,643] {logging_mixin.py:104} INFO - [2021-09-30 19:29:15,643] {dag.py:2306} INFO - Setting next_dagrun for etl_dag to 2021-09-29T01:30:00+00:00
[2021-09-30 19:29:15,663] {scheduler_job.py:189} INFO - Processing /home/kseniya/airflow/dags/etl_dag (копия).py took 0.415 seconds
