[2021-09-30 19:25:10,028] {taskinstance.py:886} INFO - Dependencies not met for <TaskInstance: etl_dag.kafka_receiver 2021-09-28T00:01:00+00:00 [removed]>, dependency 'Trigger Rule' FAILED: Task's trigger rule 'all_success' requires all upstream tasks to have succeeded, but found 1 non-success(es). upstream_tasks_state={'total': 1, 'successes': 0, 'skipped': 0, 'failed': 0, 'upstream_failed': 0, 'done': 0}, upstream_task_ids={'kafka_producer'}
[2021-09-30 19:25:10,029] {taskinstance.py:886} INFO - Dependencies not met for <TaskInstance: etl_dag.kafka_receiver 2021-09-28T00:01:00+00:00 [removed]>, dependency 'Task Instance State' FAILED: Task is in the 'removed' state which is not a valid state for execution. The task must be cleared in order to be run.
[2021-09-30 19:25:10,036] {local_task_job.py:96} INFO - Task is not able to be run
[2021-09-30 19:26:02,695] {taskinstance.py:896} INFO - Dependencies all met for <TaskInstance: etl_dag.kafka_receiver 2021-09-28T00:01:00+00:00 [queued]>
[2021-09-30 19:26:02,731] {taskinstance.py:896} INFO - Dependencies all met for <TaskInstance: etl_dag.kafka_receiver 2021-09-28T00:01:00+00:00 [queued]>
[2021-09-30 19:26:02,731] {taskinstance.py:1087} INFO - 
--------------------------------------------------------------------------------
[2021-09-30 19:26:02,731] {taskinstance.py:1088} INFO - Starting attempt 1 of 1
[2021-09-30 19:26:02,732] {taskinstance.py:1089} INFO - 
--------------------------------------------------------------------------------
[2021-09-30 19:26:02,753] {taskinstance.py:1107} INFO - Executing <Task(PythonOperator): kafka_receiver> on 2021-09-28T00:01:00+00:00
[2021-09-30 19:26:02,757] {standard_task_runner.py:52} INFO - Started process 1710516 to run task
[2021-09-30 19:26:02,767] {standard_task_runner.py:76} INFO - Running: ['airflow', 'tasks', 'run', 'etl_dag', 'kafka_receiver', '2021-09-28T00:01:00+00:00', '--job-id', '435', '--pool', 'default_pool', '--raw', '--subdir', 'DAGS_FOLDER/etl_dag.py', '--cfg-path', '/tmp/tmp6ihfazoi', '--error-file', '/tmp/tmpsuek0gzc']
[2021-09-30 19:26:02,768] {standard_task_runner.py:77} INFO - Job 435: Subtask kafka_receiver
[2021-09-30 19:26:02,823] {logging_mixin.py:104} INFO - Running <TaskInstance: etl_dag.kafka_receiver 2021-09-28T00:01:00+00:00 [running]> on host kseniya-B85M-D3V
[2021-09-30 19:26:02,897] {taskinstance.py:1300} INFO - Exporting the following env vars:
AIRFLOW_CTX_DAG_OWNER=airflow
AIRFLOW_CTX_DAG_ID=etl_dag
AIRFLOW_CTX_TASK_ID=kafka_receiver
AIRFLOW_CTX_EXECUTION_DATE=2021-09-28T00:01:00+00:00
AIRFLOW_CTX_DAG_RUN_ID=scheduled__2021-09-28T00:01:00+00:00
[2021-09-30 19:26:02,897] {pass_op.py:3} INFO - pass_op
[2021-09-30 19:26:02,897] {python.py:151} INFO - Done. Returned value was: None
[2021-09-30 19:26:02,911] {taskinstance.py:1204} INFO - Marking task as SUCCESS. dag_id=etl_dag, task_id=kafka_receiver, execution_date=20210928T000100, start_date=20210930T162602, end_date=20210930T162602
[2021-09-30 19:26:02,956] {taskinstance.py:1265} INFO - 1 downstream tasks scheduled from follow-on schedule check
[2021-09-30 19:26:02,975] {local_task_job.py:149} INFO - Task exited with return code 0
