[2021-09-30 19:22:12,514] {taskinstance.py:896} INFO - Dependencies all met for <TaskInstance: etl_dag.kafka_receiver 2021-09-28T00:00:00+00:00 [queued]>
[2021-09-30 19:22:12,557] {taskinstance.py:896} INFO - Dependencies all met for <TaskInstance: etl_dag.kafka_receiver 2021-09-28T00:00:00+00:00 [queued]>
[2021-09-30 19:22:12,558] {taskinstance.py:1087} INFO - 
--------------------------------------------------------------------------------
[2021-09-30 19:22:12,558] {taskinstance.py:1088} INFO - Starting attempt 1 of 1
[2021-09-30 19:22:12,558] {taskinstance.py:1089} INFO - 
--------------------------------------------------------------------------------
[2021-09-30 19:22:12,575] {taskinstance.py:1107} INFO - Executing <Task(PythonOperator): kafka_receiver> on 2021-09-28T00:00:00+00:00
[2021-09-30 19:22:12,580] {standard_task_runner.py:52} INFO - Started process 1700701 to run task
[2021-09-30 19:22:12,601] {standard_task_runner.py:76} INFO - Running: ['airflow', 'tasks', 'run', 'etl_dag', 'kafka_receiver', '2021-09-28T00:00:00+00:00', '--job-id', '421', '--pool', 'default_pool', '--raw', '--subdir', 'DAGS_FOLDER/etl_dag.py', '--cfg-path', '/tmp/tmpygizff66', '--error-file', '/tmp/tmp0mq903ex']
[2021-09-30 19:22:12,602] {standard_task_runner.py:77} INFO - Job 421: Subtask kafka_receiver
[2021-09-30 19:22:12,717] {logging_mixin.py:104} INFO - Running <TaskInstance: etl_dag.kafka_receiver 2021-09-28T00:00:00+00:00 [running]> on host kseniya-B85M-D3V
[2021-09-30 19:22:12,837] {taskinstance.py:1300} INFO - Exporting the following env vars:
AIRFLOW_CTX_DAG_OWNER=airflow
AIRFLOW_CTX_DAG_ID=etl_dag
AIRFLOW_CTX_TASK_ID=kafka_receiver
AIRFLOW_CTX_EXECUTION_DATE=2021-09-28T00:00:00+00:00
AIRFLOW_CTX_DAG_RUN_ID=scheduled__2021-09-28T00:00:00+00:00
[2021-09-30 19:22:12,838] {pass_op.py:3} INFO - pass_op
[2021-09-30 19:22:12,839] {python.py:151} INFO - Done. Returned value was: None
[2021-09-30 19:22:12,868] {taskinstance.py:1204} INFO - Marking task as SUCCESS. dag_id=etl_dag, task_id=kafka_receiver, execution_date=20210928T000000, start_date=20210930T162212, end_date=20210930T162212
[2021-09-30 19:22:13,106] {taskinstance.py:1265} INFO - 0 downstream tasks scheduled from follow-on schedule check
[2021-09-30 19:22:13,128] {local_task_job.py:149} INFO - Task exited with return code 0
[2021-09-30 19:24:02,374] {taskinstance.py:896} INFO - Dependencies all met for <TaskInstance: etl_dag.kafka_receiver 2021-09-28T00:00:00+00:00 [queued]>
[2021-09-30 19:24:02,409] {taskinstance.py:896} INFO - Dependencies all met for <TaskInstance: etl_dag.kafka_receiver 2021-09-28T00:00:00+00:00 [queued]>
[2021-09-30 19:24:02,409] {taskinstance.py:1087} INFO - 
--------------------------------------------------------------------------------
[2021-09-30 19:24:02,409] {taskinstance.py:1088} INFO - Starting attempt 1 of 1
[2021-09-30 19:24:02,409] {taskinstance.py:1089} INFO - 
--------------------------------------------------------------------------------
[2021-09-30 19:24:02,436] {taskinstance.py:1107} INFO - Executing <Task(PythonOperator): kafka_receiver> on 2021-09-28T00:00:00+00:00
[2021-09-30 19:24:02,440] {standard_task_runner.py:52} INFO - Started process 1704869 to run task
[2021-09-30 19:24:02,456] {standard_task_runner.py:76} INFO - Running: ['airflow', 'tasks', 'run', 'etl_dag', 'kafka_receiver', '2021-09-28T00:00:00+00:00', '--job-id', '427', '--pool', 'default_pool', '--raw', '--subdir', 'DAGS_FOLDER/etl_dag.py', '--cfg-path', '/tmp/tmpbhj37xlk', '--error-file', '/tmp/tmp4fx6nl5u']
[2021-09-30 19:24:02,457] {standard_task_runner.py:77} INFO - Job 427: Subtask kafka_receiver
[2021-09-30 19:24:02,550] {logging_mixin.py:104} INFO - Running <TaskInstance: etl_dag.kafka_receiver 2021-09-28T00:00:00+00:00 [running]> on host kseniya-B85M-D3V
[2021-09-30 19:24:02,685] {taskinstance.py:1300} INFO - Exporting the following env vars:
AIRFLOW_CTX_DAG_OWNER=airflow
AIRFLOW_CTX_DAG_ID=etl_dag
AIRFLOW_CTX_TASK_ID=kafka_receiver
AIRFLOW_CTX_EXECUTION_DATE=2021-09-28T00:00:00+00:00
AIRFLOW_CTX_DAG_RUN_ID=scheduled__2021-09-28T00:00:00+00:00
[2021-09-30 19:24:02,686] {pass_op.py:3} INFO - pass_op
[2021-09-30 19:24:02,686] {python.py:151} INFO - Done. Returned value was: None
[2021-09-30 19:24:02,706] {taskinstance.py:1204} INFO - Marking task as SUCCESS. dag_id=etl_dag, task_id=kafka_receiver, execution_date=20210928T000000, start_date=20210930T162402, end_date=20210930T162402
[2021-09-30 19:24:02,764] {taskinstance.py:1265} INFO - 1 downstream tasks scheduled from follow-on schedule check
[2021-09-30 19:24:02,783] {local_task_job.py:149} INFO - Task exited with return code 0
[2021-09-30 19:28:04,394] {taskinstance.py:896} INFO - Dependencies all met for <TaskInstance: etl_dag.kafka_receiver 2021-09-28T00:00:00+00:00 [queued]>
[2021-09-30 19:28:04,426] {taskinstance.py:896} INFO - Dependencies all met for <TaskInstance: etl_dag.kafka_receiver 2021-09-28T00:00:00+00:00 [queued]>
[2021-09-30 19:28:04,426] {taskinstance.py:1087} INFO - 
--------------------------------------------------------------------------------
[2021-09-30 19:28:04,426] {taskinstance.py:1088} INFO - Starting attempt 1 of 1
[2021-09-30 19:28:04,427] {taskinstance.py:1089} INFO - 
--------------------------------------------------------------------------------
[2021-09-30 19:28:04,443] {taskinstance.py:1107} INFO - Executing <Task(PythonOperator): kafka_receiver> on 2021-09-28T00:00:00+00:00
[2021-09-30 19:28:04,447] {standard_task_runner.py:52} INFO - Started process 1716196 to run task
[2021-09-30 19:28:04,469] {standard_task_runner.py:76} INFO - Running: ['airflow', 'tasks', 'run', 'etl_dag', 'kafka_receiver', '2021-09-28T00:00:00+00:00', '--job-id', '441', '--pool', 'default_pool', '--raw', '--subdir', 'DAGS_FOLDER/etl_dag.py', '--cfg-path', '/tmp/tmpii4n_0u7', '--error-file', '/tmp/tmptx0tdw1a']
[2021-09-30 19:28:04,470] {standard_task_runner.py:77} INFO - Job 441: Subtask kafka_receiver
[2021-09-30 19:28:04,566] {logging_mixin.py:104} INFO - Running <TaskInstance: etl_dag.kafka_receiver 2021-09-28T00:00:00+00:00 [running]> on host kseniya-B85M-D3V
[2021-09-30 19:28:04,678] {taskinstance.py:1300} INFO - Exporting the following env vars:
AIRFLOW_CTX_DAG_OWNER=airflow
AIRFLOW_CTX_DAG_ID=etl_dag
AIRFLOW_CTX_TASK_ID=kafka_receiver
AIRFLOW_CTX_EXECUTION_DATE=2021-09-28T00:00:00+00:00
AIRFLOW_CTX_DAG_RUN_ID=scheduled__2021-09-28T00:00:00+00:00
[2021-09-30 19:28:04,679] {pass_op.py:3} INFO - pass_op
[2021-09-30 19:28:04,679] {python.py:151} INFO - Done. Returned value was: None
[2021-09-30 19:28:04,707] {taskinstance.py:1204} INFO - Marking task as SUCCESS. dag_id=etl_dag, task_id=kafka_receiver, execution_date=20210928T000000, start_date=20210930T162804, end_date=20210930T162804
[2021-09-30 19:28:04,765] {taskinstance.py:1265} INFO - 1 downstream tasks scheduled from follow-on schedule check
[2021-09-30 19:28:04,792] {local_task_job.py:149} INFO - Task exited with return code 0
