[2021-09-30 19:19:59,020] {scheduler_job.py:181} INFO - Started process (PID=1695069) to work on /home/kseniya/airflow/dags/scripts/hive_task.py
[2021-09-30 19:19:59,021] {scheduler_job.py:632} INFO - Processing file /home/kseniya/airflow/dags/scripts/hive_task.py for tasks to queue
[2021-09-30 19:19:59,022] {logging_mixin.py:104} INFO - [2021-09-30 19:19:59,022] {dagbag.py:496} INFO - Filling up the DagBag from /home/kseniya/airflow/dags/scripts/hive_task.py
[2021-09-30 19:19:59,229] {scheduler_job.py:644} WARNING - No viable dags retrieved from /home/kseniya/airflow/dags/scripts/hive_task.py
[2021-09-30 19:19:59,241] {scheduler_job.py:189} INFO - Processing /home/kseniya/airflow/dags/scripts/hive_task.py took 0.223 seconds
[2021-09-30 19:20:29,446] {scheduler_job.py:181} INFO - Started process (PID=1696274) to work on /home/kseniya/airflow/dags/scripts/hive_task.py
[2021-09-30 19:20:29,508] {scheduler_job.py:632} INFO - Processing file /home/kseniya/airflow/dags/scripts/hive_task.py for tasks to queue
[2021-09-30 19:20:29,508] {logging_mixin.py:104} INFO - [2021-09-30 19:20:29,508] {dagbag.py:496} INFO - Filling up the DagBag from /home/kseniya/airflow/dags/scripts/hive_task.py
[2021-09-30 19:20:29,674] {scheduler_job.py:644} WARNING - No viable dags retrieved from /home/kseniya/airflow/dags/scripts/hive_task.py
[2021-09-30 19:20:29,686] {scheduler_job.py:189} INFO - Processing /home/kseniya/airflow/dags/scripts/hive_task.py took 0.243 seconds
[2021-09-30 19:20:59,887] {scheduler_job.py:181} INFO - Started process (PID=1697525) to work on /home/kseniya/airflow/dags/scripts/hive_task.py
[2021-09-30 19:20:59,888] {scheduler_job.py:632} INFO - Processing file /home/kseniya/airflow/dags/scripts/hive_task.py for tasks to queue
[2021-09-30 19:20:59,888] {logging_mixin.py:104} INFO - [2021-09-30 19:20:59,888] {dagbag.py:496} INFO - Filling up the DagBag from /home/kseniya/airflow/dags/scripts/hive_task.py
[2021-09-30 19:21:00,125] {scheduler_job.py:644} WARNING - No viable dags retrieved from /home/kseniya/airflow/dags/scripts/hive_task.py
[2021-09-30 19:21:00,150] {scheduler_job.py:189} INFO - Processing /home/kseniya/airflow/dags/scripts/hive_task.py took 0.267 seconds
[2021-09-30 19:21:30,580] {scheduler_job.py:181} INFO - Started process (PID=1698811) to work on /home/kseniya/airflow/dags/scripts/hive_task.py
[2021-09-30 19:21:30,582] {scheduler_job.py:632} INFO - Processing file /home/kseniya/airflow/dags/scripts/hive_task.py for tasks to queue
[2021-09-30 19:21:30,583] {logging_mixin.py:104} INFO - [2021-09-30 19:21:30,583] {dagbag.py:496} INFO - Filling up the DagBag from /home/kseniya/airflow/dags/scripts/hive_task.py
[2021-09-30 19:21:30,823] {scheduler_job.py:644} WARNING - No viable dags retrieved from /home/kseniya/airflow/dags/scripts/hive_task.py
[2021-09-30 19:21:30,853] {scheduler_job.py:189} INFO - Processing /home/kseniya/airflow/dags/scripts/hive_task.py took 0.277 seconds
[2021-09-30 19:22:01,317] {scheduler_job.py:181} INFO - Started process (PID=1700091) to work on /home/kseniya/airflow/dags/scripts/hive_task.py
[2021-09-30 19:22:01,319] {scheduler_job.py:632} INFO - Processing file /home/kseniya/airflow/dags/scripts/hive_task.py for tasks to queue
[2021-09-30 19:22:01,320] {logging_mixin.py:104} INFO - [2021-09-30 19:22:01,320] {dagbag.py:496} INFO - Filling up the DagBag from /home/kseniya/airflow/dags/scripts/hive_task.py
[2021-09-30 19:22:01,719] {scheduler_job.py:644} WARNING - No viable dags retrieved from /home/kseniya/airflow/dags/scripts/hive_task.py
[2021-09-30 19:22:01,758] {scheduler_job.py:189} INFO - Processing /home/kseniya/airflow/dags/scripts/hive_task.py took 0.446 seconds
[2021-09-30 19:22:32,232] {scheduler_job.py:181} INFO - Started process (PID=1701382) to work on /home/kseniya/airflow/dags/scripts/hive_task.py
[2021-09-30 19:22:32,233] {scheduler_job.py:632} INFO - Processing file /home/kseniya/airflow/dags/scripts/hive_task.py for tasks to queue
[2021-09-30 19:22:32,234] {logging_mixin.py:104} INFO - [2021-09-30 19:22:32,234] {dagbag.py:496} INFO - Filling up the DagBag from /home/kseniya/airflow/dags/scripts/hive_task.py
[2021-09-30 19:22:32,816] {scheduler_job.py:644} WARNING - No viable dags retrieved from /home/kseniya/airflow/dags/scripts/hive_task.py
[2021-09-30 19:22:32,912] {scheduler_job.py:189} INFO - Processing /home/kseniya/airflow/dags/scripts/hive_task.py took 0.683 seconds
[2021-09-30 19:23:03,788] {scheduler_job.py:181} INFO - Started process (PID=1702421) to work on /home/kseniya/airflow/dags/scripts/hive_task.py
[2021-09-30 19:23:03,789] {scheduler_job.py:632} INFO - Processing file /home/kseniya/airflow/dags/scripts/hive_task.py for tasks to queue
[2021-09-30 19:23:03,789] {logging_mixin.py:104} INFO - [2021-09-30 19:23:03,789] {dagbag.py:496} INFO - Filling up the DagBag from /home/kseniya/airflow/dags/scripts/hive_task.py
[2021-09-30 19:23:03,942] {scheduler_job.py:644} WARNING - No viable dags retrieved from /home/kseniya/airflow/dags/scripts/hive_task.py
[2021-09-30 19:23:03,955] {scheduler_job.py:189} INFO - Processing /home/kseniya/airflow/dags/scripts/hive_task.py took 0.169 seconds
[2021-09-30 19:23:34,040] {scheduler_job.py:181} INFO - Started process (PID=1703484) to work on /home/kseniya/airflow/dags/scripts/hive_task.py
[2021-09-30 19:23:34,040] {scheduler_job.py:632} INFO - Processing file /home/kseniya/airflow/dags/scripts/hive_task.py for tasks to queue
[2021-09-30 19:23:34,041] {logging_mixin.py:104} INFO - [2021-09-30 19:23:34,041] {dagbag.py:496} INFO - Filling up the DagBag from /home/kseniya/airflow/dags/scripts/hive_task.py
[2021-09-30 19:23:34,169] {scheduler_job.py:644} WARNING - No viable dags retrieved from /home/kseniya/airflow/dags/scripts/hive_task.py
[2021-09-30 19:23:34,180] {scheduler_job.py:189} INFO - Processing /home/kseniya/airflow/dags/scripts/hive_task.py took 0.143 seconds
[2021-09-30 19:24:04,407] {scheduler_job.py:181} INFO - Started process (PID=1704980) to work on /home/kseniya/airflow/dags/scripts/hive_task.py
[2021-09-30 19:24:04,408] {scheduler_job.py:632} INFO - Processing file /home/kseniya/airflow/dags/scripts/hive_task.py for tasks to queue
[2021-09-30 19:24:04,409] {logging_mixin.py:104} INFO - [2021-09-30 19:24:04,408] {dagbag.py:496} INFO - Filling up the DagBag from /home/kseniya/airflow/dags/scripts/hive_task.py
[2021-09-30 19:24:04,631] {scheduler_job.py:644} WARNING - No viable dags retrieved from /home/kseniya/airflow/dags/scripts/hive_task.py
[2021-09-30 19:24:04,662] {scheduler_job.py:189} INFO - Processing /home/kseniya/airflow/dags/scripts/hive_task.py took 0.259 seconds
[2021-09-30 19:24:34,833] {scheduler_job.py:181} INFO - Started process (PID=1706318) to work on /home/kseniya/airflow/dags/scripts/hive_task.py
[2021-09-30 19:24:34,834] {scheduler_job.py:632} INFO - Processing file /home/kseniya/airflow/dags/scripts/hive_task.py for tasks to queue
[2021-09-30 19:24:34,836] {logging_mixin.py:104} INFO - [2021-09-30 19:24:34,835] {dagbag.py:496} INFO - Filling up the DagBag from /home/kseniya/airflow/dags/scripts/hive_task.py
[2021-09-30 19:24:35,321] {scheduler_job.py:644} WARNING - No viable dags retrieved from /home/kseniya/airflow/dags/scripts/hive_task.py
[2021-09-30 19:24:35,360] {scheduler_job.py:189} INFO - Processing /home/kseniya/airflow/dags/scripts/hive_task.py took 0.530 seconds
[2021-09-30 19:25:06,020] {scheduler_job.py:181} INFO - Started process (PID=1707642) to work on /home/kseniya/airflow/dags/scripts/hive_task.py
[2021-09-30 19:25:06,021] {scheduler_job.py:632} INFO - Processing file /home/kseniya/airflow/dags/scripts/hive_task.py for tasks to queue
[2021-09-30 19:25:06,022] {logging_mixin.py:104} INFO - [2021-09-30 19:25:06,022] {dagbag.py:496} INFO - Filling up the DagBag from /home/kseniya/airflow/dags/scripts/hive_task.py
[2021-09-30 19:25:06,360] {scheduler_job.py:644} WARNING - No viable dags retrieved from /home/kseniya/airflow/dags/scripts/hive_task.py
[2021-09-30 19:25:06,380] {scheduler_job.py:189} INFO - Processing /home/kseniya/airflow/dags/scripts/hive_task.py took 0.363 seconds
[2021-09-30 19:25:36,561] {scheduler_job.py:181} INFO - Started process (PID=1709210) to work on /home/kseniya/airflow/dags/scripts/hive_task.py
[2021-09-30 19:25:36,562] {scheduler_job.py:632} INFO - Processing file /home/kseniya/airflow/dags/scripts/hive_task.py for tasks to queue
[2021-09-30 19:25:36,563] {logging_mixin.py:104} INFO - [2021-09-30 19:25:36,563] {dagbag.py:496} INFO - Filling up the DagBag from /home/kseniya/airflow/dags/scripts/hive_task.py
[2021-09-30 19:25:36,719] {scheduler_job.py:644} WARNING - No viable dags retrieved from /home/kseniya/airflow/dags/scripts/hive_task.py
[2021-09-30 19:25:36,732] {scheduler_job.py:189} INFO - Processing /home/kseniya/airflow/dags/scripts/hive_task.py took 0.175 seconds
[2021-09-30 19:26:06,797] {scheduler_job.py:181} INFO - Started process (PID=1710752) to work on /home/kseniya/airflow/dags/scripts/hive_task.py
[2021-09-30 19:26:06,798] {scheduler_job.py:632} INFO - Processing file /home/kseniya/airflow/dags/scripts/hive_task.py for tasks to queue
[2021-09-30 19:26:06,798] {logging_mixin.py:104} INFO - [2021-09-30 19:26:06,798] {dagbag.py:496} INFO - Filling up the DagBag from /home/kseniya/airflow/dags/scripts/hive_task.py
[2021-09-30 19:26:07,036] {scheduler_job.py:644} WARNING - No viable dags retrieved from /home/kseniya/airflow/dags/scripts/hive_task.py
[2021-09-30 19:26:07,067] {scheduler_job.py:189} INFO - Processing /home/kseniya/airflow/dags/scripts/hive_task.py took 0.273 seconds
[2021-09-30 19:26:37,139] {scheduler_job.py:181} INFO - Started process (PID=1712039) to work on /home/kseniya/airflow/dags/scripts/hive_task.py
[2021-09-30 19:26:37,140] {scheduler_job.py:632} INFO - Processing file /home/kseniya/airflow/dags/scripts/hive_task.py for tasks to queue
[2021-09-30 19:26:37,141] {logging_mixin.py:104} INFO - [2021-09-30 19:26:37,140] {dagbag.py:496} INFO - Filling up the DagBag from /home/kseniya/airflow/dags/scripts/hive_task.py
[2021-09-30 19:26:37,352] {scheduler_job.py:644} WARNING - No viable dags retrieved from /home/kseniya/airflow/dags/scripts/hive_task.py
[2021-09-30 19:26:37,390] {scheduler_job.py:189} INFO - Processing /home/kseniya/airflow/dags/scripts/hive_task.py took 0.255 seconds
[2021-09-30 19:27:07,530] {scheduler_job.py:181} INFO - Started process (PID=1713365) to work on /home/kseniya/airflow/dags/scripts/hive_task.py
[2021-09-30 19:27:07,531] {scheduler_job.py:632} INFO - Processing file /home/kseniya/airflow/dags/scripts/hive_task.py for tasks to queue
[2021-09-30 19:27:07,531] {logging_mixin.py:104} INFO - [2021-09-30 19:27:07,531] {dagbag.py:496} INFO - Filling up the DagBag from /home/kseniya/airflow/dags/scripts/hive_task.py
[2021-09-30 19:27:07,689] {scheduler_job.py:644} WARNING - No viable dags retrieved from /home/kseniya/airflow/dags/scripts/hive_task.py
[2021-09-30 19:27:07,704] {scheduler_job.py:189} INFO - Processing /home/kseniya/airflow/dags/scripts/hive_task.py took 0.178 seconds
[2021-09-30 19:27:37,755] {scheduler_job.py:181} INFO - Started process (PID=1714844) to work on /home/kseniya/airflow/dags/scripts/hive_task.py
[2021-09-30 19:27:37,756] {scheduler_job.py:632} INFO - Processing file /home/kseniya/airflow/dags/scripts/hive_task.py for tasks to queue
[2021-09-30 19:27:37,757] {logging_mixin.py:104} INFO - [2021-09-30 19:27:37,757] {dagbag.py:496} INFO - Filling up the DagBag from /home/kseniya/airflow/dags/scripts/hive_task.py
[2021-09-30 19:27:37,925] {scheduler_job.py:644} WARNING - No viable dags retrieved from /home/kseniya/airflow/dags/scripts/hive_task.py
[2021-09-30 19:27:37,943] {scheduler_job.py:189} INFO - Processing /home/kseniya/airflow/dags/scripts/hive_task.py took 0.190 seconds
[2021-09-30 19:28:08,078] {scheduler_job.py:181} INFO - Started process (PID=1716413) to work on /home/kseniya/airflow/dags/scripts/hive_task.py
[2021-09-30 19:28:08,079] {scheduler_job.py:632} INFO - Processing file /home/kseniya/airflow/dags/scripts/hive_task.py for tasks to queue
[2021-09-30 19:28:08,079] {logging_mixin.py:104} INFO - [2021-09-30 19:28:08,079] {dagbag.py:496} INFO - Filling up the DagBag from /home/kseniya/airflow/dags/scripts/hive_task.py
[2021-09-30 19:28:08,504] {scheduler_job.py:644} WARNING - No viable dags retrieved from /home/kseniya/airflow/dags/scripts/hive_task.py
[2021-09-30 19:28:08,540] {scheduler_job.py:189} INFO - Processing /home/kseniya/airflow/dags/scripts/hive_task.py took 0.466 seconds
[2021-09-30 19:28:38,669] {scheduler_job.py:181} INFO - Started process (PID=1717693) to work on /home/kseniya/airflow/dags/scripts/hive_task.py
[2021-09-30 19:28:38,674] {scheduler_job.py:632} INFO - Processing file /home/kseniya/airflow/dags/scripts/hive_task.py for tasks to queue
[2021-09-30 19:28:38,675] {logging_mixin.py:104} INFO - [2021-09-30 19:28:38,675] {dagbag.py:496} INFO - Filling up the DagBag from /home/kseniya/airflow/dags/scripts/hive_task.py
[2021-09-30 19:28:39,080] {scheduler_job.py:644} WARNING - No viable dags retrieved from /home/kseniya/airflow/dags/scripts/hive_task.py
[2021-09-30 19:28:39,113] {scheduler_job.py:189} INFO - Processing /home/kseniya/airflow/dags/scripts/hive_task.py took 0.448 seconds
[2021-09-30 19:29:09,269] {scheduler_job.py:181} INFO - Started process (PID=1719055) to work on /home/kseniya/airflow/dags/scripts/hive_task.py
[2021-09-30 19:29:09,270] {scheduler_job.py:632} INFO - Processing file /home/kseniya/airflow/dags/scripts/hive_task.py for tasks to queue
[2021-09-30 19:29:09,271] {logging_mixin.py:104} INFO - [2021-09-30 19:29:09,270] {dagbag.py:496} INFO - Filling up the DagBag from /home/kseniya/airflow/dags/scripts/hive_task.py
[2021-09-30 19:29:09,437] {scheduler_job.py:644} WARNING - No viable dags retrieved from /home/kseniya/airflow/dags/scripts/hive_task.py
[2021-09-30 19:29:09,450] {scheduler_job.py:189} INFO - Processing /home/kseniya/airflow/dags/scripts/hive_task.py took 0.184 seconds
